[0.024s] Invoking command in '/home/ys/robot_ws/build/rqt_example': CMAKE_PREFIX_PATH=${CMAKE_PREFIX_PATH}:/home/ys/robot_ws/install/python_parameters:/home/ys/robot_ws/install/project_parameter:/home/ys/robot_ws/install/final_project:/home/ys/robot_ws/install/first_rclpy_pkg:/home/ys/robot_ws/install/fibonacci_rclpy_action_pkg:/opt/ros/foxy /usr/bin/cmake --build /home/ys/robot_ws/build/rqt_example -- -j1 -l1
[0.093s] Invoked command in '/home/ys/robot_ws/build/rqt_example' returned '0': CMAKE_PREFIX_PATH=${CMAKE_PREFIX_PATH}:/home/ys/robot_ws/install/python_parameters:/home/ys/robot_ws/install/project_parameter:/home/ys/robot_ws/install/final_project:/home/ys/robot_ws/install/first_rclpy_pkg:/home/ys/robot_ws/install/fibonacci_rclpy_action_pkg:/opt/ros/foxy /usr/bin/cmake --build /home/ys/robot_ws/build/rqt_example -- -j1 -l1
[0.172s] Invoking command in '/home/ys/robot_ws/build/rqt_example': CMAKE_PREFIX_PATH=${CMAKE_PREFIX_PATH}:/home/ys/robot_ws/install/python_parameters:/home/ys/robot_ws/install/project_parameter:/home/ys/robot_ws/install/final_project:/home/ys/robot_ws/install/first_rclpy_pkg:/home/ys/robot_ws/install/fibonacci_rclpy_action_pkg:/opt/ros/foxy /usr/bin/cmake --install /home/ys/robot_ws/build/rqt_example
[0.186s] -- Install configuration: ""
[0.188s] -- Execute custom install script
[0.188s] -- Up-to-date symlink: /home/ys/robot_ws/install/rqt_example/share/rqt_example/environment/pythonpath.sh
[0.189s] -- Up-to-date symlink: /home/ys/robot_ws/install/rqt_example/share/rqt_example/environment/pythonpath.dsv
[0.190s] -- Up-to-date symlink: /home/ys/robot_ws/install/rqt_example/lib/python3.8/site-packages/rqt_example/__init__.py
[0.191s] -- Up-to-date symlink: /home/ys/robot_ws/install/rqt_example/lib/python3.8/site-packages/rqt_example/examples.py
[0.191s] -- Up-to-date symlink: /home/ys/robot_ws/install/rqt_example/lib/python3.8/site-packages/rqt_example/examples_widget.py
[0.192s] -- Up-to-date symlink: /home/ys/robot_ws/install/rqt_example/share/rqt_example/plugin.xml
[0.194s] -- Up-to-date symlink: /home/ys/robot_ws/install/rqt_example/share/rqt_example/resource/rqt_example.ui
[0.195s] -- Up-to-date symlink: /home/ys/robot_ws/install/rqt_example/share/rqt_example/launch/turtlesim.launch.py
[0.196s] -- Up-to-date symlink: /home/ys/robot_ws/install/rqt_example/lib/rqt_example/rqt_example
[0.197s] -- Up-to-date symlink: /home/ys/robot_ws/install/rqt_example/share/ament_index/resource_index/package_run_dependencies/rqt_example
[0.197s] -- Up-to-date symlink: /home/ys/robot_ws/install/rqt_example/share/ament_index/resource_index/parent_prefix_path/rqt_example
[0.198s] -- Up-to-date symlink: /home/ys/robot_ws/install/rqt_example/share/rqt_example/environment/ament_prefix_path.sh
[0.199s] -- Up-to-date symlink: /home/ys/robot_ws/install/rqt_example/share/rqt_example/environment/ament_prefix_path.dsv
[0.200s] -- Up-to-date symlink: /home/ys/robot_ws/install/rqt_example/share/rqt_example/environment/path.sh
[0.201s] -- Up-to-date symlink: /home/ys/robot_ws/install/rqt_example/share/rqt_example/environment/path.dsv
[0.201s] -- Up-to-date symlink: /home/ys/robot_ws/install/rqt_example/share/rqt_example/local_setup.bash
[0.202s] -- Up-to-date symlink: /home/ys/robot_ws/install/rqt_example/share/rqt_example/local_setup.sh
[0.203s] -- Up-to-date symlink: /home/ys/robot_ws/install/rqt_example/share/rqt_example/local_setup.zsh
[0.204s] -- Up-to-date symlink: /home/ys/robot_ws/install/rqt_example/share/rqt_example/local_setup.dsv
[0.204s] -- Symlinking: /home/ys/robot_ws/install/rqt_example/share/rqt_example/package.dsv
[0.217s] -- Up-to-date symlink: /home/ys/robot_ws/install/rqt_example/share/ament_index/resource_index/packages/rqt_example
[0.218s] -- Up-to-date symlink: /home/ys/robot_ws/install/rqt_example/share/rqt_example/cmake/rqt_exampleConfig.cmake
[0.219s] -- Up-to-date symlink: /home/ys/robot_ws/install/rqt_example/share/rqt_example/cmake/rqt_exampleConfig-version.cmake
[0.219s] -- Up-to-date symlink: /home/ys/robot_ws/install/rqt_example/share/rqt_example/package.xml
[0.280s] Listing '/home/ys/robot_ws/install/rqt_example/lib/python3.8/site-packages/rqt_example'...
[0.290s] Invoked command in '/home/ys/robot_ws/build/rqt_example' returned '0': CMAKE_PREFIX_PATH=${CMAKE_PREFIX_PATH}:/home/ys/robot_ws/install/python_parameters:/home/ys/robot_ws/install/project_parameter:/home/ys/robot_ws/install/final_project:/home/ys/robot_ws/install/first_rclpy_pkg:/home/ys/robot_ws/install/fibonacci_rclpy_action_pkg:/opt/ros/foxy /usr/bin/cmake --install /home/ys/robot_ws/build/rqt_example
