[0.544s] DEBUG:colcon:Command line arguments: ['/usr/bin/colcon', 'build', '--symlink-install', '--packages-select', 'python_parameters']
[0.544s] DEBUG:colcon:Parsed command line arguments: Namespace(ament_cmake_args=None, base_paths=['.'], build_base='build', catkin_cmake_args=None, catkin_skip_building_tests=False, cmake_args=None, cmake_clean_cache=False, cmake_clean_first=False, cmake_force_configure=False, cmake_target=None, cmake_target_skip_unavailable=False, continue_on_error=False, event_handlers=None, executor='parallel', ignore_user_meta=False, install_base='install', log_base=None, log_level=None, main=<bound method BuildVerb.main of <colcon_core.verb.build.BuildVerb object at 0x7fcea797ad00>>, merge_install=False, metas=['./colcon.meta'], packages_above=None, packages_above_and_dependencies=None, packages_above_depth=None, packages_end=None, packages_ignore=None, packages_ignore_regex=None, packages_select=['python_parameters'], packages_select_build_failed=False, packages_select_by_dep=None, packages_select_regex=None, packages_select_test_failures=False, packages_skip=None, packages_skip_build_finished=False, packages_skip_by_dep=None, packages_skip_regex=None, packages_skip_test_passed=False, packages_skip_up_to=None, packages_start=None, packages_up_to=None, packages_up_to_regex=None, parallel_workers=1, paths=None, symlink_install=True, test_result_base=None, verb_extension=<colcon_core.verb.build.BuildVerb object at 0x7fcea797ad00>, verb_name='build', verb_parser=<colcon_defaults.argument_parser.defaults.DefaultArgumentsDecorator object at 0x7fcea79882b0>)
[0.557s] Level 1:colcon.colcon_core.package_discovery:discover_packages(colcon_meta) check parameters
[0.557s] Level 1:colcon.colcon_core.package_discovery:discover_packages(recursive) check parameters
[0.558s] Level 1:colcon.colcon_core.package_discovery:discover_packages(ignore) check parameters
[0.558s] Level 1:colcon.colcon_core.package_discovery:discover_packages(path) check parameters
[0.558s] Level 1:colcon.colcon_core.package_discovery:discover_packages(colcon_meta) discover
[0.559s] Level 1:colcon.colcon_core.package_discovery:discover_packages(recursive) discover
[0.559s] INFO:colcon.colcon_core.package_discovery:Crawling recursively for packages in '/home/ys/robot_ws'
[0.560s] Level 1:colcon.colcon_core.package_identification:_identify(.) by extensions ['ignore', 'ignore_ament_install']
[0.561s] Level 1:colcon.colcon_core.package_identification:_identify(.) by extension 'ignore'
[0.561s] Level 1:colcon.colcon_core.package_identification:_identify(.) by extension 'ignore_ament_install'
[0.561s] Level 1:colcon.colcon_core.package_identification:_identify(.) by extensions ['colcon_pkg']
[0.562s] Level 1:colcon.colcon_core.package_identification:_identify(.) by extension 'colcon_pkg'
[0.562s] Level 1:colcon.colcon_core.package_identification:_identify(.) by extensions ['colcon_meta']
[0.563s] Level 1:colcon.colcon_core.package_identification:_identify(.) by extension 'colcon_meta'
[0.563s] Level 1:colcon.colcon_core.package_identification:_identify(.) by extensions ['ros']
[0.563s] Level 1:colcon.colcon_core.package_identification:_identify(.) by extension 'ros'
[0.583s] Level 1:colcon.colcon_core.package_identification:_identify(.) by extensions ['cmake', 'python']
[0.583s] Level 1:colcon.colcon_core.package_identification:_identify(.) by extension 'cmake'
[0.584s] Level 1:colcon.colcon_core.package_identification:_identify(.) by extension 'python'
[0.584s] Level 1:colcon.colcon_core.package_identification:_identify(.) by extensions ['python_setup_py']
[0.584s] Level 1:colcon.colcon_core.package_identification:_identify(.) by extension 'python_setup_py'
[0.585s] Level 1:colcon.colcon_core.package_identification:_identify(build) by extensions ['ignore', 'ignore_ament_install']
[0.585s] Level 1:colcon.colcon_core.package_identification:_identify(build) by extension 'ignore'
[0.585s] Level 1:colcon.colcon_core.package_identification:_identify(build) ignored
[0.586s] Level 1:colcon.colcon_core.package_identification:_identify(install) by extensions ['ignore', 'ignore_ament_install']
[0.586s] Level 1:colcon.colcon_core.package_identification:_identify(install) by extension 'ignore'
[0.587s] Level 1:colcon.colcon_core.package_identification:_identify(install) ignored
[0.587s] Level 1:colcon.colcon_core.package_identification:_identify(launch) by extensions ['ignore', 'ignore_ament_install']
[0.587s] Level 1:colcon.colcon_core.package_identification:_identify(launch) by extension 'ignore'
[0.588s] Level 1:colcon.colcon_core.package_identification:_identify(launch) by extension 'ignore_ament_install'
[0.588s] Level 1:colcon.colcon_core.package_identification:_identify(launch) by extensions ['colcon_pkg']
[0.589s] Level 1:colcon.colcon_core.package_identification:_identify(launch) by extension 'colcon_pkg'
[0.589s] Level 1:colcon.colcon_core.package_identification:_identify(launch) by extensions ['colcon_meta']
[0.589s] Level 1:colcon.colcon_core.package_identification:_identify(launch) by extension 'colcon_meta'
[0.590s] Level 1:colcon.colcon_core.package_identification:_identify(launch) by extensions ['ros']
[0.590s] Level 1:colcon.colcon_core.package_identification:_identify(launch) by extension 'ros'
[0.590s] Level 1:colcon.colcon_core.package_identification:_identify(launch) by extensions ['cmake', 'python']
[0.590s] Level 1:colcon.colcon_core.package_identification:_identify(launch) by extension 'cmake'
[0.590s] Level 1:colcon.colcon_core.package_identification:_identify(launch) by extension 'python'
[0.590s] Level 1:colcon.colcon_core.package_identification:_identify(launch) by extensions ['python_setup_py']
[0.590s] Level 1:colcon.colcon_core.package_identification:_identify(launch) by extension 'python_setup_py'
[0.590s] Level 1:colcon.colcon_core.package_identification:_identify(launch/__pycache__) by extensions ['ignore', 'ignore_ament_install']
[0.590s] Level 1:colcon.colcon_core.package_identification:_identify(launch/__pycache__) by extension 'ignore'
[0.590s] Level 1:colcon.colcon_core.package_identification:_identify(launch/__pycache__) by extension 'ignore_ament_install'
[0.590s] Level 1:colcon.colcon_core.package_identification:_identify(launch/__pycache__) by extensions ['colcon_pkg']
[0.590s] Level 1:colcon.colcon_core.package_identification:_identify(launch/__pycache__) by extension 'colcon_pkg'
[0.590s] Level 1:colcon.colcon_core.package_identification:_identify(launch/__pycache__) by extensions ['colcon_meta']
[0.590s] Level 1:colcon.colcon_core.package_identification:_identify(launch/__pycache__) by extension 'colcon_meta'
[0.591s] Level 1:colcon.colcon_core.package_identification:_identify(launch/__pycache__) by extensions ['ros']
[0.591s] Level 1:colcon.colcon_core.package_identification:_identify(launch/__pycache__) by extension 'ros'
[0.591s] Level 1:colcon.colcon_core.package_identification:_identify(launch/__pycache__) by extensions ['cmake', 'python']
[0.591s] Level 1:colcon.colcon_core.package_identification:_identify(launch/__pycache__) by extension 'cmake'
[0.591s] Level 1:colcon.colcon_core.package_identification:_identify(launch/__pycache__) by extension 'python'
[0.591s] Level 1:colcon.colcon_core.package_identification:_identify(launch/__pycache__) by extensions ['python_setup_py']
[0.591s] Level 1:colcon.colcon_core.package_identification:_identify(launch/__pycache__) by extension 'python_setup_py'
[0.591s] Level 1:colcon.colcon_core.package_identification:_identify(log) by extensions ['ignore', 'ignore_ament_install']
[0.591s] Level 1:colcon.colcon_core.package_identification:_identify(log) by extension 'ignore'
[0.592s] Level 1:colcon.colcon_core.package_identification:_identify(log) ignored
[0.592s] Level 1:colcon.colcon_core.package_identification:_identify(src) by extensions ['ignore', 'ignore_ament_install']
[0.593s] Level 1:colcon.colcon_core.package_identification:_identify(src) by extension 'ignore'
[0.593s] Level 1:colcon.colcon_core.package_identification:_identify(src) by extension 'ignore_ament_install'
[0.593s] Level 1:colcon.colcon_core.package_identification:_identify(src) by extensions ['colcon_pkg']
[0.594s] Level 1:colcon.colcon_core.package_identification:_identify(src) by extension 'colcon_pkg'
[0.594s] Level 1:colcon.colcon_core.package_identification:_identify(src) by extensions ['colcon_meta']
[0.594s] Level 1:colcon.colcon_core.package_identification:_identify(src) by extension 'colcon_meta'
[0.595s] Level 1:colcon.colcon_core.package_identification:_identify(src) by extensions ['ros']
[0.595s] Level 1:colcon.colcon_core.package_identification:_identify(src) by extension 'ros'
[0.595s] Level 1:colcon.colcon_core.package_identification:_identify(src) by extensions ['cmake', 'python']
[0.595s] Level 1:colcon.colcon_core.package_identification:_identify(src) by extension 'cmake'
[0.596s] Level 1:colcon.colcon_core.package_identification:_identify(src) by extension 'python'
[0.596s] Level 1:colcon.colcon_core.package_identification:_identify(src) by extensions ['python_setup_py']
[0.596s] Level 1:colcon.colcon_core.package_identification:_identify(src) by extension 'python_setup_py'
[0.596s] Level 1:colcon.colcon_core.package_identification:_identify(src/build) by extensions ['ignore', 'ignore_ament_install']
[0.596s] Level 1:colcon.colcon_core.package_identification:_identify(src/build) by extension 'ignore'
[0.596s] Level 1:colcon.colcon_core.package_identification:_identify(src/build) ignored
[0.596s] Level 1:colcon.colcon_core.package_identification:_identify(src/fibonacci_rclpy_action_pkg) by extensions ['ignore', 'ignore_ament_install']
[0.596s] Level 1:colcon.colcon_core.package_identification:_identify(src/fibonacci_rclpy_action_pkg) by extension 'ignore'
[0.596s] Level 1:colcon.colcon_core.package_identification:_identify(src/fibonacci_rclpy_action_pkg) by extension 'ignore_ament_install'
[0.596s] Level 1:colcon.colcon_core.package_identification:_identify(src/fibonacci_rclpy_action_pkg) by extensions ['colcon_pkg']
[0.596s] Level 1:colcon.colcon_core.package_identification:_identify(src/fibonacci_rclpy_action_pkg) by extension 'colcon_pkg'
[0.596s] Level 1:colcon.colcon_core.package_identification:_identify(src/fibonacci_rclpy_action_pkg) by extensions ['colcon_meta']
[0.596s] Level 1:colcon.colcon_core.package_identification:_identify(src/fibonacci_rclpy_action_pkg) by extension 'colcon_meta'
[0.596s] Level 1:colcon.colcon_core.package_identification:_identify(src/fibonacci_rclpy_action_pkg) by extensions ['ros']
[0.597s] Level 1:colcon.colcon_core.package_identification:_identify(src/fibonacci_rclpy_action_pkg) by extension 'ros'
[0.608s] DEBUG:colcon.colcon_core.package_identification:Package 'src/fibonacci_rclpy_action_pkg' with type 'ros.ament_python' and name 'fibonacci_rclpy_action_pkg'
[0.609s] Level 1:colcon.colcon_core.package_identification:_identify(src/first_rclpy_pkg) by extensions ['ignore', 'ignore_ament_install']
[0.609s] Level 1:colcon.colcon_core.package_identification:_identify(src/first_rclpy_pkg) by extension 'ignore'
[0.609s] Level 1:colcon.colcon_core.package_identification:_identify(src/first_rclpy_pkg) by extension 'ignore_ament_install'
[0.609s] Level 1:colcon.colcon_core.package_identification:_identify(src/first_rclpy_pkg) by extensions ['colcon_pkg']
[0.609s] Level 1:colcon.colcon_core.package_identification:_identify(src/first_rclpy_pkg) by extension 'colcon_pkg'
[0.609s] Level 1:colcon.colcon_core.package_identification:_identify(src/first_rclpy_pkg) by extensions ['colcon_meta']
[0.609s] Level 1:colcon.colcon_core.package_identification:_identify(src/first_rclpy_pkg) by extension 'colcon_meta'
[0.609s] Level 1:colcon.colcon_core.package_identification:_identify(src/first_rclpy_pkg) by extensions ['ros']
[0.609s] Level 1:colcon.colcon_core.package_identification:_identify(src/first_rclpy_pkg) by extension 'ros'
[0.611s] DEBUG:colcon.colcon_core.package_identification:Package 'src/first_rclpy_pkg' with type 'ros.ament_python' and name 'first_rclpy_pkg'
[0.613s] Level 1:colcon.colcon_core.package_identification:_identify(src/install) by extensions ['ignore', 'ignore_ament_install']
[0.613s] Level 1:colcon.colcon_core.package_identification:_identify(src/install) by extension 'ignore'
[0.613s] Level 1:colcon.colcon_core.package_identification:_identify(src/install) ignored
[0.613s] Level 1:colcon.colcon_core.package_identification:_identify(src/log) by extensions ['ignore', 'ignore_ament_install']
[0.613s] Level 1:colcon.colcon_core.package_identification:_identify(src/log) by extension 'ignore'
[0.613s] Level 1:colcon.colcon_core.package_identification:_identify(src/log) ignored
[0.614s] Level 1:colcon.colcon_core.package_identification:_identify(src/my_action_interface) by extensions ['ignore', 'ignore_ament_install']
[0.614s] Level 1:colcon.colcon_core.package_identification:_identify(src/my_action_interface) by extension 'ignore'
[0.614s] Level 1:colcon.colcon_core.package_identification:_identify(src/my_action_interface) by extension 'ignore_ament_install'
[0.614s] Level 1:colcon.colcon_core.package_identification:_identify(src/my_action_interface) by extensions ['colcon_pkg']
[0.614s] Level 1:colcon.colcon_core.package_identification:_identify(src/my_action_interface) by extension 'colcon_pkg'
[0.614s] Level 1:colcon.colcon_core.package_identification:_identify(src/my_action_interface) by extensions ['colcon_meta']
[0.614s] Level 1:colcon.colcon_core.package_identification:_identify(src/my_action_interface) by extension 'colcon_meta'
[0.614s] Level 1:colcon.colcon_core.package_identification:_identify(src/my_action_interface) by extensions ['ros']
[0.614s] Level 1:colcon.colcon_core.package_identification:_identify(src/my_action_interface) by extension 'ros'
[0.618s] DEBUG:colcon.colcon_core.package_identification:Package 'src/my_action_interface' with type 'ros.ament_cmake' and name 'my_action_interface'
[0.618s] Level 1:colcon.colcon_core.package_identification:_identify(src/my_interface_example) by extensions ['ignore', 'ignore_ament_install']
[0.618s] Level 1:colcon.colcon_core.package_identification:_identify(src/my_interface_example) by extension 'ignore'
[0.618s] Level 1:colcon.colcon_core.package_identification:_identify(src/my_interface_example) by extension 'ignore_ament_install'
[0.618s] Level 1:colcon.colcon_core.package_identification:_identify(src/my_interface_example) by extensions ['colcon_pkg']
[0.618s] Level 1:colcon.colcon_core.package_identification:_identify(src/my_interface_example) by extension 'colcon_pkg'
[0.619s] Level 1:colcon.colcon_core.package_identification:_identify(src/my_interface_example) by extensions ['colcon_meta']
[0.619s] Level 1:colcon.colcon_core.package_identification:_identify(src/my_interface_example) by extension 'colcon_meta'
[0.619s] Level 1:colcon.colcon_core.package_identification:_identify(src/my_interface_example) by extensions ['ros']
[0.619s] Level 1:colcon.colcon_core.package_identification:_identify(src/my_interface_example) by extension 'ros'
[0.619s] DEBUG:colcon.colcon_core.package_identification:Package 'src/my_interface_example' with type 'ros.ament_cmake' and name 'my_interface_example'
[0.620s] Level 1:colcon.colcon_core.package_identification:_identify(src/python_parameters) by extensions ['ignore', 'ignore_ament_install']
[0.620s] Level 1:colcon.colcon_core.package_identification:_identify(src/python_parameters) by extension 'ignore'
[0.620s] Level 1:colcon.colcon_core.package_identification:_identify(src/python_parameters) by extension 'ignore_ament_install'
[0.620s] Level 1:colcon.colcon_core.package_identification:_identify(src/python_parameters) by extensions ['colcon_pkg']
[0.620s] Level 1:colcon.colcon_core.package_identification:_identify(src/python_parameters) by extension 'colcon_pkg'
[0.620s] Level 1:colcon.colcon_core.package_identification:_identify(src/python_parameters) by extensions ['colcon_meta']
[0.620s] Level 1:colcon.colcon_core.package_identification:_identify(src/python_parameters) by extension 'colcon_meta'
[0.620s] Level 1:colcon.colcon_core.package_identification:_identify(src/python_parameters) by extensions ['ros']
[0.620s] Level 1:colcon.colcon_core.package_identification:_identify(src/python_parameters) by extension 'ros'
[0.621s] DEBUG:colcon.colcon_core.package_identification:Package 'src/python_parameters' with type 'ros.ament_python' and name 'python_parameters'
[0.621s] Level 1:colcon.colcon_core.package_identification:_identify(src/sum_rclpy_srvcli_pkg) by extensions ['ignore', 'ignore_ament_install']
[0.621s] Level 1:colcon.colcon_core.package_identification:_identify(src/sum_rclpy_srvcli_pkg) by extension 'ignore'
[0.621s] Level 1:colcon.colcon_core.package_identification:_identify(src/sum_rclpy_srvcli_pkg) by extension 'ignore_ament_install'
[0.621s] Level 1:colcon.colcon_core.package_identification:_identify(src/sum_rclpy_srvcli_pkg) by extensions ['colcon_pkg']
[0.621s] Level 1:colcon.colcon_core.package_identification:_identify(src/sum_rclpy_srvcli_pkg) by extension 'colcon_pkg'
[0.622s] Level 1:colcon.colcon_core.package_identification:_identify(src/sum_rclpy_srvcli_pkg) by extensions ['colcon_meta']
[0.622s] Level 1:colcon.colcon_core.package_identification:_identify(src/sum_rclpy_srvcli_pkg) by extension 'colcon_meta'
[0.622s] Level 1:colcon.colcon_core.package_identification:_identify(src/sum_rclpy_srvcli_pkg) by extensions ['ros']
[0.622s] Level 1:colcon.colcon_core.package_identification:_identify(src/sum_rclpy_srvcli_pkg) by extension 'ros'
[0.622s] DEBUG:colcon.colcon_core.package_identification:Failed to parse potential ROS package manifest in'src/sum_rclpy_srvcli_pkg': Error(s) in package 'src/sum_rclpy_srvcli_pkg/package.xml':
The manifest contains invalid XML:
mismatched tag: line 12, column 32
[0.622s] Level 1:colcon.colcon_core.package_identification:_identify(src/sum_rclpy_srvcli_pkg) by extensions ['cmake', 'python']
[0.622s] Level 1:colcon.colcon_core.package_identification:_identify(src/sum_rclpy_srvcli_pkg) by extension 'cmake'
[0.626s] Level 1:colcon.colcon_core.package_identification:_identify(src/sum_rclpy_srvcli_pkg) by extension 'python'
[0.627s] DEBUG:colcon.colcon_core.package_identification:Python package in 'src/sum_rclpy_srvcli_pkg' passes arguments to the setup() function which requires a different identification extension than 'python'
[0.627s] Level 1:colcon.colcon_core.package_identification:_identify(src/sum_rclpy_srvcli_pkg) by extensions ['python_setup_py']
[0.627s] Level 1:colcon.colcon_core.package_identification:_identify(src/sum_rclpy_srvcli_pkg) by extension 'python_setup_py'
[1.124s] DEBUG:colcon.colcon_core.package_identification:Package 'src/sum_rclpy_srvcli_pkg' with type 'python' and name 'sum_rclpy_srvcli_pkg'
[1.125s] Level 1:colcon.colcon_core.package_identification:_identify(src/teleop_twist_joy) by extensions ['ignore', 'ignore_ament_install']
[1.125s] Level 1:colcon.colcon_core.package_identification:_identify(src/teleop_twist_joy) by extension 'ignore'
[1.125s] Level 1:colcon.colcon_core.package_identification:_identify(src/teleop_twist_joy) by extension 'ignore_ament_install'
[1.125s] Level 1:colcon.colcon_core.package_identification:_identify(src/teleop_twist_joy) by extensions ['colcon_pkg']
[1.125s] Level 1:colcon.colcon_core.package_identification:_identify(src/teleop_twist_joy) by extension 'colcon_pkg'
[1.125s] Level 1:colcon.colcon_core.package_identification:_identify(src/teleop_twist_joy) by extensions ['colcon_meta']
[1.125s] Level 1:colcon.colcon_core.package_identification:_identify(src/teleop_twist_joy) by extension 'colcon_meta'
[1.125s] Level 1:colcon.colcon_core.package_identification:_identify(src/teleop_twist_joy) by extensions ['ros']
[1.125s] Level 1:colcon.colcon_core.package_identification:_identify(src/teleop_twist_joy) by extension 'ros'
[1.131s] DEBUG:colcon.colcon_core.package_identification:Package 'src/teleop_twist_joy' with type 'ros.ament_cmake' and name 'teleop_twist_joy'
[1.131s] Level 1:colcon.colcon_core.package_identification:_identify(src/test_ros_rclcpp_pkg) by extensions ['ignore', 'ignore_ament_install']
[1.132s] Level 1:colcon.colcon_core.package_identification:_identify(src/test_ros_rclcpp_pkg) by extension 'ignore'
[1.132s] Level 1:colcon.colcon_core.package_identification:_identify(src/test_ros_rclcpp_pkg) by extension 'ignore_ament_install'
[1.132s] Level 1:colcon.colcon_core.package_identification:_identify(src/test_ros_rclcpp_pkg) by extensions ['colcon_pkg']
[1.132s] Level 1:colcon.colcon_core.package_identification:_identify(src/test_ros_rclcpp_pkg) by extension 'colcon_pkg'
[1.132s] Level 1:colcon.colcon_core.package_identification:_identify(src/test_ros_rclcpp_pkg) by extensions ['colcon_meta']
[1.132s] Level 1:colcon.colcon_core.package_identification:_identify(src/test_ros_rclcpp_pkg) by extension 'colcon_meta'
[1.132s] Level 1:colcon.colcon_core.package_identification:_identify(src/test_ros_rclcpp_pkg) by extensions ['ros']
[1.132s] Level 1:colcon.colcon_core.package_identification:_identify(src/test_ros_rclcpp_pkg) by extension 'ros'
[1.133s] DEBUG:colcon.colcon_core.package_identification:Package 'src/test_ros_rclcpp_pkg' with type 'ros.ament_cmake' and name 'test_ros_rclcpp_pkg'
[1.133s] Level 1:colcon.colcon_core.package_identification:_identify(src/test_ros_rclpy_pkg) by extensions ['ignore', 'ignore_ament_install']
[1.133s] Level 1:colcon.colcon_core.package_identification:_identify(src/test_ros_rclpy_pkg) by extension 'ignore'
[1.133s] Level 1:colcon.colcon_core.package_identification:_identify(src/test_ros_rclpy_pkg) by extension 'ignore_ament_install'
[1.133s] Level 1:colcon.colcon_core.package_identification:_identify(src/test_ros_rclpy_pkg) by extensions ['colcon_pkg']
[1.133s] Level 1:colcon.colcon_core.package_identification:_identify(src/test_ros_rclpy_pkg) by extension 'colcon_pkg'
[1.133s] Level 1:colcon.colcon_core.package_identification:_identify(src/test_ros_rclpy_pkg) by extensions ['colcon_meta']
[1.134s] Level 1:colcon.colcon_core.package_identification:_identify(src/test_ros_rclpy_pkg) by extension 'colcon_meta'
[1.134s] Level 1:colcon.colcon_core.package_identification:_identify(src/test_ros_rclpy_pkg) by extensions ['ros']
[1.134s] Level 1:colcon.colcon_core.package_identification:_identify(src/test_ros_rclpy_pkg) by extension 'ros'
[1.135s] DEBUG:colcon.colcon_core.package_identification:Package 'src/test_ros_rclpy_pkg' with type 'ros.ament_python' and name 'test_ros_rclpy_pkg'
[1.139s] Level 1:colcon.colcon_core.package_discovery:discover_packages(recursive) using defaults
[1.139s] Level 1:colcon.colcon_core.package_discovery:discover_packages(ignore) discover
[1.139s] Level 1:colcon.colcon_core.package_discovery:discover_packages(ignore) using defaults
[1.139s] Level 1:colcon.colcon_core.package_discovery:discover_packages(path) discover
[1.139s] Level 1:colcon.colcon_core.package_discovery:discover_packages(path) using defaults
[1.197s] INFO:colcon.colcon_core.package_selection:Skipping not selected package 'my_action_interface' in 'src/my_action_interface'
[1.197s] INFO:colcon.colcon_core.package_selection:Skipping not selected package 'my_interface_example' in 'src/my_interface_example'
[1.197s] INFO:colcon.colcon_core.package_selection:Skipping not selected package 'sum_rclpy_srvcli_pkg' in 'src/sum_rclpy_srvcli_pkg'
[1.197s] INFO:colcon.colcon_core.package_selection:Skipping not selected package 'teleop_twist_joy' in 'src/teleop_twist_joy'
[1.197s] INFO:colcon.colcon_core.package_selection:Skipping not selected package 'test_ros_rclcpp_pkg' in 'src/test_ros_rclcpp_pkg'
[1.197s] INFO:colcon.colcon_core.package_selection:Skipping not selected package 'test_ros_rclpy_pkg' in 'src/test_ros_rclpy_pkg'
[1.197s] INFO:colcon.colcon_core.package_selection:Skipping not selected package 'fibonacci_rclpy_action_pkg' in 'src/fibonacci_rclpy_action_pkg'
[1.197s] INFO:colcon.colcon_core.package_selection:Skipping not selected package 'first_rclpy_pkg' in 'src/first_rclpy_pkg'
[1.205s] Level 5:colcon.colcon_core.verb:set package 'python_parameters' build argument 'cmake_args' from command line to 'None'
[1.205s] Level 5:colcon.colcon_core.verb:set package 'python_parameters' build argument 'cmake_target' from command line to 'None'
[1.206s] Level 5:colcon.colcon_core.verb:set package 'python_parameters' build argument 'cmake_target_skip_unavailable' from command line to 'False'
[1.206s] Level 5:colcon.colcon_core.verb:set package 'python_parameters' build argument 'cmake_clean_cache' from command line to 'False'
[1.206s] Level 5:colcon.colcon_core.verb:set package 'python_parameters' build argument 'cmake_clean_first' from command line to 'False'
[1.206s] Level 5:colcon.colcon_core.verb:set package 'python_parameters' build argument 'cmake_force_configure' from command line to 'False'
[1.206s] Level 5:colcon.colcon_core.verb:set package 'python_parameters' build argument 'ament_cmake_args' from command line to 'None'
[1.206s] Level 5:colcon.colcon_core.verb:set package 'python_parameters' build argument 'catkin_cmake_args' from command line to 'None'
[1.206s] Level 5:colcon.colcon_core.verb:set package 'python_parameters' build argument 'catkin_skip_building_tests' from command line to 'False'
[1.206s] DEBUG:colcon.colcon_core.verb:Building package 'python_parameters' with the following arguments: {'ament_cmake_args': None, 'build_base': '/home/ys/robot_ws/build/python_parameters', 'catkin_cmake_args': None, 'catkin_skip_building_tests': False, 'cmake_args': None, 'cmake_clean_cache': False, 'cmake_clean_first': False, 'cmake_force_configure': False, 'cmake_target': None, 'cmake_target_skip_unavailable': False, 'install_base': '/home/ys/robot_ws/install/python_parameters', 'merge_install': False, 'path': '/home/ys/robot_ws/src/python_parameters', 'symlink_install': True, 'test_result_base': None}
[1.206s] INFO:colcon.colcon_core.executor:Executing jobs using 'parallel' executor
[1.213s] DEBUG:colcon.colcon_parallel_executor.executor.parallel:run_until_complete
[1.214s] INFO:colcon.colcon_ros.task.ament_python.build:Building ROS package in '/home/ys/robot_ws/src/python_parameters' with build type 'ament_python'
[1.214s] Level 1:colcon.colcon_core.shell:create_environment_hook('python_parameters', 'ament_prefix_path')
[1.228s] INFO:colcon.colcon_core.plugin_system:Skipping extension 'colcon_core.shell.bat': Not used on non-Windows systems
[1.228s] INFO:colcon.colcon_core.shell:Creating environment hook '/home/ys/robot_ws/install/python_parameters/share/python_parameters/hook/ament_prefix_path.ps1'
[1.229s] INFO:colcon.colcon_core.shell:Creating environment descriptor '/home/ys/robot_ws/install/python_parameters/share/python_parameters/hook/ament_prefix_path.dsv'
[1.230s] INFO:colcon.colcon_core.shell:Creating environment hook '/home/ys/robot_ws/install/python_parameters/share/python_parameters/hook/ament_prefix_path.sh'
[1.233s] INFO:colcon.colcon_core.shell:Skip shell extension 'powershell' for command environment: Not usable outside of PowerShell
[1.233s] DEBUG:colcon.colcon_core.shell:Skip shell extension 'dsv' for command environment
[1.242s] DEBUG:colcon.colcon_core.shell:Ignoring prefix path '/opt/ros/foxy'
[2.036s] INFO:colcon.colcon_core.task.python.build:Building Python package in '/home/ys/robot_ws/src/python_parameters'
[2.037s] INFO:colcon.colcon_core.shell:Skip shell extension 'powershell' for command environment: Not usable outside of PowerShell
[2.037s] DEBUG:colcon.colcon_core.shell:Skip shell extension 'dsv' for command environment
[2.044s] DEBUG:colcon.colcon_core.shell:Ignoring prefix path '/opt/ros/foxy'
[2.062s] DEBUG:colcon.colcon_core.event_handler.log_command:Invoking command in '/home/ys/robot_ws/build/python_parameters': PYTHONPATH=/home/ys/robot_ws/install/python_parameters/lib/python3.8/site-packages:${PYTHONPATH} /usr/bin/python3 setup.py develop --prefix /home/ys/robot_ws/install/python_parameters --editable --build-directory /home/ys/robot_ws/build/python_parameters/build --no-deps install_data --install-dir /home/ys/robot_ws/install/python_parameters
[3.700s] Level 1:colcon.colcon_core.shell:create_environment_hook('python_parameters', 'pythonpath_develop')
[3.703s] INFO:colcon.colcon_core.shell:Creating environment hook '/home/ys/robot_ws/build/python_parameters/share/python_parameters/hook/pythonpath_develop.ps1'
[3.703s] DEBUG:colcon.colcon_core.event_handler.log_command:Invoked command in '/home/ys/robot_ws/build/python_parameters' returned '0': PYTHONPATH=/home/ys/robot_ws/install/python_parameters/lib/python3.8/site-packages:${PYTHONPATH} /usr/bin/python3 setup.py develop --prefix /home/ys/robot_ws/install/python_parameters --editable --build-directory /home/ys/robot_ws/build/python_parameters/build --no-deps install_data --install-dir /home/ys/robot_ws/install/python_parameters
[3.704s] INFO:colcon.colcon_core.shell:Creating environment descriptor '/home/ys/robot_ws/build/python_parameters/share/python_parameters/hook/pythonpath_develop.dsv'
[3.708s] INFO:colcon.colcon_core.shell:Creating environment hook '/home/ys/robot_ws/build/python_parameters/share/python_parameters/hook/pythonpath_develop.sh'
[3.717s] Level 1:colcon.colcon_core.environment:checking '/home/ys/robot_ws/install/python_parameters' for CMake module files
[3.718s] Level 1:colcon.colcon_core.environment:checking '/home/ys/robot_ws/install/python_parameters' for CMake config files
[3.722s] Level 1:colcon.colcon_core.environment:checking '/home/ys/robot_ws/install/python_parameters/lib'
[3.722s] Level 1:colcon.colcon_core.environment:checking '/home/ys/robot_ws/install/python_parameters/bin'
[3.722s] Level 1:colcon.colcon_core.environment:checking '/home/ys/robot_ws/install/python_parameters/lib/pkgconfig/python_parameters.pc'
[3.722s] Level 1:colcon.colcon_core.environment:checking '/home/ys/robot_ws/install/python_parameters/lib/python3.8/site-packages'
[3.722s] Level 1:colcon.colcon_core.shell:create_environment_hook('python_parameters', 'pythonpath')
[3.723s] INFO:colcon.colcon_core.shell:Creating environment hook '/home/ys/robot_ws/install/python_parameters/share/python_parameters/hook/pythonpath.ps1'
[3.724s] INFO:colcon.colcon_core.shell:Creating environment descriptor '/home/ys/robot_ws/install/python_parameters/share/python_parameters/hook/pythonpath.dsv'
[3.726s] INFO:colcon.colcon_core.shell:Creating environment hook '/home/ys/robot_ws/install/python_parameters/share/python_parameters/hook/pythonpath.sh'
[3.727s] Level 1:colcon.colcon_core.environment:create_environment_scripts_only(python_parameters)
[3.728s] INFO:colcon.colcon_core.shell:Creating package script '/home/ys/robot_ws/install/python_parameters/share/python_parameters/package.ps1'
[3.732s] INFO:colcon.colcon_core.shell:Creating package descriptor '/home/ys/robot_ws/install/python_parameters/share/python_parameters/package.dsv'
[3.734s] INFO:colcon.colcon_core.shell:Creating package script '/home/ys/robot_ws/install/python_parameters/share/python_parameters/package.sh'
[3.738s] INFO:colcon.colcon_core.shell:Creating package script '/home/ys/robot_ws/install/python_parameters/share/python_parameters/package.bash'
[3.740s] INFO:colcon.colcon_core.shell:Creating package script '/home/ys/robot_ws/install/python_parameters/share/python_parameters/package.zsh'
[3.743s] Level 1:colcon.colcon_core.environment:create_file_with_runtime_dependencies(/home/ys/robot_ws/install/python_parameters/share/colcon-core/packages/python_parameters)
[3.744s] DEBUG:colcon.colcon_parallel_executor.executor.parallel:closing loop
[3.744s] DEBUG:colcon.colcon_parallel_executor.executor.parallel:loop closed
[3.744s] DEBUG:colcon.colcon_parallel_executor.executor.parallel:run_until_complete finished with '0'
[3.744s] DEBUG:colcon.colcon_core.event_reactor:joining thread
[3.765s] INFO:colcon.colcon_core.plugin_system:Skipping extension 'colcon_notification.desktop_notification.terminal_notifier': Not used on non-Darwin systems
[3.765s] INFO:colcon.colcon_core.plugin_system:Skipping extension 'colcon_notification.desktop_notification.win32': Not used on non-Windows systems
[3.765s] INFO:colcon.colcon_notification.desktop_notification:Sending desktop notification using 'notify2'
[3.868s] DEBUG:colcon.colcon_core.event_reactor:joined thread
[3.869s] INFO:colcon.colcon_core.shell:Creating prefix script '/home/ys/robot_ws/install/local_setup.ps1'
[3.870s] INFO:colcon.colcon_core.shell:Creating prefix util module '/home/ys/robot_ws/install/_local_setup_util_ps1.py'
[3.874s] INFO:colcon.colcon_core.shell:Creating prefix chain script '/home/ys/robot_ws/install/setup.ps1'
[3.884s] INFO:colcon.colcon_core.shell:Creating prefix script '/home/ys/robot_ws/install/local_setup.sh'
[3.885s] INFO:colcon.colcon_core.shell:Creating prefix util module '/home/ys/robot_ws/install/_local_setup_util_sh.py'
[3.887s] INFO:colcon.colcon_core.shell:Creating prefix chain script '/home/ys/robot_ws/install/setup.sh'
[3.895s] INFO:colcon.colcon_core.shell:Creating prefix script '/home/ys/robot_ws/install/local_setup.bash'
[3.896s] INFO:colcon.colcon_core.shell:Creating prefix chain script '/home/ys/robot_ws/install/setup.bash'
[3.904s] INFO:colcon.colcon_core.shell:Creating prefix script '/home/ys/robot_ws/install/local_setup.zsh'
[3.905s] INFO:colcon.colcon_core.shell:Creating prefix chain script '/home/ys/robot_ws/install/setup.zsh'
