[0.032s] Invoking command in '/home/ys/robot_ws/build/final_project_interface': CMAKE_PREFIX_PATH=${CMAKE_PREFIX_PATH}:/home/ys/robot_ws/install/python_parameters:/home/ys/robot_ws/install/first_rclpy_pkg:/home/ys/robot_ws/install/fibonacci_rclpy_action_pkg:/home/ys/robot_ws/install/final_project:/opt/ros/foxy /usr/bin/cmake /home/ys/robot_ws/src/final_project_interface -DAMENT_CMAKE_SYMLINK_INSTALL=1 -DCMAKE_INSTALL_PREFIX=/home/ys/robot_ws/install/final_project_interface
[0.198s] -- The C compiler identification is GNU 9.3.0
[0.364s] -- The CXX compiler identification is GNU 9.3.0
[0.381s] -- Check for working C compiler: /usr/bin/cc
[0.571s] -- Check for working C compiler: /usr/bin/cc -- works
[0.571s] -- Detecting C compiler ABI info
[0.742s] -- Detecting C compiler ABI info - done
[0.792s] -- Detecting C compile features
[0.792s] -- Detecting C compile features - done
[0.804s] -- Check for working CXX compiler: /usr/bin/c++
[1.007s] -- Check for working CXX compiler: /usr/bin/c++ -- works
[1.011s] -- Detecting CXX compiler ABI info
[1.238s] -- Detecting CXX compiler ABI info - done
[1.291s] -- Detecting CXX compile features
[1.293s] -- Detecting CXX compile features - done
[1.302s] -- Found ament_cmake: 0.9.9 (/opt/ros/foxy/share/ament_cmake/cmake)
[1.412s] -- Found PythonInterp: /usr/bin/python3 (found suitable version "3.8.10", minimum required is "3") 
[1.412s] -- Using PYTHON_EXECUTABLE: /usr/bin/python3
[1.984s] -- Override CMake install command with custom implementation using symlinks instead of copying resources
[2.095s] -- Found rosidl_default_generators: 1.0.1 (/opt/ros/foxy/share/rosidl_default_generators/cmake)
[2.119s] -- Using all available rosidl_typesupport_c: rosidl_typesupport_fastrtps_c;rosidl_typesupport_introspection_c
[2.145s] -- Found rosidl_adapter: 1.2.1 (/opt/ros/foxy/share/rosidl_adapter/cmake)
[2.447s] -- Found OpenSSL: /usr/lib/x86_64-linux-gnu/libcrypto.so (found version "1.1.1f")  
[2.543s] -- Found FastRTPS: /opt/ros/foxy/include  
[2.823s] -- Using all available rosidl_typesupport_cpp: rosidl_typesupport_fastrtps_cpp;rosidl_typesupport_introspection_cpp
[2.928s] CMake Error at CMakeLists.txt:25 (rosidl_generate_interface):
[2.928s]   Unknown CMake command "rosidl_generate_interface".
[2.928s] 
[2.928s] 
[2.930s] -- Configuring incomplete, errors occurred!
[2.930s] See also "/home/ys/robot_ws/build/final_project_interface/CMakeFiles/CMakeOutput.log".
[2.957s] Invoked command in '/home/ys/robot_ws/build/final_project_interface' returned '1': CMAKE_PREFIX_PATH=${CMAKE_PREFIX_PATH}:/home/ys/robot_ws/install/python_parameters:/home/ys/robot_ws/install/first_rclpy_pkg:/home/ys/robot_ws/install/fibonacci_rclpy_action_pkg:/home/ys/robot_ws/install/final_project:/opt/ros/foxy /usr/bin/cmake /home/ys/robot_ws/src/final_project_interface -DAMENT_CMAKE_SYMLINK_INSTALL=1 -DCMAKE_INSTALL_PREFIX=/home/ys/robot_ws/install/final_project_interface
