[0.946s] DEBUG:colcon:Command line arguments: ['/usr/bin/colcon', 'build', '--symlink-install', '--packages-select', 'sum_rclpy_srvcli_pkg']
[0.947s] DEBUG:colcon:Parsed command line arguments: Namespace(ament_cmake_args=None, base_paths=['.'], build_base='build', catkin_cmake_args=None, catkin_skip_building_tests=False, cmake_args=None, cmake_clean_cache=False, cmake_clean_first=False, cmake_force_configure=False, cmake_target=None, cmake_target_skip_unavailable=False, continue_on_error=False, event_handlers=None, executor='parallel', ignore_user_meta=False, install_base='install', log_base=None, log_level=None, main=<bound method BuildVerb.main of <colcon_core.verb.build.BuildVerb object at 0x7f304d0d31f0>>, merge_install=False, metas=['./colcon.meta'], packages_above=None, packages_above_and_dependencies=None, packages_above_depth=None, packages_end=None, packages_ignore=None, packages_ignore_regex=None, packages_select=['sum_rclpy_srvcli_pkg'], packages_select_build_failed=False, packages_select_by_dep=None, packages_select_regex=None, packages_select_test_failures=False, packages_skip=None, packages_skip_build_finished=False, packages_skip_by_dep=None, packages_skip_regex=None, packages_skip_test_passed=False, packages_skip_up_to=None, packages_start=None, packages_up_to=None, packages_up_to_regex=None, parallel_workers=1, paths=None, symlink_install=True, test_result_base=None, verb_extension=<colcon_core.verb.build.BuildVerb object at 0x7f304d0d31f0>, verb_name='build', verb_parser=<colcon_defaults.argument_parser.defaults.DefaultArgumentsDecorator object at 0x7f304d0d3730>)
[0.984s] Level 1:colcon.colcon_core.package_discovery:discover_packages(colcon_meta) check parameters
[0.988s] Level 1:colcon.colcon_core.package_discovery:discover_packages(recursive) check parameters
[0.988s] Level 1:colcon.colcon_core.package_discovery:discover_packages(ignore) check parameters
[0.988s] Level 1:colcon.colcon_core.package_discovery:discover_packages(path) check parameters
[0.988s] Level 1:colcon.colcon_core.package_discovery:discover_packages(colcon_meta) discover
[0.988s] Level 1:colcon.colcon_core.package_discovery:discover_packages(recursive) discover
[0.988s] INFO:colcon.colcon_core.package_discovery:Crawling recursively for packages in '/home/ys/robot_ws/src'
[0.989s] Level 1:colcon.colcon_core.package_identification:_identify(.) by extensions ['ignore', 'ignore_ament_install']
[0.989s] Level 1:colcon.colcon_core.package_identification:_identify(.) by extension 'ignore'
[0.989s] Level 1:colcon.colcon_core.package_identification:_identify(.) by extension 'ignore_ament_install'
[0.989s] Level 1:colcon.colcon_core.package_identification:_identify(.) by extensions ['colcon_pkg']
[0.989s] Level 1:colcon.colcon_core.package_identification:_identify(.) by extension 'colcon_pkg'
[0.989s] Level 1:colcon.colcon_core.package_identification:_identify(.) by extensions ['colcon_meta']
[0.989s] Level 1:colcon.colcon_core.package_identification:_identify(.) by extension 'colcon_meta'
[0.989s] Level 1:colcon.colcon_core.package_identification:_identify(.) by extensions ['ros']
[0.989s] Level 1:colcon.colcon_core.package_identification:_identify(.) by extension 'ros'
[1.029s] Level 1:colcon.colcon_core.package_identification:_identify(.) by extensions ['cmake', 'python']
[1.030s] Level 1:colcon.colcon_core.package_identification:_identify(.) by extension 'cmake'
[1.030s] Level 1:colcon.colcon_core.package_identification:_identify(.) by extension 'python'
[1.030s] Level 1:colcon.colcon_core.package_identification:_identify(.) by extensions ['python_setup_py']
[1.031s] Level 1:colcon.colcon_core.package_identification:_identify(.) by extension 'python_setup_py'
[1.032s] Level 1:colcon.colcon_core.package_identification:_identify(build) by extensions ['ignore', 'ignore_ament_install']
[1.032s] Level 1:colcon.colcon_core.package_identification:_identify(build) by extension 'ignore'
[1.033s] Level 1:colcon.colcon_core.package_identification:_identify(build) ignored
[1.034s] Level 1:colcon.colcon_core.package_identification:_identify(first_rclpy_pkg) by extensions ['ignore', 'ignore_ament_install']
[1.034s] Level 1:colcon.colcon_core.package_identification:_identify(first_rclpy_pkg) by extension 'ignore'
[1.034s] Level 1:colcon.colcon_core.package_identification:_identify(first_rclpy_pkg) by extension 'ignore_ament_install'
[1.034s] Level 1:colcon.colcon_core.package_identification:_identify(first_rclpy_pkg) by extensions ['colcon_pkg']
[1.034s] Level 1:colcon.colcon_core.package_identification:_identify(first_rclpy_pkg) by extension 'colcon_pkg'
[1.034s] Level 1:colcon.colcon_core.package_identification:_identify(first_rclpy_pkg) by extensions ['colcon_meta']
[1.034s] Level 1:colcon.colcon_core.package_identification:_identify(first_rclpy_pkg) by extension 'colcon_meta'
[1.034s] Level 1:colcon.colcon_core.package_identification:_identify(first_rclpy_pkg) by extensions ['ros']
[1.034s] Level 1:colcon.colcon_core.package_identification:_identify(first_rclpy_pkg) by extension 'ros'
[1.053s] DEBUG:colcon.colcon_core.package_identification:Package 'first_rclpy_pkg' with type 'ros.ament_python' and name 'first_rclpy_pkg'
[1.053s] Level 1:colcon.colcon_core.package_identification:_identify(install) by extensions ['ignore', 'ignore_ament_install']
[1.053s] Level 1:colcon.colcon_core.package_identification:_identify(install) by extension 'ignore'
[1.053s] Level 1:colcon.colcon_core.package_identification:_identify(install) ignored
[1.053s] Level 1:colcon.colcon_core.package_identification:_identify(log) by extensions ['ignore', 'ignore_ament_install']
[1.054s] Level 1:colcon.colcon_core.package_identification:_identify(log) by extension 'ignore'
[1.054s] Level 1:colcon.colcon_core.package_identification:_identify(log) ignored
[1.054s] Level 1:colcon.colcon_core.package_identification:_identify(sum_rclpy_srvcli_pkg) by extensions ['ignore', 'ignore_ament_install']
[1.054s] Level 1:colcon.colcon_core.package_identification:_identify(sum_rclpy_srvcli_pkg) by extension 'ignore'
[1.054s] Level 1:colcon.colcon_core.package_identification:_identify(sum_rclpy_srvcli_pkg) by extension 'ignore_ament_install'
[1.054s] Level 1:colcon.colcon_core.package_identification:_identify(sum_rclpy_srvcli_pkg) by extensions ['colcon_pkg']
[1.054s] Level 1:colcon.colcon_core.package_identification:_identify(sum_rclpy_srvcli_pkg) by extension 'colcon_pkg'
[1.054s] Level 1:colcon.colcon_core.package_identification:_identify(sum_rclpy_srvcli_pkg) by extensions ['colcon_meta']
[1.055s] Level 1:colcon.colcon_core.package_identification:_identify(sum_rclpy_srvcli_pkg) by extension 'colcon_meta'
[1.055s] Level 1:colcon.colcon_core.package_identification:_identify(sum_rclpy_srvcli_pkg) by extensions ['ros']
[1.055s] Level 1:colcon.colcon_core.package_identification:_identify(sum_rclpy_srvcli_pkg) by extension 'ros'
[1.056s] DEBUG:colcon.colcon_core.package_identification:Package 'sum_rclpy_srvcli_pkg' with type 'ros.ament_python' and name 'sum_rclpy_srvcli_pkg'
[1.060s] Level 1:colcon.colcon_core.package_identification:_identify(teleop_twist_joy) by extensions ['ignore', 'ignore_ament_install']
[1.060s] Level 1:colcon.colcon_core.package_identification:_identify(teleop_twist_joy) by extension 'ignore'
[1.060s] Level 1:colcon.colcon_core.package_identification:_identify(teleop_twist_joy) by extension 'ignore_ament_install'
[1.060s] Level 1:colcon.colcon_core.package_identification:_identify(teleop_twist_joy) by extensions ['colcon_pkg']
[1.060s] Level 1:colcon.colcon_core.package_identification:_identify(teleop_twist_joy) by extension 'colcon_pkg'
[1.060s] Level 1:colcon.colcon_core.package_identification:_identify(teleop_twist_joy) by extensions ['colcon_meta']
[1.060s] Level 1:colcon.colcon_core.package_identification:_identify(teleop_twist_joy) by extension 'colcon_meta'
[1.060s] Level 1:colcon.colcon_core.package_identification:_identify(teleop_twist_joy) by extensions ['ros']
[1.060s] Level 1:colcon.colcon_core.package_identification:_identify(teleop_twist_joy) by extension 'ros'
[1.062s] DEBUG:colcon.colcon_core.package_identification:Package 'teleop_twist_joy' with type 'ros.ament_cmake' and name 'teleop_twist_joy'
[1.067s] Level 1:colcon.colcon_core.package_identification:_identify(test_ros_rclcpp_pkg) by extensions ['ignore', 'ignore_ament_install']
[1.067s] Level 1:colcon.colcon_core.package_identification:_identify(test_ros_rclcpp_pkg) by extension 'ignore'
[1.067s] Level 1:colcon.colcon_core.package_identification:_identify(test_ros_rclcpp_pkg) by extension 'ignore_ament_install'
[1.067s] Level 1:colcon.colcon_core.package_identification:_identify(test_ros_rclcpp_pkg) by extensions ['colcon_pkg']
[1.067s] Level 1:colcon.colcon_core.package_identification:_identify(test_ros_rclcpp_pkg) by extension 'colcon_pkg'
[1.067s] Level 1:colcon.colcon_core.package_identification:_identify(test_ros_rclcpp_pkg) by extensions ['colcon_meta']
[1.067s] Level 1:colcon.colcon_core.package_identification:_identify(test_ros_rclcpp_pkg) by extension 'colcon_meta'
[1.067s] Level 1:colcon.colcon_core.package_identification:_identify(test_ros_rclcpp_pkg) by extensions ['ros']
[1.067s] Level 1:colcon.colcon_core.package_identification:_identify(test_ros_rclcpp_pkg) by extension 'ros'
[1.072s] DEBUG:colcon.colcon_core.package_identification:Package 'test_ros_rclcpp_pkg' with type 'ros.ament_cmake' and name 'test_ros_rclcpp_pkg'
[1.076s] Level 1:colcon.colcon_core.package_identification:_identify(test_ros_rclpy_pkg) by extensions ['ignore', 'ignore_ament_install']
[1.076s] Level 1:colcon.colcon_core.package_identification:_identify(test_ros_rclpy_pkg) by extension 'ignore'
[1.076s] Level 1:colcon.colcon_core.package_identification:_identify(test_ros_rclpy_pkg) by extension 'ignore_ament_install'
[1.076s] Level 1:colcon.colcon_core.package_identification:_identify(test_ros_rclpy_pkg) by extensions ['colcon_pkg']
[1.076s] Level 1:colcon.colcon_core.package_identification:_identify(test_ros_rclpy_pkg) by extension 'colcon_pkg'
[1.076s] Level 1:colcon.colcon_core.package_identification:_identify(test_ros_rclpy_pkg) by extensions ['colcon_meta']
[1.076s] Level 1:colcon.colcon_core.package_identification:_identify(test_ros_rclpy_pkg) by extension 'colcon_meta'
[1.076s] Level 1:colcon.colcon_core.package_identification:_identify(test_ros_rclpy_pkg) by extensions ['ros']
[1.076s] Level 1:colcon.colcon_core.package_identification:_identify(test_ros_rclpy_pkg) by extension 'ros'
[1.077s] DEBUG:colcon.colcon_core.package_identification:Package 'test_ros_rclpy_pkg' with type 'ros.ament_python' and name 'test_ros_rclpy_pkg'
[1.077s] Level 1:colcon.colcon_core.package_discovery:discover_packages(recursive) using defaults
[1.077s] Level 1:colcon.colcon_core.package_discovery:discover_packages(ignore) discover
[1.077s] Level 1:colcon.colcon_core.package_discovery:discover_packages(ignore) using defaults
[1.078s] Level 1:colcon.colcon_core.package_discovery:discover_packages(path) discover
[1.078s] Level 1:colcon.colcon_core.package_discovery:discover_packages(path) using defaults
[1.156s] INFO:colcon.colcon_core.package_selection:Skipping not selected package 'first_rclpy_pkg' in 'first_rclpy_pkg'
[1.158s] INFO:colcon.colcon_core.package_selection:Skipping not selected package 'teleop_twist_joy' in 'teleop_twist_joy'
[1.158s] INFO:colcon.colcon_core.package_selection:Skipping not selected package 'test_ros_rclcpp_pkg' in 'test_ros_rclcpp_pkg'
[1.158s] INFO:colcon.colcon_core.package_selection:Skipping not selected package 'test_ros_rclpy_pkg' in 'test_ros_rclpy_pkg'
[1.170s] Level 5:colcon.colcon_core.verb:set package 'sum_rclpy_srvcli_pkg' build argument 'cmake_args' from command line to 'None'
[1.172s] Level 5:colcon.colcon_core.verb:set package 'sum_rclpy_srvcli_pkg' build argument 'cmake_target' from command line to 'None'
[1.172s] Level 5:colcon.colcon_core.verb:set package 'sum_rclpy_srvcli_pkg' build argument 'cmake_target_skip_unavailable' from command line to 'False'
[1.172s] Level 5:colcon.colcon_core.verb:set package 'sum_rclpy_srvcli_pkg' build argument 'cmake_clean_cache' from command line to 'False'
[1.172s] Level 5:colcon.colcon_core.verb:set package 'sum_rclpy_srvcli_pkg' build argument 'cmake_clean_first' from command line to 'False'
[1.172s] Level 5:colcon.colcon_core.verb:set package 'sum_rclpy_srvcli_pkg' build argument 'cmake_force_configure' from command line to 'False'
[1.172s] Level 5:colcon.colcon_core.verb:set package 'sum_rclpy_srvcli_pkg' build argument 'ament_cmake_args' from command line to 'None'
[1.172s] Level 5:colcon.colcon_core.verb:set package 'sum_rclpy_srvcli_pkg' build argument 'catkin_cmake_args' from command line to 'None'
[1.172s] Level 5:colcon.colcon_core.verb:set package 'sum_rclpy_srvcli_pkg' build argument 'catkin_skip_building_tests' from command line to 'False'
[1.172s] DEBUG:colcon.colcon_core.verb:Building package 'sum_rclpy_srvcli_pkg' with the following arguments: {'ament_cmake_args': None, 'build_base': '/home/ys/robot_ws/src/build/sum_rclpy_srvcli_pkg', 'catkin_cmake_args': None, 'catkin_skip_building_tests': False, 'cmake_args': None, 'cmake_clean_cache': False, 'cmake_clean_first': False, 'cmake_force_configure': False, 'cmake_target': None, 'cmake_target_skip_unavailable': False, 'install_base': '/home/ys/robot_ws/src/install/sum_rclpy_srvcli_pkg', 'merge_install': False, 'path': '/home/ys/robot_ws/src/sum_rclpy_srvcli_pkg', 'symlink_install': True, 'test_result_base': None}
[1.173s] INFO:colcon.colcon_core.executor:Executing jobs using 'parallel' executor
[1.180s] DEBUG:colcon.colcon_parallel_executor.executor.parallel:run_until_complete
[1.181s] INFO:colcon.colcon_ros.task.ament_python.build:Building ROS package in '/home/ys/robot_ws/src/sum_rclpy_srvcli_pkg' with build type 'ament_python'
[1.181s] Level 1:colcon.colcon_core.shell:create_environment_hook('sum_rclpy_srvcli_pkg', 'ament_prefix_path')
[1.199s] INFO:colcon.colcon_core.plugin_system:Skipping extension 'colcon_core.shell.bat': Not used on non-Windows systems
[1.200s] INFO:colcon.colcon_core.shell:Creating environment hook '/home/ys/robot_ws/src/install/sum_rclpy_srvcli_pkg/share/sum_rclpy_srvcli_pkg/hook/ament_prefix_path.ps1'
[1.205s] INFO:colcon.colcon_core.shell:Creating environment descriptor '/home/ys/robot_ws/src/install/sum_rclpy_srvcli_pkg/share/sum_rclpy_srvcli_pkg/hook/ament_prefix_path.dsv'
[1.206s] INFO:colcon.colcon_core.shell:Creating environment hook '/home/ys/robot_ws/src/install/sum_rclpy_srvcli_pkg/share/sum_rclpy_srvcli_pkg/hook/ament_prefix_path.sh'
[1.213s] INFO:colcon.colcon_core.shell:Skip shell extension 'powershell' for command environment: Not usable outside of PowerShell
[1.213s] DEBUG:colcon.colcon_core.shell:Skip shell extension 'dsv' for command environment
[1.224s] DEBUG:colcon.colcon_core.shell:Ignoring prefix path '/opt/ros/foxy'
[2.048s] INFO:colcon.colcon_core.task.python.build:Building Python package in '/home/ys/robot_ws/src/sum_rclpy_srvcli_pkg'
[2.053s] INFO:colcon.colcon_core.shell:Skip shell extension 'powershell' for command environment: Not usable outside of PowerShell
[2.053s] DEBUG:colcon.colcon_core.shell:Skip shell extension 'dsv' for command environment
[2.056s] DEBUG:colcon.colcon_core.shell:Ignoring prefix path '/opt/ros/foxy'
[2.081s] DEBUG:colcon.colcon_core.event_handler.log_command:Invoking command in '/home/ys/robot_ws/src/build/sum_rclpy_srvcli_pkg': PYTHONPATH=/home/ys/robot_ws/src/install/sum_rclpy_srvcli_pkg/lib/python3.8/site-packages:${PYTHONPATH} /usr/bin/python3 setup.py develop --prefix /home/ys/robot_ws/src/install/sum_rclpy_srvcli_pkg --editable --build-directory /home/ys/robot_ws/src/build/sum_rclpy_srvcli_pkg/build --no-deps install_data --install-dir /home/ys/robot_ws/src/install/sum_rclpy_srvcli_pkg
[3.773s] Level 1:colcon.colcon_core.shell:create_environment_hook('sum_rclpy_srvcli_pkg', 'pythonpath_develop')
[3.780s] DEBUG:colcon.colcon_core.event_handler.log_command:Invoked command in '/home/ys/robot_ws/src/build/sum_rclpy_srvcli_pkg' returned '0': PYTHONPATH=/home/ys/robot_ws/src/install/sum_rclpy_srvcli_pkg/lib/python3.8/site-packages:${PYTHONPATH} /usr/bin/python3 setup.py develop --prefix /home/ys/robot_ws/src/install/sum_rclpy_srvcli_pkg --editable --build-directory /home/ys/robot_ws/src/build/sum_rclpy_srvcli_pkg/build --no-deps install_data --install-dir /home/ys/robot_ws/src/install/sum_rclpy_srvcli_pkg
[3.782s] INFO:colcon.colcon_core.shell:Creating environment hook '/home/ys/robot_ws/src/build/sum_rclpy_srvcli_pkg/share/sum_rclpy_srvcli_pkg/hook/pythonpath_develop.ps1'
[3.786s] INFO:colcon.colcon_core.shell:Creating environment descriptor '/home/ys/robot_ws/src/build/sum_rclpy_srvcli_pkg/share/sum_rclpy_srvcli_pkg/hook/pythonpath_develop.dsv'
[3.787s] INFO:colcon.colcon_core.shell:Creating environment hook '/home/ys/robot_ws/src/build/sum_rclpy_srvcli_pkg/share/sum_rclpy_srvcli_pkg/hook/pythonpath_develop.sh'
[3.808s] Level 1:colcon.colcon_core.environment:checking '/home/ys/robot_ws/src/install/sum_rclpy_srvcli_pkg' for CMake module files
[3.808s] Level 1:colcon.colcon_core.environment:checking '/home/ys/robot_ws/src/install/sum_rclpy_srvcli_pkg' for CMake config files
[3.809s] Level 1:colcon.colcon_core.environment:checking '/home/ys/robot_ws/src/install/sum_rclpy_srvcli_pkg/lib'
[3.809s] Level 1:colcon.colcon_core.environment:checking '/home/ys/robot_ws/src/install/sum_rclpy_srvcli_pkg/bin'
[3.809s] Level 1:colcon.colcon_core.environment:checking '/home/ys/robot_ws/src/install/sum_rclpy_srvcli_pkg/lib/pkgconfig/sum_rclpy_srvcli_pkg.pc'
[3.810s] Level 1:colcon.colcon_core.environment:checking '/home/ys/robot_ws/src/install/sum_rclpy_srvcli_pkg/lib/python3.8/site-packages'
[3.810s] Level 1:colcon.colcon_core.shell:create_environment_hook('sum_rclpy_srvcli_pkg', 'pythonpath')
[3.810s] INFO:colcon.colcon_core.shell:Creating environment hook '/home/ys/robot_ws/src/install/sum_rclpy_srvcli_pkg/share/sum_rclpy_srvcli_pkg/hook/pythonpath.ps1'
[3.811s] INFO:colcon.colcon_core.shell:Creating environment descriptor '/home/ys/robot_ws/src/install/sum_rclpy_srvcli_pkg/share/sum_rclpy_srvcli_pkg/hook/pythonpath.dsv'
[3.811s] INFO:colcon.colcon_core.shell:Creating environment hook '/home/ys/robot_ws/src/install/sum_rclpy_srvcli_pkg/share/sum_rclpy_srvcli_pkg/hook/pythonpath.sh'
[3.822s] Level 1:colcon.colcon_core.environment:create_environment_scripts_only(sum_rclpy_srvcli_pkg)
[3.825s] INFO:colcon.colcon_core.shell:Creating package script '/home/ys/robot_ws/src/install/sum_rclpy_srvcli_pkg/share/sum_rclpy_srvcli_pkg/package.ps1'
[3.827s] INFO:colcon.colcon_core.shell:Creating package descriptor '/home/ys/robot_ws/src/install/sum_rclpy_srvcli_pkg/share/sum_rclpy_srvcli_pkg/package.dsv'
[3.830s] INFO:colcon.colcon_core.shell:Creating package script '/home/ys/robot_ws/src/install/sum_rclpy_srvcli_pkg/share/sum_rclpy_srvcli_pkg/package.sh'
[3.833s] INFO:colcon.colcon_core.shell:Creating package script '/home/ys/robot_ws/src/install/sum_rclpy_srvcli_pkg/share/sum_rclpy_srvcli_pkg/package.bash'
[3.839s] INFO:colcon.colcon_core.shell:Creating package script '/home/ys/robot_ws/src/install/sum_rclpy_srvcli_pkg/share/sum_rclpy_srvcli_pkg/package.zsh'
[3.845s] Level 1:colcon.colcon_core.environment:create_file_with_runtime_dependencies(/home/ys/robot_ws/src/install/sum_rclpy_srvcli_pkg/share/colcon-core/packages/sum_rclpy_srvcli_pkg)
[3.848s] DEBUG:colcon.colcon_parallel_executor.executor.parallel:closing loop
[3.848s] DEBUG:colcon.colcon_parallel_executor.executor.parallel:loop closed
[3.848s] DEBUG:colcon.colcon_parallel_executor.executor.parallel:run_until_complete finished with '0'
[3.848s] DEBUG:colcon.colcon_core.event_reactor:joining thread
[3.888s] INFO:colcon.colcon_core.plugin_system:Skipping extension 'colcon_notification.desktop_notification.terminal_notifier': Not used on non-Darwin systems
[3.888s] INFO:colcon.colcon_core.plugin_system:Skipping extension 'colcon_notification.desktop_notification.win32': Not used on non-Windows systems
[3.888s] INFO:colcon.colcon_notification.desktop_notification:Sending desktop notification using 'notify2'
[4.219s] DEBUG:colcon.colcon_core.event_reactor:joined thread
[4.220s] INFO:colcon.colcon_core.shell:Creating prefix script '/home/ys/robot_ws/src/install/local_setup.ps1'
[4.223s] INFO:colcon.colcon_core.shell:Creating prefix util module '/home/ys/robot_ws/src/install/_local_setup_util_ps1.py'
[4.236s] INFO:colcon.colcon_core.shell:Creating prefix chain script '/home/ys/robot_ws/src/install/setup.ps1'
[4.246s] INFO:colcon.colcon_core.shell:Creating prefix script '/home/ys/robot_ws/src/install/local_setup.sh'
[4.252s] INFO:colcon.colcon_core.shell:Creating prefix util module '/home/ys/robot_ws/src/install/_local_setup_util_sh.py'
[4.252s] INFO:colcon.colcon_core.shell:Creating prefix chain script '/home/ys/robot_ws/src/install/setup.sh'
[4.272s] INFO:colcon.colcon_core.shell:Creating prefix script '/home/ys/robot_ws/src/install/local_setup.bash'
[4.276s] INFO:colcon.colcon_core.shell:Creating prefix chain script '/home/ys/robot_ws/src/install/setup.bash'
[4.292s] INFO:colcon.colcon_core.shell:Creating prefix script '/home/ys/robot_ws/src/install/local_setup.zsh'
[4.293s] INFO:colcon.colcon_core.shell:Creating prefix chain script '/home/ys/robot_ws/src/install/setup.zsh'
