[0.514s] DEBUG:colcon:Command line arguments: ['/usr/bin/colcon', 'build', '--symlink-install', '--packages-select', 'final_project_interface']
[0.514s] DEBUG:colcon:Parsed command line arguments: Namespace(ament_cmake_args=None, base_paths=['.'], build_base='build', catkin_cmake_args=None, catkin_skip_building_tests=False, cmake_args=None, cmake_clean_cache=False, cmake_clean_first=False, cmake_force_configure=False, cmake_target=None, cmake_target_skip_unavailable=False, continue_on_error=False, event_handlers=None, executor='parallel', ignore_user_meta=False, install_base='install', log_base=None, log_level=None, main=<bound method BuildVerb.main of <colcon_core.verb.build.BuildVerb object at 0x7f4c5b661ca0>>, merge_install=False, metas=['./colcon.meta'], mixin=None, mixin_files=None, mixin_verb=('build',), packages_above=None, packages_above_and_dependencies=None, packages_above_depth=None, packages_end=None, packages_ignore=None, packages_ignore_regex=None, packages_select=['final_project_interface'], packages_select_build_failed=False, packages_select_by_dep=None, packages_select_regex=None, packages_select_test_failures=False, packages_skip=None, packages_skip_build_finished=False, packages_skip_by_dep=None, packages_skip_regex=None, packages_skip_test_passed=False, packages_skip_up_to=None, packages_start=None, packages_up_to=None, packages_up_to_regex=None, parallel_workers=1, paths=None, symlink_install=True, test_result_base=None, verb_extension=<colcon_core.verb.build.BuildVerb object at 0x7f4c5b661ca0>, verb_name='build', verb_parser=<colcon_mixin.mixin.mixin_argument.MixinArgumentDecorator object at 0x7f4c5b70ac40>)
[0.530s] Level 1:colcon.colcon_core.package_discovery:discover_packages(colcon_meta) check parameters
[0.531s] Level 1:colcon.colcon_core.package_discovery:discover_packages(recursive) check parameters
[0.531s] Level 1:colcon.colcon_core.package_discovery:discover_packages(ignore) check parameters
[0.531s] Level 1:colcon.colcon_core.package_discovery:discover_packages(path) check parameters
[0.532s] Level 1:colcon.colcon_core.package_discovery:discover_packages(colcon_meta) discover
[0.532s] Level 1:colcon.colcon_core.package_discovery:discover_packages(recursive) discover
[0.532s] INFO:colcon.colcon_core.package_discovery:Crawling recursively for packages in '/home/ys/robot_ws'
[0.533s] Level 1:colcon.colcon_core.package_identification:_identify(.) by extensions ['ignore', 'ignore_ament_install']
[0.533s] Level 1:colcon.colcon_core.package_identification:_identify(.) by extension 'ignore'
[0.533s] Level 1:colcon.colcon_core.package_identification:_identify(.) by extension 'ignore_ament_install'
[0.533s] Level 1:colcon.colcon_core.package_identification:_identify(.) by extensions ['colcon_pkg']
[0.534s] Level 1:colcon.colcon_core.package_identification:_identify(.) by extension 'colcon_pkg'
[0.534s] Level 1:colcon.colcon_core.package_identification:_identify(.) by extensions ['colcon_meta']
[0.534s] Level 1:colcon.colcon_core.package_identification:_identify(.) by extension 'colcon_meta'
[0.534s] Level 1:colcon.colcon_core.package_identification:_identify(.) by extensions ['ros']
[0.535s] Level 1:colcon.colcon_core.package_identification:_identify(.) by extension 'ros'
[0.552s] Level 1:colcon.colcon_core.package_identification:_identify(.) by extensions ['cmake', 'python']
[0.553s] Level 1:colcon.colcon_core.package_identification:_identify(.) by extension 'cmake'
[0.553s] Level 1:colcon.colcon_core.package_identification:_identify(.) by extension 'python'
[0.553s] Level 1:colcon.colcon_core.package_identification:_identify(.) by extensions ['python_setup_py']
[0.553s] Level 1:colcon.colcon_core.package_identification:_identify(.) by extension 'python_setup_py'
[0.554s] Level 1:colcon.colcon_core.package_identification:_identify(build) by extensions ['ignore', 'ignore_ament_install']
[0.554s] Level 1:colcon.colcon_core.package_identification:_identify(build) by extension 'ignore'
[0.554s] Level 1:colcon.colcon_core.package_identification:_identify(build) ignored
[0.555s] Level 1:colcon.colcon_core.package_identification:_identify(install) by extensions ['ignore', 'ignore_ament_install']
[0.555s] Level 1:colcon.colcon_core.package_identification:_identify(install) by extension 'ignore'
[0.555s] Level 1:colcon.colcon_core.package_identification:_identify(install) ignored
[0.556s] Level 1:colcon.colcon_core.package_identification:_identify(launch) by extensions ['ignore', 'ignore_ament_install']
[0.556s] Level 1:colcon.colcon_core.package_identification:_identify(launch) by extension 'ignore'
[0.556s] Level 1:colcon.colcon_core.package_identification:_identify(launch) by extension 'ignore_ament_install'
[0.557s] Level 1:colcon.colcon_core.package_identification:_identify(launch) by extensions ['colcon_pkg']
[0.557s] Level 1:colcon.colcon_core.package_identification:_identify(launch) by extension 'colcon_pkg'
[0.557s] Level 1:colcon.colcon_core.package_identification:_identify(launch) by extensions ['colcon_meta']
[0.557s] Level 1:colcon.colcon_core.package_identification:_identify(launch) by extension 'colcon_meta'
[0.558s] Level 1:colcon.colcon_core.package_identification:_identify(launch) by extensions ['ros']
[0.558s] Level 1:colcon.colcon_core.package_identification:_identify(launch) by extension 'ros'
[0.558s] Level 1:colcon.colcon_core.package_identification:_identify(launch) by extensions ['cmake', 'python']
[0.559s] Level 1:colcon.colcon_core.package_identification:_identify(launch) by extension 'cmake'
[0.559s] Level 1:colcon.colcon_core.package_identification:_identify(launch) by extension 'python'
[0.559s] Level 1:colcon.colcon_core.package_identification:_identify(launch) by extensions ['python_setup_py']
[0.560s] Level 1:colcon.colcon_core.package_identification:_identify(launch) by extension 'python_setup_py'
[0.560s] Level 1:colcon.colcon_core.package_identification:_identify(launch/__pycache__) by extensions ['ignore', 'ignore_ament_install']
[0.560s] Level 1:colcon.colcon_core.package_identification:_identify(launch/__pycache__) by extension 'ignore'
[0.560s] Level 1:colcon.colcon_core.package_identification:_identify(launch/__pycache__) by extension 'ignore_ament_install'
[0.560s] Level 1:colcon.colcon_core.package_identification:_identify(launch/__pycache__) by extensions ['colcon_pkg']
[0.560s] Level 1:colcon.colcon_core.package_identification:_identify(launch/__pycache__) by extension 'colcon_pkg'
[0.560s] Level 1:colcon.colcon_core.package_identification:_identify(launch/__pycache__) by extensions ['colcon_meta']
[0.560s] Level 1:colcon.colcon_core.package_identification:_identify(launch/__pycache__) by extension 'colcon_meta'
[0.561s] Level 1:colcon.colcon_core.package_identification:_identify(launch/__pycache__) by extensions ['ros']
[0.561s] Level 1:colcon.colcon_core.package_identification:_identify(launch/__pycache__) by extension 'ros'
[0.561s] Level 1:colcon.colcon_core.package_identification:_identify(launch/__pycache__) by extensions ['cmake', 'python']
[0.561s] Level 1:colcon.colcon_core.package_identification:_identify(launch/__pycache__) by extension 'cmake'
[0.561s] Level 1:colcon.colcon_core.package_identification:_identify(launch/__pycache__) by extension 'python'
[0.561s] Level 1:colcon.colcon_core.package_identification:_identify(launch/__pycache__) by extensions ['python_setup_py']
[0.561s] Level 1:colcon.colcon_core.package_identification:_identify(launch/__pycache__) by extension 'python_setup_py'
[0.561s] Level 1:colcon.colcon_core.package_identification:_identify(log) by extensions ['ignore', 'ignore_ament_install']
[0.561s] Level 1:colcon.colcon_core.package_identification:_identify(log) by extension 'ignore'
[0.561s] Level 1:colcon.colcon_core.package_identification:_identify(log) ignored
[0.561s] Level 1:colcon.colcon_core.package_identification:_identify(src) by extensions ['ignore', 'ignore_ament_install']
[0.561s] Level 1:colcon.colcon_core.package_identification:_identify(src) by extension 'ignore'
[0.561s] Level 1:colcon.colcon_core.package_identification:_identify(src) by extension 'ignore_ament_install'
[0.562s] Level 1:colcon.colcon_core.package_identification:_identify(src) by extensions ['colcon_pkg']
[0.562s] Level 1:colcon.colcon_core.package_identification:_identify(src) by extension 'colcon_pkg'
[0.562s] Level 1:colcon.colcon_core.package_identification:_identify(src) by extensions ['colcon_meta']
[0.562s] Level 1:colcon.colcon_core.package_identification:_identify(src) by extension 'colcon_meta'
[0.562s] Level 1:colcon.colcon_core.package_identification:_identify(src) by extensions ['ros']
[0.562s] Level 1:colcon.colcon_core.package_identification:_identify(src) by extension 'ros'
[0.562s] Level 1:colcon.colcon_core.package_identification:_identify(src) by extensions ['cmake', 'python']
[0.562s] Level 1:colcon.colcon_core.package_identification:_identify(src) by extension 'cmake'
[0.562s] Level 1:colcon.colcon_core.package_identification:_identify(src) by extension 'python'
[0.562s] Level 1:colcon.colcon_core.package_identification:_identify(src) by extensions ['python_setup_py']
[0.562s] Level 1:colcon.colcon_core.package_identification:_identify(src) by extension 'python_setup_py'
[0.562s] Level 1:colcon.colcon_core.package_identification:_identify(src/build) by extensions ['ignore', 'ignore_ament_install']
[0.562s] Level 1:colcon.colcon_core.package_identification:_identify(src/build) by extension 'ignore'
[0.562s] Level 1:colcon.colcon_core.package_identification:_identify(src/build) ignored
[0.562s] Level 1:colcon.colcon_core.package_identification:_identify(src/fibonacci_rclpy_action_pkg) by extensions ['ignore', 'ignore_ament_install']
[0.563s] Level 1:colcon.colcon_core.package_identification:_identify(src/fibonacci_rclpy_action_pkg) by extension 'ignore'
[0.563s] Level 1:colcon.colcon_core.package_identification:_identify(src/fibonacci_rclpy_action_pkg) by extension 'ignore_ament_install'
[0.563s] Level 1:colcon.colcon_core.package_identification:_identify(src/fibonacci_rclpy_action_pkg) by extensions ['colcon_pkg']
[0.563s] Level 1:colcon.colcon_core.package_identification:_identify(src/fibonacci_rclpy_action_pkg) by extension 'colcon_pkg'
[0.563s] Level 1:colcon.colcon_core.package_identification:_identify(src/fibonacci_rclpy_action_pkg) by extensions ['colcon_meta']
[0.564s] Level 1:colcon.colcon_core.package_identification:_identify(src/fibonacci_rclpy_action_pkg) by extension 'colcon_meta'
[0.564s] Level 1:colcon.colcon_core.package_identification:_identify(src/fibonacci_rclpy_action_pkg) by extensions ['ros']
[0.564s] Level 1:colcon.colcon_core.package_identification:_identify(src/fibonacci_rclpy_action_pkg) by extension 'ros'
[0.569s] DEBUG:colcon.colcon_core.package_identification:Package 'src/fibonacci_rclpy_action_pkg' with type 'ros.ament_python' and name 'fibonacci_rclpy_action_pkg'
[0.570s] Level 1:colcon.colcon_core.package_identification:_identify(src/final_project) by extensions ['ignore', 'ignore_ament_install']
[0.570s] Level 1:colcon.colcon_core.package_identification:_identify(src/final_project) by extension 'ignore'
[0.570s] Level 1:colcon.colcon_core.package_identification:_identify(src/final_project) by extension 'ignore_ament_install'
[0.570s] Level 1:colcon.colcon_core.package_identification:_identify(src/final_project) by extensions ['colcon_pkg']
[0.571s] Level 1:colcon.colcon_core.package_identification:_identify(src/final_project) by extension 'colcon_pkg'
[0.571s] Level 1:colcon.colcon_core.package_identification:_identify(src/final_project) by extensions ['colcon_meta']
[0.571s] Level 1:colcon.colcon_core.package_identification:_identify(src/final_project) by extension 'colcon_meta'
[0.572s] Level 1:colcon.colcon_core.package_identification:_identify(src/final_project) by extensions ['ros']
[0.572s] Level 1:colcon.colcon_core.package_identification:_identify(src/final_project) by extension 'ros'
[0.573s] DEBUG:colcon.colcon_core.package_identification:Package 'src/final_project' with type 'ros.ament_python' and name 'final_project'
[0.574s] Level 1:colcon.colcon_core.package_identification:_identify(src/final_project_interface) by extensions ['ignore', 'ignore_ament_install']
[0.575s] Level 1:colcon.colcon_core.package_identification:_identify(src/final_project_interface) by extension 'ignore'
[0.575s] Level 1:colcon.colcon_core.package_identification:_identify(src/final_project_interface) by extension 'ignore_ament_install'
[0.575s] Level 1:colcon.colcon_core.package_identification:_identify(src/final_project_interface) by extensions ['colcon_pkg']
[0.576s] Level 1:colcon.colcon_core.package_identification:_identify(src/final_project_interface) by extension 'colcon_pkg'
[0.576s] Level 1:colcon.colcon_core.package_identification:_identify(src/final_project_interface) by extensions ['colcon_meta']
[0.576s] Level 1:colcon.colcon_core.package_identification:_identify(src/final_project_interface) by extension 'colcon_meta'
[0.576s] Level 1:colcon.colcon_core.package_identification:_identify(src/final_project_interface) by extensions ['ros']
[0.577s] Level 1:colcon.colcon_core.package_identification:_identify(src/final_project_interface) by extension 'ros'
[0.577s] DEBUG:colcon.colcon_core.package_identification:Package 'src/final_project_interface' with type 'ros.ament_cmake' and name 'final_project_interface'
[0.578s] Level 1:colcon.colcon_core.package_identification:_identify(src/first_rclpy_pkg) by extensions ['ignore', 'ignore_ament_install']
[0.578s] Level 1:colcon.colcon_core.package_identification:_identify(src/first_rclpy_pkg) by extension 'ignore'
[0.578s] Level 1:colcon.colcon_core.package_identification:_identify(src/first_rclpy_pkg) by extension 'ignore_ament_install'
[0.579s] Level 1:colcon.colcon_core.package_identification:_identify(src/first_rclpy_pkg) by extensions ['colcon_pkg']
[0.579s] Level 1:colcon.colcon_core.package_identification:_identify(src/first_rclpy_pkg) by extension 'colcon_pkg'
[0.579s] Level 1:colcon.colcon_core.package_identification:_identify(src/first_rclpy_pkg) by extensions ['colcon_meta']
[0.580s] Level 1:colcon.colcon_core.package_identification:_identify(src/first_rclpy_pkg) by extension 'colcon_meta'
[0.580s] Level 1:colcon.colcon_core.package_identification:_identify(src/first_rclpy_pkg) by extensions ['ros']
[0.582s] Level 1:colcon.colcon_core.package_identification:_identify(src/first_rclpy_pkg) by extension 'ros'
[0.585s] DEBUG:colcon.colcon_core.package_identification:Package 'src/first_rclpy_pkg' with type 'ros.ament_python' and name 'first_rclpy_pkg'
[0.586s] Level 1:colcon.colcon_core.package_identification:_identify(src/install) by extensions ['ignore', 'ignore_ament_install']
[0.586s] Level 1:colcon.colcon_core.package_identification:_identify(src/install) by extension 'ignore'
[0.586s] Level 1:colcon.colcon_core.package_identification:_identify(src/install) ignored
[0.586s] Level 1:colcon.colcon_core.package_identification:_identify(src/log) by extensions ['ignore', 'ignore_ament_install']
[0.586s] Level 1:colcon.colcon_core.package_identification:_identify(src/log) by extension 'ignore'
[0.586s] Level 1:colcon.colcon_core.package_identification:_identify(src/log) ignored
[0.586s] Level 1:colcon.colcon_core.package_identification:_identify(src/my_action_interface) by extensions ['ignore', 'ignore_ament_install']
[0.586s] Level 1:colcon.colcon_core.package_identification:_identify(src/my_action_interface) by extension 'ignore'
[0.586s] Level 1:colcon.colcon_core.package_identification:_identify(src/my_action_interface) by extension 'ignore_ament_install'
[0.586s] Level 1:colcon.colcon_core.package_identification:_identify(src/my_action_interface) by extensions ['colcon_pkg']
[0.586s] Level 1:colcon.colcon_core.package_identification:_identify(src/my_action_interface) by extension 'colcon_pkg'
[0.586s] Level 1:colcon.colcon_core.package_identification:_identify(src/my_action_interface) by extensions ['colcon_meta']
[0.586s] Level 1:colcon.colcon_core.package_identification:_identify(src/my_action_interface) by extension 'colcon_meta'
[0.587s] Level 1:colcon.colcon_core.package_identification:_identify(src/my_action_interface) by extensions ['ros']
[0.587s] Level 1:colcon.colcon_core.package_identification:_identify(src/my_action_interface) by extension 'ros'
[0.588s] DEBUG:colcon.colcon_core.package_identification:Package 'src/my_action_interface' with type 'ros.ament_cmake' and name 'my_action_interface'
[0.588s] Level 1:colcon.colcon_core.package_identification:_identify(src/my_interface_example) by extensions ['ignore', 'ignore_ament_install']
[0.588s] Level 1:colcon.colcon_core.package_identification:_identify(src/my_interface_example) by extension 'ignore'
[0.589s] Level 1:colcon.colcon_core.package_identification:_identify(src/my_interface_example) by extension 'ignore_ament_install'
[0.589s] Level 1:colcon.colcon_core.package_identification:_identify(src/my_interface_example) by extensions ['colcon_pkg']
[0.589s] Level 1:colcon.colcon_core.package_identification:_identify(src/my_interface_example) by extension 'colcon_pkg'
[0.590s] Level 1:colcon.colcon_core.package_identification:_identify(src/my_interface_example) by extensions ['colcon_meta']
[0.590s] Level 1:colcon.colcon_core.package_identification:_identify(src/my_interface_example) by extension 'colcon_meta'
[0.590s] Level 1:colcon.colcon_core.package_identification:_identify(src/my_interface_example) by extensions ['ros']
[0.590s] Level 1:colcon.colcon_core.package_identification:_identify(src/my_interface_example) by extension 'ros'
[0.591s] DEBUG:colcon.colcon_core.package_identification:Package 'src/my_interface_example' with type 'ros.ament_cmake' and name 'my_interface_example'
[0.592s] Level 1:colcon.colcon_core.package_identification:_identify(src/python_parameters) by extensions ['ignore', 'ignore_ament_install']
[0.592s] Level 1:colcon.colcon_core.package_identification:_identify(src/python_parameters) by extension 'ignore'
[0.592s] Level 1:colcon.colcon_core.package_identification:_identify(src/python_parameters) by extension 'ignore_ament_install'
[0.593s] Level 1:colcon.colcon_core.package_identification:_identify(src/python_parameters) by extensions ['colcon_pkg']
[0.593s] Level 1:colcon.colcon_core.package_identification:_identify(src/python_parameters) by extension 'colcon_pkg'
[0.593s] Level 1:colcon.colcon_core.package_identification:_identify(src/python_parameters) by extensions ['colcon_meta']
[0.593s] Level 1:colcon.colcon_core.package_identification:_identify(src/python_parameters) by extension 'colcon_meta'
[0.594s] Level 1:colcon.colcon_core.package_identification:_identify(src/python_parameters) by extensions ['ros']
[0.594s] Level 1:colcon.colcon_core.package_identification:_identify(src/python_parameters) by extension 'ros'
[0.595s] DEBUG:colcon.colcon_core.package_identification:Package 'src/python_parameters' with type 'ros.ament_python' and name 'python_parameters'
[0.595s] Level 1:colcon.colcon_core.package_identification:_identify(src/sum_rclpy_srvcli_pkg) by extensions ['ignore', 'ignore_ament_install']
[0.596s] Level 1:colcon.colcon_core.package_identification:_identify(src/sum_rclpy_srvcli_pkg) by extension 'ignore'
[0.596s] Level 1:colcon.colcon_core.package_identification:_identify(src/sum_rclpy_srvcli_pkg) by extension 'ignore_ament_install'
[0.596s] Level 1:colcon.colcon_core.package_identification:_identify(src/sum_rclpy_srvcli_pkg) by extensions ['colcon_pkg']
[0.597s] Level 1:colcon.colcon_core.package_identification:_identify(src/sum_rclpy_srvcli_pkg) by extension 'colcon_pkg'
[0.597s] Level 1:colcon.colcon_core.package_identification:_identify(src/sum_rclpy_srvcli_pkg) by extensions ['colcon_meta']
[0.597s] Level 1:colcon.colcon_core.package_identification:_identify(src/sum_rclpy_srvcli_pkg) by extension 'colcon_meta'
[0.597s] Level 1:colcon.colcon_core.package_identification:_identify(src/sum_rclpy_srvcli_pkg) by extensions ['ros']
[0.598s] Level 1:colcon.colcon_core.package_identification:_identify(src/sum_rclpy_srvcli_pkg) by extension 'ros'
[0.598s] DEBUG:colcon.colcon_core.package_identification:Failed to parse potential ROS package manifest in'src/sum_rclpy_srvcli_pkg': Error(s) in package 'src/sum_rclpy_srvcli_pkg/package.xml':
The manifest contains invalid XML:
mismatched tag: line 12, column 32
[0.599s] Level 1:colcon.colcon_core.package_identification:_identify(src/sum_rclpy_srvcli_pkg) by extensions ['cmake', 'python']
[0.599s] Level 1:colcon.colcon_core.package_identification:_identify(src/sum_rclpy_srvcli_pkg) by extension 'cmake'
[0.599s] Level 1:colcon.colcon_core.package_identification:_identify(src/sum_rclpy_srvcli_pkg) by extension 'python'
[0.599s] DEBUG:colcon.colcon_core.package_identification:Python package in 'src/sum_rclpy_srvcli_pkg' passes arguments to the setup() function which requires a different identification extension than 'python'
[0.600s] Level 1:colcon.colcon_core.package_identification:_identify(src/sum_rclpy_srvcli_pkg) by extensions ['python_setup_py']
[0.600s] Level 1:colcon.colcon_core.package_identification:_identify(src/sum_rclpy_srvcli_pkg) by extension 'python_setup_py'
[0.976s] DEBUG:colcon.colcon_core.package_identification:Package 'src/sum_rclpy_srvcli_pkg' with type 'python' and name 'sum_rclpy_srvcli_pkg'
[0.979s] Level 1:colcon.colcon_core.package_identification:_identify(src/teleop_twist_joy) by extensions ['ignore', 'ignore_ament_install']
[0.979s] Level 1:colcon.colcon_core.package_identification:_identify(src/teleop_twist_joy) by extension 'ignore'
[0.979s] Level 1:colcon.colcon_core.package_identification:_identify(src/teleop_twist_joy) by extension 'ignore_ament_install'
[0.980s] Level 1:colcon.colcon_core.package_identification:_identify(src/teleop_twist_joy) by extensions ['colcon_pkg']
[0.980s] Level 1:colcon.colcon_core.package_identification:_identify(src/teleop_twist_joy) by extension 'colcon_pkg'
[0.980s] Level 1:colcon.colcon_core.package_identification:_identify(src/teleop_twist_joy) by extensions ['colcon_meta']
[0.980s] Level 1:colcon.colcon_core.package_identification:_identify(src/teleop_twist_joy) by extension 'colcon_meta'
[0.980s] Level 1:colcon.colcon_core.package_identification:_identify(src/teleop_twist_joy) by extensions ['ros']
[0.980s] Level 1:colcon.colcon_core.package_identification:_identify(src/teleop_twist_joy) by extension 'ros'
[0.982s] DEBUG:colcon.colcon_core.package_identification:Package 'src/teleop_twist_joy' with type 'ros.ament_cmake' and name 'teleop_twist_joy'
[0.982s] Level 1:colcon.colcon_core.package_identification:_identify(src/test_ros_rclcpp_pkg) by extensions ['ignore', 'ignore_ament_install']
[0.982s] Level 1:colcon.colcon_core.package_identification:_identify(src/test_ros_rclcpp_pkg) by extension 'ignore'
[0.982s] Level 1:colcon.colcon_core.package_identification:_identify(src/test_ros_rclcpp_pkg) by extension 'ignore_ament_install'
[0.982s] Level 1:colcon.colcon_core.package_identification:_identify(src/test_ros_rclcpp_pkg) by extensions ['colcon_pkg']
[0.982s] Level 1:colcon.colcon_core.package_identification:_identify(src/test_ros_rclcpp_pkg) by extension 'colcon_pkg'
[0.982s] Level 1:colcon.colcon_core.package_identification:_identify(src/test_ros_rclcpp_pkg) by extensions ['colcon_meta']
[0.982s] Level 1:colcon.colcon_core.package_identification:_identify(src/test_ros_rclcpp_pkg) by extension 'colcon_meta'
[0.982s] Level 1:colcon.colcon_core.package_identification:_identify(src/test_ros_rclcpp_pkg) by extensions ['ros']
[0.982s] Level 1:colcon.colcon_core.package_identification:_identify(src/test_ros_rclcpp_pkg) by extension 'ros'
[0.987s] DEBUG:colcon.colcon_core.package_identification:Package 'src/test_ros_rclcpp_pkg' with type 'ros.ament_cmake' and name 'test_ros_rclcpp_pkg'
[0.987s] Level 1:colcon.colcon_core.package_identification:_identify(src/test_ros_rclpy_pkg) by extensions ['ignore', 'ignore_ament_install']
[0.988s] Level 1:colcon.colcon_core.package_identification:_identify(src/test_ros_rclpy_pkg) by extension 'ignore'
[0.988s] Level 1:colcon.colcon_core.package_identification:_identify(src/test_ros_rclpy_pkg) by extension 'ignore_ament_install'
[0.988s] Level 1:colcon.colcon_core.package_identification:_identify(src/test_ros_rclpy_pkg) by extensions ['colcon_pkg']
[0.988s] Level 1:colcon.colcon_core.package_identification:_identify(src/test_ros_rclpy_pkg) by extension 'colcon_pkg'
[0.988s] Level 1:colcon.colcon_core.package_identification:_identify(src/test_ros_rclpy_pkg) by extensions ['colcon_meta']
[0.988s] Level 1:colcon.colcon_core.package_identification:_identify(src/test_ros_rclpy_pkg) by extension 'colcon_meta'
[0.988s] Level 1:colcon.colcon_core.package_identification:_identify(src/test_ros_rclpy_pkg) by extensions ['ros']
[0.988s] Level 1:colcon.colcon_core.package_identification:_identify(src/test_ros_rclpy_pkg) by extension 'ros'
[0.989s] DEBUG:colcon.colcon_core.package_identification:Package 'src/test_ros_rclpy_pkg' with type 'ros.ament_python' and name 'test_ros_rclpy_pkg'
[0.989s] Level 1:colcon.colcon_core.package_discovery:discover_packages(recursive) using defaults
[0.989s] Level 1:colcon.colcon_core.package_discovery:discover_packages(ignore) discover
[0.989s] Level 1:colcon.colcon_core.package_discovery:discover_packages(ignore) using defaults
[0.989s] Level 1:colcon.colcon_core.package_discovery:discover_packages(path) discover
[0.989s] Level 1:colcon.colcon_core.package_discovery:discover_packages(path) using defaults
[1.050s] INFO:colcon.colcon_core.package_selection:Skipping not selected package 'final_project' in 'src/final_project'
[1.051s] INFO:colcon.colcon_core.package_selection:Skipping not selected package 'my_action_interface' in 'src/my_action_interface'
[1.051s] INFO:colcon.colcon_core.package_selection:Skipping not selected package 'my_interface_example' in 'src/my_interface_example'
[1.051s] INFO:colcon.colcon_core.package_selection:Skipping not selected package 'python_parameters' in 'src/python_parameters'
[1.051s] INFO:colcon.colcon_core.package_selection:Skipping not selected package 'sum_rclpy_srvcli_pkg' in 'src/sum_rclpy_srvcli_pkg'
[1.051s] INFO:colcon.colcon_core.package_selection:Skipping not selected package 'teleop_twist_joy' in 'src/teleop_twist_joy'
[1.051s] INFO:colcon.colcon_core.package_selection:Skipping not selected package 'test_ros_rclcpp_pkg' in 'src/test_ros_rclcpp_pkg'
[1.051s] INFO:colcon.colcon_core.package_selection:Skipping not selected package 'test_ros_rclpy_pkg' in 'src/test_ros_rclpy_pkg'
[1.053s] INFO:colcon.colcon_core.package_selection:Skipping not selected package 'fibonacci_rclpy_action_pkg' in 'src/fibonacci_rclpy_action_pkg'
[1.053s] INFO:colcon.colcon_core.package_selection:Skipping not selected package 'first_rclpy_pkg' in 'src/first_rclpy_pkg'
[1.062s] Level 5:colcon.colcon_core.verb:set package 'final_project_interface' build argument 'cmake_args' from command line to 'None'
[1.062s] Level 5:colcon.colcon_core.verb:set package 'final_project_interface' build argument 'cmake_target' from command line to 'None'
[1.062s] Level 5:colcon.colcon_core.verb:set package 'final_project_interface' build argument 'cmake_target_skip_unavailable' from command line to 'False'
[1.062s] Level 5:colcon.colcon_core.verb:set package 'final_project_interface' build argument 'cmake_clean_cache' from command line to 'False'
[1.062s] Level 5:colcon.colcon_core.verb:set package 'final_project_interface' build argument 'cmake_clean_first' from command line to 'False'
[1.062s] Level 5:colcon.colcon_core.verb:set package 'final_project_interface' build argument 'cmake_force_configure' from command line to 'False'
[1.062s] Level 5:colcon.colcon_core.verb:set package 'final_project_interface' build argument 'ament_cmake_args' from command line to 'None'
[1.062s] Level 5:colcon.colcon_core.verb:set package 'final_project_interface' build argument 'catkin_cmake_args' from command line to 'None'
[1.062s] Level 5:colcon.colcon_core.verb:set package 'final_project_interface' build argument 'catkin_skip_building_tests' from command line to 'False'
[1.062s] DEBUG:colcon.colcon_core.verb:Building package 'final_project_interface' with the following arguments: {'ament_cmake_args': None, 'build_base': '/home/ys/robot_ws/build/final_project_interface', 'catkin_cmake_args': None, 'catkin_skip_building_tests': False, 'cmake_args': None, 'cmake_clean_cache': False, 'cmake_clean_first': False, 'cmake_force_configure': False, 'cmake_target': None, 'cmake_target_skip_unavailable': False, 'install_base': '/home/ys/robot_ws/install/final_project_interface', 'merge_install': False, 'path': '/home/ys/robot_ws/src/final_project_interface', 'symlink_install': True, 'test_result_base': None}
[1.063s] INFO:colcon.colcon_core.executor:Executing jobs using 'parallel' executor
[1.069s] DEBUG:colcon.colcon_parallel_executor.executor.parallel:run_until_complete
[1.070s] INFO:colcon.colcon_ros.task.ament_cmake.build:Building ROS package in '/home/ys/robot_ws/src/final_project_interface' with build type 'ament_cmake'
[1.070s] INFO:colcon.colcon_cmake.task.cmake.build:Building CMake package in '/home/ys/robot_ws/src/final_project_interface'
[1.079s] INFO:colcon.colcon_core.plugin_system:Skipping extension 'colcon_core.shell.bat': Not used on non-Windows systems
[1.082s] INFO:colcon.colcon_core.shell:Skip shell extension 'powershell' for command environment: Not usable outside of PowerShell
[1.082s] DEBUG:colcon.colcon_core.shell:Skip shell extension 'dsv' for command environment
[1.093s] DEBUG:colcon.colcon_core.shell:Ignoring prefix path '/opt/ros/foxy'
[1.114s] DEBUG:colcon.colcon_core.event_handler.log_command:Invoking command in '/home/ys/robot_ws/build/final_project_interface': CMAKE_PREFIX_PATH=${CMAKE_PREFIX_PATH}:/home/ys/robot_ws/install/python_parameters:/home/ys/robot_ws/install/first_rclpy_pkg:/home/ys/robot_ws/install/fibonacci_rclpy_action_pkg:/home/ys/robot_ws/install/final_project:/opt/ros/foxy /usr/bin/cmake /home/ys/robot_ws/src/final_project_interface -DAMENT_CMAKE_SYMLINK_INSTALL=1 -DCMAKE_INSTALL_PREFIX=/home/ys/robot_ws/install/final_project_interface
[3.270s] DEBUG:colcon.colcon_core.event_handler.log_command:Invoked command in '/home/ys/robot_ws/build/final_project_interface' returned '1': CMAKE_PREFIX_PATH=${CMAKE_PREFIX_PATH}:/home/ys/robot_ws/install/python_parameters:/home/ys/robot_ws/install/first_rclpy_pkg:/home/ys/robot_ws/install/fibonacci_rclpy_action_pkg:/home/ys/robot_ws/install/final_project:/opt/ros/foxy /usr/bin/cmake /home/ys/robot_ws/src/final_project_interface -DAMENT_CMAKE_SYMLINK_INSTALL=1 -DCMAKE_INSTALL_PREFIX=/home/ys/robot_ws/install/final_project_interface
[3.303s] Level 1:colcon.colcon_core.environment:create_environment_scripts_only(final_project_interface)
[3.316s] Level 1:colcon.colcon_core.environment:checking '/home/ys/robot_ws/install/final_project_interface' for CMake module files
[3.316s] Level 1:colcon.colcon_core.environment:checking '/home/ys/robot_ws/install/final_project_interface' for CMake config files
[3.317s] Level 1:colcon.colcon_core.environment:checking '/home/ys/robot_ws/install/final_project_interface/bin'
[3.317s] Level 1:colcon.colcon_core.environment:checking '/home/ys/robot_ws/install/final_project_interface/lib/pkgconfig/final_project_interface.pc'
[3.317s] Level 1:colcon.colcon_core.environment:checking '/home/ys/robot_ws/install/final_project_interface/lib/python3.8/site-packages'
[3.318s] INFO:colcon.colcon_core.shell:Creating package script '/home/ys/robot_ws/install/final_project_interface/share/final_project_interface/package.ps1'
[3.323s] INFO:colcon.colcon_core.shell:Creating package descriptor '/home/ys/robot_ws/install/final_project_interface/share/final_project_interface/package.dsv'
[3.324s] INFO:colcon.colcon_core.shell:Creating package script '/home/ys/robot_ws/install/final_project_interface/share/final_project_interface/package.sh'
[3.327s] INFO:colcon.colcon_core.shell:Creating package script '/home/ys/robot_ws/install/final_project_interface/share/final_project_interface/package.bash'
[3.331s] INFO:colcon.colcon_core.shell:Creating package script '/home/ys/robot_ws/install/final_project_interface/share/final_project_interface/package.zsh'
[3.332s] Level 1:colcon.colcon_core.environment:create_file_with_runtime_dependencies(/home/ys/robot_ws/install/final_project_interface/share/colcon-core/packages/final_project_interface)
[3.341s] DEBUG:colcon.colcon_parallel_executor.executor.parallel:closing loop
[3.342s] DEBUG:colcon.colcon_parallel_executor.executor.parallel:loop closed
[3.342s] DEBUG:colcon.colcon_parallel_executor.executor.parallel:run_until_complete finished with '1'
[3.342s] DEBUG:colcon.colcon_core.event_reactor:joining thread
[3.359s] INFO:colcon.colcon_core.plugin_system:Skipping extension 'colcon_notification.desktop_notification.terminal_notifier': Not used on non-Darwin systems
[3.359s] INFO:colcon.colcon_core.plugin_system:Skipping extension 'colcon_notification.desktop_notification.win32': Not used on non-Windows systems
[3.360s] INFO:colcon.colcon_notification.desktop_notification:Sending desktop notification using 'notify2'
[3.437s] DEBUG:colcon.colcon_core.event_reactor:joined thread
[3.438s] INFO:colcon.colcon_core.shell:Creating prefix script '/home/ys/robot_ws/install/local_setup.ps1'
[3.439s] INFO:colcon.colcon_core.shell:Creating prefix util module '/home/ys/robot_ws/install/_local_setup_util_ps1.py'
[3.442s] INFO:colcon.colcon_core.shell:Creating prefix chain script '/home/ys/robot_ws/install/setup.ps1'
[3.455s] INFO:colcon.colcon_core.shell:Creating prefix script '/home/ys/robot_ws/install/local_setup.sh'
[3.456s] INFO:colcon.colcon_core.shell:Creating prefix util module '/home/ys/robot_ws/install/_local_setup_util_sh.py'
[3.458s] INFO:colcon.colcon_core.shell:Creating prefix chain script '/home/ys/robot_ws/install/setup.sh'
[3.466s] INFO:colcon.colcon_core.shell:Creating prefix script '/home/ys/robot_ws/install/local_setup.bash'
[3.470s] INFO:colcon.colcon_core.shell:Creating prefix chain script '/home/ys/robot_ws/install/setup.bash'
[3.474s] INFO:colcon.colcon_core.shell:Creating prefix script '/home/ys/robot_ws/install/local_setup.zsh'
[3.480s] INFO:colcon.colcon_core.shell:Creating prefix chain script '/home/ys/robot_ws/install/setup.zsh'
