-- Found ament_cmake: 0.9.9 (/opt/ros/foxy/share/ament_cmake/cmake)
-- Found PythonInterp: /usr/bin/python3 (found suitable version "3.8.10", minimum required is "3") 
-- Using PYTHON_EXECUTABLE: /usr/bin/python3
-- Override CMake install command with custom implementation using symlinks instead of copying resources
-- Found rosidl_default_generators: 1.0.1 (/opt/ros/foxy/share/rosidl_default_generators/cmake)
-- Using all available rosidl_typesupport_c: rosidl_typesupport_fastrtps_c;rosidl_typesupport_introspection_c
-- Found rosidl_adapter: 1.2.1 (/opt/ros/foxy/share/rosidl_adapter/cmake)
-- Using all available rosidl_typesupport_cpp: rosidl_typesupport_fastrtps_cpp;rosidl_typesupport_introspection_cpp
-- Found PythonInterp: /usr/bin/python3 (found version "3.8.10") 
-- Found ament_cmake_ros: 0.9.2 (/opt/ros/foxy/share/ament_cmake_ros/cmake)
-- Using all available rosidl_typesupport_c: rosidl_typesupport_fastrtps_c;rosidl_typesupport_introspection_c
-- Using all available rosidl_typesupport_cpp: rosidl_typesupport_fastrtps_cpp;rosidl_typesupport_introspection_cpp
-- Found PythonInterp: /usr/bin/python3 (found suitable version "3.8.10", minimum required is "3.5") 
-- Found python_cmake_module: 0.8.1 (/opt/ros/foxy/share/python_cmake_module/cmake)
-- Using PYTHON_EXECUTABLE: /usr/bin/python3
-- Using PYTHON_INCLUDE_DIRS: /usr/include/python3.8
-- Using PYTHON_LIBRARIES: /usr/lib/x86_64-linux-gnu/libpython3.8.so
-- Found ament_lint_auto: 0.9.6 (/opt/ros/foxy/share/ament_lint_auto/cmake)
-- Added test 'copyright' to check source files copyright and LICENSE
-- Added test 'lint_cmake' to check CMake code style
-- Added test 'xmllint' to check XML markup files
-- Configuring done
-- Generating done
-- Build files have been written to: /home/ys/robot_ws/build/final_project_interface
[35m[1mScanning dependencies of target final_project_interface__cpp[0m
[  3%] [34m[1mGenerating C++ code for ROS interfaces[0m
[  3%] Built target final_project_interface__cpp
[  6%] [34m[1mGenerating C++ introspection for ROS interfaces[0m
[35m[1mScanning dependencies of target final_project_interface__rosidl_typesupport_introspection_cpp[0m
[  9%] [32mBuilding CXX object CMakeFiles/final_project_interface__rosidl_typesupport_introspection_cpp.dir/rosidl_typesupport_introspection_cpp/final_project_interface/action/detail/controller__type_support.cpp.o[0m
[ 12%] [32m[1mLinking CXX shared library libfinal_project_interface__rosidl_typesupport_introspection_cpp.so[0m
[ 12%] Built target final_project_interface__rosidl_typesupport_introspection_cpp
[ 16%] [34m[1mGenerating C++ type support for eProsima Fast-RTPS[0m
[35m[1mScanning dependencies of target final_project_interface__rosidl_typesupport_fastrtps_cpp[0m
[ 19%] [32mBuilding CXX object CMakeFiles/final_project_interface__rosidl_typesupport_fastrtps_cpp.dir/rosidl_typesupport_fastrtps_cpp/final_project_interface/action/detail/dds_fastrtps/controller__type_support.cpp.o[0m
[ 22%] [32m[1mLinking CXX shared library libfinal_project_interface__rosidl_typesupport_fastrtps_cpp.so[0m
[ 22%] Built target final_project_interface__rosidl_typesupport_fastrtps_cpp
[ 25%] [34m[1mGenerating C code for ROS interfaces[0m
[35m[1mScanning dependencies of target final_project_interface__rosidl_generator_c[0m
[ 29%] [32mBuilding C object CMakeFiles/final_project_interface__rosidl_generator_c.dir/rosidl_generator_c/final_project_interface/action/detail/controller__functions.c.o[0m
[ 32%] [32m[1mLinking C shared library libfinal_project_interface__rosidl_generator_c.so[0m
[ 32%] Built target final_project_interface__rosidl_generator_c
[ 35%] [34m[1mGenerating C type support for eProsima Fast-RTPS[0m
[35m[1mScanning dependencies of target final_project_interface__rosidl_typesupport_fastrtps_c[0m
[ 38%] [32mBuilding CXX object CMakeFiles/final_project_interface__rosidl_typesupport_fastrtps_c.dir/rosidl_typesupport_fastrtps_c/final_project_interface/action/detail/controller__type_support_c.cpp.o[0m
[ 41%] [32m[1mLinking CXX shared library libfinal_project_interface__rosidl_typesupport_fastrtps_c.so[0m
[ 41%] Built target final_project_interface__rosidl_typesupport_fastrtps_c
[ 45%] [34m[1mGenerating C introspection for ROS interfaces[0m
[35m[1mScanning dependencies of target final_project_interface__rosidl_typesupport_introspection_c[0m
[ 48%] [32mBuilding C object CMakeFiles/final_project_interface__rosidl_typesupport_introspection_c.dir/rosidl_typesupport_introspection_c/final_project_interface/action/detail/controller__type_support.c.o[0m
[ 51%] [32m[1mLinking C shared library libfinal_project_interface__rosidl_typesupport_introspection_c.so[0m
[ 51%] Built target final_project_interface__rosidl_typesupport_introspection_c
[ 54%] [34m[1mGenerating C type support dispatch for ROS interfaces[0m
[35m[1mScanning dependencies of target final_project_interface__rosidl_typesupport_c[0m
[ 58%] [32mBuilding CXX object CMakeFiles/final_project_interface__rosidl_typesupport_c.dir/rosidl_typesupport_c/final_project_interface/action/controller__type_support.cpp.o[0m
[ 61%] [32m[1mLinking CXX shared library libfinal_project_interface__rosidl_typesupport_c.so[0m
[ 61%] Built target final_project_interface__rosidl_typesupport_c
[ 64%] [34m[1mGenerating C++ type support dispatch for ROS interfaces[0m
[35m[1mScanning dependencies of target final_project_interface__rosidl_typesupport_cpp[0m
[ 67%] [32mBuilding CXX object CMakeFiles/final_project_interface__rosidl_typesupport_cpp.dir/rosidl_typesupport_cpp/final_project_interface/action/controller__type_support.cpp.o[0m
[ 70%] [32m[1mLinking CXX shared library libfinal_project_interface__rosidl_typesupport_cpp.so[0m
[ 70%] Built target final_project_interface__rosidl_typesupport_cpp
[ 70%] Built target final_project_interface
[35m[1mScanning dependencies of target final_project_interface__py[0m
[ 74%] [34m[1mGenerating Python code for ROS interfaces[0m
[ 74%] Built target final_project_interface__py
[35m[1mScanning dependencies of target final_project_interface__python[0m
[ 77%] [32mBuilding C object CMakeFiles/final_project_interface__python.dir/rosidl_generator_py/final_project_interface/action/_controller_s.c.o[0m
[ 80%] [32m[1mLinking C shared library rosidl_generator_py/final_project_interface/libfinal_project_interface__python.so[0m
[ 80%] Built target final_project_interface__python
[35m[1mScanning dependencies of target final_project_interface__rosidl_typesupport_c__pyext[0m
[ 83%] [32mBuilding C object CMakeFiles/final_project_interface__rosidl_typesupport_c__pyext.dir/rosidl_generator_py/final_project_interface/_final_project_interface_s.ep.rosidl_typesupport_c.c.o[0m
[ 87%] [32m[1mLinking C shared library rosidl_generator_py/final_project_interface/final_project_interface_s__rosidl_typesupport_c.cpython-38-x86_64-linux-gnu.so[0m
[ 87%] Built target final_project_interface__rosidl_typesupport_c__pyext
[35m[1mScanning dependencies of target final_project_interface__rosidl_typesupport_fastrtps_c__pyext[0m
[ 90%] [32mBuilding C object CMakeFiles/final_project_interface__rosidl_typesupport_fastrtps_c__pyext.dir/rosidl_generator_py/final_project_interface/_final_project_interface_s.ep.rosidl_typesupport_fastrtps_c.c.o[0m
[ 93%] [32m[1mLinking CXX shared library rosidl_generator_py/final_project_interface/final_project_interface_s__rosidl_typesupport_fastrtps_c.cpython-38-x86_64-linux-gnu.so[0m
[ 93%] Built target final_project_interface__rosidl_typesupport_fastrtps_c__pyext
[35m[1mScanning dependencies of target final_project_interface__rosidl_typesupport_introspection_c__pyext[0m
[ 96%] [32mBuilding C object CMakeFiles/final_project_interface__rosidl_typesupport_introspection_c__pyext.dir/rosidl_generator_py/final_project_interface/_final_project_interface_s.ep.rosidl_typesupport_introspection_c.c.o[0m
[100%] [32m[1mLinking C shared library rosidl_generator_py/final_project_interface/final_project_interface_s__rosidl_typesupport_introspection_c.cpython-38-x86_64-linux-gnu.so[0m
[100%] Built target final_project_interface__rosidl_typesupport_introspection_c__pyext
-- Install configuration: ""
-- Execute custom install script
-- Up-to-date symlink: /home/ys/robot_ws/install/final_project_interface/share/ament_index/resource_index/rosidl_interfaces/final_project_interface
-- Symlinking: /home/ys/robot_ws/install/final_project_interface/include/final_project_interface/action/controller.h
-- Symlinking: /home/ys/robot_ws/install/final_project_interface/include/final_project_interface/action/detail/controller__functions.h
-- Symlinking: /home/ys/robot_ws/install/final_project_interface/include/final_project_interface/action/detail/controller__struct.h
-- Symlinking: /home/ys/robot_ws/install/final_project_interface/include/final_project_interface/action/detail/controller__type_support.h
-- Up-to-date symlink: /home/ys/robot_ws/install/final_project_interface/include/final_project_interface/action/detail/fibonacci__functions.h
-- Up-to-date symlink: /home/ys/robot_ws/install/final_project_interface/include/final_project_interface/action/detail/fibonacci__struct.h
-- Up-to-date symlink: /home/ys/robot_ws/install/final_project_interface/include/final_project_interface/action/detail/fibonacci__type_support.h
-- Up-to-date symlink: /home/ys/robot_ws/install/final_project_interface/include/final_project_interface/action/fibonacci.h
-- Up-to-date symlink: /home/ys/robot_ws/install/final_project_interface/include/final_project_interface/msg/rosidl_generator_c__visibility_control.h
-- Up-to-date symlink: /home/ys/robot_ws/install/final_project_interface/share/final_project_interface/environment/library_path.sh
-- Up-to-date symlink: /home/ys/robot_ws/install/final_project_interface/share/final_project_interface/environment/library_path.dsv
-- Symlinking: /home/ys/robot_ws/install/final_project_interface/include/final_project_interface/action/detail/controller__rosidl_typesupport_fastrtps_c.h
-- Up-to-date symlink: /home/ys/robot_ws/install/final_project_interface/include/final_project_interface/action/detail/fibonacci__rosidl_typesupport_fastrtps_c.h
-- Up-to-date symlink: /home/ys/robot_ws/install/final_project_interface/include/final_project_interface/msg/rosidl_typesupport_fastrtps_c__visibility_control.h
-- Up-to-date symlink: /home/ys/robot_ws/install/final_project_interface/lib/libfinal_project_interface__rosidl_typesupport_fastrtps_c.so
-- Symlinking: /home/ys/robot_ws/install/final_project_interface/include/final_project_interface/action/detail/controller__rosidl_typesupport_fastrtps_cpp.hpp
-- Up-to-date symlink: /home/ys/robot_ws/install/final_project_interface/include/final_project_interface/action/detail/fibonacci__rosidl_typesupport_fastrtps_cpp.hpp
-- Up-to-date symlink: /home/ys/robot_ws/install/final_project_interface/include/final_project_interface/msg/rosidl_typesupport_fastrtps_cpp__visibility_control.h
-- Up-to-date symlink: /home/ys/robot_ws/install/final_project_interface/lib/libfinal_project_interface__rosidl_typesupport_fastrtps_cpp.so
-- Symlinking: /home/ys/robot_ws/install/final_project_interface/include/final_project_interface/action/detail/controller__rosidl_typesupport_introspection_c.h
-- Up-to-date symlink: /home/ys/robot_ws/install/final_project_interface/include/final_project_interface/action/detail/fibonacci__rosidl_typesupport_introspection_c.h
-- Up-to-date symlink: /home/ys/robot_ws/install/final_project_interface/include/final_project_interface/msg/rosidl_typesupport_introspection_c__visibility_control.h
-- Symlinking: /home/ys/robot_ws/install/final_project_interface/include/final_project_interface/action/controller.hpp
-- Symlinking: /home/ys/robot_ws/install/final_project_interface/include/final_project_interface/action/detail/controller__builder.hpp
-- Symlinking: /home/ys/robot_ws/install/final_project_interface/include/final_project_interface/action/detail/controller__struct.hpp
-- Symlinking: /home/ys/robot_ws/install/final_project_interface/include/final_project_interface/action/detail/controller__traits.hpp
-- Up-to-date symlink: /home/ys/robot_ws/install/final_project_interface/include/final_project_interface/action/detail/fibonacci__builder.hpp
-- Up-to-date symlink: /home/ys/robot_ws/install/final_project_interface/include/final_project_interface/action/detail/fibonacci__struct.hpp
-- Up-to-date symlink: /home/ys/robot_ws/install/final_project_interface/include/final_project_interface/action/detail/fibonacci__traits.hpp
-- Up-to-date symlink: /home/ys/robot_ws/install/final_project_interface/include/final_project_interface/action/fibonacci.hpp
-- Symlinking: /home/ys/robot_ws/install/final_project_interface/include/final_project_interface/action/detail/controller__rosidl_typesupport_introspection_cpp.hpp
-- Up-to-date symlink: /home/ys/robot_ws/install/final_project_interface/include/final_project_interface/action/detail/fibonacci__rosidl_typesupport_introspection_cpp.hpp
-- Up-to-date symlink: /home/ys/robot_ws/install/final_project_interface/share/final_project_interface/environment/pythonpath.sh
-- Up-to-date symlink: /home/ys/robot_ws/install/final_project_interface/share/final_project_interface/environment/pythonpath.dsv
-- Up-to-date symlink: /home/ys/robot_ws/install/final_project_interface/lib/python3.8/site-packages/final_project_interface/__init__.py
-- Up-to-date symlink: /home/ys/robot_ws/install/final_project_interface/lib/python3.8/site-packages/final_project_interface/action/__init__.py
-- Symlinking: /home/ys/robot_ws/install/final_project_interface/lib/python3.8/site-packages/final_project_interface/action/_controller.py
-- Up-to-date symlink: /home/ys/robot_ws/install/final_project_interface/lib/python3.8/site-packages/final_project_interface/action/_fibonacci.py
-- Up-to-date symlink: /home/ys/robot_ws/install/final_project_interface/lib/python3.8/site-packages/final_project_interface/final_project_interface_s__rosidl_typesupport_fastrtps_c.cpython-38-x86_64-linux-gnu.so
-- Up-to-date symlink: /home/ys/robot_ws/install/final_project_interface/lib/python3.8/site-packages/final_project_interface/final_project_interface_s__rosidl_typesupport_introspection_c.cpython-38-x86_64-linux-gnu.so
-- Up-to-date symlink: /home/ys/robot_ws/install/final_project_interface/lib/python3.8/site-packages/final_project_interface/final_project_interface_s__rosidl_typesupport_c.cpython-38-x86_64-linux-gnu.so
-- Up-to-date symlink: /home/ys/robot_ws/install/final_project_interface/lib/libfinal_project_interface__python.so
-- Symlinking: /home/ys/robot_ws/install/final_project_interface/share/final_project_interface/action/Controller.idl
-- Symlinking: /home/ys/robot_ws/install/final_project_interface/share/final_project_interface/action/Controller.action
-- Up-to-date symlink: /home/ys/robot_ws/install/final_project_interface/share/ament_index/resource_index/package_run_dependencies/final_project_interface
-- Up-to-date symlink: /home/ys/robot_ws/install/final_project_interface/share/ament_index/resource_index/parent_prefix_path/final_project_interface
-- Up-to-date symlink: /home/ys/robot_ws/install/final_project_interface/share/final_project_interface/environment/ament_prefix_path.sh
-- Up-to-date symlink: /home/ys/robot_ws/install/final_project_interface/share/final_project_interface/environment/ament_prefix_path.dsv
-- Up-to-date symlink: /home/ys/robot_ws/install/final_project_interface/share/final_project_interface/environment/path.sh
-- Up-to-date symlink: /home/ys/robot_ws/install/final_project_interface/share/final_project_interface/environment/path.dsv
-- Up-to-date symlink: /home/ys/robot_ws/install/final_project_interface/share/final_project_interface/local_setup.bash
-- Up-to-date symlink: /home/ys/robot_ws/install/final_project_interface/share/final_project_interface/local_setup.sh
-- Up-to-date symlink: /home/ys/robot_ws/install/final_project_interface/share/final_project_interface/local_setup.zsh
-- Up-to-date symlink: /home/ys/robot_ws/install/final_project_interface/share/final_project_interface/local_setup.dsv
-- Symlinking: /home/ys/robot_ws/install/final_project_interface/share/final_project_interface/package.dsv
-- Up-to-date symlink: /home/ys/robot_ws/install/final_project_interface/share/ament_index/resource_index/packages/final_project_interface
-- Up-to-date symlink: /home/ys/robot_ws/install/final_project_interface/share/final_project_interface/cmake/rosidl_cmake-extras.cmake
-- Up-to-date symlink: /home/ys/robot_ws/install/final_project_interface/share/final_project_interface/cmake/ament_cmake_export_dependencies-extras.cmake
-- Up-to-date symlink: /home/ys/robot_ws/install/final_project_interface/share/final_project_interface/cmake/ament_cmake_export_libraries-extras.cmake
-- Up-to-date symlink: /home/ys/robot_ws/install/final_project_interface/share/final_project_interface/cmake/ament_cmake_export_targets-extras.cmake
-- Up-to-date symlink: /home/ys/robot_ws/install/final_project_interface/share/final_project_interface/cmake/ament_cmake_export_include_directories-extras.cmake
-- Up-to-date symlink: /home/ys/robot_ws/install/final_project_interface/share/final_project_interface/cmake/rosidl_cmake_export_typesupport_libraries-extras.cmake
-- Up-to-date symlink: /home/ys/robot_ws/install/final_project_interface/share/final_project_interface/cmake/rosidl_cmake_export_typesupport_targets-extras.cmake
-- Up-to-date symlink: /home/ys/robot_ws/install/final_project_interface/share/final_project_interface/cmake/final_project_interfaceConfig.cmake
-- Up-to-date symlink: /home/ys/robot_ws/install/final_project_interface/share/final_project_interface/cmake/final_project_interfaceConfig-version.cmake
-- Up-to-date symlink: /home/ys/robot_ws/install/final_project_interface/share/final_project_interface/package.xml
-- Installing: /home/ys/robot_ws/install/final_project_interface/lib/libfinal_project_interface__rosidl_generator_c.so
-- Set runtime path of "/home/ys/robot_ws/install/final_project_interface/lib/libfinal_project_interface__rosidl_generator_c.so" to ""
-- Installing: /home/ys/robot_ws/install/final_project_interface/lib/libfinal_project_interface__rosidl_typesupport_introspection_c.so
-- Set runtime path of "/home/ys/robot_ws/install/final_project_interface/lib/libfinal_project_interface__rosidl_typesupport_introspection_c.so" to ""
-- Installing: /home/ys/robot_ws/install/final_project_interface/lib/libfinal_project_interface__rosidl_typesupport_c.so
-- Set runtime path of "/home/ys/robot_ws/install/final_project_interface/lib/libfinal_project_interface__rosidl_typesupport_c.so" to ""
-- Installing: /home/ys/robot_ws/install/final_project_interface/lib/libfinal_project_interface__rosidl_typesupport_introspection_cpp.so
-- Set runtime path of "/home/ys/robot_ws/install/final_project_interface/lib/libfinal_project_interface__rosidl_typesupport_introspection_cpp.so" to ""
-- Installing: /home/ys/robot_ws/install/final_project_interface/lib/libfinal_project_interface__rosidl_typesupport_cpp.so
-- Set runtime path of "/home/ys/robot_ws/install/final_project_interface/lib/libfinal_project_interface__rosidl_typesupport_cpp.so" to ""
Compiling '/home/ys/robot_ws/install/final_project_interface/lib/python3.8/site-packages/final_project_interface/__init__.py'...
-- Up-to-date: /home/ys/robot_ws/install/final_project_interface/share/final_project_interface/cmake/final_project_interface__rosidl_generator_cExport.cmake
-- Installing: /home/ys/robot_ws/install/final_project_interface/share/final_project_interface/cmake/final_project_interface__rosidl_generator_cExport-noconfig.cmake
-- Up-to-date: /home/ys/robot_ws/install/final_project_interface/share/final_project_interface/cmake/final_project_interface__rosidl_typesupport_introspection_cExport.cmake
-- Installing: /home/ys/robot_ws/install/final_project_interface/share/final_project_interface/cmake/final_project_interface__rosidl_typesupport_introspection_cExport-noconfig.cmake
-- Up-to-date: /home/ys/robot_ws/install/final_project_interface/share/final_project_interface/cmake/final_project_interface__rosidl_typesupport_cExport.cmake
-- Installing: /home/ys/robot_ws/install/final_project_interface/share/final_project_interface/cmake/final_project_interface__rosidl_typesupport_cExport-noconfig.cmake
-- Up-to-date: /home/ys/robot_ws/install/final_project_interface/share/final_project_interface/cmake/final_project_interface__rosidl_generator_cppExport.cmake
-- Up-to-date: /home/ys/robot_ws/install/final_project_interface/share/final_project_interface/cmake/final_project_interface__rosidl_typesupport_introspection_cppExport.cmake
-- Installing: /home/ys/robot_ws/install/final_project_interface/share/final_project_interface/cmake/final_project_interface__rosidl_typesupport_introspection_cppExport-noconfig.cmake
-- Up-to-date: /home/ys/robot_ws/install/final_project_interface/share/final_project_interface/cmake/final_project_interface__rosidl_typesupport_cppExport.cmake
-- Installing: /home/ys/robot_ws/install/final_project_interface/share/final_project_interface/cmake/final_project_interface__rosidl_typesupport_cppExport-noconfig.cmake
