[0.041s] Invoking command in '/home/ys/robot_ws/build/rqt_example': CMAKE_PREFIX_PATH=${CMAKE_PREFIX_PATH}:/home/ys/robot_ws/install/python_parameters:/home/ys/robot_ws/install/project_parameter:/home/ys/robot_ws/install/final_project:/home/ys/robot_ws/install/first_rclpy_pkg:/home/ys/robot_ws/install/fibonacci_rclpy_action_pkg:/opt/ros/foxy /usr/bin/cmake /home/ys/robot_ws/src/ros2-seminar-examples/rqt_example -DAMENT_CMAKE_SYMLINK_INSTALL=1 -DCMAKE_INSTALL_PREFIX=/home/ys/robot_ws/install/rqt_example
[0.302s] -- The C compiler identification is GNU 9.3.0
[0.495s] -- The CXX compiler identification is GNU 9.3.0
[0.512s] -- Check for working C compiler: /usr/bin/cc
[0.611s] -- Check for working C compiler: /usr/bin/cc -- works
[0.614s] -- Detecting C compiler ABI info
[0.730s] -- Detecting C compiler ABI info - done
[0.754s] -- Detecting C compile features
[0.757s] -- Detecting C compile features - done
[0.769s] -- Check for working CXX compiler: /usr/bin/c++
[0.885s] -- Check for working CXX compiler: /usr/bin/c++ -- works
[0.887s] -- Detecting CXX compiler ABI info
[0.990s] -- Detecting CXX compiler ABI info - done
[1.015s] -- Detecting CXX compile features
[1.016s] -- Detecting CXX compile features - done
[1.034s] -- Found ament_cmake: 0.9.9 (/opt/ros/foxy/share/ament_cmake/cmake)
[1.095s] -- Found PythonInterp: /usr/bin/python3 (found suitable version "3.8.10", minimum required is "3") 
[1.095s] -- Using PYTHON_EXECUTABLE: /usr/bin/python3
[1.409s] -- Override CMake install command with custom implementation using symlinks instead of copying resources
[1.542s] -- Found ament_lint_auto: 0.9.6 (/opt/ros/foxy/share/ament_lint_auto/cmake)
[1.753s] -- Added test 'copyright' to check source files copyright and LICENSE
[1.760s] -- Added test 'flake8' to check Python code syntax and style conventions
[1.764s] -- Added test 'lint_cmake' to check CMake code style
[1.766s] -- Added test 'pep257' to check Python code against some of the style conventions in PEP 257
[1.769s] -- Added test 'xmllint' to check XML markup files
[1.779s] -- Configuring done
[1.786s] -- Generating done
[1.791s] -- Build files have been written to: /home/ys/robot_ws/build/rqt_example
[1.799s] Invoked command in '/home/ys/robot_ws/build/rqt_example' returned '0': CMAKE_PREFIX_PATH=${CMAKE_PREFIX_PATH}:/home/ys/robot_ws/install/python_parameters:/home/ys/robot_ws/install/project_parameter:/home/ys/robot_ws/install/final_project:/home/ys/robot_ws/install/first_rclpy_pkg:/home/ys/robot_ws/install/fibonacci_rclpy_action_pkg:/opt/ros/foxy /usr/bin/cmake /home/ys/robot_ws/src/ros2-seminar-examples/rqt_example -DAMENT_CMAKE_SYMLINK_INSTALL=1 -DCMAKE_INSTALL_PREFIX=/home/ys/robot_ws/install/rqt_example
[1.800s] Invoking command in '/home/ys/robot_ws/build/rqt_example': CMAKE_PREFIX_PATH=${CMAKE_PREFIX_PATH}:/home/ys/robot_ws/install/python_parameters:/home/ys/robot_ws/install/project_parameter:/home/ys/robot_ws/install/final_project:/home/ys/robot_ws/install/first_rclpy_pkg:/home/ys/robot_ws/install/fibonacci_rclpy_action_pkg:/opt/ros/foxy /usr/bin/cmake --build /home/ys/robot_ws/build/rqt_example -- -j1 -l1
[1.856s] Invoked command in '/home/ys/robot_ws/build/rqt_example' returned '0': CMAKE_PREFIX_PATH=${CMAKE_PREFIX_PATH}:/home/ys/robot_ws/install/python_parameters:/home/ys/robot_ws/install/project_parameter:/home/ys/robot_ws/install/final_project:/home/ys/robot_ws/install/first_rclpy_pkg:/home/ys/robot_ws/install/fibonacci_rclpy_action_pkg:/opt/ros/foxy /usr/bin/cmake --build /home/ys/robot_ws/build/rqt_example -- -j1 -l1
[1.895s] Invoking command in '/home/ys/robot_ws/build/rqt_example': CMAKE_PREFIX_PATH=${CMAKE_PREFIX_PATH}:/home/ys/robot_ws/install/python_parameters:/home/ys/robot_ws/install/project_parameter:/home/ys/robot_ws/install/final_project:/home/ys/robot_ws/install/first_rclpy_pkg:/home/ys/robot_ws/install/fibonacci_rclpy_action_pkg:/opt/ros/foxy /usr/bin/cmake --install /home/ys/robot_ws/build/rqt_example
[1.907s] -- Install configuration: ""
[1.908s] -- Execute custom install script
[1.909s] -- Symlinking: /home/ys/robot_ws/install/rqt_example/share/rqt_example/environment/pythonpath.sh
[1.920s] -- Symlinking: /home/ys/robot_ws/install/rqt_example/share/rqt_example/environment/pythonpath.dsv
[1.931s] -- Symlinking: /home/ys/robot_ws/install/rqt_example/lib/python3.8/site-packages/rqt_example/__init__.py
[1.944s] -- Symlinking: /home/ys/robot_ws/install/rqt_example/lib/python3.8/site-packages/rqt_example/examples.py
[1.954s] -- Symlinking: /home/ys/robot_ws/install/rqt_example/lib/python3.8/site-packages/rqt_example/examples_widget.py
[1.964s] -- Symlinking: /home/ys/robot_ws/install/rqt_example/share/rqt_example/plugin.xml
[1.975s] -- Symlinking: /home/ys/robot_ws/install/rqt_example/share/rqt_example/resource/rqt_example.ui
[1.986s] -- Symlinking: /home/ys/robot_ws/install/rqt_example/share/rqt_example/launch/turtlesim.launch.py
[2.008s] -- Symlinking: /home/ys/robot_ws/install/rqt_example/lib/rqt_example/rqt_example
[2.026s] -- Symlinking: /home/ys/robot_ws/install/rqt_example/share/ament_index/resource_index/package_run_dependencies/rqt_example
[2.037s] -- Symlinking: /home/ys/robot_ws/install/rqt_example/share/ament_index/resource_index/parent_prefix_path/rqt_example
[2.050s] -- Symlinking: /home/ys/robot_ws/install/rqt_example/share/rqt_example/environment/ament_prefix_path.sh
[2.060s] -- Symlinking: /home/ys/robot_ws/install/rqt_example/share/rqt_example/environment/ament_prefix_path.dsv
[2.070s] -- Symlinking: /home/ys/robot_ws/install/rqt_example/share/rqt_example/environment/path.sh
[2.081s] -- Symlinking: /home/ys/robot_ws/install/rqt_example/share/rqt_example/environment/path.dsv
[2.091s] -- Symlinking: /home/ys/robot_ws/install/rqt_example/share/rqt_example/local_setup.bash
[2.101s] -- Symlinking: /home/ys/robot_ws/install/rqt_example/share/rqt_example/local_setup.sh
[2.111s] -- Symlinking: /home/ys/robot_ws/install/rqt_example/share/rqt_example/local_setup.zsh
[2.122s] -- Symlinking: /home/ys/robot_ws/install/rqt_example/share/rqt_example/local_setup.dsv
[2.133s] -- Symlinking: /home/ys/robot_ws/install/rqt_example/share/rqt_example/package.dsv
[2.145s] -- Symlinking: /home/ys/robot_ws/install/rqt_example/share/ament_index/resource_index/packages/rqt_example
[2.156s] -- Symlinking: /home/ys/robot_ws/install/rqt_example/share/rqt_example/cmake/rqt_exampleConfig.cmake
[2.166s] -- Symlinking: /home/ys/robot_ws/install/rqt_example/share/rqt_example/cmake/rqt_exampleConfig-version.cmake
[2.176s] -- Symlinking: /home/ys/robot_ws/install/rqt_example/share/rqt_example/package.xml
[2.286s] Listing '/home/ys/robot_ws/install/rqt_example/lib/python3.8/site-packages/rqt_example'...
[2.286s] Compiling '/home/ys/robot_ws/install/rqt_example/lib/python3.8/site-packages/rqt_example/__init__.py'...
[2.287s] Compiling '/home/ys/robot_ws/install/rqt_example/lib/python3.8/site-packages/rqt_example/examples.py'...
[2.287s] Compiling '/home/ys/robot_ws/install/rqt_example/lib/python3.8/site-packages/rqt_example/examples_widget.py'...
[2.297s] Invoked command in '/home/ys/robot_ws/build/rqt_example' returned '0': CMAKE_PREFIX_PATH=${CMAKE_PREFIX_PATH}:/home/ys/robot_ws/install/python_parameters:/home/ys/robot_ws/install/project_parameter:/home/ys/robot_ws/install/final_project:/home/ys/robot_ws/install/first_rclpy_pkg:/home/ys/robot_ws/install/fibonacci_rclpy_action_pkg:/opt/ros/foxy /usr/bin/cmake --install /home/ys/robot_ws/build/rqt_example
