[0.023s] Invoking command in '/home/ys/robot_ws/src/build/teleop_twist_joy': CMAKE_PREFIX_PATH=/opt/ros/foxy /usr/bin/cmake /home/ys/robot_ws/src/teleop_twist_joy -DCMAKE_INSTALL_PREFIX=/home/ys/robot_ws/src/install/teleop_twist_joy
[0.299s] -- The C compiler identification is GNU 9.3.0
[0.537s] -- The CXX compiler identification is GNU 9.3.0
[0.553s] -- Check for working C compiler: /usr/bin/cc
[0.651s] -- Check for working C compiler: /usr/bin/cc -- works
[0.654s] -- Detecting C compiler ABI info
[0.738s] -- Detecting C compiler ABI info - done
[0.761s] -- Detecting C compile features
[0.763s] -- Detecting C compile features - done
[0.769s] -- Check for working CXX compiler: /usr/bin/c++
[0.866s] -- Check for working CXX compiler: /usr/bin/c++ -- works
[0.867s] -- Detecting CXX compiler ABI info
[0.966s] -- Detecting CXX compiler ABI info - done
[0.990s] -- Detecting CXX compile features
[0.991s] -- Detecting CXX compile features - done
[1.003s] -- Found ament_cmake: 0.9.9 (/opt/ros/foxy/share/ament_cmake/cmake)
[1.043s] -- Found PythonInterp: /usr/bin/python3 (found suitable version "3.8.10", minimum required is "3") 
[1.044s] -- Using PYTHON_EXECUTABLE: /usr/bin/python3
[1.446s] -- Found geometry_msgs: 2.0.4 (/opt/ros/foxy/share/geometry_msgs/cmake)
[1.512s] -- Using all available rosidl_typesupport_c: rosidl_typesupport_fastrtps_c;rosidl_typesupport_introspection_c
[1.527s] -- Found rosidl_adapter: 1.2.1 (/opt/ros/foxy/share/rosidl_adapter/cmake)
[1.650s] -- Found OpenSSL: /usr/lib/x86_64-linux-gnu/libcrypto.so (found version "1.1.1f")  
[1.716s] -- Found FastRTPS: /opt/ros/foxy/include  
[1.909s] -- Using all available rosidl_typesupport_cpp: rosidl_typesupport_fastrtps_cpp;rosidl_typesupport_introspection_cpp
[2.159s] -- Found rclcpp: 2.4.0 (/opt/ros/foxy/share/rclcpp/cmake)
[2.267s] -- Found rmw_implementation_cmake: 1.0.3 (/opt/ros/foxy/share/rmw_implementation_cmake/cmake)
[2.271s] -- Using RMW implementation 'rmw_fastrtps_cpp' as default
[2.275s] -- Looking for pthread.h
[2.428s] -- Looking for pthread.h - found
[2.428s] -- Performing Test CMAKE_HAVE_LIBC_PTHREAD
[2.518s] -- Performing Test CMAKE_HAVE_LIBC_PTHREAD - Failed
[2.519s] -- Looking for pthread_create in pthreads
[2.608s] -- Looking for pthread_create in pthreads - not found
[2.609s] -- Looking for pthread_create in pthread
[2.693s] -- Looking for pthread_create in pthread - found
[2.695s] -- Found Threads: TRUE  
[3.034s] -- Found rclcpp_components: 2.4.0 (/opt/ros/foxy/share/rclcpp_components/cmake)
[3.211s] -- Found sensor_msgs: 2.0.4 (/opt/ros/foxy/share/sensor_msgs/cmake)
[3.383s] -- Performing Test COMPILER_HAS_HIDDEN_VISIBILITY
[3.492s] -- Performing Test COMPILER_HAS_HIDDEN_VISIBILITY - Success
[3.493s] -- Performing Test COMPILER_HAS_HIDDEN_INLINE_VISIBILITY
[3.610s] -- Performing Test COMPILER_HAS_HIDDEN_INLINE_VISIBILITY - Success
[3.611s] -- Performing Test COMPILER_HAS_DEPRECATED_ATTR
[3.708s] -- Performing Test COMPILER_HAS_DEPRECATED_ATTR - Success
[3.740s] -- Found ament_lint_auto: 0.9.6 (/opt/ros/foxy/share/ament_lint_auto/cmake)
[3.903s] -- Found python_cmake_module: 0.8.1 (/opt/ros/foxy/share/python_cmake_module/cmake)
[3.931s] -- Found PythonInterp: /usr/bin/python3 (found suitable version "3.8.10", minimum required is "3.5") 
[3.949s] -- Found PythonLibs: /usr/lib/x86_64-linux-gnu/libpython3.8.so (found suitable version "3.8.10", minimum required is "3.5") 
[3.949s] -- Using PYTHON_EXECUTABLE: /usr/bin/python3
[3.949s] -- Using PYTHON_INCLUDE_DIRS: /usr/include/python3.8
[3.949s] -- Using PYTHON_LIBRARIES: /usr/lib/x86_64-linux-gnu/libpython3.8.so
[3.977s] -- Found PythonExtra: .so  
[4.028s] -- Added test 'cppcheck' to perform static code analysis on C / C++ code
[4.029s] -- Configured cppcheck include dirs: /home/ys/robot_ws/src/teleop_twist_joy/include
[4.029s] -- Configured cppcheck exclude dirs and/or files: 
[4.031s] -- Added test 'flake8' to check Python code syntax and style conventions
[4.033s] -- Added test 'lint_cmake' to check CMake code style
[4.035s] -- Added test 'pep257' to check Python code against some of the style conventions in PEP 257
[4.036s] -- Added test 'xmllint' to check XML markup files
[4.047s] -- Configuring done
[4.070s] -- Generating done
[4.073s] -- Build files have been written to: /home/ys/robot_ws/src/build/teleop_twist_joy
[4.086s] Invoked command in '/home/ys/robot_ws/src/build/teleop_twist_joy' returned '0': CMAKE_PREFIX_PATH=/opt/ros/foxy /usr/bin/cmake /home/ys/robot_ws/src/teleop_twist_joy -DCMAKE_INSTALL_PREFIX=/home/ys/robot_ws/src/install/teleop_twist_joy
[4.087s] Invoking command in '/home/ys/robot_ws/src/build/teleop_twist_joy': CMAKE_PREFIX_PATH=/opt/ros/foxy /usr/bin/cmake --build /home/ys/robot_ws/src/build/teleop_twist_joy -- -j1 -l1
[4.134s] [35m[1mScanning dependencies of target teleop_twist_joy[0m
[4.332s] [ 25%] [32mBuilding CXX object CMakeFiles/teleop_twist_joy.dir/src/teleop_twist_joy.cpp.o[0m
[15.298s] [ 50%] [32m[1mLinking CXX shared library libteleop_twist_joy.so[0m
[15.864s] [ 50%] Built target teleop_twist_joy
[15.875s] [35m[1mScanning dependencies of target teleop_twist_joy_node[0m
[15.968s] [ 75%] [32mBuilding CXX object CMakeFiles/teleop_twist_joy_node.dir/src/teleop_node.cpp.o[0m
[18.568s] [100%] [32m[1mLinking CXX executable teleop_node[0m
[18.803s] [100%] Built target teleop_twist_joy_node
[18.817s] Invoked command in '/home/ys/robot_ws/src/build/teleop_twist_joy' returned '0': CMAKE_PREFIX_PATH=/opt/ros/foxy /usr/bin/cmake --build /home/ys/robot_ws/src/build/teleop_twist_joy -- -j1 -l1
[18.860s] Invoking command in '/home/ys/robot_ws/src/build/teleop_twist_joy': CMAKE_PREFIX_PATH=/opt/ros/foxy /usr/bin/cmake --install /home/ys/robot_ws/src/build/teleop_twist_joy
[18.872s] -- Install configuration: ""
[18.872s] -- Installing: /home/ys/robot_ws/src/install/teleop_twist_joy/lib/libteleop_twist_joy.so
[18.878s] -- Set runtime path of "/home/ys/robot_ws/src/install/teleop_twist_joy/lib/libteleop_twist_joy.so" to ""
[18.878s] -- Installing: /home/ys/robot_ws/src/install/teleop_twist_joy/lib/teleop_twist_joy/teleop_node
[18.879s] -- Set runtime path of "/home/ys/robot_ws/src/install/teleop_twist_joy/lib/teleop_twist_joy/teleop_node" to ""
[18.879s] -- Installing: /home/ys/robot_ws/src/install/teleop_twist_joy/include
[18.880s] -- Installing: /home/ys/robot_ws/src/install/teleop_twist_joy/include/teleop_twist_joy
[18.880s] -- Installing: /home/ys/robot_ws/src/install/teleop_twist_joy/include/teleop_twist_joy/teleop_twist_joy.hpp
[18.880s] -- Installing: /home/ys/robot_ws/src/install/teleop_twist_joy/include/teleop_twist_joy/teleop_twist_joy_export.h
[18.880s] -- Installing: /home/ys/robot_ws/src/install/teleop_twist_joy/share/teleop_twist_joy/launch
[18.881s] -- Installing: /home/ys/robot_ws/src/install/teleop_twist_joy/share/teleop_twist_joy/launch/teleop-launch.py
[18.896s] -- Installing: /home/ys/robot_ws/src/install/teleop_twist_joy/share/teleop_twist_joy/config
[18.897s] -- Installing: /home/ys/robot_ws/src/install/teleop_twist_joy/share/teleop_twist_joy/config/atk3.config.yaml
[18.898s] -- Installing: /home/ys/robot_ws/src/install/teleop_twist_joy/share/teleop_twist_joy/config/xbox.config.yaml
[18.899s] -- Installing: /home/ys/robot_ws/src/install/teleop_twist_joy/share/teleop_twist_joy/config/ps3-holonomic.config.yaml
[18.900s] -- Installing: /home/ys/robot_ws/src/install/teleop_twist_joy/share/teleop_twist_joy/config/ps3.config.yaml
[18.901s] -- Installing: /home/ys/robot_ws/src/install/teleop_twist_joy/share/teleop_twist_joy/config/xd3.config.yaml
[18.902s] -- Installing: /home/ys/robot_ws/src/install/teleop_twist_joy/share/teleop_twist_joy/environment/library_path.sh
[18.902s] -- Installing: /home/ys/robot_ws/src/install/teleop_twist_joy/share/teleop_twist_joy/environment/library_path.dsv
[18.902s] -- Installing: /home/ys/robot_ws/src/install/teleop_twist_joy/share/ament_index/resource_index/package_run_dependencies/teleop_twist_joy
[18.903s] -- Installing: /home/ys/robot_ws/src/install/teleop_twist_joy/share/ament_index/resource_index/parent_prefix_path/teleop_twist_joy
[18.903s] -- Installing: /home/ys/robot_ws/src/install/teleop_twist_joy/share/teleop_twist_joy/environment/ament_prefix_path.sh
[18.903s] -- Installing: /home/ys/robot_ws/src/install/teleop_twist_joy/share/teleop_twist_joy/environment/ament_prefix_path.dsv
[18.904s] -- Installing: /home/ys/robot_ws/src/install/teleop_twist_joy/share/teleop_twist_joy/environment/path.sh
[18.904s] -- Installing: /home/ys/robot_ws/src/install/teleop_twist_joy/share/teleop_twist_joy/environment/path.dsv
[18.904s] -- Installing: /home/ys/robot_ws/src/install/teleop_twist_joy/share/teleop_twist_joy/local_setup.bash
[18.905s] -- Installing: /home/ys/robot_ws/src/install/teleop_twist_joy/share/teleop_twist_joy/local_setup.sh
[18.905s] -- Installing: /home/ys/robot_ws/src/install/teleop_twist_joy/share/teleop_twist_joy/local_setup.zsh
[18.905s] -- Installing: /home/ys/robot_ws/src/install/teleop_twist_joy/share/teleop_twist_joy/local_setup.dsv
[18.906s] -- Installing: /home/ys/robot_ws/src/install/teleop_twist_joy/share/teleop_twist_joy/package.dsv
[18.906s] -- Installing: /home/ys/robot_ws/src/install/teleop_twist_joy/share/ament_index/resource_index/packages/teleop_twist_joy
[18.907s] -- Installing: /home/ys/robot_ws/src/install/teleop_twist_joy/share/ament_index/resource_index/rclcpp_components/teleop_twist_joy
[18.907s] -- Installing: /home/ys/robot_ws/src/install/teleop_twist_joy/share/teleop_twist_joy/cmake/ament_cmake_export_include_directories-extras.cmake
[18.907s] -- Installing: /home/ys/robot_ws/src/install/teleop_twist_joy/share/teleop_twist_joy/cmake/ament_cmake_export_libraries-extras.cmake
[18.908s] -- Installing: /home/ys/robot_ws/src/install/teleop_twist_joy/share/teleop_twist_joy/cmake/teleop_twist_joyConfig.cmake
[18.908s] -- Installing: /home/ys/robot_ws/src/install/teleop_twist_joy/share/teleop_twist_joy/cmake/teleop_twist_joyConfig-version.cmake
[18.908s] -- Installing: /home/ys/robot_ws/src/install/teleop_twist_joy/share/teleop_twist_joy/package.xml
[18.912s] Invoked command in '/home/ys/robot_ws/src/build/teleop_twist_joy' returned '0': CMAKE_PREFIX_PATH=/opt/ros/foxy /usr/bin/cmake --install /home/ys/robot_ws/src/build/teleop_twist_joy
