running develop
running egg_info
creating project_parameter.egg-info
writing project_parameter.egg-info/PKG-INFO
writing dependency_links to project_parameter.egg-info/dependency_links.txt
writing entry points to project_parameter.egg-info/entry_points.txt
writing requirements to project_parameter.egg-info/requires.txt
writing top-level names to project_parameter.egg-info/top_level.txt
writing manifest file 'project_parameter.egg-info/SOURCES.txt'
reading manifest file 'project_parameter.egg-info/SOURCES.txt'
writing manifest file 'project_parameter.egg-info/SOURCES.txt'
running build_ext
Creating /home/ys/robot_ws/install/project_parameter/lib/python3.8/site-packages/site.py
Creating /home/ys/robot_ws/install/project_parameter/lib/python3.8/site-packages/project-parameter.egg-link (link to .)
Installing param_talker script to /home/ys/robot_ws/install/project_parameter/lib/project_parameter

Installed /home/ys/robot_ws/build/project_parameter
running install_data
creating /home/ys/robot_ws/install/project_parameter/share/ament_index
creating /home/ys/robot_ws/install/project_parameter/share/ament_index/resource_index
creating /home/ys/robot_ws/install/project_parameter/share/ament_index/resource_index/packages
copying resource/project_parameter -> /home/ys/robot_ws/install/project_parameter/share/ament_index/resource_index/packages
copying package.xml -> /home/ys/robot_ws/install/project_parameter/share/project_parameter
