[0.878s] Invoking command in '/home/ys/robot_ws/build/project_parameter': PYTHONPATH=/home/ys/robot_ws/install/project_parameter/lib/python3.8/site-packages:${PYTHONPATH} /usr/bin/python3 setup.py develop --prefix /home/ys/robot_ws/install/project_parameter --editable --build-directory /home/ys/robot_ws/build/project_parameter/build --no-deps install_data --install-dir /home/ys/robot_ws/install/project_parameter
[1.784s] running develop
[2.195s] running egg_info
[2.197s] creating project_parameter.egg-info
[2.198s] writing project_parameter.egg-info/PKG-INFO
[2.199s] writing dependency_links to project_parameter.egg-info/dependency_links.txt
[2.199s] writing entry points to project_parameter.egg-info/entry_points.txt
[2.200s] writing requirements to project_parameter.egg-info/requires.txt
[2.200s] writing top-level names to project_parameter.egg-info/top_level.txt
[2.205s] writing manifest file 'project_parameter.egg-info/SOURCES.txt'
[2.363s] reading manifest file 'project_parameter.egg-info/SOURCES.txt'
[2.366s] writing manifest file 'project_parameter.egg-info/SOURCES.txt'
[2.511s] running build_ext
[2.514s] Creating /home/ys/robot_ws/install/project_parameter/lib/python3.8/site-packages/site.py
[2.530s] Creating /home/ys/robot_ws/install/project_parameter/lib/python3.8/site-packages/project-parameter.egg-link (link to .)
[2.534s] Installing param_talker script to /home/ys/robot_ws/install/project_parameter/lib/project_parameter
[2.535s] 
[2.535s] Installed /home/ys/robot_ws/build/project_parameter
[2.535s] running install_data
[2.535s] creating /home/ys/robot_ws/install/project_parameter/share/ament_index
[2.536s] creating /home/ys/robot_ws/install/project_parameter/share/ament_index/resource_index
[2.536s] creating /home/ys/robot_ws/install/project_parameter/share/ament_index/resource_index/packages
[2.536s] copying resource/project_parameter -> /home/ys/robot_ws/install/project_parameter/share/ament_index/resource_index/packages
[2.538s] copying package.xml -> /home/ys/robot_ws/install/project_parameter/share/project_parameter
[2.623s] Invoked command in '/home/ys/robot_ws/build/project_parameter' returned '0': PYTHONPATH=/home/ys/robot_ws/install/project_parameter/lib/python3.8/site-packages:${PYTHONPATH} /usr/bin/python3 setup.py develop --prefix /home/ys/robot_ws/install/project_parameter --editable --build-directory /home/ys/robot_ws/build/project_parameter/build --no-deps install_data --install-dir /home/ys/robot_ws/install/project_parameter
