[0.580s] DEBUG:colcon:Command line arguments: ['/usr/bin/colcon', 'build']
[0.581s] DEBUG:colcon:Parsed command line arguments: Namespace(ament_cmake_args=None, base_paths=['.'], build_base='build', catkin_cmake_args=None, catkin_skip_building_tests=False, cmake_args=None, cmake_clean_cache=False, cmake_clean_first=False, cmake_force_configure=False, cmake_target=None, cmake_target_skip_unavailable=False, continue_on_error=False, event_handlers=None, executor='parallel', ignore_user_meta=False, install_base='install', log_base=None, log_level=None, main=<bound method BuildVerb.main of <colcon_core.verb.build.BuildVerb object at 0x7fe7ed7901c0>>, merge_install=False, metas=['./colcon.meta'], packages_above=None, packages_above_and_dependencies=None, packages_above_depth=None, packages_end=None, packages_ignore=None, packages_ignore_regex=None, packages_select=None, packages_select_build_failed=False, packages_select_by_dep=None, packages_select_regex=None, packages_select_test_failures=False, packages_skip=None, packages_skip_build_finished=False, packages_skip_by_dep=None, packages_skip_regex=None, packages_skip_test_passed=False, packages_skip_up_to=None, packages_start=None, packages_up_to=None, packages_up_to_regex=None, parallel_workers=1, paths=None, symlink_install=False, test_result_base=None, verb_extension=<colcon_core.verb.build.BuildVerb object at 0x7fe7ed7901c0>, verb_name='build', verb_parser=<colcon_defaults.argument_parser.defaults.DefaultArgumentsDecorator object at 0x7fe7ed790700>)
[0.600s] Level 1:colcon.colcon_core.package_discovery:discover_packages(colcon_meta) check parameters
[0.600s] Level 1:colcon.colcon_core.package_discovery:discover_packages(recursive) check parameters
[0.600s] Level 1:colcon.colcon_core.package_discovery:discover_packages(ignore) check parameters
[0.600s] Level 1:colcon.colcon_core.package_discovery:discover_packages(path) check parameters
[0.600s] Level 1:colcon.colcon_core.package_discovery:discover_packages(colcon_meta) discover
[0.601s] Level 1:colcon.colcon_core.package_discovery:discover_packages(recursive) discover
[0.601s] INFO:colcon.colcon_core.package_discovery:Crawling recursively for packages in '/home/ys/robot_ws/src'
[0.601s] Level 1:colcon.colcon_core.package_identification:_identify(.) by extensions ['ignore', 'ignore_ament_install']
[0.602s] Level 1:colcon.colcon_core.package_identification:_identify(.) by extension 'ignore'
[0.602s] Level 1:colcon.colcon_core.package_identification:_identify(.) by extension 'ignore_ament_install'
[0.602s] Level 1:colcon.colcon_core.package_identification:_identify(.) by extensions ['colcon_pkg']
[0.602s] Level 1:colcon.colcon_core.package_identification:_identify(.) by extension 'colcon_pkg'
[0.602s] Level 1:colcon.colcon_core.package_identification:_identify(.) by extensions ['colcon_meta']
[0.602s] Level 1:colcon.colcon_core.package_identification:_identify(.) by extension 'colcon_meta'
[0.603s] Level 1:colcon.colcon_core.package_identification:_identify(.) by extensions ['ros']
[0.603s] Level 1:colcon.colcon_core.package_identification:_identify(.) by extension 'ros'
[0.635s] Level 1:colcon.colcon_core.package_identification:_identify(.) by extensions ['cmake', 'python']
[0.635s] Level 1:colcon.colcon_core.package_identification:_identify(.) by extension 'cmake'
[0.635s] Level 1:colcon.colcon_core.package_identification:_identify(.) by extension 'python'
[0.635s] Level 1:colcon.colcon_core.package_identification:_identify(.) by extensions ['python_setup_py']
[0.635s] Level 1:colcon.colcon_core.package_identification:_identify(.) by extension 'python_setup_py'
[0.635s] Level 1:colcon.colcon_core.package_identification:_identify(build) by extensions ['ignore', 'ignore_ament_install']
[0.635s] Level 1:colcon.colcon_core.package_identification:_identify(build) by extension 'ignore'
[0.635s] Level 1:colcon.colcon_core.package_identification:_identify(build) ignored
[0.636s] Level 1:colcon.colcon_core.package_identification:_identify(install) by extensions ['ignore', 'ignore_ament_install']
[0.636s] Level 1:colcon.colcon_core.package_identification:_identify(install) by extension 'ignore'
[0.636s] Level 1:colcon.colcon_core.package_identification:_identify(install) ignored
[0.636s] Level 1:colcon.colcon_core.package_identification:_identify(log) by extensions ['ignore', 'ignore_ament_install']
[0.636s] Level 1:colcon.colcon_core.package_identification:_identify(log) by extension 'ignore'
[0.636s] Level 1:colcon.colcon_core.package_identification:_identify(log) ignored
[0.637s] Level 1:colcon.colcon_core.package_identification:_identify(teleop_twist_joy) by extensions ['ignore', 'ignore_ament_install']
[0.637s] Level 1:colcon.colcon_core.package_identification:_identify(teleop_twist_joy) by extension 'ignore'
[0.637s] Level 1:colcon.colcon_core.package_identification:_identify(teleop_twist_joy) by extension 'ignore_ament_install'
[0.637s] Level 1:colcon.colcon_core.package_identification:_identify(teleop_twist_joy) by extensions ['colcon_pkg']
[0.637s] Level 1:colcon.colcon_core.package_identification:_identify(teleop_twist_joy) by extension 'colcon_pkg'
[0.637s] Level 1:colcon.colcon_core.package_identification:_identify(teleop_twist_joy) by extensions ['colcon_meta']
[0.637s] Level 1:colcon.colcon_core.package_identification:_identify(teleop_twist_joy) by extension 'colcon_meta'
[0.637s] Level 1:colcon.colcon_core.package_identification:_identify(teleop_twist_joy) by extensions ['ros']
[0.637s] Level 1:colcon.colcon_core.package_identification:_identify(teleop_twist_joy) by extension 'ros'
[0.646s] DEBUG:colcon.colcon_core.package_identification:Package 'teleop_twist_joy' with type 'ros.ament_cmake' and name 'teleop_twist_joy'
[0.647s] Level 1:colcon.colcon_core.package_identification:_identify(test_ros_rclcpp_pkg) by extensions ['ignore', 'ignore_ament_install']
[0.647s] Level 1:colcon.colcon_core.package_identification:_identify(test_ros_rclcpp_pkg) by extension 'ignore'
[0.647s] Level 1:colcon.colcon_core.package_identification:_identify(test_ros_rclcpp_pkg) by extension 'ignore_ament_install'
[0.647s] Level 1:colcon.colcon_core.package_identification:_identify(test_ros_rclcpp_pkg) by extensions ['colcon_pkg']
[0.647s] Level 1:colcon.colcon_core.package_identification:_identify(test_ros_rclcpp_pkg) by extension 'colcon_pkg'
[0.647s] Level 1:colcon.colcon_core.package_identification:_identify(test_ros_rclcpp_pkg) by extensions ['colcon_meta']
[0.648s] Level 1:colcon.colcon_core.package_identification:_identify(test_ros_rclcpp_pkg) by extension 'colcon_meta'
[0.648s] Level 1:colcon.colcon_core.package_identification:_identify(test_ros_rclcpp_pkg) by extensions ['ros']
[0.648s] Level 1:colcon.colcon_core.package_identification:_identify(test_ros_rclcpp_pkg) by extension 'ros'
[0.650s] DEBUG:colcon.colcon_core.package_identification:Package 'test_ros_rclcpp_pkg' with type 'ros.ament_cmake' and name 'test_ros_rclcpp_pkg'
[0.650s] Level 1:colcon.colcon_core.package_identification:_identify(test_rs_rclpy_pkg) by extensions ['ignore', 'ignore_ament_install']
[0.651s] Level 1:colcon.colcon_core.package_identification:_identify(test_rs_rclpy_pkg) by extension 'ignore'
[0.651s] Level 1:colcon.colcon_core.package_identification:_identify(test_rs_rclpy_pkg) by extension 'ignore_ament_install'
[0.651s] Level 1:colcon.colcon_core.package_identification:_identify(test_rs_rclpy_pkg) by extensions ['colcon_pkg']
[0.651s] Level 1:colcon.colcon_core.package_identification:_identify(test_rs_rclpy_pkg) by extension 'colcon_pkg'
[0.651s] Level 1:colcon.colcon_core.package_identification:_identify(test_rs_rclpy_pkg) by extensions ['colcon_meta']
[0.651s] Level 1:colcon.colcon_core.package_identification:_identify(test_rs_rclpy_pkg) by extension 'colcon_meta'
[0.651s] Level 1:colcon.colcon_core.package_identification:_identify(test_rs_rclpy_pkg) by extensions ['ros']
[0.651s] Level 1:colcon.colcon_core.package_identification:_identify(test_rs_rclpy_pkg) by extension 'ros'
[0.654s] DEBUG:colcon.colcon_core.package_identification:Package 'test_rs_rclpy_pkg' with type 'ros.ament_python' and name 'test_rs_rclpy_pkg'
[0.654s] Level 1:colcon.colcon_core.package_discovery:discover_packages(recursive) using defaults
[0.654s] Level 1:colcon.colcon_core.package_discovery:discover_packages(ignore) discover
[0.654s] Level 1:colcon.colcon_core.package_discovery:discover_packages(ignore) using defaults
[0.654s] Level 1:colcon.colcon_core.package_discovery:discover_packages(path) discover
[0.654s] Level 1:colcon.colcon_core.package_discovery:discover_packages(path) using defaults
[0.694s] Level 5:colcon.colcon_core.verb:set package 'teleop_twist_joy' build argument 'cmake_args' from command line to 'None'
[0.694s] Level 5:colcon.colcon_core.verb:set package 'teleop_twist_joy' build argument 'cmake_target' from command line to 'None'
[0.694s] Level 5:colcon.colcon_core.verb:set package 'teleop_twist_joy' build argument 'cmake_target_skip_unavailable' from command line to 'False'
[0.694s] Level 5:colcon.colcon_core.verb:set package 'teleop_twist_joy' build argument 'cmake_clean_cache' from command line to 'False'
[0.694s] Level 5:colcon.colcon_core.verb:set package 'teleop_twist_joy' build argument 'cmake_clean_first' from command line to 'False'
[0.694s] Level 5:colcon.colcon_core.verb:set package 'teleop_twist_joy' build argument 'cmake_force_configure' from command line to 'False'
[0.694s] Level 5:colcon.colcon_core.verb:set package 'teleop_twist_joy' build argument 'ament_cmake_args' from command line to 'None'
[0.694s] Level 5:colcon.colcon_core.verb:set package 'teleop_twist_joy' build argument 'catkin_cmake_args' from command line to 'None'
[0.694s] Level 5:colcon.colcon_core.verb:set package 'teleop_twist_joy' build argument 'catkin_skip_building_tests' from command line to 'False'
[0.694s] DEBUG:colcon.colcon_core.verb:Building package 'teleop_twist_joy' with the following arguments: {'ament_cmake_args': None, 'build_base': '/home/ys/robot_ws/src/build/teleop_twist_joy', 'catkin_cmake_args': None, 'catkin_skip_building_tests': False, 'cmake_args': None, 'cmake_clean_cache': False, 'cmake_clean_first': False, 'cmake_force_configure': False, 'cmake_target': None, 'cmake_target_skip_unavailable': False, 'install_base': '/home/ys/robot_ws/src/install/teleop_twist_joy', 'merge_install': False, 'path': '/home/ys/robot_ws/src/teleop_twist_joy', 'symlink_install': False, 'test_result_base': None}
[0.698s] Level 5:colcon.colcon_core.verb:set package 'test_ros_rclcpp_pkg' build argument 'cmake_args' from command line to 'None'
[0.698s] Level 5:colcon.colcon_core.verb:set package 'test_ros_rclcpp_pkg' build argument 'cmake_target' from command line to 'None'
[0.698s] Level 5:colcon.colcon_core.verb:set package 'test_ros_rclcpp_pkg' build argument 'cmake_target_skip_unavailable' from command line to 'False'
[0.698s] Level 5:colcon.colcon_core.verb:set package 'test_ros_rclcpp_pkg' build argument 'cmake_clean_cache' from command line to 'False'
[0.698s] Level 5:colcon.colcon_core.verb:set package 'test_ros_rclcpp_pkg' build argument 'cmake_clean_first' from command line to 'False'
[0.698s] Level 5:colcon.colcon_core.verb:set package 'test_ros_rclcpp_pkg' build argument 'cmake_force_configure' from command line to 'False'
[0.698s] Level 5:colcon.colcon_core.verb:set package 'test_ros_rclcpp_pkg' build argument 'ament_cmake_args' from command line to 'None'
[0.698s] Level 5:colcon.colcon_core.verb:set package 'test_ros_rclcpp_pkg' build argument 'catkin_cmake_args' from command line to 'None'
[0.698s] Level 5:colcon.colcon_core.verb:set package 'test_ros_rclcpp_pkg' build argument 'catkin_skip_building_tests' from command line to 'False'
[0.698s] DEBUG:colcon.colcon_core.verb:Building package 'test_ros_rclcpp_pkg' with the following arguments: {'ament_cmake_args': None, 'build_base': '/home/ys/robot_ws/src/build/test_ros_rclcpp_pkg', 'catkin_cmake_args': None, 'catkin_skip_building_tests': False, 'cmake_args': None, 'cmake_clean_cache': False, 'cmake_clean_first': False, 'cmake_force_configure': False, 'cmake_target': None, 'cmake_target_skip_unavailable': False, 'install_base': '/home/ys/robot_ws/src/install/test_ros_rclcpp_pkg', 'merge_install': False, 'path': '/home/ys/robot_ws/src/test_ros_rclcpp_pkg', 'symlink_install': False, 'test_result_base': None}
[0.702s] Level 5:colcon.colcon_core.verb:set package 'test_rs_rclpy_pkg' build argument 'cmake_args' from command line to 'None'
[0.702s] Level 5:colcon.colcon_core.verb:set package 'test_rs_rclpy_pkg' build argument 'cmake_target' from command line to 'None'
[0.702s] Level 5:colcon.colcon_core.verb:set package 'test_rs_rclpy_pkg' build argument 'cmake_target_skip_unavailable' from command line to 'False'
[0.703s] Level 5:colcon.colcon_core.verb:set package 'test_rs_rclpy_pkg' build argument 'cmake_clean_cache' from command line to 'False'
[0.703s] Level 5:colcon.colcon_core.verb:set package 'test_rs_rclpy_pkg' build argument 'cmake_clean_first' from command line to 'False'
[0.703s] Level 5:colcon.colcon_core.verb:set package 'test_rs_rclpy_pkg' build argument 'cmake_force_configure' from command line to 'False'
[0.703s] Level 5:colcon.colcon_core.verb:set package 'test_rs_rclpy_pkg' build argument 'ament_cmake_args' from command line to 'None'
[0.703s] Level 5:colcon.colcon_core.verb:set package 'test_rs_rclpy_pkg' build argument 'catkin_cmake_args' from command line to 'None'
[0.703s] Level 5:colcon.colcon_core.verb:set package 'test_rs_rclpy_pkg' build argument 'catkin_skip_building_tests' from command line to 'False'
[0.703s] DEBUG:colcon.colcon_core.verb:Building package 'test_rs_rclpy_pkg' with the following arguments: {'ament_cmake_args': None, 'build_base': '/home/ys/robot_ws/src/build/test_rs_rclpy_pkg', 'catkin_cmake_args': None, 'catkin_skip_building_tests': False, 'cmake_args': None, 'cmake_clean_cache': False, 'cmake_clean_first': False, 'cmake_force_configure': False, 'cmake_target': None, 'cmake_target_skip_unavailable': False, 'install_base': '/home/ys/robot_ws/src/install/test_rs_rclpy_pkg', 'merge_install': False, 'path': '/home/ys/robot_ws/src/test_rs_rclpy_pkg', 'symlink_install': False, 'test_result_base': None}
[0.703s] INFO:colcon.colcon_core.executor:Executing jobs using 'parallel' executor
[0.706s] DEBUG:colcon.colcon_parallel_executor.executor.parallel:run_until_complete
[0.706s] INFO:colcon.colcon_ros.task.ament_cmake.build:Building ROS package in '/home/ys/robot_ws/src/teleop_twist_joy' with build type 'ament_cmake'
[0.706s] INFO:colcon.colcon_cmake.task.cmake.build:Building CMake package in '/home/ys/robot_ws/src/teleop_twist_joy'
[0.716s] INFO:colcon.colcon_core.plugin_system:Skipping extension 'colcon_core.shell.bat': Not used on non-Windows systems
[0.716s] INFO:colcon.colcon_core.shell:Skip shell extension 'powershell' for command environment: Not usable outside of PowerShell
[0.716s] DEBUG:colcon.colcon_core.shell:Skip shell extension 'dsv' for command environment
[0.721s] DEBUG:colcon.colcon_core.shell:Ignoring prefix path '/opt/ros/foxy'
[0.731s] DEBUG:colcon.colcon_core.event_handler.log_command:Invoking command in '/home/ys/robot_ws/src/build/teleop_twist_joy': CMAKE_PREFIX_PATH=/opt/ros/foxy /usr/bin/cmake /home/ys/robot_ws/src/teleop_twist_joy -DCMAKE_INSTALL_PREFIX=/home/ys/robot_ws/src/install/teleop_twist_joy
[4.794s] DEBUG:colcon.colcon_core.event_handler.log_command:Invoked command in '/home/ys/robot_ws/src/build/teleop_twist_joy' returned '0': CMAKE_PREFIX_PATH=/opt/ros/foxy /usr/bin/cmake /home/ys/robot_ws/src/teleop_twist_joy -DCMAKE_INSTALL_PREFIX=/home/ys/robot_ws/src/install/teleop_twist_joy
[4.794s] DEBUG:colcon.colcon_core.event_handler.log_command:Invoking command in '/home/ys/robot_ws/src/build/teleop_twist_joy': CMAKE_PREFIX_PATH=/opt/ros/foxy /usr/bin/cmake --build /home/ys/robot_ws/src/build/teleop_twist_joy -- -j1 -l1
[19.525s] DEBUG:colcon.colcon_core.event_handler.log_command:Invoked command in '/home/ys/robot_ws/src/build/teleop_twist_joy' returned '0': CMAKE_PREFIX_PATH=/opt/ros/foxy /usr/bin/cmake --build /home/ys/robot_ws/src/build/teleop_twist_joy -- -j1 -l1
[19.568s] DEBUG:colcon.colcon_core.event_handler.log_command:Invoking command in '/home/ys/robot_ws/src/build/teleop_twist_joy': CMAKE_PREFIX_PATH=/opt/ros/foxy /usr/bin/cmake --install /home/ys/robot_ws/src/build/teleop_twist_joy
[19.618s] Level 1:colcon.colcon_core.environment:create_environment_scripts_only(teleop_twist_joy)
[19.620s] DEBUG:colcon.colcon_core.event_handler.log_command:Invoked command in '/home/ys/robot_ws/src/build/teleop_twist_joy' returned '0': CMAKE_PREFIX_PATH=/opt/ros/foxy /usr/bin/cmake --install /home/ys/robot_ws/src/build/teleop_twist_joy
[19.633s] Level 1:colcon.colcon_core.environment:checking '/home/ys/robot_ws/src/install/teleop_twist_joy' for CMake module files
[19.634s] Level 1:colcon.colcon_core.environment:checking '/home/ys/robot_ws/src/install/teleop_twist_joy' for CMake config files
[19.634s] Level 1:colcon.colcon_core.shell:create_environment_hook('teleop_twist_joy', 'cmake_prefix_path')
[19.635s] INFO:colcon.colcon_core.shell:Creating environment hook '/home/ys/robot_ws/src/install/teleop_twist_joy/share/teleop_twist_joy/hook/cmake_prefix_path.ps1'
[19.636s] INFO:colcon.colcon_core.shell:Creating environment descriptor '/home/ys/robot_ws/src/install/teleop_twist_joy/share/teleop_twist_joy/hook/cmake_prefix_path.dsv'
[19.638s] INFO:colcon.colcon_core.shell:Creating environment hook '/home/ys/robot_ws/src/install/teleop_twist_joy/share/teleop_twist_joy/hook/cmake_prefix_path.sh'
[19.644s] Level 1:colcon.colcon_core.environment:checking '/home/ys/robot_ws/src/install/teleop_twist_joy/lib'
[19.645s] Level 1:colcon.colcon_core.shell:create_environment_hook('teleop_twist_joy', 'ld_library_path_lib')
[19.652s] INFO:colcon.colcon_core.shell:Creating environment hook '/home/ys/robot_ws/src/install/teleop_twist_joy/share/teleop_twist_joy/hook/ld_library_path_lib.ps1'
[19.654s] INFO:colcon.colcon_core.shell:Creating environment descriptor '/home/ys/robot_ws/src/install/teleop_twist_joy/share/teleop_twist_joy/hook/ld_library_path_lib.dsv'
[19.655s] INFO:colcon.colcon_core.shell:Creating environment hook '/home/ys/robot_ws/src/install/teleop_twist_joy/share/teleop_twist_joy/hook/ld_library_path_lib.sh'
[19.656s] Level 1:colcon.colcon_core.environment:checking '/home/ys/robot_ws/src/install/teleop_twist_joy/bin'
[19.657s] Level 1:colcon.colcon_core.environment:checking '/home/ys/robot_ws/src/install/teleop_twist_joy/lib/pkgconfig/teleop_twist_joy.pc'
[19.657s] Level 1:colcon.colcon_core.environment:checking '/home/ys/robot_ws/src/install/teleop_twist_joy/lib/python3.8/site-packages'
[19.659s] INFO:colcon.colcon_core.shell:Creating package script '/home/ys/robot_ws/src/install/teleop_twist_joy/share/teleop_twist_joy/package.ps1'
[19.663s] INFO:colcon.colcon_core.shell:Creating package descriptor '/home/ys/robot_ws/src/install/teleop_twist_joy/share/teleop_twist_joy/package.dsv'
[19.665s] INFO:colcon.colcon_core.shell:Creating package script '/home/ys/robot_ws/src/install/teleop_twist_joy/share/teleop_twist_joy/package.sh'
[19.666s] INFO:colcon.colcon_core.shell:Creating package script '/home/ys/robot_ws/src/install/teleop_twist_joy/share/teleop_twist_joy/package.bash'
[19.670s] INFO:colcon.colcon_core.shell:Creating package script '/home/ys/robot_ws/src/install/teleop_twist_joy/share/teleop_twist_joy/package.zsh'
[19.673s] Level 1:colcon.colcon_core.environment:create_file_with_runtime_dependencies(/home/ys/robot_ws/src/install/teleop_twist_joy/share/colcon-core/packages/teleop_twist_joy)
[19.722s] Level 1:colcon.colcon_core.environment:create_environment_scripts_only(teleop_twist_joy)
[19.724s] Level 1:colcon.colcon_core.environment:checking '/home/ys/robot_ws/src/install/teleop_twist_joy' for CMake module files
[19.726s] Level 1:colcon.colcon_core.environment:checking '/home/ys/robot_ws/src/install/teleop_twist_joy' for CMake config files
[19.726s] Level 1:colcon.colcon_core.shell:create_environment_hook('teleop_twist_joy', 'cmake_prefix_path')
[19.728s] INFO:colcon.colcon_core.shell:Creating environment hook '/home/ys/robot_ws/src/install/teleop_twist_joy/share/teleop_twist_joy/hook/cmake_prefix_path.ps1'
[19.728s] INFO:colcon.colcon_core.shell:Creating environment descriptor '/home/ys/robot_ws/src/install/teleop_twist_joy/share/teleop_twist_joy/hook/cmake_prefix_path.dsv'
[19.729s] INFO:colcon.colcon_core.shell:Creating environment hook '/home/ys/robot_ws/src/install/teleop_twist_joy/share/teleop_twist_joy/hook/cmake_prefix_path.sh'
[19.730s] Level 1:colcon.colcon_core.environment:checking '/home/ys/robot_ws/src/install/teleop_twist_joy/lib'
[19.730s] Level 1:colcon.colcon_core.shell:create_environment_hook('teleop_twist_joy', 'ld_library_path_lib')
[19.731s] INFO:colcon.colcon_core.shell:Creating environment hook '/home/ys/robot_ws/src/install/teleop_twist_joy/share/teleop_twist_joy/hook/ld_library_path_lib.ps1'
[19.731s] INFO:colcon.colcon_core.shell:Creating environment descriptor '/home/ys/robot_ws/src/install/teleop_twist_joy/share/teleop_twist_joy/hook/ld_library_path_lib.dsv'
[19.731s] INFO:colcon.colcon_core.shell:Creating environment hook '/home/ys/robot_ws/src/install/teleop_twist_joy/share/teleop_twist_joy/hook/ld_library_path_lib.sh'
[19.732s] Level 1:colcon.colcon_core.environment:checking '/home/ys/robot_ws/src/install/teleop_twist_joy/bin'
[19.732s] Level 1:colcon.colcon_core.environment:checking '/home/ys/robot_ws/src/install/teleop_twist_joy/lib/pkgconfig/teleop_twist_joy.pc'
[19.732s] Level 1:colcon.colcon_core.environment:checking '/home/ys/robot_ws/src/install/teleop_twist_joy/lib/python3.8/site-packages'
[19.733s] INFO:colcon.colcon_core.shell:Creating package script '/home/ys/robot_ws/src/install/teleop_twist_joy/share/teleop_twist_joy/package.ps1'
[19.734s] INFO:colcon.colcon_core.shell:Creating package descriptor '/home/ys/robot_ws/src/install/teleop_twist_joy/share/teleop_twist_joy/package.dsv'
[19.734s] INFO:colcon.colcon_core.shell:Creating package script '/home/ys/robot_ws/src/install/teleop_twist_joy/share/teleop_twist_joy/package.sh'
[19.735s] INFO:colcon.colcon_core.shell:Creating package script '/home/ys/robot_ws/src/install/teleop_twist_joy/share/teleop_twist_joy/package.bash'
[19.736s] INFO:colcon.colcon_core.shell:Creating package script '/home/ys/robot_ws/src/install/teleop_twist_joy/share/teleop_twist_joy/package.zsh'
[19.736s] Level 1:colcon.colcon_core.environment:create_file_with_runtime_dependencies(/home/ys/robot_ws/src/install/teleop_twist_joy/share/colcon-core/packages/teleop_twist_joy)
[19.738s] INFO:colcon.colcon_ros.task.ament_cmake.build:Building ROS package in '/home/ys/robot_ws/src/test_ros_rclcpp_pkg' with build type 'ament_cmake'
[19.738s] INFO:colcon.colcon_cmake.task.cmake.build:Building CMake package in '/home/ys/robot_ws/src/test_ros_rclcpp_pkg'
[19.739s] INFO:colcon.colcon_core.shell:Skip shell extension 'powershell' for command environment: Not usable outside of PowerShell
[19.739s] DEBUG:colcon.colcon_core.shell:Skip shell extension 'dsv' for command environment
[19.742s] DEBUG:colcon.colcon_core.shell:Ignoring prefix path '/opt/ros/foxy'
[19.764s] DEBUG:colcon.colcon_core.event_handler.log_command:Invoking command in '/home/ys/robot_ws/src/build/test_ros_rclcpp_pkg': CMAKE_PREFIX_PATH=/opt/ros/foxy /usr/bin/cmake /home/ys/robot_ws/src/test_ros_rclcpp_pkg -DCMAKE_INSTALL_PREFIX=/home/ys/robot_ws/src/install/test_ros_rclcpp_pkg
[22.342s] DEBUG:colcon.colcon_core.event_handler.log_command:Invoked command in '/home/ys/robot_ws/src/build/test_ros_rclcpp_pkg' returned '0': CMAKE_PREFIX_PATH=/opt/ros/foxy /usr/bin/cmake /home/ys/robot_ws/src/test_ros_rclcpp_pkg -DCMAKE_INSTALL_PREFIX=/home/ys/robot_ws/src/install/test_ros_rclcpp_pkg
[22.343s] DEBUG:colcon.colcon_core.event_handler.log_command:Invoking command in '/home/ys/robot_ws/src/build/test_ros_rclcpp_pkg': CMAKE_PREFIX_PATH=/opt/ros/foxy /usr/bin/cmake --build /home/ys/robot_ws/src/build/test_ros_rclcpp_pkg -- -j1 -l1
[22.411s] DEBUG:colcon.colcon_core.event_handler.log_command:Invoked command in '/home/ys/robot_ws/src/build/test_ros_rclcpp_pkg' returned '0': CMAKE_PREFIX_PATH=/opt/ros/foxy /usr/bin/cmake --build /home/ys/robot_ws/src/build/test_ros_rclcpp_pkg -- -j1 -l1
[22.441s] DEBUG:colcon.colcon_core.event_handler.log_command:Invoking command in '/home/ys/robot_ws/src/build/test_ros_rclcpp_pkg': CMAKE_PREFIX_PATH=/opt/ros/foxy /usr/bin/cmake --install /home/ys/robot_ws/src/build/test_ros_rclcpp_pkg
[22.463s] Level 1:colcon.colcon_core.environment:create_environment_scripts_only(test_ros_rclcpp_pkg)
[22.465s] Level 1:colcon.colcon_core.environment:checking '/home/ys/robot_ws/src/install/test_ros_rclcpp_pkg' for CMake module files
[22.465s] DEBUG:colcon.colcon_core.event_handler.log_command:Invoked command in '/home/ys/robot_ws/src/build/test_ros_rclcpp_pkg' returned '0': CMAKE_PREFIX_PATH=/opt/ros/foxy /usr/bin/cmake --install /home/ys/robot_ws/src/build/test_ros_rclcpp_pkg
[22.466s] Level 1:colcon.colcon_core.environment:checking '/home/ys/robot_ws/src/install/test_ros_rclcpp_pkg' for CMake config files
[22.466s] Level 1:colcon.colcon_core.shell:create_environment_hook('test_ros_rclcpp_pkg', 'cmake_prefix_path')
[22.467s] INFO:colcon.colcon_core.shell:Creating environment hook '/home/ys/robot_ws/src/install/test_ros_rclcpp_pkg/share/test_ros_rclcpp_pkg/hook/cmake_prefix_path.ps1'
[22.468s] INFO:colcon.colcon_core.shell:Creating environment descriptor '/home/ys/robot_ws/src/install/test_ros_rclcpp_pkg/share/test_ros_rclcpp_pkg/hook/cmake_prefix_path.dsv'
[22.468s] INFO:colcon.colcon_core.shell:Creating environment hook '/home/ys/robot_ws/src/install/test_ros_rclcpp_pkg/share/test_ros_rclcpp_pkg/hook/cmake_prefix_path.sh'
[22.469s] Level 1:colcon.colcon_core.environment:checking '/home/ys/robot_ws/src/install/test_ros_rclcpp_pkg/bin'
[22.469s] Level 1:colcon.colcon_core.environment:checking '/home/ys/robot_ws/src/install/test_ros_rclcpp_pkg/lib/pkgconfig/test_ros_rclcpp_pkg.pc'
[22.469s] Level 1:colcon.colcon_core.environment:checking '/home/ys/robot_ws/src/install/test_ros_rclcpp_pkg/lib/python3.8/site-packages'
[22.470s] INFO:colcon.colcon_core.shell:Creating package script '/home/ys/robot_ws/src/install/test_ros_rclcpp_pkg/share/test_ros_rclcpp_pkg/package.ps1'
[22.470s] INFO:colcon.colcon_core.shell:Creating package descriptor '/home/ys/robot_ws/src/install/test_ros_rclcpp_pkg/share/test_ros_rclcpp_pkg/package.dsv'
[22.471s] INFO:colcon.colcon_core.shell:Creating package script '/home/ys/robot_ws/src/install/test_ros_rclcpp_pkg/share/test_ros_rclcpp_pkg/package.sh'
[22.471s] INFO:colcon.colcon_core.shell:Creating package script '/home/ys/robot_ws/src/install/test_ros_rclcpp_pkg/share/test_ros_rclcpp_pkg/package.bash'
[22.472s] INFO:colcon.colcon_core.shell:Creating package script '/home/ys/robot_ws/src/install/test_ros_rclcpp_pkg/share/test_ros_rclcpp_pkg/package.zsh'
[22.472s] Level 1:colcon.colcon_core.environment:create_file_with_runtime_dependencies(/home/ys/robot_ws/src/install/test_ros_rclcpp_pkg/share/colcon-core/packages/test_ros_rclcpp_pkg)
[22.504s] Level 1:colcon.colcon_core.environment:create_environment_scripts_only(test_ros_rclcpp_pkg)
[22.506s] Level 1:colcon.colcon_core.environment:checking '/home/ys/robot_ws/src/install/test_ros_rclcpp_pkg' for CMake module files
[22.507s] Level 1:colcon.colcon_core.environment:checking '/home/ys/robot_ws/src/install/test_ros_rclcpp_pkg' for CMake config files
[22.507s] Level 1:colcon.colcon_core.shell:create_environment_hook('test_ros_rclcpp_pkg', 'cmake_prefix_path')
[22.508s] INFO:colcon.colcon_core.shell:Creating environment hook '/home/ys/robot_ws/src/install/test_ros_rclcpp_pkg/share/test_ros_rclcpp_pkg/hook/cmake_prefix_path.ps1'
[22.508s] INFO:colcon.colcon_core.shell:Creating environment descriptor '/home/ys/robot_ws/src/install/test_ros_rclcpp_pkg/share/test_ros_rclcpp_pkg/hook/cmake_prefix_path.dsv'
[22.509s] INFO:colcon.colcon_core.shell:Creating environment hook '/home/ys/robot_ws/src/install/test_ros_rclcpp_pkg/share/test_ros_rclcpp_pkg/hook/cmake_prefix_path.sh'
[22.510s] Level 1:colcon.colcon_core.environment:checking '/home/ys/robot_ws/src/install/test_ros_rclcpp_pkg/bin'
[22.510s] Level 1:colcon.colcon_core.environment:checking '/home/ys/robot_ws/src/install/test_ros_rclcpp_pkg/lib/pkgconfig/test_ros_rclcpp_pkg.pc'
[22.510s] Level 1:colcon.colcon_core.environment:checking '/home/ys/robot_ws/src/install/test_ros_rclcpp_pkg/lib/python3.8/site-packages'
[22.511s] INFO:colcon.colcon_core.shell:Creating package script '/home/ys/robot_ws/src/install/test_ros_rclcpp_pkg/share/test_ros_rclcpp_pkg/package.ps1'
[22.511s] INFO:colcon.colcon_core.shell:Creating package descriptor '/home/ys/robot_ws/src/install/test_ros_rclcpp_pkg/share/test_ros_rclcpp_pkg/package.dsv'
[22.512s] INFO:colcon.colcon_core.shell:Creating package script '/home/ys/robot_ws/src/install/test_ros_rclcpp_pkg/share/test_ros_rclcpp_pkg/package.sh'
[22.513s] INFO:colcon.colcon_core.shell:Creating package script '/home/ys/robot_ws/src/install/test_ros_rclcpp_pkg/share/test_ros_rclcpp_pkg/package.bash'
[22.513s] INFO:colcon.colcon_core.shell:Creating package script '/home/ys/robot_ws/src/install/test_ros_rclcpp_pkg/share/test_ros_rclcpp_pkg/package.zsh'
[22.514s] Level 1:colcon.colcon_core.environment:create_file_with_runtime_dependencies(/home/ys/robot_ws/src/install/test_ros_rclcpp_pkg/share/colcon-core/packages/test_ros_rclcpp_pkg)
[22.515s] INFO:colcon.colcon_ros.task.ament_python.build:Building ROS package in '/home/ys/robot_ws/src/test_rs_rclpy_pkg' with build type 'ament_python'
[22.515s] Level 1:colcon.colcon_core.shell:create_environment_hook('test_rs_rclpy_pkg', 'ament_prefix_path')
[22.516s] INFO:colcon.colcon_core.shell:Creating environment hook '/home/ys/robot_ws/src/install/test_rs_rclpy_pkg/share/test_rs_rclpy_pkg/hook/ament_prefix_path.ps1'
[22.517s] INFO:colcon.colcon_core.shell:Creating environment descriptor '/home/ys/robot_ws/src/install/test_rs_rclpy_pkg/share/test_rs_rclpy_pkg/hook/ament_prefix_path.dsv'
[22.517s] INFO:colcon.colcon_core.shell:Creating environment hook '/home/ys/robot_ws/src/install/test_rs_rclpy_pkg/share/test_rs_rclpy_pkg/hook/ament_prefix_path.sh'
[22.518s] INFO:colcon.colcon_core.shell:Skip shell extension 'powershell' for command environment: Not usable outside of PowerShell
[22.518s] DEBUG:colcon.colcon_core.shell:Skip shell extension 'dsv' for command environment
[22.520s] DEBUG:colcon.colcon_core.shell:Ignoring prefix path '/opt/ros/foxy'
[22.972s] INFO:colcon.colcon_core.task.python.build:Building Python package in '/home/ys/robot_ws/src/test_rs_rclpy_pkg'
[22.975s] INFO:colcon.colcon_core.shell:Skip shell extension 'powershell' for command environment: Not usable outside of PowerShell
[22.975s] DEBUG:colcon.colcon_core.shell:Skip shell extension 'dsv' for command environment
[22.977s] DEBUG:colcon.colcon_core.shell:Ignoring prefix path '/opt/ros/foxy'
[22.985s] DEBUG:colcon.colcon_core.event_handler.log_command:Invoking command in '/home/ys/robot_ws/src/test_rs_rclpy_pkg': PYTHONPATH=/home/ys/robot_ws/src/install/test_rs_rclpy_pkg/lib/python3.8/site-packages:${PYTHONPATH} /usr/bin/python3 setup.py egg_info --egg-base ../build/test_rs_rclpy_pkg build --build-base /home/ys/robot_ws/src/build/test_rs_rclpy_pkg/build install --prefix /home/ys/robot_ws/src/install/test_rs_rclpy_pkg --record /home/ys/robot_ws/src/build/test_rs_rclpy_pkg/install.log --single-version-externally-managed
[23.577s] Level 1:colcon.colcon_core.environment:checking '/home/ys/robot_ws/src/install/test_rs_rclpy_pkg' for CMake module files
[23.578s] DEBUG:colcon.colcon_core.event_handler.log_command:Invoked command in '/home/ys/robot_ws/src/test_rs_rclpy_pkg' returned '0': PYTHONPATH=/home/ys/robot_ws/src/install/test_rs_rclpy_pkg/lib/python3.8/site-packages:${PYTHONPATH} /usr/bin/python3 setup.py egg_info --egg-base ../build/test_rs_rclpy_pkg build --build-base /home/ys/robot_ws/src/build/test_rs_rclpy_pkg/build install --prefix /home/ys/robot_ws/src/install/test_rs_rclpy_pkg --record /home/ys/robot_ws/src/build/test_rs_rclpy_pkg/install.log --single-version-externally-managed
[23.579s] Level 1:colcon.colcon_core.environment:checking '/home/ys/robot_ws/src/install/test_rs_rclpy_pkg' for CMake config files
[23.579s] Level 1:colcon.colcon_core.environment:checking '/home/ys/robot_ws/src/install/test_rs_rclpy_pkg/lib'
[23.579s] Level 1:colcon.colcon_core.environment:checking '/home/ys/robot_ws/src/install/test_rs_rclpy_pkg/bin'
[23.579s] Level 1:colcon.colcon_core.environment:checking '/home/ys/robot_ws/src/install/test_rs_rclpy_pkg/lib/pkgconfig/test_rs_rclpy_pkg.pc'
[23.580s] Level 1:colcon.colcon_core.environment:checking '/home/ys/robot_ws/src/install/test_rs_rclpy_pkg/lib/python3.8/site-packages'
[23.580s] Level 1:colcon.colcon_core.shell:create_environment_hook('test_rs_rclpy_pkg', 'pythonpath')
[23.581s] INFO:colcon.colcon_core.shell:Creating environment hook '/home/ys/robot_ws/src/install/test_rs_rclpy_pkg/share/test_rs_rclpy_pkg/hook/pythonpath.ps1'
[23.581s] INFO:colcon.colcon_core.shell:Creating environment descriptor '/home/ys/robot_ws/src/install/test_rs_rclpy_pkg/share/test_rs_rclpy_pkg/hook/pythonpath.dsv'
[23.581s] INFO:colcon.colcon_core.shell:Creating environment hook '/home/ys/robot_ws/src/install/test_rs_rclpy_pkg/share/test_rs_rclpy_pkg/hook/pythonpath.sh'
[23.582s] Level 1:colcon.colcon_core.environment:create_environment_scripts_only(test_rs_rclpy_pkg)
[23.583s] INFO:colcon.colcon_core.shell:Creating package script '/home/ys/robot_ws/src/install/test_rs_rclpy_pkg/share/test_rs_rclpy_pkg/package.ps1'
[23.583s] INFO:colcon.colcon_core.shell:Creating package descriptor '/home/ys/robot_ws/src/install/test_rs_rclpy_pkg/share/test_rs_rclpy_pkg/package.dsv'
[23.584s] INFO:colcon.colcon_core.shell:Creating package script '/home/ys/robot_ws/src/install/test_rs_rclpy_pkg/share/test_rs_rclpy_pkg/package.sh'
[23.584s] INFO:colcon.colcon_core.shell:Creating package script '/home/ys/robot_ws/src/install/test_rs_rclpy_pkg/share/test_rs_rclpy_pkg/package.bash'
[23.584s] INFO:colcon.colcon_core.shell:Creating package script '/home/ys/robot_ws/src/install/test_rs_rclpy_pkg/share/test_rs_rclpy_pkg/package.zsh'
[23.585s] Level 1:colcon.colcon_core.environment:create_file_with_runtime_dependencies(/home/ys/robot_ws/src/install/test_rs_rclpy_pkg/share/colcon-core/packages/test_rs_rclpy_pkg)
[23.586s] DEBUG:colcon.colcon_parallel_executor.executor.parallel:closing loop
[23.586s] DEBUG:colcon.colcon_parallel_executor.executor.parallel:loop closed
[23.586s] DEBUG:colcon.colcon_parallel_executor.executor.parallel:run_until_complete finished with '0'
[23.586s] DEBUG:colcon.colcon_core.event_reactor:joining thread
[23.622s] INFO:colcon.colcon_core.plugin_system:Skipping extension 'colcon_notification.desktop_notification.terminal_notifier': Not used on non-Darwin systems
[23.622s] INFO:colcon.colcon_core.plugin_system:Skipping extension 'colcon_notification.desktop_notification.win32': Not used on non-Windows systems
[23.622s] INFO:colcon.colcon_notification.desktop_notification:Sending desktop notification using 'notify2'
[23.657s] DEBUG:colcon.colcon_core.event_reactor:joined thread
[23.659s] INFO:colcon.colcon_core.shell:Creating prefix script '/home/ys/robot_ws/src/install/local_setup.ps1'
[23.661s] INFO:colcon.colcon_core.shell:Creating prefix util module '/home/ys/robot_ws/src/install/_local_setup_util_ps1.py'
[23.663s] INFO:colcon.colcon_core.shell:Creating prefix chain script '/home/ys/robot_ws/src/install/setup.ps1'
[23.674s] INFO:colcon.colcon_core.shell:Creating prefix script '/home/ys/robot_ws/src/install/local_setup.sh'
[23.678s] INFO:colcon.colcon_core.shell:Creating prefix util module '/home/ys/robot_ws/src/install/_local_setup_util_sh.py'
[23.679s] INFO:colcon.colcon_core.shell:Creating prefix chain script '/home/ys/robot_ws/src/install/setup.sh'
[23.691s] INFO:colcon.colcon_core.shell:Creating prefix script '/home/ys/robot_ws/src/install/local_setup.bash'
[23.695s] INFO:colcon.colcon_core.shell:Creating prefix chain script '/home/ys/robot_ws/src/install/setup.bash'
[23.704s] INFO:colcon.colcon_core.shell:Creating prefix script '/home/ys/robot_ws/src/install/local_setup.zsh'
[23.706s] INFO:colcon.colcon_core.shell:Creating prefix chain script '/home/ys/robot_ws/src/install/setup.zsh'
