-- The C compiler identification is GNU 9.3.0
-- The CXX compiler identification is GNU 9.3.0
-- Check for working C compiler: /usr/bin/cc
-- Check for working C compiler: /usr/bin/cc -- works
-- Detecting C compiler ABI info
-- Detecting C compiler ABI info - done
-- Detecting C compile features
-- Detecting C compile features - done
-- Check for working CXX compiler: /usr/bin/c++
-- Check for working CXX compiler: /usr/bin/c++ -- works
-- Detecting CXX compiler ABI info
-- Detecting CXX compiler ABI info - done
-- Detecting CXX compile features
-- Detecting CXX compile features - done
-- Found ament_cmake: 0.9.9 (/opt/ros/foxy/share/ament_cmake/cmake)
-- Found PythonInterp: /usr/bin/python3 (found suitable version "3.8.10", minimum required is "3") 
-- Using PYTHON_EXECUTABLE: /usr/bin/python3
-- Override CMake install command with custom implementation using symlinks instead of copying resources
-- Found rosidl_default_generators: 1.0.1 (/opt/ros/foxy/share/rosidl_default_generators/cmake)
-- Using all available rosidl_typesupport_c: rosidl_typesupport_fastrtps_c;rosidl_typesupport_introspection_c
-- Found rosidl_adapter: 1.2.1 (/opt/ros/foxy/share/rosidl_adapter/cmake)
-- Found OpenSSL: /usr/lib/x86_64-linux-gnu/libcrypto.so (found version "1.1.1f")  
-- Found FastRTPS: /opt/ros/foxy/include  
-- Using all available rosidl_typesupport_cpp: rosidl_typesupport_fastrtps_cpp;rosidl_typesupport_introspection_cpp
-- Found PythonInterp: /usr/bin/python3 (found version "3.8.10") 
-- Found ament_cmake_ros: 0.9.2 (/opt/ros/foxy/share/ament_cmake_ros/cmake)
-- Using all available rosidl_typesupport_c: rosidl_typesupport_fastrtps_c;rosidl_typesupport_introspection_c
-- Using all available rosidl_typesupport_cpp: rosidl_typesupport_fastrtps_cpp;rosidl_typesupport_introspection_cpp
-- Found PythonInterp: /usr/bin/python3 (found suitable version "3.8.10", minimum required is "3.5") 
-- Found python_cmake_module: 0.8.1 (/opt/ros/foxy/share/python_cmake_module/cmake)
-- Found PythonLibs: /usr/lib/x86_64-linux-gnu/libpython3.8.so (found suitable version "3.8.10", minimum required is "3.5") 
-- Using PYTHON_EXECUTABLE: /usr/bin/python3
-- Using PYTHON_INCLUDE_DIRS: /usr/include/python3.8
-- Using PYTHON_LIBRARIES: /usr/lib/x86_64-linux-gnu/libpython3.8.so
-- Found PythonExtra: .so  
-- Found ament_lint_auto: 0.9.6 (/opt/ros/foxy/share/ament_lint_auto/cmake)
-- Added test 'copyright' to check source files copyright and LICENSE
-- Added test 'lint_cmake' to check CMake code style
-- Added test 'xmllint' to check XML markup files
-- Configuring done
-- Generating done
-- Build files have been written to: /home/ys/robot_ws/build/my_interface_example
[35m[1mScanning dependencies of target my_interface_example__cpp[0m
[  2%] [34m[1mGenerating C++ code for ROS interfaces[0m
[  2%] Built target my_interface_example__cpp
[  5%] [34m[1mGenerating C++ introspection for ROS interfaces[0m
[35m[1mScanning dependencies of target my_interface_example__rosidl_typesupport_introspection_cpp[0m
[  7%] [32mBuilding CXX object CMakeFiles/my_interface_example__rosidl_typesupport_introspection_cpp.dir/rosidl_typesupport_introspection_cpp/my_interface_example/msg/detail/num__type_support.cpp.o[0m
[ 10%] [32mBuilding CXX object CMakeFiles/my_interface_example__rosidl_typesupport_introspection_cpp.dir/rosidl_typesupport_introspection_cpp/my_interface_example/srv/detail/add_three_ints__type_support.cpp.o[0m
[ 12%] [32m[1mLinking CXX shared library libmy_interface_example__rosidl_typesupport_introspection_cpp.so[0m
[ 12%] Built target my_interface_example__rosidl_typesupport_introspection_cpp
[ 15%] [34m[1mGenerating C++ type support dispatch for ROS interfaces[0m
[35m[1mScanning dependencies of target my_interface_example__rosidl_typesupport_cpp[0m
[ 17%] [32mBuilding CXX object CMakeFiles/my_interface_example__rosidl_typesupport_cpp.dir/rosidl_typesupport_cpp/my_interface_example/msg/num__type_support.cpp.o[0m
[ 20%] [32mBuilding CXX object CMakeFiles/my_interface_example__rosidl_typesupport_cpp.dir/rosidl_typesupport_cpp/my_interface_example/srv/add_three_ints__type_support.cpp.o[0m
[ 23%] [32m[1mLinking CXX shared library libmy_interface_example__rosidl_typesupport_cpp.so[0m
[ 23%] Built target my_interface_example__rosidl_typesupport_cpp
[ 25%] [34m[1mGenerating C code for ROS interfaces[0m
[35m[1mScanning dependencies of target my_interface_example__rosidl_generator_c[0m
[ 28%] [32mBuilding C object CMakeFiles/my_interface_example__rosidl_generator_c.dir/rosidl_generator_c/my_interface_example/msg/detail/num__functions.c.o[0m
[ 30%] [32mBuilding C object CMakeFiles/my_interface_example__rosidl_generator_c.dir/rosidl_generator_c/my_interface_example/srv/detail/add_three_ints__functions.c.o[0m
[ 33%] [32m[1mLinking C shared library libmy_interface_example__rosidl_generator_c.so[0m
[ 33%] Built target my_interface_example__rosidl_generator_c
[ 35%] [34m[1mGenerating C++ type support for eProsima Fast-RTPS[0m
[35m[1mScanning dependencies of target my_interface_example__rosidl_typesupport_fastrtps_cpp[0m
[ 38%] [32mBuilding CXX object CMakeFiles/my_interface_example__rosidl_typesupport_fastrtps_cpp.dir/rosidl_typesupport_fastrtps_cpp/my_interface_example/msg/detail/dds_fastrtps/num__type_support.cpp.o[0m
[ 41%] [32mBuilding CXX object CMakeFiles/my_interface_example__rosidl_typesupport_fastrtps_cpp.dir/rosidl_typesupport_fastrtps_cpp/my_interface_example/srv/detail/dds_fastrtps/add_three_ints__type_support.cpp.o[0m
[ 43%] [32m[1mLinking CXX shared library libmy_interface_example__rosidl_typesupport_fastrtps_cpp.so[0m
[ 43%] Built target my_interface_example__rosidl_typesupport_fastrtps_cpp
[ 46%] [34m[1mGenerating C type support for eProsima Fast-RTPS[0m
[35m[1mScanning dependencies of target my_interface_example__rosidl_typesupport_fastrtps_c[0m
[ 48%] [32mBuilding CXX object CMakeFiles/my_interface_example__rosidl_typesupport_fastrtps_c.dir/rosidl_typesupport_fastrtps_c/my_interface_example/msg/detail/num__type_support_c.cpp.o[0m
[ 51%] [32mBuilding CXX object CMakeFiles/my_interface_example__rosidl_typesupport_fastrtps_c.dir/rosidl_typesupport_fastrtps_c/my_interface_example/srv/detail/add_three_ints__type_support_c.cpp.o[0m
[ 53%] [32m[1mLinking CXX shared library libmy_interface_example__rosidl_typesupport_fastrtps_c.so[0m
[ 53%] Built target my_interface_example__rosidl_typesupport_fastrtps_c
[ 56%] [34m[1mGenerating C introspection for ROS interfaces[0m
[35m[1mScanning dependencies of target my_interface_example__rosidl_typesupport_introspection_c[0m
[ 58%] [32mBuilding C object CMakeFiles/my_interface_example__rosidl_typesupport_introspection_c.dir/rosidl_typesupport_introspection_c/my_interface_example/msg/detail/num__type_support.c.o[0m
[ 61%] [32mBuilding C object CMakeFiles/my_interface_example__rosidl_typesupport_introspection_c.dir/rosidl_typesupport_introspection_c/my_interface_example/srv/detail/add_three_ints__type_support.c.o[0m
[ 64%] [32m[1mLinking C shared library libmy_interface_example__rosidl_typesupport_introspection_c.so[0m
[ 64%] Built target my_interface_example__rosidl_typesupport_introspection_c
[ 66%] [34m[1mGenerating C type support dispatch for ROS interfaces[0m
[35m[1mScanning dependencies of target my_interface_example__rosidl_typesupport_c[0m
[ 69%] [32mBuilding CXX object CMakeFiles/my_interface_example__rosidl_typesupport_c.dir/rosidl_typesupport_c/my_interface_example/msg/num__type_support.cpp.o[0m
[ 71%] [32mBuilding CXX object CMakeFiles/my_interface_example__rosidl_typesupport_c.dir/rosidl_typesupport_c/my_interface_example/srv/add_three_ints__type_support.cpp.o[0m
[ 74%] [32m[1mLinking CXX shared library libmy_interface_example__rosidl_typesupport_c.so[0m
[ 74%] Built target my_interface_example__rosidl_typesupport_c
[35m[1mScanning dependencies of target my_interface_example[0m
[ 74%] Built target my_interface_example
[35m[1mScanning dependencies of target my_interface_example__py[0m
[ 76%] [34m[1mGenerating Python code for ROS interfaces[0m
[ 76%] Built target my_interface_example__py
[35m[1mScanning dependencies of target my_interface_example__python[0m
[ 79%] [32mBuilding C object CMakeFiles/my_interface_example__python.dir/rosidl_generator_py/my_interface_example/msg/_num_s.c.o[0m
[ 82%] [32mBuilding C object CMakeFiles/my_interface_example__python.dir/rosidl_generator_py/my_interface_example/srv/_add_three_ints_s.c.o[0m
[ 84%] [32m[1mLinking C shared library rosidl_generator_py/my_interface_example/libmy_interface_example__python.so[0m
[ 84%] Built target my_interface_example__python
[35m[1mScanning dependencies of target my_interface_example__rosidl_typesupport_introspection_c__pyext[0m
[ 87%] [32mBuilding C object CMakeFiles/my_interface_example__rosidl_typesupport_introspection_c__pyext.dir/rosidl_generator_py/my_interface_example/_my_interface_example_s.ep.rosidl_typesupport_introspection_c.c.o[0m
[ 89%] [32m[1mLinking C shared library rosidl_generator_py/my_interface_example/my_interface_example_s__rosidl_typesupport_introspection_c.cpython-38-x86_64-linux-gnu.so[0m
[ 89%] Built target my_interface_example__rosidl_typesupport_introspection_c__pyext
[35m[1mScanning dependencies of target my_interface_example__rosidl_typesupport_fastrtps_c__pyext[0m
[ 92%] [32mBuilding C object CMakeFiles/my_interface_example__rosidl_typesupport_fastrtps_c__pyext.dir/rosidl_generator_py/my_interface_example/_my_interface_example_s.ep.rosidl_typesupport_fastrtps_c.c.o[0m
[ 94%] [32m[1mLinking CXX shared library rosidl_generator_py/my_interface_example/my_interface_example_s__rosidl_typesupport_fastrtps_c.cpython-38-x86_64-linux-gnu.so[0m
[ 94%] Built target my_interface_example__rosidl_typesupport_fastrtps_c__pyext
[35m[1mScanning dependencies of target my_interface_example__rosidl_typesupport_c__pyext[0m
[ 97%] [32mBuilding C object CMakeFiles/my_interface_example__rosidl_typesupport_c__pyext.dir/rosidl_generator_py/my_interface_example/_my_interface_example_s.ep.rosidl_typesupport_c.c.o[0m
[100%] [32m[1mLinking C shared library rosidl_generator_py/my_interface_example/my_interface_example_s__rosidl_typesupport_c.cpython-38-x86_64-linux-gnu.so[0m
[100%] Built target my_interface_example__rosidl_typesupport_c__pyext
-- Install configuration: ""
-- Execute custom install script
-- Symlinking: /home/ys/robot_ws/install/my_interface_example/share/ament_index/resource_index/rosidl_interfaces/my_interface_example
-- Symlinking: /home/ys/robot_ws/install/my_interface_example/include/my_interface_example/msg/detail/num__functions.h
-- Symlinking: /home/ys/robot_ws/install/my_interface_example/include/my_interface_example/msg/detail/num__struct.h
-- Symlinking: /home/ys/robot_ws/install/my_interface_example/include/my_interface_example/msg/detail/num__type_support.h
-- Symlinking: /home/ys/robot_ws/install/my_interface_example/include/my_interface_example/msg/num.h
-- Symlinking: /home/ys/robot_ws/install/my_interface_example/include/my_interface_example/msg/rosidl_generator_c__visibility_control.h
-- Symlinking: /home/ys/robot_ws/install/my_interface_example/include/my_interface_example/srv/add_three_ints.h
-- Symlinking: /home/ys/robot_ws/install/my_interface_example/include/my_interface_example/srv/detail/add_three_ints__functions.h
-- Symlinking: /home/ys/robot_ws/install/my_interface_example/include/my_interface_example/srv/detail/add_three_ints__struct.h
-- Symlinking: /home/ys/robot_ws/install/my_interface_example/include/my_interface_example/srv/detail/add_three_ints__type_support.h
-- Symlinking: /home/ys/robot_ws/install/my_interface_example/share/my_interface_example/environment/library_path.sh
-- Symlinking: /home/ys/robot_ws/install/my_interface_example/share/my_interface_example/environment/library_path.dsv
-- Symlinking: /home/ys/robot_ws/install/my_interface_example/include/my_interface_example/msg/detail/num__rosidl_typesupport_fastrtps_c.h
-- Symlinking: /home/ys/robot_ws/install/my_interface_example/include/my_interface_example/msg/rosidl_typesupport_fastrtps_c__visibility_control.h
-- Symlinking: /home/ys/robot_ws/install/my_interface_example/include/my_interface_example/srv/detail/add_three_ints__rosidl_typesupport_fastrtps_c.h
-- Symlinking: /home/ys/robot_ws/install/my_interface_example/lib/libmy_interface_example__rosidl_typesupport_fastrtps_c.so
-- Symlinking: /home/ys/robot_ws/install/my_interface_example/include/my_interface_example/msg/detail/num__rosidl_typesupport_fastrtps_cpp.hpp
-- Symlinking: /home/ys/robot_ws/install/my_interface_example/include/my_interface_example/msg/rosidl_typesupport_fastrtps_cpp__visibility_control.h
-- Symlinking: /home/ys/robot_ws/install/my_interface_example/include/my_interface_example/srv/detail/add_three_ints__rosidl_typesupport_fastrtps_cpp.hpp
-- Symlinking: /home/ys/robot_ws/install/my_interface_example/lib/libmy_interface_example__rosidl_typesupport_fastrtps_cpp.so
-- Symlinking: /home/ys/robot_ws/install/my_interface_example/include/my_interface_example/msg/detail/num__rosidl_typesupport_introspection_c.h
-- Symlinking: /home/ys/robot_ws/install/my_interface_example/include/my_interface_example/msg/rosidl_typesupport_introspection_c__visibility_control.h
-- Symlinking: /home/ys/robot_ws/install/my_interface_example/include/my_interface_example/srv/detail/add_three_ints__rosidl_typesupport_introspection_c.h
-- Symlinking: /home/ys/robot_ws/install/my_interface_example/include/my_interface_example/msg/detail/num__builder.hpp
-- Symlinking: /home/ys/robot_ws/install/my_interface_example/include/my_interface_example/msg/detail/num__struct.hpp
-- Symlinking: /home/ys/robot_ws/install/my_interface_example/include/my_interface_example/msg/detail/num__traits.hpp
-- Symlinking: /home/ys/robot_ws/install/my_interface_example/include/my_interface_example/msg/num.hpp
-- Symlinking: /home/ys/robot_ws/install/my_interface_example/include/my_interface_example/srv/add_three_ints.hpp
-- Symlinking: /home/ys/robot_ws/install/my_interface_example/include/my_interface_example/srv/detail/add_three_ints__builder.hpp
-- Symlinking: /home/ys/robot_ws/install/my_interface_example/include/my_interface_example/srv/detail/add_three_ints__struct.hpp
-- Symlinking: /home/ys/robot_ws/install/my_interface_example/include/my_interface_example/srv/detail/add_three_ints__traits.hpp
-- Symlinking: /home/ys/robot_ws/install/my_interface_example/include/my_interface_example/msg/detail/num__rosidl_typesupport_introspection_cpp.hpp
-- Symlinking: /home/ys/robot_ws/install/my_interface_example/include/my_interface_example/srv/detail/add_three_ints__rosidl_typesupport_introspection_cpp.hpp
-- Symlinking: /home/ys/robot_ws/install/my_interface_example/share/my_interface_example/environment/pythonpath.sh
-- Symlinking: /home/ys/robot_ws/install/my_interface_example/share/my_interface_example/environment/pythonpath.dsv
-- Symlinking: /home/ys/robot_ws/install/my_interface_example/lib/python3.8/site-packages/my_interface_example/__init__.py
-- Symlinking: /home/ys/robot_ws/install/my_interface_example/lib/python3.8/site-packages/my_interface_example/msg/__init__.py
-- Symlinking: /home/ys/robot_ws/install/my_interface_example/lib/python3.8/site-packages/my_interface_example/msg/_num.py
-- Symlinking: /home/ys/robot_ws/install/my_interface_example/lib/python3.8/site-packages/my_interface_example/srv/__init__.py
-- Symlinking: /home/ys/robot_ws/install/my_interface_example/lib/python3.8/site-packages/my_interface_example/srv/_add_three_ints.py
-- Symlinking: /home/ys/robot_ws/install/my_interface_example/lib/python3.8/site-packages/my_interface_example/my_interface_example_s__rosidl_typesupport_fastrtps_c.cpython-38-x86_64-linux-gnu.so
-- Symlinking: /home/ys/robot_ws/install/my_interface_example/lib/python3.8/site-packages/my_interface_example/my_interface_example_s__rosidl_typesupport_introspection_c.cpython-38-x86_64-linux-gnu.so
-- Symlinking: /home/ys/robot_ws/install/my_interface_example/lib/python3.8/site-packages/my_interface_example/my_interface_example_s__rosidl_typesupport_c.cpython-38-x86_64-linux-gnu.so
-- Symlinking: /home/ys/robot_ws/install/my_interface_example/lib/libmy_interface_example__python.so
-- Symlinking: /home/ys/robot_ws/install/my_interface_example/share/my_interface_example/msg/Num.idl
-- Symlinking: /home/ys/robot_ws/install/my_interface_example/share/my_interface_example/srv/AddThreeInts.idl
-- Symlinking: /home/ys/robot_ws/install/my_interface_example/share/my_interface_example/msg/Num.msg
-- Symlinking: /home/ys/robot_ws/install/my_interface_example/share/my_interface_example/srv/AddThreeInts.srv
-- Symlinking: /home/ys/robot_ws/install/my_interface_example/share/my_interface_example/srv/AddThreeInts_Request.msg
-- Symlinking: /home/ys/robot_ws/install/my_interface_example/share/my_interface_example/srv/AddThreeInts_Response.msg
-- Symlinking: /home/ys/robot_ws/install/my_interface_example/share/ament_index/resource_index/package_run_dependencies/my_interface_example
-- Symlinking: /home/ys/robot_ws/install/my_interface_example/share/ament_index/resource_index/parent_prefix_path/my_interface_example
-- Symlinking: /home/ys/robot_ws/install/my_interface_example/share/my_interface_example/environment/ament_prefix_path.sh
-- Symlinking: /home/ys/robot_ws/install/my_interface_example/share/my_interface_example/environment/ament_prefix_path.dsv
-- Symlinking: /home/ys/robot_ws/install/my_interface_example/share/my_interface_example/environment/path.sh
-- Symlinking: /home/ys/robot_ws/install/my_interface_example/share/my_interface_example/environment/path.dsv
-- Symlinking: /home/ys/robot_ws/install/my_interface_example/share/my_interface_example/local_setup.bash
-- Symlinking: /home/ys/robot_ws/install/my_interface_example/share/my_interface_example/local_setup.sh
-- Symlinking: /home/ys/robot_ws/install/my_interface_example/share/my_interface_example/local_setup.zsh
-- Symlinking: /home/ys/robot_ws/install/my_interface_example/share/my_interface_example/local_setup.dsv
-- Symlinking: /home/ys/robot_ws/install/my_interface_example/share/my_interface_example/package.dsv
-- Symlinking: /home/ys/robot_ws/install/my_interface_example/share/ament_index/resource_index/packages/my_interface_example
-- Symlinking: /home/ys/robot_ws/install/my_interface_example/share/my_interface_example/cmake/rosidl_cmake-extras.cmake
-- Symlinking: /home/ys/robot_ws/install/my_interface_example/share/my_interface_example/cmake/ament_cmake_export_dependencies-extras.cmake
-- Symlinking: /home/ys/robot_ws/install/my_interface_example/share/my_interface_example/cmake/ament_cmake_export_libraries-extras.cmake
-- Symlinking: /home/ys/robot_ws/install/my_interface_example/share/my_interface_example/cmake/ament_cmake_export_targets-extras.cmake
-- Symlinking: /home/ys/robot_ws/install/my_interface_example/share/my_interface_example/cmake/ament_cmake_export_include_directories-extras.cmake
-- Symlinking: /home/ys/robot_ws/install/my_interface_example/share/my_interface_example/cmake/rosidl_cmake_export_typesupport_libraries-extras.cmake
-- Symlinking: /home/ys/robot_ws/install/my_interface_example/share/my_interface_example/cmake/rosidl_cmake_export_typesupport_targets-extras.cmake
-- Symlinking: /home/ys/robot_ws/install/my_interface_example/share/my_interface_example/cmake/my_interface_exampleConfig.cmake
-- Symlinking: /home/ys/robot_ws/install/my_interface_example/share/my_interface_example/cmake/my_interface_exampleConfig-version.cmake
-- Symlinking: /home/ys/robot_ws/install/my_interface_example/share/my_interface_example/package.xml
-- Installing: /home/ys/robot_ws/install/my_interface_example/lib/libmy_interface_example__rosidl_generator_c.so
-- Set runtime path of "/home/ys/robot_ws/install/my_interface_example/lib/libmy_interface_example__rosidl_generator_c.so" to ""
-- Installing: /home/ys/robot_ws/install/my_interface_example/lib/libmy_interface_example__rosidl_typesupport_introspection_c.so
-- Set runtime path of "/home/ys/robot_ws/install/my_interface_example/lib/libmy_interface_example__rosidl_typesupport_introspection_c.so" to ""
-- Installing: /home/ys/robot_ws/install/my_interface_example/lib/libmy_interface_example__rosidl_typesupport_c.so
-- Set runtime path of "/home/ys/robot_ws/install/my_interface_example/lib/libmy_interface_example__rosidl_typesupport_c.so" to ""
-- Installing: /home/ys/robot_ws/install/my_interface_example/lib/libmy_interface_example__rosidl_typesupport_introspection_cpp.so
-- Set runtime path of "/home/ys/robot_ws/install/my_interface_example/lib/libmy_interface_example__rosidl_typesupport_introspection_cpp.so" to ""
-- Installing: /home/ys/robot_ws/install/my_interface_example/lib/libmy_interface_example__rosidl_typesupport_cpp.so
-- Set runtime path of "/home/ys/robot_ws/install/my_interface_example/lib/libmy_interface_example__rosidl_typesupport_cpp.so" to ""
Compiling '/home/ys/robot_ws/install/my_interface_example/lib/python3.8/site-packages/my_interface_example/__init__.py'...
-- Installing: /home/ys/robot_ws/install/my_interface_example/share/my_interface_example/cmake/my_interface_example__rosidl_generator_cExport.cmake
-- Installing: /home/ys/robot_ws/install/my_interface_example/share/my_interface_example/cmake/my_interface_example__rosidl_generator_cExport-noconfig.cmake
-- Installing: /home/ys/robot_ws/install/my_interface_example/share/my_interface_example/cmake/my_interface_example__rosidl_typesupport_introspection_cExport.cmake
-- Installing: /home/ys/robot_ws/install/my_interface_example/share/my_interface_example/cmake/my_interface_example__rosidl_typesupport_introspection_cExport-noconfig.cmake
-- Installing: /home/ys/robot_ws/install/my_interface_example/share/my_interface_example/cmake/my_interface_example__rosidl_typesupport_cExport.cmake
-- Installing: /home/ys/robot_ws/install/my_interface_example/share/my_interface_example/cmake/my_interface_example__rosidl_typesupport_cExport-noconfig.cmake
-- Installing: /home/ys/robot_ws/install/my_interface_example/share/my_interface_example/cmake/my_interface_example__rosidl_generator_cppExport.cmake
-- Installing: /home/ys/robot_ws/install/my_interface_example/share/my_interface_example/cmake/my_interface_example__rosidl_typesupport_introspection_cppExport.cmake
-- Installing: /home/ys/robot_ws/install/my_interface_example/share/my_interface_example/cmake/my_interface_example__rosidl_typesupport_introspection_cppExport-noconfig.cmake
-- Installing: /home/ys/robot_ws/install/my_interface_example/share/my_interface_example/cmake/my_interface_example__rosidl_typesupport_cppExport.cmake
-- Installing: /home/ys/robot_ws/install/my_interface_example/share/my_interface_example/cmake/my_interface_example__rosidl_typesupport_cppExport-noconfig.cmake
