[0.018s] Invoking command in '/home/ys/robot_ws/build/my_interface_example': CMAKE_PREFIX_PATH=/opt/ros/foxy /usr/bin/cmake /home/ys/robot_ws/src/my_interface_example -DAMENT_CMAKE_SYMLINK_INSTALL=1 -DCMAKE_INSTALL_PREFIX=/home/ys/robot_ws/install/my_interface_example
[0.176s] -- The C compiler identification is GNU 9.3.0
[0.343s] -- The CXX compiler identification is GNU 9.3.0
[0.359s] -- Check for working C compiler: /usr/bin/cc
[0.455s] -- Check for working C compiler: /usr/bin/cc -- works
[0.457s] -- Detecting C compiler ABI info
[0.544s] -- Detecting C compiler ABI info - done
[0.569s] -- Detecting C compile features
[0.570s] -- Detecting C compile features - done
[0.578s] -- Check for working CXX compiler: /usr/bin/c++
[0.695s] -- Check for working CXX compiler: /usr/bin/c++ -- works
[0.697s] -- Detecting CXX compiler ABI info
[0.800s] -- Detecting CXX compiler ABI info - done
[0.828s] -- Detecting CXX compile features
[0.829s] -- Detecting CXX compile features - done
[0.848s] -- Found ament_cmake: 0.9.9 (/opt/ros/foxy/share/ament_cmake/cmake)
[0.889s] -- Found PythonInterp: /usr/bin/python3 (found suitable version "3.8.10", minimum required is "3") 
[0.890s] -- Using PYTHON_EXECUTABLE: /usr/bin/python3
[1.259s] -- Override CMake install command with custom implementation using symlinks instead of copying resources
[1.311s] -- Found rosidl_default_generators: 1.0.1 (/opt/ros/foxy/share/rosidl_default_generators/cmake)
[1.321s] -- Using all available rosidl_typesupport_c: rosidl_typesupport_fastrtps_c;rosidl_typesupport_introspection_c
[1.349s] -- Found rosidl_adapter: 1.2.1 (/opt/ros/foxy/share/rosidl_adapter/cmake)
[1.531s] -- Found OpenSSL: /usr/lib/x86_64-linux-gnu/libcrypto.so (found version "1.1.1f")  
[1.575s] -- Found FastRTPS: /opt/ros/foxy/include  
[1.736s] -- Using all available rosidl_typesupport_cpp: rosidl_typesupport_fastrtps_cpp;rosidl_typesupport_introspection_cpp
[1.854s] -- Found PythonInterp: /usr/bin/python3 (found version "3.8.10") 
[2.108s] -- Found ament_cmake_ros: 0.9.2 (/opt/ros/foxy/share/ament_cmake_ros/cmake)
[2.289s] -- Using all available rosidl_typesupport_c: rosidl_typesupport_fastrtps_c;rosidl_typesupport_introspection_c
[2.306s] -- Using all available rosidl_typesupport_cpp: rosidl_typesupport_fastrtps_cpp;rosidl_typesupport_introspection_cpp
[2.340s] -- Found PythonInterp: /usr/bin/python3 (found suitable version "3.8.10", minimum required is "3.5") 
[2.344s] -- Found python_cmake_module: 0.8.1 (/opt/ros/foxy/share/python_cmake_module/cmake)
[2.392s] -- Found PythonLibs: /usr/lib/x86_64-linux-gnu/libpython3.8.so (found suitable version "3.8.10", minimum required is "3.5") 
[2.392s] -- Using PYTHON_EXECUTABLE: /usr/bin/python3
[2.392s] -- Using PYTHON_INCLUDE_DIRS: /usr/include/python3.8
[2.392s] -- Using PYTHON_LIBRARIES: /usr/lib/x86_64-linux-gnu/libpython3.8.so
[2.420s] -- Found PythonExtra: .so  
[2.485s] -- Found ament_lint_auto: 0.9.6 (/opt/ros/foxy/share/ament_lint_auto/cmake)
[2.551s] -- Added test 'copyright' to check source files copyright and LICENSE
[2.555s] -- Added test 'lint_cmake' to check CMake code style
[2.559s] -- Added test 'xmllint' to check XML markup files
[2.580s] -- Configuring done
[2.632s] -- Generating done
[2.638s] -- Build files have been written to: /home/ys/robot_ws/build/my_interface_example
[2.653s] Invoked command in '/home/ys/robot_ws/build/my_interface_example' returned '0': CMAKE_PREFIX_PATH=/opt/ros/foxy /usr/bin/cmake /home/ys/robot_ws/src/my_interface_example -DAMENT_CMAKE_SYMLINK_INSTALL=1 -DCMAKE_INSTALL_PREFIX=/home/ys/robot_ws/install/my_interface_example
[2.654s] Invoking command in '/home/ys/robot_ws/build/my_interface_example': CMAKE_PREFIX_PATH=/opt/ros/foxy /usr/bin/cmake --build /home/ys/robot_ws/build/my_interface_example -- -j1 -l1
[2.707s] [35m[1mScanning dependencies of target my_interface_example__cpp[0m
[2.719s] [  2%] [34m[1mGenerating C++ code for ROS interfaces[0m
[3.255s] [  2%] Built target my_interface_example__cpp
[3.266s] [  5%] [34m[1mGenerating C++ introspection for ROS interfaces[0m
[3.894s] [35m[1mScanning dependencies of target my_interface_example__rosidl_typesupport_introspection_cpp[0m
[3.911s] [  7%] [32mBuilding CXX object CMakeFiles/my_interface_example__rosidl_typesupport_introspection_cpp.dir/rosidl_typesupport_introspection_cpp/my_interface_example/msg/detail/num__type_support.cpp.o[0m
[4.634s] [ 10%] [32mBuilding CXX object CMakeFiles/my_interface_example__rosidl_typesupport_introspection_cpp.dir/rosidl_typesupport_introspection_cpp/my_interface_example/srv/detail/add_three_ints__type_support.cpp.o[0m
[5.043s] [ 12%] [32m[1mLinking CXX shared library libmy_interface_example__rosidl_typesupport_introspection_cpp.so[0m
[5.109s] [ 12%] Built target my_interface_example__rosidl_typesupport_introspection_cpp
[5.122s] [ 15%] [34m[1mGenerating C++ type support dispatch for ROS interfaces[0m
[5.641s] [35m[1mScanning dependencies of target my_interface_example__rosidl_typesupport_cpp[0m
[5.682s] [ 17%] [32mBuilding CXX object CMakeFiles/my_interface_example__rosidl_typesupport_cpp.dir/rosidl_typesupport_cpp/my_interface_example/msg/num__type_support.cpp.o[0m
[6.088s] [ 20%] [32mBuilding CXX object CMakeFiles/my_interface_example__rosidl_typesupport_cpp.dir/rosidl_typesupport_cpp/my_interface_example/srv/add_three_ints__type_support.cpp.o[0m
[6.567s] [ 23%] [32m[1mLinking CXX shared library libmy_interface_example__rosidl_typesupport_cpp.so[0m
[6.621s] [ 23%] Built target my_interface_example__rosidl_typesupport_cpp
[6.633s] [ 25%] [34m[1mGenerating C code for ROS interfaces[0m
[7.303s] [35m[1mScanning dependencies of target my_interface_example__rosidl_generator_c[0m
[7.316s] [ 28%] [32mBuilding C object CMakeFiles/my_interface_example__rosidl_generator_c.dir/rosidl_generator_c/my_interface_example/msg/detail/num__functions.c.o[0m
[7.364s] [ 30%] [32mBuilding C object CMakeFiles/my_interface_example__rosidl_generator_c.dir/rosidl_generator_c/my_interface_example/srv/detail/add_three_ints__functions.c.o[0m
[7.423s] [ 33%] [32m[1mLinking C shared library libmy_interface_example__rosidl_generator_c.so[0m
[7.463s] [ 33%] Built target my_interface_example__rosidl_generator_c
[7.474s] [ 35%] [34m[1mGenerating C++ type support for eProsima Fast-RTPS[0m
[8.066s] [35m[1mScanning dependencies of target my_interface_example__rosidl_typesupport_fastrtps_cpp[0m
[8.098s] [ 38%] [32mBuilding CXX object CMakeFiles/my_interface_example__rosidl_typesupport_fastrtps_cpp.dir/rosidl_typesupport_fastrtps_cpp/my_interface_example/msg/detail/dds_fastrtps/num__type_support.cpp.o[0m
[8.821s] [ 41%] [32mBuilding CXX object CMakeFiles/my_interface_example__rosidl_typesupport_fastrtps_cpp.dir/rosidl_typesupport_fastrtps_cpp/my_interface_example/srv/detail/dds_fastrtps/add_three_ints__type_support.cpp.o[0m
[9.446s] [ 43%] [32m[1mLinking CXX shared library libmy_interface_example__rosidl_typesupport_fastrtps_cpp.so[0m
[9.575s] [ 43%] Built target my_interface_example__rosidl_typesupport_fastrtps_cpp
[9.586s] [ 46%] [34m[1mGenerating C type support for eProsima Fast-RTPS[0m
[10.189s] [35m[1mScanning dependencies of target my_interface_example__rosidl_typesupport_fastrtps_c[0m
[10.216s] [ 48%] [32mBuilding CXX object CMakeFiles/my_interface_example__rosidl_typesupport_fastrtps_c.dir/rosidl_typesupport_fastrtps_c/my_interface_example/msg/detail/num__type_support_c.cpp.o[0m
[10.704s] [ 51%] [32mBuilding CXX object CMakeFiles/my_interface_example__rosidl_typesupport_fastrtps_c.dir/rosidl_typesupport_fastrtps_c/my_interface_example/srv/detail/add_three_ints__type_support_c.cpp.o[0m
[11.207s] [ 53%] [32m[1mLinking CXX shared library libmy_interface_example__rosidl_typesupport_fastrtps_c.so[0m
[11.317s] [ 53%] Built target my_interface_example__rosidl_typesupport_fastrtps_c
[11.328s] [ 56%] [34m[1mGenerating C introspection for ROS interfaces[0m
[11.895s] [35m[1mScanning dependencies of target my_interface_example__rosidl_typesupport_introspection_c[0m
[11.913s] [ 58%] [32mBuilding C object CMakeFiles/my_interface_example__rosidl_typesupport_introspection_c.dir/rosidl_typesupport_introspection_c/my_interface_example/msg/detail/num__type_support.c.o[0m
[11.952s] [ 61%] [32mBuilding C object CMakeFiles/my_interface_example__rosidl_typesupport_introspection_c.dir/rosidl_typesupport_introspection_c/my_interface_example/srv/detail/add_three_ints__type_support.c.o[0m
[11.996s] [ 64%] [32m[1mLinking C shared library libmy_interface_example__rosidl_typesupport_introspection_c.so[0m
[12.035s] [ 64%] Built target my_interface_example__rosidl_typesupport_introspection_c
[12.046s] [ 66%] [34m[1mGenerating C type support dispatch for ROS interfaces[0m
[12.554s] [35m[1mScanning dependencies of target my_interface_example__rosidl_typesupport_c[0m
[12.568s] [ 69%] [32mBuilding CXX object CMakeFiles/my_interface_example__rosidl_typesupport_c.dir/rosidl_typesupport_c/my_interface_example/msg/num__type_support.cpp.o[0m
[12.607s] [ 71%] [32mBuilding CXX object CMakeFiles/my_interface_example__rosidl_typesupport_c.dir/rosidl_typesupport_c/my_interface_example/srv/add_three_ints__type_support.cpp.o[0m
[12.651s] [ 74%] [32m[1mLinking CXX shared library libmy_interface_example__rosidl_typesupport_c.so[0m
[12.704s] [ 74%] Built target my_interface_example__rosidl_typesupport_c
[12.718s] [35m[1mScanning dependencies of target my_interface_example[0m
[12.730s] [ 74%] Built target my_interface_example
[12.742s] [35m[1mScanning dependencies of target my_interface_example__py[0m
[12.753s] [ 76%] [34m[1mGenerating Python code for ROS interfaces[0m
[14.103s] [ 76%] Built target my_interface_example__py
[14.114s] [35m[1mScanning dependencies of target my_interface_example__python[0m
[14.181s] [ 79%] [32mBuilding C object CMakeFiles/my_interface_example__python.dir/rosidl_generator_py/my_interface_example/msg/_num_s.c.o[0m
[14.302s] [ 82%] [32mBuilding C object CMakeFiles/my_interface_example__python.dir/rosidl_generator_py/my_interface_example/srv/_add_three_ints_s.c.o[0m
[14.450s] [ 84%] [32m[1mLinking C shared library rosidl_generator_py/my_interface_example/libmy_interface_example__python.so[0m
[14.497s] [ 84%] Built target my_interface_example__python
[14.508s] [35m[1mScanning dependencies of target my_interface_example__rosidl_typesupport_introspection_c__pyext[0m
[14.534s] [ 87%] [32mBuilding C object CMakeFiles/my_interface_example__rosidl_typesupport_introspection_c__pyext.dir/rosidl_generator_py/my_interface_example/_my_interface_example_s.ep.rosidl_typesupport_introspection_c.c.o[0m
[14.655s] [ 89%] [32m[1mLinking C shared library rosidl_generator_py/my_interface_example/my_interface_example_s__rosidl_typesupport_introspection_c.cpython-38-x86_64-linux-gnu.so[0m
[14.700s] [ 89%] Built target my_interface_example__rosidl_typesupport_introspection_c__pyext
[14.711s] [35m[1mScanning dependencies of target my_interface_example__rosidl_typesupport_fastrtps_c__pyext[0m
[14.738s] [ 92%] [32mBuilding C object CMakeFiles/my_interface_example__rosidl_typesupport_fastrtps_c__pyext.dir/rosidl_generator_py/my_interface_example/_my_interface_example_s.ep.rosidl_typesupport_fastrtps_c.c.o[0m
[14.862s] [ 94%] [32m[1mLinking CXX shared library rosidl_generator_py/my_interface_example/my_interface_example_s__rosidl_typesupport_fastrtps_c.cpython-38-x86_64-linux-gnu.so[0m
[14.967s] [ 94%] Built target my_interface_example__rosidl_typesupport_fastrtps_c__pyext
[14.980s] [35m[1mScanning dependencies of target my_interface_example__rosidl_typesupport_c__pyext[0m
[15.002s] [ 97%] [32mBuilding C object CMakeFiles/my_interface_example__rosidl_typesupport_c__pyext.dir/rosidl_generator_py/my_interface_example/_my_interface_example_s.ep.rosidl_typesupport_c.c.o[0m
[15.122s] [100%] [32m[1mLinking C shared library rosidl_generator_py/my_interface_example/my_interface_example_s__rosidl_typesupport_c.cpython-38-x86_64-linux-gnu.so[0m
[15.166s] [100%] Built target my_interface_example__rosidl_typesupport_c__pyext
[15.189s] Invoked command in '/home/ys/robot_ws/build/my_interface_example' returned '0': CMAKE_PREFIX_PATH=/opt/ros/foxy /usr/bin/cmake --build /home/ys/robot_ws/build/my_interface_example -- -j1 -l1
[15.273s] Invoking command in '/home/ys/robot_ws/build/my_interface_example': CMAKE_PREFIX_PATH=/opt/ros/foxy /usr/bin/cmake --install /home/ys/robot_ws/build/my_interface_example
[15.285s] -- Install configuration: ""
[15.286s] -- Execute custom install script
[15.287s] -- Symlinking: /home/ys/robot_ws/install/my_interface_example/share/ament_index/resource_index/rosidl_interfaces/my_interface_example
[15.298s] -- Symlinking: /home/ys/robot_ws/install/my_interface_example/include/my_interface_example/msg/detail/num__functions.h
[15.307s] -- Symlinking: /home/ys/robot_ws/install/my_interface_example/include/my_interface_example/msg/detail/num__struct.h
[15.317s] -- Symlinking: /home/ys/robot_ws/install/my_interface_example/include/my_interface_example/msg/detail/num__type_support.h
[15.329s] -- Symlinking: /home/ys/robot_ws/install/my_interface_example/include/my_interface_example/msg/num.h
[15.339s] -- Symlinking: /home/ys/robot_ws/install/my_interface_example/include/my_interface_example/msg/rosidl_generator_c__visibility_control.h
[15.348s] -- Symlinking: /home/ys/robot_ws/install/my_interface_example/include/my_interface_example/srv/add_three_ints.h
[15.358s] -- Symlinking: /home/ys/robot_ws/install/my_interface_example/include/my_interface_example/srv/detail/add_three_ints__functions.h
[15.367s] -- Symlinking: /home/ys/robot_ws/install/my_interface_example/include/my_interface_example/srv/detail/add_three_ints__struct.h
[15.377s] -- Symlinking: /home/ys/robot_ws/install/my_interface_example/include/my_interface_example/srv/detail/add_three_ints__type_support.h
[15.386s] -- Symlinking: /home/ys/robot_ws/install/my_interface_example/share/my_interface_example/environment/library_path.sh
[15.396s] -- Symlinking: /home/ys/robot_ws/install/my_interface_example/share/my_interface_example/environment/library_path.dsv
[15.407s] -- Symlinking: /home/ys/robot_ws/install/my_interface_example/include/my_interface_example/msg/detail/num__rosidl_typesupport_fastrtps_c.h
[15.416s] -- Symlinking: /home/ys/robot_ws/install/my_interface_example/include/my_interface_example/msg/rosidl_typesupport_fastrtps_c__visibility_control.h
[15.429s] -- Symlinking: /home/ys/robot_ws/install/my_interface_example/include/my_interface_example/srv/detail/add_three_ints__rosidl_typesupport_fastrtps_c.h
[15.441s] -- Symlinking: /home/ys/robot_ws/install/my_interface_example/lib/libmy_interface_example__rosidl_typesupport_fastrtps_c.so
[15.451s] -- Symlinking: /home/ys/robot_ws/install/my_interface_example/include/my_interface_example/msg/detail/num__rosidl_typesupport_fastrtps_cpp.hpp
[15.461s] -- Symlinking: /home/ys/robot_ws/install/my_interface_example/include/my_interface_example/msg/rosidl_typesupport_fastrtps_cpp__visibility_control.h
[15.470s] -- Symlinking: /home/ys/robot_ws/install/my_interface_example/include/my_interface_example/srv/detail/add_three_ints__rosidl_typesupport_fastrtps_cpp.hpp
[15.480s] -- Symlinking: /home/ys/robot_ws/install/my_interface_example/lib/libmy_interface_example__rosidl_typesupport_fastrtps_cpp.so
[15.490s] -- Symlinking: /home/ys/robot_ws/install/my_interface_example/include/my_interface_example/msg/detail/num__rosidl_typesupport_introspection_c.h
[15.499s] -- Symlinking: /home/ys/robot_ws/install/my_interface_example/include/my_interface_example/msg/rosidl_typesupport_introspection_c__visibility_control.h
[15.508s] -- Symlinking: /home/ys/robot_ws/install/my_interface_example/include/my_interface_example/srv/detail/add_three_ints__rosidl_typesupport_introspection_c.h
[15.518s] -- Symlinking: /home/ys/robot_ws/install/my_interface_example/include/my_interface_example/msg/detail/num__builder.hpp
[15.531s] -- Symlinking: /home/ys/robot_ws/install/my_interface_example/include/my_interface_example/msg/detail/num__struct.hpp
[15.540s] -- Symlinking: /home/ys/robot_ws/install/my_interface_example/include/my_interface_example/msg/detail/num__traits.hpp
[15.550s] -- Symlinking: /home/ys/robot_ws/install/my_interface_example/include/my_interface_example/msg/num.hpp
[15.559s] -- Symlinking: /home/ys/robot_ws/install/my_interface_example/include/my_interface_example/srv/add_three_ints.hpp
[15.569s] -- Symlinking: /home/ys/robot_ws/install/my_interface_example/include/my_interface_example/srv/detail/add_three_ints__builder.hpp
[15.578s] -- Symlinking: /home/ys/robot_ws/install/my_interface_example/include/my_interface_example/srv/detail/add_three_ints__struct.hpp
[15.587s] -- Symlinking: /home/ys/robot_ws/install/my_interface_example/include/my_interface_example/srv/detail/add_three_ints__traits.hpp
[15.597s] -- Symlinking: /home/ys/robot_ws/install/my_interface_example/include/my_interface_example/msg/detail/num__rosidl_typesupport_introspection_cpp.hpp
[15.607s] -- Symlinking: /home/ys/robot_ws/install/my_interface_example/include/my_interface_example/srv/detail/add_three_ints__rosidl_typesupport_introspection_cpp.hpp
[15.617s] -- Symlinking: /home/ys/robot_ws/install/my_interface_example/share/my_interface_example/environment/pythonpath.sh
[15.630s] -- Symlinking: /home/ys/robot_ws/install/my_interface_example/share/my_interface_example/environment/pythonpath.dsv
[15.642s] -- Symlinking: /home/ys/robot_ws/install/my_interface_example/lib/python3.8/site-packages/my_interface_example/__init__.py
[15.652s] -- Symlinking: /home/ys/robot_ws/install/my_interface_example/lib/python3.8/site-packages/my_interface_example/msg/__init__.py
[15.662s] -- Symlinking: /home/ys/robot_ws/install/my_interface_example/lib/python3.8/site-packages/my_interface_example/msg/_num.py
[15.677s] -- Symlinking: /home/ys/robot_ws/install/my_interface_example/lib/python3.8/site-packages/my_interface_example/srv/__init__.py
[15.689s] -- Symlinking: /home/ys/robot_ws/install/my_interface_example/lib/python3.8/site-packages/my_interface_example/srv/_add_three_ints.py
[15.701s] -- Symlinking: /home/ys/robot_ws/install/my_interface_example/lib/python3.8/site-packages/my_interface_example/my_interface_example_s__rosidl_typesupport_fastrtps_c.cpython-38-x86_64-linux-gnu.so
[15.712s] -- Symlinking: /home/ys/robot_ws/install/my_interface_example/lib/python3.8/site-packages/my_interface_example/my_interface_example_s__rosidl_typesupport_introspection_c.cpython-38-x86_64-linux-gnu.so
[15.722s] -- Symlinking: /home/ys/robot_ws/install/my_interface_example/lib/python3.8/site-packages/my_interface_example/my_interface_example_s__rosidl_typesupport_c.cpython-38-x86_64-linux-gnu.so
[15.735s] -- Symlinking: /home/ys/robot_ws/install/my_interface_example/lib/libmy_interface_example__python.so
[15.745s] -- Symlinking: /home/ys/robot_ws/install/my_interface_example/share/my_interface_example/msg/Num.idl
[15.755s] -- Symlinking: /home/ys/robot_ws/install/my_interface_example/share/my_interface_example/srv/AddThreeInts.idl
[15.765s] -- Symlinking: /home/ys/robot_ws/install/my_interface_example/share/my_interface_example/msg/Num.msg
[15.774s] -- Symlinking: /home/ys/robot_ws/install/my_interface_example/share/my_interface_example/srv/AddThreeInts.srv
[15.784s] -- Symlinking: /home/ys/robot_ws/install/my_interface_example/share/my_interface_example/srv/AddThreeInts_Request.msg
[15.793s] -- Symlinking: /home/ys/robot_ws/install/my_interface_example/share/my_interface_example/srv/AddThreeInts_Response.msg
[15.803s] -- Symlinking: /home/ys/robot_ws/install/my_interface_example/share/ament_index/resource_index/package_run_dependencies/my_interface_example
[15.813s] -- Symlinking: /home/ys/robot_ws/install/my_interface_example/share/ament_index/resource_index/parent_prefix_path/my_interface_example
[15.822s] -- Symlinking: /home/ys/robot_ws/install/my_interface_example/share/my_interface_example/environment/ament_prefix_path.sh
[15.835s] -- Symlinking: /home/ys/robot_ws/install/my_interface_example/share/my_interface_example/environment/ament_prefix_path.dsv
[15.846s] -- Symlinking: /home/ys/robot_ws/install/my_interface_example/share/my_interface_example/environment/path.sh
[15.856s] -- Symlinking: /home/ys/robot_ws/install/my_interface_example/share/my_interface_example/environment/path.dsv
[15.866s] -- Symlinking: /home/ys/robot_ws/install/my_interface_example/share/my_interface_example/local_setup.bash
[15.878s] -- Symlinking: /home/ys/robot_ws/install/my_interface_example/share/my_interface_example/local_setup.sh
[15.888s] -- Symlinking: /home/ys/robot_ws/install/my_interface_example/share/my_interface_example/local_setup.zsh
[15.898s] -- Symlinking: /home/ys/robot_ws/install/my_interface_example/share/my_interface_example/local_setup.dsv
[15.908s] -- Symlinking: /home/ys/robot_ws/install/my_interface_example/share/my_interface_example/package.dsv
[15.918s] -- Symlinking: /home/ys/robot_ws/install/my_interface_example/share/ament_index/resource_index/packages/my_interface_example
[15.928s] -- Symlinking: /home/ys/robot_ws/install/my_interface_example/share/my_interface_example/cmake/rosidl_cmake-extras.cmake
[15.941s] -- Symlinking: /home/ys/robot_ws/install/my_interface_example/share/my_interface_example/cmake/ament_cmake_export_dependencies-extras.cmake
[15.950s] -- Symlinking: /home/ys/robot_ws/install/my_interface_example/share/my_interface_example/cmake/ament_cmake_export_libraries-extras.cmake
[15.960s] -- Symlinking: /home/ys/robot_ws/install/my_interface_example/share/my_interface_example/cmake/ament_cmake_export_targets-extras.cmake
[15.970s] -- Symlinking: /home/ys/robot_ws/install/my_interface_example/share/my_interface_example/cmake/ament_cmake_export_include_directories-extras.cmake
[15.979s] -- Symlinking: /home/ys/robot_ws/install/my_interface_example/share/my_interface_example/cmake/rosidl_cmake_export_typesupport_libraries-extras.cmake
[15.989s] -- Symlinking: /home/ys/robot_ws/install/my_interface_example/share/my_interface_example/cmake/rosidl_cmake_export_typesupport_targets-extras.cmake
[15.998s] -- Symlinking: /home/ys/robot_ws/install/my_interface_example/share/my_interface_example/cmake/my_interface_exampleConfig.cmake
[16.009s] -- Symlinking: /home/ys/robot_ws/install/my_interface_example/share/my_interface_example/cmake/my_interface_exampleConfig-version.cmake
[16.036s] -- Symlinking: /home/ys/robot_ws/install/my_interface_example/share/my_interface_example/package.xml
[16.048s] -- Installing: /home/ys/robot_ws/install/my_interface_example/lib/libmy_interface_example__rosidl_generator_c.so
[16.049s] -- Set runtime path of "/home/ys/robot_ws/install/my_interface_example/lib/libmy_interface_example__rosidl_generator_c.so" to ""
[16.049s] -- Installing: /home/ys/robot_ws/install/my_interface_example/lib/libmy_interface_example__rosidl_typesupport_introspection_c.so
[16.050s] -- Set runtime path of "/home/ys/robot_ws/install/my_interface_example/lib/libmy_interface_example__rosidl_typesupport_introspection_c.so" to ""
[16.050s] -- Installing: /home/ys/robot_ws/install/my_interface_example/lib/libmy_interface_example__rosidl_typesupport_c.so
[16.050s] -- Set runtime path of "/home/ys/robot_ws/install/my_interface_example/lib/libmy_interface_example__rosidl_typesupport_c.so" to ""
[16.051s] -- Installing: /home/ys/robot_ws/install/my_interface_example/lib/libmy_interface_example__rosidl_typesupport_introspection_cpp.so
[16.051s] -- Set runtime path of "/home/ys/robot_ws/install/my_interface_example/lib/libmy_interface_example__rosidl_typesupport_introspection_cpp.so" to ""
[16.052s] -- Installing: /home/ys/robot_ws/install/my_interface_example/lib/libmy_interface_example__rosidl_typesupport_cpp.so
[16.052s] -- Set runtime path of "/home/ys/robot_ws/install/my_interface_example/lib/libmy_interface_example__rosidl_typesupport_cpp.so" to ""
[16.090s] Compiling '/home/ys/robot_ws/install/my_interface_example/lib/python3.8/site-packages/my_interface_example/__init__.py'...
[16.097s] -- Installing: /home/ys/robot_ws/install/my_interface_example/share/my_interface_example/cmake/my_interface_example__rosidl_generator_cExport.cmake
[16.097s] -- Installing: /home/ys/robot_ws/install/my_interface_example/share/my_interface_example/cmake/my_interface_example__rosidl_generator_cExport-noconfig.cmake
[16.098s] -- Installing: /home/ys/robot_ws/install/my_interface_example/share/my_interface_example/cmake/my_interface_example__rosidl_typesupport_introspection_cExport.cmake
[16.098s] -- Installing: /home/ys/robot_ws/install/my_interface_example/share/my_interface_example/cmake/my_interface_example__rosidl_typesupport_introspection_cExport-noconfig.cmake
[16.098s] -- Installing: /home/ys/robot_ws/install/my_interface_example/share/my_interface_example/cmake/my_interface_example__rosidl_typesupport_cExport.cmake
[16.099s] -- Installing: /home/ys/robot_ws/install/my_interface_example/share/my_interface_example/cmake/my_interface_example__rosidl_typesupport_cExport-noconfig.cmake
[16.099s] -- Installing: /home/ys/robot_ws/install/my_interface_example/share/my_interface_example/cmake/my_interface_example__rosidl_generator_cppExport.cmake
[16.099s] -- Installing: /home/ys/robot_ws/install/my_interface_example/share/my_interface_example/cmake/my_interface_example__rosidl_typesupport_introspection_cppExport.cmake
[16.100s] -- Installing: /home/ys/robot_ws/install/my_interface_example/share/my_interface_example/cmake/my_interface_example__rosidl_typesupport_introspection_cppExport-noconfig.cmake
[16.100s] -- Installing: /home/ys/robot_ws/install/my_interface_example/share/my_interface_example/cmake/my_interface_example__rosidl_typesupport_cppExport.cmake
[16.101s] -- Installing: /home/ys/robot_ws/install/my_interface_example/share/my_interface_example/cmake/my_interface_example__rosidl_typesupport_cppExport-noconfig.cmake
[16.105s] Invoked command in '/home/ys/robot_ws/build/my_interface_example' returned '0': CMAKE_PREFIX_PATH=/opt/ros/foxy /usr/bin/cmake --install /home/ys/robot_ws/build/my_interface_example
