[0.048s] Invoking command in '/home/ys/robot_ws/build/final_project_interface': CMAKE_PREFIX_PATH=${CMAKE_PREFIX_PATH}:/home/ys/robot_ws/install/python_parameters:/home/ys/robot_ws/install/first_rclpy_pkg:/home/ys/robot_ws/install/fibonacci_rclpy_action_pkg:/home/ys/robot_ws/install/final_project:/opt/ros/foxy /usr/bin/cmake --build /home/ys/robot_ws/build/final_project_interface -- -j1 -l1
[0.237s] -- Found ament_cmake: 0.9.9 (/opt/ros/foxy/share/ament_cmake/cmake)
[0.358s] -- Found PythonInterp: /usr/bin/python3 (found suitable version "3.8.10", minimum required is "3") 
[0.359s] -- Using PYTHON_EXECUTABLE: /usr/bin/python3
[0.958s] -- Override CMake install command with custom implementation using symlinks instead of copying resources
[0.988s] -- Found rosidl_default_generators: 1.0.1 (/opt/ros/foxy/share/rosidl_default_generators/cmake)
[1.003s] -- Using all available rosidl_typesupport_c: rosidl_typesupport_fastrtps_c;rosidl_typesupport_introspection_c
[1.018s] -- Found rosidl_adapter: 1.2.1 (/opt/ros/foxy/share/rosidl_adapter/cmake)
[1.526s] -- Using all available rosidl_typesupport_cpp: rosidl_typesupport_fastrtps_cpp;rosidl_typesupport_introspection_cpp
[1.706s] -- Found PythonInterp: /usr/bin/python3 (found version "3.8.10") 
[2.484s] -- Found ament_cmake_ros: 0.9.2 (/opt/ros/foxy/share/ament_cmake_ros/cmake)
[2.926s] -- Using all available rosidl_typesupport_c: rosidl_typesupport_fastrtps_c;rosidl_typesupport_introspection_c
[3.035s] -- Using all available rosidl_typesupport_cpp: rosidl_typesupport_fastrtps_cpp;rosidl_typesupport_introspection_cpp
[3.150s] -- Found PythonInterp: /usr/bin/python3 (found suitable version "3.8.10", minimum required is "3.5") 
[3.152s] -- Found python_cmake_module: 0.8.1 (/opt/ros/foxy/share/python_cmake_module/cmake)
[3.254s] -- Using PYTHON_EXECUTABLE: /usr/bin/python3
[3.254s] -- Using PYTHON_INCLUDE_DIRS: /usr/include/python3.8
[3.254s] -- Using PYTHON_LIBRARIES: /usr/lib/x86_64-linux-gnu/libpython3.8.so
[3.383s] -- Found ament_lint_auto: 0.9.6 (/opt/ros/foxy/share/ament_lint_auto/cmake)
[3.437s] -- Added test 'copyright' to check source files copyright and LICENSE
[3.444s] -- Added test 'lint_cmake' to check CMake code style
[3.447s] -- Added test 'xmllint' to check XML markup files
[3.464s] -- Configuring done
[3.675s] -- Generating done
[3.691s] -- Build files have been written to: /home/ys/robot_ws/build/final_project_interface
[3.806s] [  3%] [34m[1mGenerating C++ code for ROS interfaces[0m
[5.395s] [  3%] Built target final_project_interface__cpp
[5.422s] [  6%] [34m[1mGenerating C++ introspection for ROS interfaces[0m
[6.720s] [35m[1mScanning dependencies of target final_project_interface__rosidl_typesupport_introspection_cpp[0m
[6.756s] [  9%] [32mBuilding CXX object CMakeFiles/final_project_interface__rosidl_typesupport_introspection_cpp.dir/rosidl_typesupport_introspection_cpp/final_project_interface/action/detail/controller__type_support.cpp.o[0m
[8.153s] [ 12%] [32m[1mLinking CXX shared library libfinal_project_interface__rosidl_typesupport_introspection_cpp.so[0m
[8.375s] [ 12%] Built target final_project_interface__rosidl_typesupport_introspection_cpp
[8.403s] [ 16%] [34m[1mGenerating C++ type support for eProsima Fast-RTPS[0m
[9.977s] [35m[1mScanning dependencies of target final_project_interface__rosidl_typesupport_fastrtps_cpp[0m
[10.020s] [ 19%] [32mBuilding CXX object CMakeFiles/final_project_interface__rosidl_typesupport_fastrtps_cpp.dir/rosidl_typesupport_fastrtps_cpp/final_project_interface/action/detail/dds_fastrtps/controller__type_support.cpp.o[0m
[11.844s] [ 22%] [32m[1mLinking CXX shared library libfinal_project_interface__rosidl_typesupport_fastrtps_cpp.so[0m
[12.135s] [ 22%] Built target final_project_interface__rosidl_typesupport_fastrtps_cpp
[12.171s] [ 25%] [34m[1mGenerating C code for ROS interfaces[0m
[13.752s] [35m[1mScanning dependencies of target final_project_interface__rosidl_generator_c[0m
[13.783s] [ 29%] [32mBuilding C object CMakeFiles/final_project_interface__rosidl_generator_c.dir/rosidl_generator_c/final_project_interface/action/detail/controller__functions.c.o[0m
[14.008s] [ 32%] [32m[1mLinking C shared library libfinal_project_interface__rosidl_generator_c.so[0m
[14.103s] [ 32%] Built target final_project_interface__rosidl_generator_c
[14.130s] [ 35%] [34m[1mGenerating C type support for eProsima Fast-RTPS[0m
[15.708s] [35m[1mScanning dependencies of target final_project_interface__rosidl_typesupport_fastrtps_c[0m
[15.748s] [ 38%] [32mBuilding CXX object CMakeFiles/final_project_interface__rosidl_typesupport_fastrtps_c.dir/rosidl_typesupport_fastrtps_c/final_project_interface/action/detail/controller__type_support_c.cpp.o[0m
[17.048s] [ 41%] [32m[1mLinking CXX shared library libfinal_project_interface__rosidl_typesupport_fastrtps_c.so[0m
[17.308s] [ 41%] Built target final_project_interface__rosidl_typesupport_fastrtps_c
[17.368s] [ 45%] [34m[1mGenerating C introspection for ROS interfaces[0m
[18.872s] [35m[1mScanning dependencies of target final_project_interface__rosidl_typesupport_introspection_c[0m
[18.902s] [ 48%] [32mBuilding C object CMakeFiles/final_project_interface__rosidl_typesupport_introspection_c.dir/rosidl_typesupport_introspection_c/final_project_interface/action/detail/controller__type_support.c.o[0m
[19.023s] [ 51%] [32m[1mLinking C shared library libfinal_project_interface__rosidl_typesupport_introspection_c.so[0m
[19.106s] [ 51%] Built target final_project_interface__rosidl_typesupport_introspection_c
[19.132s] [ 54%] [34m[1mGenerating C type support dispatch for ROS interfaces[0m
[20.165s] [35m[1mScanning dependencies of target final_project_interface__rosidl_typesupport_c[0m
[20.197s] [ 58%] [32mBuilding CXX object CMakeFiles/final_project_interface__rosidl_typesupport_c.dir/rosidl_typesupport_c/final_project_interface/action/controller__type_support.cpp.o[0m
[20.324s] [ 61%] [32m[1mLinking CXX shared library libfinal_project_interface__rosidl_typesupport_c.so[0m
[20.448s] [ 61%] Built target final_project_interface__rosidl_typesupport_c
[20.485s] [ 64%] [34m[1mGenerating C++ type support dispatch for ROS interfaces[0m
[21.516s] [35m[1mScanning dependencies of target final_project_interface__rosidl_typesupport_cpp[0m
[21.547s] [ 67%] [32mBuilding CXX object CMakeFiles/final_project_interface__rosidl_typesupport_cpp.dir/rosidl_typesupport_cpp/final_project_interface/action/controller__type_support.cpp.o[0m
[22.705s] [ 70%] [32m[1mLinking CXX shared library libfinal_project_interface__rosidl_typesupport_cpp.so[0m
[22.815s] [ 70%] Built target final_project_interface__rosidl_typesupport_cpp
[22.876s] [ 70%] Built target final_project_interface
[22.952s] [ 74%] [34m[1mGenerating Python code for ROS interfaces[0m
[26.426s] [ 74%] Built target final_project_interface__py
[26.485s] [35m[1mScanning dependencies of target final_project_interface__python[0m
[26.529s] [ 77%] [32mBuilding C object CMakeFiles/final_project_interface__python.dir/rosidl_generator_py/final_project_interface/action/_controller_s.c.o[0m
[26.961s] [ 80%] [32m[1mLinking C shared library rosidl_generator_py/final_project_interface/libfinal_project_interface__python.so[0m
[27.077s] [ 80%] Built target final_project_interface__python
[27.117s] [35m[1mScanning dependencies of target final_project_interface__rosidl_typesupport_c__pyext[0m
[27.164s] [ 83%] [32mBuilding C object CMakeFiles/final_project_interface__rosidl_typesupport_c__pyext.dir/rosidl_generator_py/final_project_interface/_final_project_interface_s.ep.rosidl_typesupport_c.c.o[0m
[27.479s] [ 87%] [32m[1mLinking C shared library rosidl_generator_py/final_project_interface/final_project_interface_s__rosidl_typesupport_c.cpython-38-x86_64-linux-gnu.so[0m
[27.584s] [ 87%] Built target final_project_interface__rosidl_typesupport_c__pyext
[27.626s] [35m[1mScanning dependencies of target final_project_interface__rosidl_typesupport_fastrtps_c__pyext[0m
[27.672s] [ 90%] [32mBuilding C object CMakeFiles/final_project_interface__rosidl_typesupport_fastrtps_c__pyext.dir/rosidl_generator_py/final_project_interface/_final_project_interface_s.ep.rosidl_typesupport_fastrtps_c.c.o[0m
[27.966s] [ 93%] [32m[1mLinking CXX shared library rosidl_generator_py/final_project_interface/final_project_interface_s__rosidl_typesupport_fastrtps_c.cpython-38-x86_64-linux-gnu.so[0m
[28.200s] [ 93%] Built target final_project_interface__rosidl_typesupport_fastrtps_c__pyext
[28.245s] [35m[1mScanning dependencies of target final_project_interface__rosidl_typesupport_introspection_c__pyext[0m
[28.284s] [ 96%] [32mBuilding C object CMakeFiles/final_project_interface__rosidl_typesupport_introspection_c__pyext.dir/rosidl_generator_py/final_project_interface/_final_project_interface_s.ep.rosidl_typesupport_introspection_c.c.o[0m
[28.577s] [100%] [32m[1mLinking C shared library rosidl_generator_py/final_project_interface/final_project_interface_s__rosidl_typesupport_introspection_c.cpython-38-x86_64-linux-gnu.so[0m
[28.684s] [100%] Built target final_project_interface__rosidl_typesupport_introspection_c__pyext
[28.714s] Invoked command in '/home/ys/robot_ws/build/final_project_interface' returned '0': CMAKE_PREFIX_PATH=${CMAKE_PREFIX_PATH}:/home/ys/robot_ws/install/python_parameters:/home/ys/robot_ws/install/first_rclpy_pkg:/home/ys/robot_ws/install/fibonacci_rclpy_action_pkg:/home/ys/robot_ws/install/final_project:/opt/ros/foxy /usr/bin/cmake --build /home/ys/robot_ws/build/final_project_interface -- -j1 -l1
[28.872s] Invoking command in '/home/ys/robot_ws/build/final_project_interface': CMAKE_PREFIX_PATH=${CMAKE_PREFIX_PATH}:/home/ys/robot_ws/install/python_parameters:/home/ys/robot_ws/install/first_rclpy_pkg:/home/ys/robot_ws/install/fibonacci_rclpy_action_pkg:/home/ys/robot_ws/install/final_project:/opt/ros/foxy /usr/bin/cmake --install /home/ys/robot_ws/build/final_project_interface
[28.901s] -- Install configuration: ""
[28.904s] -- Execute custom install script
[28.905s] -- Up-to-date symlink: /home/ys/robot_ws/install/final_project_interface/share/ament_index/resource_index/rosidl_interfaces/final_project_interface
[28.909s] -- Up-to-date symlink: /home/ys/robot_ws/install/final_project_interface/include/final_project_interface/action/controller.h
[28.909s] -- Up-to-date symlink: /home/ys/robot_ws/install/final_project_interface/include/final_project_interface/action/detail/controller__functions.h
[28.911s] -- Up-to-date symlink: /home/ys/robot_ws/install/final_project_interface/include/final_project_interface/action/detail/controller__struct.h
[28.912s] -- Up-to-date symlink: /home/ys/robot_ws/install/final_project_interface/include/final_project_interface/action/detail/controller__type_support.h
[28.912s] -- Up-to-date symlink: /home/ys/robot_ws/install/final_project_interface/include/final_project_interface/action/detail/fibonacci__functions.h
[28.913s] -- Up-to-date symlink: /home/ys/robot_ws/install/final_project_interface/include/final_project_interface/action/detail/fibonacci__struct.h
[28.913s] -- Up-to-date symlink: /home/ys/robot_ws/install/final_project_interface/include/final_project_interface/action/detail/fibonacci__type_support.h
[28.916s] -- Up-to-date symlink: /home/ys/robot_ws/install/final_project_interface/include/final_project_interface/action/fibonacci.h
[28.916s] -- Up-to-date symlink: /home/ys/robot_ws/install/final_project_interface/include/final_project_interface/msg/rosidl_generator_c__visibility_control.h
[28.917s] -- Up-to-date symlink: /home/ys/robot_ws/install/final_project_interface/share/final_project_interface/environment/library_path.sh
[28.917s] -- Up-to-date symlink: /home/ys/robot_ws/install/final_project_interface/share/final_project_interface/environment/library_path.dsv
[28.920s] -- Up-to-date symlink: /home/ys/robot_ws/install/final_project_interface/include/final_project_interface/action/detail/controller__rosidl_typesupport_fastrtps_c.h
[28.920s] -- Up-to-date symlink: /home/ys/robot_ws/install/final_project_interface/include/final_project_interface/action/detail/fibonacci__rosidl_typesupport_fastrtps_c.h
[28.922s] -- Up-to-date symlink: /home/ys/robot_ws/install/final_project_interface/include/final_project_interface/msg/rosidl_typesupport_fastrtps_c__visibility_control.h
[28.923s] -- Up-to-date symlink: /home/ys/robot_ws/install/final_project_interface/lib/libfinal_project_interface__rosidl_typesupport_fastrtps_c.so
[28.928s] -- Up-to-date symlink: /home/ys/robot_ws/install/final_project_interface/include/final_project_interface/action/detail/controller__rosidl_typesupport_fastrtps_cpp.hpp
[28.928s] -- Up-to-date symlink: /home/ys/robot_ws/install/final_project_interface/include/final_project_interface/action/detail/fibonacci__rosidl_typesupport_fastrtps_cpp.hpp
[28.929s] -- Up-to-date symlink: /home/ys/robot_ws/install/final_project_interface/include/final_project_interface/msg/rosidl_typesupport_fastrtps_cpp__visibility_control.h
[28.930s] -- Up-to-date symlink: /home/ys/robot_ws/install/final_project_interface/lib/libfinal_project_interface__rosidl_typesupport_fastrtps_cpp.so
[28.931s] -- Up-to-date symlink: /home/ys/robot_ws/install/final_project_interface/include/final_project_interface/action/detail/controller__rosidl_typesupport_introspection_c.h
[28.931s] -- Up-to-date symlink: /home/ys/robot_ws/install/final_project_interface/include/final_project_interface/action/detail/fibonacci__rosidl_typesupport_introspection_c.h
[28.932s] -- Up-to-date symlink: /home/ys/robot_ws/install/final_project_interface/include/final_project_interface/msg/rosidl_typesupport_introspection_c__visibility_control.h
[28.935s] -- Up-to-date symlink: /home/ys/robot_ws/install/final_project_interface/include/final_project_interface/action/controller.hpp
[28.935s] -- Up-to-date symlink: /home/ys/robot_ws/install/final_project_interface/include/final_project_interface/action/detail/controller__builder.hpp
[28.935s] -- Up-to-date symlink: /home/ys/robot_ws/install/final_project_interface/include/final_project_interface/action/detail/controller__struct.hpp
[28.937s] -- Up-to-date symlink: /home/ys/robot_ws/install/final_project_interface/include/final_project_interface/action/detail/controller__traits.hpp
[28.938s] -- Up-to-date symlink: /home/ys/robot_ws/install/final_project_interface/include/final_project_interface/action/detail/fibonacci__builder.hpp
[28.940s] -- Up-to-date symlink: /home/ys/robot_ws/install/final_project_interface/include/final_project_interface/action/detail/fibonacci__struct.hpp
[28.940s] -- Up-to-date symlink: /home/ys/robot_ws/install/final_project_interface/include/final_project_interface/action/detail/fibonacci__traits.hpp
[28.940s] -- Up-to-date symlink: /home/ys/robot_ws/install/final_project_interface/include/final_project_interface/action/fibonacci.hpp
[28.943s] -- Up-to-date symlink: /home/ys/robot_ws/install/final_project_interface/include/final_project_interface/action/detail/controller__rosidl_typesupport_introspection_cpp.hpp
[28.944s] -- Up-to-date symlink: /home/ys/robot_ws/install/final_project_interface/include/final_project_interface/action/detail/fibonacci__rosidl_typesupport_introspection_cpp.hpp
[28.944s] -- Up-to-date symlink: /home/ys/robot_ws/install/final_project_interface/share/final_project_interface/environment/pythonpath.sh
[28.947s] -- Up-to-date symlink: /home/ys/robot_ws/install/final_project_interface/share/final_project_interface/environment/pythonpath.dsv
[28.948s] -- Up-to-date symlink: /home/ys/robot_ws/install/final_project_interface/lib/python3.8/site-packages/final_project_interface/__init__.py
[28.949s] -- Up-to-date symlink: /home/ys/robot_ws/install/final_project_interface/lib/python3.8/site-packages/final_project_interface/action/__init__.py
[28.951s] -- Up-to-date symlink: /home/ys/robot_ws/install/final_project_interface/lib/python3.8/site-packages/final_project_interface/action/_controller.py
[28.952s] -- Up-to-date symlink: /home/ys/robot_ws/install/final_project_interface/lib/python3.8/site-packages/final_project_interface/action/_fibonacci.py
[28.952s] -- Up-to-date symlink: /home/ys/robot_ws/install/final_project_interface/lib/python3.8/site-packages/final_project_interface/final_project_interface_s__rosidl_typesupport_fastrtps_c.cpython-38-x86_64-linux-gnu.so
[28.954s] -- Up-to-date symlink: /home/ys/robot_ws/install/final_project_interface/lib/python3.8/site-packages/final_project_interface/final_project_interface_s__rosidl_typesupport_introspection_c.cpython-38-x86_64-linux-gnu.so
[28.955s] -- Up-to-date symlink: /home/ys/robot_ws/install/final_project_interface/lib/python3.8/site-packages/final_project_interface/final_project_interface_s__rosidl_typesupport_c.cpython-38-x86_64-linux-gnu.so
[28.960s] -- Up-to-date symlink: /home/ys/robot_ws/install/final_project_interface/lib/libfinal_project_interface__python.so
[28.961s] -- Up-to-date symlink: /home/ys/robot_ws/install/final_project_interface/share/final_project_interface/action/Controller.idl
[28.962s] -- Up-to-date symlink: /home/ys/robot_ws/install/final_project_interface/share/final_project_interface/action/Controller.action
[28.962s] -- Up-to-date symlink: /home/ys/robot_ws/install/final_project_interface/share/ament_index/resource_index/package_run_dependencies/final_project_interface
[28.963s] -- Up-to-date symlink: /home/ys/robot_ws/install/final_project_interface/share/ament_index/resource_index/parent_prefix_path/final_project_interface
[28.964s] -- Up-to-date symlink: /home/ys/robot_ws/install/final_project_interface/share/final_project_interface/environment/ament_prefix_path.sh
[28.965s] -- Up-to-date symlink: /home/ys/robot_ws/install/final_project_interface/share/final_project_interface/environment/ament_prefix_path.dsv
[28.965s] -- Up-to-date symlink: /home/ys/robot_ws/install/final_project_interface/share/final_project_interface/environment/path.sh
[28.967s] -- Up-to-date symlink: /home/ys/robot_ws/install/final_project_interface/share/final_project_interface/environment/path.dsv
[28.968s] -- Up-to-date symlink: /home/ys/robot_ws/install/final_project_interface/share/final_project_interface/local_setup.bash
[28.970s] -- Up-to-date symlink: /home/ys/robot_ws/install/final_project_interface/share/final_project_interface/local_setup.sh
[28.970s] -- Up-to-date symlink: /home/ys/robot_ws/install/final_project_interface/share/final_project_interface/local_setup.zsh
[28.971s] -- Up-to-date symlink: /home/ys/robot_ws/install/final_project_interface/share/final_project_interface/local_setup.dsv
[28.972s] -- Symlinking: /home/ys/robot_ws/install/final_project_interface/share/final_project_interface/package.dsv
[28.996s] -- Up-to-date symlink: /home/ys/robot_ws/install/final_project_interface/share/ament_index/resource_index/packages/final_project_interface
[29.000s] -- Up-to-date symlink: /home/ys/robot_ws/install/final_project_interface/share/final_project_interface/cmake/rosidl_cmake-extras.cmake
[29.001s] -- Up-to-date symlink: /home/ys/robot_ws/install/final_project_interface/share/final_project_interface/cmake/ament_cmake_export_dependencies-extras.cmake
[29.001s] -- Up-to-date symlink: /home/ys/robot_ws/install/final_project_interface/share/final_project_interface/cmake/ament_cmake_export_libraries-extras.cmake
[29.002s] -- Up-to-date symlink: /home/ys/robot_ws/install/final_project_interface/share/final_project_interface/cmake/ament_cmake_export_targets-extras.cmake
[29.002s] -- Up-to-date symlink: /home/ys/robot_ws/install/final_project_interface/share/final_project_interface/cmake/ament_cmake_export_include_directories-extras.cmake
[29.003s] -- Up-to-date symlink: /home/ys/robot_ws/install/final_project_interface/share/final_project_interface/cmake/rosidl_cmake_export_typesupport_libraries-extras.cmake
[29.005s] -- Up-to-date symlink: /home/ys/robot_ws/install/final_project_interface/share/final_project_interface/cmake/rosidl_cmake_export_typesupport_targets-extras.cmake
[29.005s] -- Up-to-date symlink: /home/ys/robot_ws/install/final_project_interface/share/final_project_interface/cmake/final_project_interfaceConfig.cmake
[29.006s] -- Up-to-date symlink: /home/ys/robot_ws/install/final_project_interface/share/final_project_interface/cmake/final_project_interfaceConfig-version.cmake
[29.008s] -- Up-to-date symlink: /home/ys/robot_ws/install/final_project_interface/share/final_project_interface/package.xml
[29.024s] -- Installing: /home/ys/robot_ws/install/final_project_interface/lib/libfinal_project_interface__rosidl_generator_c.so
[29.024s] -- Set runtime path of "/home/ys/robot_ws/install/final_project_interface/lib/libfinal_project_interface__rosidl_generator_c.so" to ""
[29.025s] -- Installing: /home/ys/robot_ws/install/final_project_interface/lib/libfinal_project_interface__rosidl_typesupport_introspection_c.so
[29.026s] -- Set runtime path of "/home/ys/robot_ws/install/final_project_interface/lib/libfinal_project_interface__rosidl_typesupport_introspection_c.so" to ""
[29.027s] -- Installing: /home/ys/robot_ws/install/final_project_interface/lib/libfinal_project_interface__rosidl_typesupport_c.so
[29.028s] -- Set runtime path of "/home/ys/robot_ws/install/final_project_interface/lib/libfinal_project_interface__rosidl_typesupport_c.so" to ""
[29.030s] -- Installing: /home/ys/robot_ws/install/final_project_interface/lib/libfinal_project_interface__rosidl_typesupport_introspection_cpp.so
[29.031s] -- Set runtime path of "/home/ys/robot_ws/install/final_project_interface/lib/libfinal_project_interface__rosidl_typesupport_introspection_cpp.so" to ""
[29.037s] -- Installing: /home/ys/robot_ws/install/final_project_interface/lib/libfinal_project_interface__rosidl_typesupport_cpp.so
[29.037s] -- Set runtime path of "/home/ys/robot_ws/install/final_project_interface/lib/libfinal_project_interface__rosidl_typesupport_cpp.so" to ""
[29.181s] Compiling '/home/ys/robot_ws/install/final_project_interface/lib/python3.8/site-packages/final_project_interface/__init__.py'...
[29.197s] -- Up-to-date: /home/ys/robot_ws/install/final_project_interface/share/final_project_interface/cmake/final_project_interface__rosidl_generator_cExport.cmake
[29.197s] -- Installing: /home/ys/robot_ws/install/final_project_interface/share/final_project_interface/cmake/final_project_interface__rosidl_generator_cExport-noconfig.cmake
[29.199s] -- Up-to-date: /home/ys/robot_ws/install/final_project_interface/share/final_project_interface/cmake/final_project_interface__rosidl_typesupport_introspection_cExport.cmake
[29.200s] -- Installing: /home/ys/robot_ws/install/final_project_interface/share/final_project_interface/cmake/final_project_interface__rosidl_typesupport_introspection_cExport-noconfig.cmake
[29.201s] -- Up-to-date: /home/ys/robot_ws/install/final_project_interface/share/final_project_interface/cmake/final_project_interface__rosidl_typesupport_cExport.cmake
[29.201s] -- Installing: /home/ys/robot_ws/install/final_project_interface/share/final_project_interface/cmake/final_project_interface__rosidl_typesupport_cExport-noconfig.cmake
[29.202s] -- Up-to-date: /home/ys/robot_ws/install/final_project_interface/share/final_project_interface/cmake/final_project_interface__rosidl_generator_cppExport.cmake
[29.203s] -- Up-to-date: /home/ys/robot_ws/install/final_project_interface/share/final_project_interface/cmake/final_project_interface__rosidl_typesupport_introspection_cppExport.cmake
[29.204s] -- Installing: /home/ys/robot_ws/install/final_project_interface/share/final_project_interface/cmake/final_project_interface__rosidl_typesupport_introspection_cppExport-noconfig.cmake
[29.204s] -- Up-to-date: /home/ys/robot_ws/install/final_project_interface/share/final_project_interface/cmake/final_project_interface__rosidl_typesupport_cppExport.cmake
[29.205s] -- Installing: /home/ys/robot_ws/install/final_project_interface/share/final_project_interface/cmake/final_project_interface__rosidl_typesupport_cppExport-noconfig.cmake
[29.217s] Invoked command in '/home/ys/robot_ws/build/final_project_interface' returned '0': CMAKE_PREFIX_PATH=${CMAKE_PREFIX_PATH}:/home/ys/robot_ws/install/python_parameters:/home/ys/robot_ws/install/first_rclpy_pkg:/home/ys/robot_ws/install/fibonacci_rclpy_action_pkg:/home/ys/robot_ws/install/final_project:/opt/ros/foxy /usr/bin/cmake --install /home/ys/robot_ws/build/final_project_interface
