running develop
running egg_info
creating sum_rclpy_srvcli_pkg.egg-info
writing sum_rclpy_srvcli_pkg.egg-info/PKG-INFO
writing dependency_links to sum_rclpy_srvcli_pkg.egg-info/dependency_links.txt
writing entry points to sum_rclpy_srvcli_pkg.egg-info/entry_points.txt
writing requirements to sum_rclpy_srvcli_pkg.egg-info/requires.txt
writing top-level names to sum_rclpy_srvcli_pkg.egg-info/top_level.txt
writing manifest file 'sum_rclpy_srvcli_pkg.egg-info/SOURCES.txt'
reading manifest file 'sum_rclpy_srvcli_pkg.egg-info/SOURCES.txt'
writing manifest file 'sum_rclpy_srvcli_pkg.egg-info/SOURCES.txt'
running build_ext
Creating /home/ys/robot_ws/src/install/sum_rclpy_srvcli_pkg/lib/python3.8/site-packages/site.py
Creating /home/ys/robot_ws/src/install/sum_rclpy_srvcli_pkg/lib/python3.8/site-packages/sum-rclpy-srvcli-pkg.egg-link (link to .)
Installing sum_service = sum_rclpy_srvcli_pkg.sum_service:mainsum_client script to /home/ys/robot_ws/src/install/sum_rclpy_srvcli_pkg/lib/sum_rclpy_srvcli_pkg

Installed /home/ys/robot_ws/src/build/sum_rclpy_srvcli_pkg
running install_data
creating /home/ys/robot_ws/src/install/sum_rclpy_srvcli_pkg/share/ament_index
creating /home/ys/robot_ws/src/install/sum_rclpy_srvcli_pkg/share/ament_index/resource_index
creating /home/ys/robot_ws/src/install/sum_rclpy_srvcli_pkg/share/ament_index/resource_index/packages
copying resource/sum_rclpy_srvcli_pkg -> /home/ys/robot_ws/src/install/sum_rclpy_srvcli_pkg/share/ament_index/resource_index/packages
copying package.xml -> /home/ys/robot_ws/src/install/sum_rclpy_srvcli_pkg/share/sum_rclpy_srvcli_pkg
