[0.051s] Invoking command in '/home/ys/robot_ws/build/project_interface': CMAKE_PREFIX_PATH=${CMAKE_PREFIX_PATH}:/home/ys/robot_ws/install/python_parameters:/home/ys/robot_ws/install/first_rclpy_pkg:/home/ys/robot_ws/install/final_project:/home/ys/robot_ws/install/fibonacci_rclpy_action_pkg:/opt/ros/foxy /usr/bin/cmake /home/ys/robot_ws/src/project_interface -DAMENT_CMAKE_SYMLINK_INSTALL=1 -DCMAKE_INSTALL_PREFIX=/home/ys/robot_ws/install/project_interface
[0.507s] -- The C compiler identification is GNU 9.3.0
[0.692s] -- The CXX compiler identification is GNU 9.3.0
[0.713s] -- Check for working C compiler: /usr/bin/cc
[0.900s] -- Check for working C compiler: /usr/bin/cc -- works
[0.900s] -- Detecting C compiler ABI info
[1.081s] -- Detecting C compiler ABI info - done
[1.133s] -- Detecting C compile features
[1.135s] -- Detecting C compile features - done
[1.142s] -- Check for working CXX compiler: /usr/bin/c++
[1.349s] -- Check for working CXX compiler: /usr/bin/c++ -- works
[1.351s] -- Detecting CXX compiler ABI info
[1.580s] -- Detecting CXX compiler ABI info - done
[1.631s] -- Detecting CXX compile features
[1.634s] -- Detecting CXX compile features - done
[1.664s] -- Found ament_cmake: 0.9.9 (/opt/ros/foxy/share/ament_cmake/cmake)
[1.773s] -- Found PythonInterp: /usr/bin/python3 (found suitable version "3.8.10", minimum required is "3") 
[1.773s] -- Using PYTHON_EXECUTABLE: /usr/bin/python3
[2.385s] -- Override CMake install command with custom implementation using symlinks instead of copying resources
[2.504s] -- Found rosidl_default_generators: 1.0.1 (/opt/ros/foxy/share/rosidl_default_generators/cmake)
[2.532s] -- Using all available rosidl_typesupport_c: rosidl_typesupport_fastrtps_c;rosidl_typesupport_introspection_c
[2.567s] -- Found rosidl_adapter: 1.2.1 (/opt/ros/foxy/share/rosidl_adapter/cmake)
[2.914s] -- Found OpenSSL: /usr/lib/x86_64-linux-gnu/libcrypto.so (found version "1.1.1f")  
[3.014s] -- Found FastRTPS: /opt/ros/foxy/include  
[3.355s] -- Using all available rosidl_typesupport_cpp: rosidl_typesupport_fastrtps_cpp;rosidl_typesupport_introspection_cpp
[3.568s] -- Found PythonInterp: /usr/bin/python3 (found version "3.8.10") 
[4.312s] -- Found ament_cmake_ros: 0.9.2 (/opt/ros/foxy/share/ament_cmake_ros/cmake)
[4.824s] -- Using all available rosidl_typesupport_c: rosidl_typesupport_fastrtps_c;rosidl_typesupport_introspection_c
[4.943s] -- Using all available rosidl_typesupport_cpp: rosidl_typesupport_fastrtps_cpp;rosidl_typesupport_introspection_cpp
[5.064s] -- Found PythonInterp: /usr/bin/python3 (found suitable version "3.8.10", minimum required is "3.5") 
[5.071s] -- Found python_cmake_module: 0.8.1 (/opt/ros/foxy/share/python_cmake_module/cmake)
[5.190s] -- Found PythonLibs: /usr/lib/x86_64-linux-gnu/libpython3.8.so (found suitable version "3.8.10", minimum required is "3.5") 
[5.190s] -- Using PYTHON_EXECUTABLE: /usr/bin/python3
[5.192s] -- Using PYTHON_INCLUDE_DIRS: /usr/include/python3.8
[5.192s] -- Using PYTHON_LIBRARIES: /usr/lib/x86_64-linux-gnu/libpython3.8.so
[5.337s] -- Found PythonExtra: .so  
[5.610s] -- Found ament_lint_auto: 0.9.6 (/opt/ros/foxy/share/ament_lint_auto/cmake)
[5.710s] -- Added test 'copyright' to check source files copyright and LICENSE
[5.717s] -- Added test 'lint_cmake' to check CMake code style
[5.722s] -- Added test 'xmllint' to check XML markup files
[5.744s] -- Configuring done
[5.990s] -- Generating done
[6.003s] -- Build files have been written to: /home/ys/robot_ws/build/project_interface
[6.037s] Invoked command in '/home/ys/robot_ws/build/project_interface' returned '0': CMAKE_PREFIX_PATH=${CMAKE_PREFIX_PATH}:/home/ys/robot_ws/install/python_parameters:/home/ys/robot_ws/install/first_rclpy_pkg:/home/ys/robot_ws/install/final_project:/home/ys/robot_ws/install/fibonacci_rclpy_action_pkg:/opt/ros/foxy /usr/bin/cmake /home/ys/robot_ws/src/project_interface -DAMENT_CMAKE_SYMLINK_INSTALL=1 -DCMAKE_INSTALL_PREFIX=/home/ys/robot_ws/install/project_interface
[6.038s] Invoking command in '/home/ys/robot_ws/build/project_interface': CMAKE_PREFIX_PATH=${CMAKE_PREFIX_PATH}:/home/ys/robot_ws/install/python_parameters:/home/ys/robot_ws/install/first_rclpy_pkg:/home/ys/robot_ws/install/final_project:/home/ys/robot_ws/install/fibonacci_rclpy_action_pkg:/opt/ros/foxy /usr/bin/cmake --build /home/ys/robot_ws/build/project_interface -- -j1 -l1
[6.148s] [35m[1mScanning dependencies of target project_interface__cpp[0m
[6.171s] [  3%] [34m[1mGenerating C++ code for ROS interfaces[0m
[7.759s] [  3%] Built target project_interface__cpp
[7.784s] [  6%] [34m[1mGenerating C++ type support dispatch for ROS interfaces[0m
[8.846s] [35m[1mScanning dependencies of target project_interface__rosidl_typesupport_cpp[0m
[8.889s] [  9%] [32mBuilding CXX object CMakeFiles/project_interface__rosidl_typesupport_cpp.dir/rosidl_typesupport_cpp/project_interface/action/controller__type_support.cpp.o[0m
[10.375s] [ 12%] [32m[1mLinking CXX shared library libproject_interface__rosidl_typesupport_cpp.so[0m
[10.495s] [ 12%] Built target project_interface__rosidl_typesupport_cpp
[10.523s] [ 16%] [34m[1mGenerating C code for ROS interfaces[0m
[12.196s] [35m[1mScanning dependencies of target project_interface__rosidl_generator_c[0m
[12.224s] [ 19%] [32mBuilding C object CMakeFiles/project_interface__rosidl_generator_c.dir/rosidl_generator_c/project_interface/action/detail/controller__functions.c.o[0m
[12.452s] [ 22%] [32m[1mLinking C shared library libproject_interface__rosidl_generator_c.so[0m
[12.549s] [ 22%] Built target project_interface__rosidl_generator_c
[12.574s] [ 25%] [34m[1mGenerating C type support dispatch for ROS interfaces[0m
[13.768s] [35m[1mScanning dependencies of target project_interface__rosidl_typesupport_c[0m
[13.804s] [ 29%] [32mBuilding CXX object CMakeFiles/project_interface__rosidl_typesupport_c.dir/rosidl_typesupport_c/project_interface/action/controller__type_support.cpp.o[0m
[13.961s] [ 32%] [32m[1mLinking CXX shared library libproject_interface__rosidl_typesupport_c.so[0m
[14.070s] [ 32%] Built target project_interface__rosidl_typesupport_c
[14.095s] [ 35%] [34m[1mGenerating C++ type support for eProsima Fast-RTPS[0m
[15.702s] [35m[1mScanning dependencies of target project_interface__rosidl_typesupport_fastrtps_cpp[0m
[15.771s] [ 38%] [32mBuilding CXX object CMakeFiles/project_interface__rosidl_typesupport_fastrtps_cpp.dir/rosidl_typesupport_fastrtps_cpp/project_interface/action/detail/dds_fastrtps/controller__type_support.cpp.o[0m
[17.766s] [ 41%] [32m[1mLinking CXX shared library libproject_interface__rosidl_typesupport_fastrtps_cpp.so[0m
[18.008s] [ 41%] Built target project_interface__rosidl_typesupport_fastrtps_cpp
[18.037s] [ 45%] [34m[1mGenerating C type support for eProsima Fast-RTPS[0m
[19.582s] [35m[1mScanning dependencies of target project_interface__rosidl_typesupport_fastrtps_c[0m
[19.645s] [ 48%] [32mBuilding CXX object CMakeFiles/project_interface__rosidl_typesupport_fastrtps_c.dir/rosidl_typesupport_fastrtps_c/project_interface/action/detail/controller__type_support_c.cpp.o[0m
[20.934s] [ 51%] [32m[1mLinking CXX shared library libproject_interface__rosidl_typesupport_fastrtps_c.so[0m
[21.166s] [ 51%] Built target project_interface__rosidl_typesupport_fastrtps_c
[21.192s] [ 54%] [34m[1mGenerating C++ introspection for ROS interfaces[0m
[22.444s] [35m[1mScanning dependencies of target project_interface__rosidl_typesupport_introspection_cpp[0m
[22.492s] [ 58%] [32mBuilding CXX object CMakeFiles/project_interface__rosidl_typesupport_introspection_cpp.dir/rosidl_typesupport_introspection_cpp/project_interface/action/detail/controller__type_support.cpp.o[0m
[23.406s] [ 61%] [32m[1mLinking CXX shared library libproject_interface__rosidl_typesupport_introspection_cpp.so[0m
[23.599s] [ 61%] Built target project_interface__rosidl_typesupport_introspection_cpp
[23.624s] [ 64%] [34m[1mGenerating C introspection for ROS interfaces[0m
[25.031s] [35m[1mScanning dependencies of target project_interface__rosidl_typesupport_introspection_c[0m
[25.076s] [ 67%] [32mBuilding C object CMakeFiles/project_interface__rosidl_typesupport_introspection_c.dir/rosidl_typesupport_introspection_c/project_interface/action/detail/controller__type_support.c.o[0m
[25.199s] [ 70%] [32m[1mLinking C shared library libproject_interface__rosidl_typesupport_introspection_c.so[0m
[25.280s] [ 70%] Built target project_interface__rosidl_typesupport_introspection_c
[25.306s] [35m[1mScanning dependencies of target project_interface[0m
[25.332s] [ 70%] Built target project_interface
[25.356s] [35m[1mScanning dependencies of target project_interface__py[0m
[25.381s] [ 74%] [34m[1mGenerating Python code for ROS interfaces[0m
[28.897s] [ 74%] Built target project_interface__py
[28.932s] [35m[1mScanning dependencies of target project_interface__python[0m
[29.016s] [ 77%] [32mBuilding C object CMakeFiles/project_interface__python.dir/rosidl_generator_py/project_interface/action/_controller_s.c.o[0m
[29.393s] [ 80%] [32m[1mLinking C shared library rosidl_generator_py/project_interface/libproject_interface__python.so[0m
[29.537s] [ 80%] Built target project_interface__python
[29.562s] [35m[1mScanning dependencies of target project_interface__rosidl_typesupport_introspection_c__pyext[0m
[29.609s] [ 83%] [32mBuilding C object CMakeFiles/project_interface__rosidl_typesupport_introspection_c__pyext.dir/rosidl_generator_py/project_interface/_project_interface_s.ep.rosidl_typesupport_introspection_c.c.o[0m
[29.912s] [ 87%] [32m[1mLinking C shared library rosidl_generator_py/project_interface/project_interface_s__rosidl_typesupport_introspection_c.cpython-38-x86_64-linux-gnu.so[0m
[30.017s] [ 87%] Built target project_interface__rosidl_typesupport_introspection_c__pyext
[30.044s] [35m[1mScanning dependencies of target project_interface__rosidl_typesupport_fastrtps_c__pyext[0m
[30.103s] [ 90%] [32mBuilding C object CMakeFiles/project_interface__rosidl_typesupport_fastrtps_c__pyext.dir/rosidl_generator_py/project_interface/_project_interface_s.ep.rosidl_typesupport_fastrtps_c.c.o[0m
[30.398s] [ 93%] [32m[1mLinking CXX shared library rosidl_generator_py/project_interface/project_interface_s__rosidl_typesupport_fastrtps_c.cpython-38-x86_64-linux-gnu.so[0m
[30.600s] [ 93%] Built target project_interface__rosidl_typesupport_fastrtps_c__pyext
[30.626s] [35m[1mScanning dependencies of target project_interface__rosidl_typesupport_c__pyext[0m
[30.677s] [ 96%] [32mBuilding C object CMakeFiles/project_interface__rosidl_typesupport_c__pyext.dir/rosidl_generator_py/project_interface/_project_interface_s.ep.rosidl_typesupport_c.c.o[0m
[30.984s] [100%] [32m[1mLinking C shared library rosidl_generator_py/project_interface/project_interface_s__rosidl_typesupport_c.cpython-38-x86_64-linux-gnu.so[0m
[31.092s] [100%] Built target project_interface__rosidl_typesupport_c__pyext
[31.122s] Invoked command in '/home/ys/robot_ws/build/project_interface' returned '0': CMAKE_PREFIX_PATH=${CMAKE_PREFIX_PATH}:/home/ys/robot_ws/install/python_parameters:/home/ys/robot_ws/install/first_rclpy_pkg:/home/ys/robot_ws/install/final_project:/home/ys/robot_ws/install/fibonacci_rclpy_action_pkg:/opt/ros/foxy /usr/bin/cmake --build /home/ys/robot_ws/build/project_interface -- -j1 -l1
[31.271s] Invoking command in '/home/ys/robot_ws/build/project_interface': CMAKE_PREFIX_PATH=${CMAKE_PREFIX_PATH}:/home/ys/robot_ws/install/python_parameters:/home/ys/robot_ws/install/first_rclpy_pkg:/home/ys/robot_ws/install/final_project:/home/ys/robot_ws/install/fibonacci_rclpy_action_pkg:/opt/ros/foxy /usr/bin/cmake --install /home/ys/robot_ws/build/project_interface
[31.299s] -- Install configuration: ""
[31.302s] -- Execute custom install script
[31.304s] -- Symlinking: /home/ys/robot_ws/install/project_interface/share/ament_index/resource_index/rosidl_interfaces/project_interface
[31.329s] -- Symlinking: /home/ys/robot_ws/install/project_interface/include/project_interface/action/controller.h
[31.353s] -- Symlinking: /home/ys/robot_ws/install/project_interface/include/project_interface/action/detail/controller__functions.h
[31.372s] -- Symlinking: /home/ys/robot_ws/install/project_interface/include/project_interface/action/detail/controller__struct.h
[31.395s] -- Symlinking: /home/ys/robot_ws/install/project_interface/include/project_interface/action/detail/controller__type_support.h
[31.422s] -- Symlinking: /home/ys/robot_ws/install/project_interface/include/project_interface/msg/rosidl_generator_c__visibility_control.h
[31.448s] -- Symlinking: /home/ys/robot_ws/install/project_interface/share/project_interface/environment/library_path.sh
[31.468s] -- Symlinking: /home/ys/robot_ws/install/project_interface/share/project_interface/environment/library_path.dsv
[31.492s] -- Symlinking: /home/ys/robot_ws/install/project_interface/include/project_interface/action/detail/controller__rosidl_typesupport_fastrtps_c.h
[31.513s] -- Symlinking: /home/ys/robot_ws/install/project_interface/include/project_interface/msg/rosidl_typesupport_fastrtps_c__visibility_control.h
[31.539s] -- Symlinking: /home/ys/robot_ws/install/project_interface/lib/libproject_interface__rosidl_typesupport_fastrtps_c.so
[31.563s] -- Symlinking: /home/ys/robot_ws/install/project_interface/include/project_interface/action/detail/controller__rosidl_typesupport_fastrtps_cpp.hpp
[31.585s] -- Symlinking: /home/ys/robot_ws/install/project_interface/include/project_interface/msg/rosidl_typesupport_fastrtps_cpp__visibility_control.h
[31.628s] -- Symlinking: /home/ys/robot_ws/install/project_interface/lib/libproject_interface__rosidl_typesupport_fastrtps_cpp.so
[31.653s] -- Symlinking: /home/ys/robot_ws/install/project_interface/include/project_interface/action/detail/controller__rosidl_typesupport_introspection_c.h
[31.676s] -- Symlinking: /home/ys/robot_ws/install/project_interface/include/project_interface/msg/rosidl_typesupport_introspection_c__visibility_control.h
[31.698s] -- Symlinking: /home/ys/robot_ws/install/project_interface/include/project_interface/action/controller.hpp
[31.720s] -- Symlinking: /home/ys/robot_ws/install/project_interface/include/project_interface/action/detail/controller__builder.hpp
[31.744s] -- Symlinking: /home/ys/robot_ws/install/project_interface/include/project_interface/action/detail/controller__struct.hpp
[31.764s] -- Symlinking: /home/ys/robot_ws/install/project_interface/include/project_interface/action/detail/controller__traits.hpp
[31.810s] -- Symlinking: /home/ys/robot_ws/install/project_interface/include/project_interface/action/detail/controller__rosidl_typesupport_introspection_cpp.hpp
[31.834s] -- Symlinking: /home/ys/robot_ws/install/project_interface/share/project_interface/environment/pythonpath.sh
[31.859s] -- Symlinking: /home/ys/robot_ws/install/project_interface/share/project_interface/environment/pythonpath.dsv
[31.881s] -- Symlinking: /home/ys/robot_ws/install/project_interface/lib/python3.8/site-packages/project_interface/__init__.py
[31.911s] -- Symlinking: /home/ys/robot_ws/install/project_interface/lib/python3.8/site-packages/project_interface/action/__init__.py
[31.935s] -- Symlinking: /home/ys/robot_ws/install/project_interface/lib/python3.8/site-packages/project_interface/action/_controller.py
[31.959s] -- Symlinking: /home/ys/robot_ws/install/project_interface/lib/python3.8/site-packages/project_interface/project_interface_s__rosidl_typesupport_fastrtps_c.cpython-38-x86_64-linux-gnu.so
[31.984s] -- Symlinking: /home/ys/robot_ws/install/project_interface/lib/python3.8/site-packages/project_interface/project_interface_s__rosidl_typesupport_introspection_c.cpython-38-x86_64-linux-gnu.so
[32.005s] -- Symlinking: /home/ys/robot_ws/install/project_interface/lib/python3.8/site-packages/project_interface/project_interface_s__rosidl_typesupport_c.cpython-38-x86_64-linux-gnu.so
[32.026s] -- Symlinking: /home/ys/robot_ws/install/project_interface/lib/libproject_interface__python.so
[32.052s] -- Symlinking: /home/ys/robot_ws/install/project_interface/share/project_interface/action/Controller.idl
[32.074s] -- Symlinking: /home/ys/robot_ws/install/project_interface/share/project_interface/action/Controller.action
[32.096s] -- Symlinking: /home/ys/robot_ws/install/project_interface/share/ament_index/resource_index/package_run_dependencies/project_interface
[32.117s] -- Symlinking: /home/ys/robot_ws/install/project_interface/share/ament_index/resource_index/parent_prefix_path/project_interface
[32.141s] -- Symlinking: /home/ys/robot_ws/install/project_interface/share/project_interface/environment/ament_prefix_path.sh
[32.164s] -- Symlinking: /home/ys/robot_ws/install/project_interface/share/project_interface/environment/ament_prefix_path.dsv
[32.188s] -- Symlinking: /home/ys/robot_ws/install/project_interface/share/project_interface/environment/path.sh
[32.209s] -- Symlinking: /home/ys/robot_ws/install/project_interface/share/project_interface/environment/path.dsv
[32.230s] -- Symlinking: /home/ys/robot_ws/install/project_interface/share/project_interface/local_setup.bash
[32.252s] -- Symlinking: /home/ys/robot_ws/install/project_interface/share/project_interface/local_setup.sh
[32.276s] -- Symlinking: /home/ys/robot_ws/install/project_interface/share/project_interface/local_setup.zsh
[32.300s] -- Symlinking: /home/ys/robot_ws/install/project_interface/share/project_interface/local_setup.dsv
[32.319s] -- Symlinking: /home/ys/robot_ws/install/project_interface/share/project_interface/package.dsv
[32.343s] -- Symlinking: /home/ys/robot_ws/install/project_interface/share/ament_index/resource_index/packages/project_interface
[32.368s] -- Symlinking: /home/ys/robot_ws/install/project_interface/share/project_interface/cmake/rosidl_cmake-extras.cmake
[32.390s] -- Symlinking: /home/ys/robot_ws/install/project_interface/share/project_interface/cmake/ament_cmake_export_dependencies-extras.cmake
[32.420s] -- Symlinking: /home/ys/robot_ws/install/project_interface/share/project_interface/cmake/ament_cmake_export_libraries-extras.cmake
[32.440s] -- Symlinking: /home/ys/robot_ws/install/project_interface/share/project_interface/cmake/ament_cmake_export_targets-extras.cmake
[32.464s] -- Symlinking: /home/ys/robot_ws/install/project_interface/share/project_interface/cmake/ament_cmake_export_include_directories-extras.cmake
[32.489s] -- Symlinking: /home/ys/robot_ws/install/project_interface/share/project_interface/cmake/rosidl_cmake_export_typesupport_libraries-extras.cmake
[32.513s] -- Symlinking: /home/ys/robot_ws/install/project_interface/share/project_interface/cmake/rosidl_cmake_export_typesupport_targets-extras.cmake
[32.532s] -- Symlinking: /home/ys/robot_ws/install/project_interface/share/project_interface/cmake/project_interfaceConfig.cmake
[32.556s] -- Symlinking: /home/ys/robot_ws/install/project_interface/share/project_interface/cmake/project_interfaceConfig-version.cmake
[32.579s] -- Symlinking: /home/ys/robot_ws/install/project_interface/share/project_interface/package.xml
[32.602s] -- Installing: /home/ys/robot_ws/install/project_interface/lib/libproject_interface__rosidl_generator_c.so
[32.603s] -- Set runtime path of "/home/ys/robot_ws/install/project_interface/lib/libproject_interface__rosidl_generator_c.so" to ""
[32.606s] -- Installing: /home/ys/robot_ws/install/project_interface/lib/libproject_interface__rosidl_typesupport_introspection_c.so
[32.607s] -- Set runtime path of "/home/ys/robot_ws/install/project_interface/lib/libproject_interface__rosidl_typesupport_introspection_c.so" to ""
[32.609s] -- Installing: /home/ys/robot_ws/install/project_interface/lib/libproject_interface__rosidl_typesupport_c.so
[32.610s] -- Set runtime path of "/home/ys/robot_ws/install/project_interface/lib/libproject_interface__rosidl_typesupport_c.so" to ""
[32.610s] -- Installing: /home/ys/robot_ws/install/project_interface/lib/libproject_interface__rosidl_typesupport_introspection_cpp.so
[32.612s] -- Set runtime path of "/home/ys/robot_ws/install/project_interface/lib/libproject_interface__rosidl_typesupport_introspection_cpp.so" to ""
[32.613s] -- Installing: /home/ys/robot_ws/install/project_interface/lib/libproject_interface__rosidl_typesupport_cpp.so
[32.614s] -- Set runtime path of "/home/ys/robot_ws/install/project_interface/lib/libproject_interface__rosidl_typesupport_cpp.so" to ""
[32.734s] Compiling '/home/ys/robot_ws/install/project_interface/lib/python3.8/site-packages/project_interface/__init__.py'...
[32.748s] -- Installing: /home/ys/robot_ws/install/project_interface/share/project_interface/cmake/project_interface__rosidl_generator_cExport.cmake
[32.752s] -- Installing: /home/ys/robot_ws/install/project_interface/share/project_interface/cmake/project_interface__rosidl_generator_cExport-noconfig.cmake
[32.753s] -- Installing: /home/ys/robot_ws/install/project_interface/share/project_interface/cmake/project_interface__rosidl_typesupport_introspection_cExport.cmake
[32.753s] -- Installing: /home/ys/robot_ws/install/project_interface/share/project_interface/cmake/project_interface__rosidl_typesupport_introspection_cExport-noconfig.cmake
[32.754s] -- Installing: /home/ys/robot_ws/install/project_interface/share/project_interface/cmake/project_interface__rosidl_typesupport_cExport.cmake
[32.754s] -- Installing: /home/ys/robot_ws/install/project_interface/share/project_interface/cmake/project_interface__rosidl_typesupport_cExport-noconfig.cmake
[32.755s] -- Installing: /home/ys/robot_ws/install/project_interface/share/project_interface/cmake/project_interface__rosidl_generator_cppExport.cmake
[32.755s] -- Installing: /home/ys/robot_ws/install/project_interface/share/project_interface/cmake/project_interface__rosidl_typesupport_introspection_cppExport.cmake
[32.755s] -- Installing: /home/ys/robot_ws/install/project_interface/share/project_interface/cmake/project_interface__rosidl_typesupport_introspection_cppExport-noconfig.cmake
[32.757s] -- Installing: /home/ys/robot_ws/install/project_interface/share/project_interface/cmake/project_interface__rosidl_typesupport_cppExport.cmake
[32.757s] -- Installing: /home/ys/robot_ws/install/project_interface/share/project_interface/cmake/project_interface__rosidl_typesupport_cppExport-noconfig.cmake
[32.766s] Invoked command in '/home/ys/robot_ws/build/project_interface' returned '0': CMAKE_PREFIX_PATH=${CMAKE_PREFIX_PATH}:/home/ys/robot_ws/install/python_parameters:/home/ys/robot_ws/install/first_rclpy_pkg:/home/ys/robot_ws/install/final_project:/home/ys/robot_ws/install/fibonacci_rclpy_action_pkg:/opt/ros/foxy /usr/bin/cmake --install /home/ys/robot_ws/build/project_interface
