[0.640s] DEBUG:colcon:Command line arguments: ['/usr/bin/colcon', 'build', '--symlink-install', '--packages-select', 'project_parameter']
[0.641s] DEBUG:colcon:Parsed command line arguments: Namespace(ament_cmake_args=None, base_paths=['.'], build_base='build', catkin_cmake_args=None, catkin_skip_building_tests=False, cmake_args=None, cmake_clean_cache=False, cmake_clean_first=False, cmake_force_configure=False, cmake_target=None, cmake_target_skip_unavailable=False, continue_on_error=False, event_handlers=None, executor='parallel', ignore_user_meta=False, install_base='install', log_base=None, log_level=None, main=<bound method BuildVerb.main of <colcon_core.verb.build.BuildVerb object at 0x7fed78a77ca0>>, merge_install=False, metas=['./colcon.meta'], mixin=None, mixin_files=None, mixin_verb=('build',), packages_above=None, packages_above_and_dependencies=None, packages_above_depth=None, packages_end=None, packages_ignore=None, packages_ignore_regex=None, packages_select=['project_parameter'], packages_select_build_failed=False, packages_select_by_dep=None, packages_select_regex=None, packages_select_test_failures=False, packages_skip=None, packages_skip_build_finished=False, packages_skip_by_dep=None, packages_skip_regex=None, packages_skip_test_passed=False, packages_skip_up_to=None, packages_start=None, packages_up_to=None, packages_up_to_regex=None, parallel_workers=1, paths=None, symlink_install=True, test_result_base=None, verb_extension=<colcon_core.verb.build.BuildVerb object at 0x7fed78a77ca0>, verb_name='build', verb_parser=<colcon_mixin.mixin.mixin_argument.MixinArgumentDecorator object at 0x7fed78b1fc70>)
[0.653s] Level 1:colcon.colcon_core.package_discovery:discover_packages(colcon_meta) check parameters
[0.657s] Level 1:colcon.colcon_core.package_discovery:discover_packages(recursive) check parameters
[0.657s] Level 1:colcon.colcon_core.package_discovery:discover_packages(ignore) check parameters
[0.657s] Level 1:colcon.colcon_core.package_discovery:discover_packages(path) check parameters
[0.657s] Level 1:colcon.colcon_core.package_discovery:discover_packages(colcon_meta) discover
[0.657s] Level 1:colcon.colcon_core.package_discovery:discover_packages(recursive) discover
[0.658s] INFO:colcon.colcon_core.package_discovery:Crawling recursively for packages in '/home/ys/robot_ws'
[0.658s] Level 1:colcon.colcon_core.package_identification:_identify(.) by extensions ['ignore', 'ignore_ament_install']
[0.658s] Level 1:colcon.colcon_core.package_identification:_identify(.) by extension 'ignore'
[0.658s] Level 1:colcon.colcon_core.package_identification:_identify(.) by extension 'ignore_ament_install'
[0.658s] Level 1:colcon.colcon_core.package_identification:_identify(.) by extensions ['colcon_pkg']
[0.658s] Level 1:colcon.colcon_core.package_identification:_identify(.) by extension 'colcon_pkg'
[0.658s] Level 1:colcon.colcon_core.package_identification:_identify(.) by extensions ['colcon_meta']
[0.658s] Level 1:colcon.colcon_core.package_identification:_identify(.) by extension 'colcon_meta'
[0.658s] Level 1:colcon.colcon_core.package_identification:_identify(.) by extensions ['ros']
[0.658s] Level 1:colcon.colcon_core.package_identification:_identify(.) by extension 'ros'
[0.678s] Level 1:colcon.colcon_core.package_identification:_identify(.) by extensions ['cmake', 'python']
[0.678s] Level 1:colcon.colcon_core.package_identification:_identify(.) by extension 'cmake'
[0.679s] Level 1:colcon.colcon_core.package_identification:_identify(.) by extension 'python'
[0.679s] Level 1:colcon.colcon_core.package_identification:_identify(.) by extensions ['python_setup_py']
[0.680s] Level 1:colcon.colcon_core.package_identification:_identify(.) by extension 'python_setup_py'
[0.680s] Level 1:colcon.colcon_core.package_identification:_identify(build) by extensions ['ignore', 'ignore_ament_install']
[0.680s] Level 1:colcon.colcon_core.package_identification:_identify(build) by extension 'ignore'
[0.681s] Level 1:colcon.colcon_core.package_identification:_identify(build) ignored
[0.681s] Level 1:colcon.colcon_core.package_identification:_identify(install) by extensions ['ignore', 'ignore_ament_install']
[0.682s] Level 1:colcon.colcon_core.package_identification:_identify(install) by extension 'ignore'
[0.682s] Level 1:colcon.colcon_core.package_identification:_identify(install) ignored
[0.683s] Level 1:colcon.colcon_core.package_identification:_identify(launch) by extensions ['ignore', 'ignore_ament_install']
[0.683s] Level 1:colcon.colcon_core.package_identification:_identify(launch) by extension 'ignore'
[0.683s] Level 1:colcon.colcon_core.package_identification:_identify(launch) by extension 'ignore_ament_install'
[0.683s] Level 1:colcon.colcon_core.package_identification:_identify(launch) by extensions ['colcon_pkg']
[0.683s] Level 1:colcon.colcon_core.package_identification:_identify(launch) by extension 'colcon_pkg'
[0.683s] Level 1:colcon.colcon_core.package_identification:_identify(launch) by extensions ['colcon_meta']
[0.683s] Level 1:colcon.colcon_core.package_identification:_identify(launch) by extension 'colcon_meta'
[0.683s] Level 1:colcon.colcon_core.package_identification:_identify(launch) by extensions ['ros']
[0.684s] Level 1:colcon.colcon_core.package_identification:_identify(launch) by extension 'ros'
[0.684s] Level 1:colcon.colcon_core.package_identification:_identify(launch) by extensions ['cmake', 'python']
[0.684s] Level 1:colcon.colcon_core.package_identification:_identify(launch) by extension 'cmake'
[0.684s] Level 1:colcon.colcon_core.package_identification:_identify(launch) by extension 'python'
[0.684s] Level 1:colcon.colcon_core.package_identification:_identify(launch) by extensions ['python_setup_py']
[0.684s] Level 1:colcon.colcon_core.package_identification:_identify(launch) by extension 'python_setup_py'
[0.684s] Level 1:colcon.colcon_core.package_identification:_identify(launch/__pycache__) by extensions ['ignore', 'ignore_ament_install']
[0.684s] Level 1:colcon.colcon_core.package_identification:_identify(launch/__pycache__) by extension 'ignore'
[0.684s] Level 1:colcon.colcon_core.package_identification:_identify(launch/__pycache__) by extension 'ignore_ament_install'
[0.684s] Level 1:colcon.colcon_core.package_identification:_identify(launch/__pycache__) by extensions ['colcon_pkg']
[0.684s] Level 1:colcon.colcon_core.package_identification:_identify(launch/__pycache__) by extension 'colcon_pkg'
[0.684s] Level 1:colcon.colcon_core.package_identification:_identify(launch/__pycache__) by extensions ['colcon_meta']
[0.684s] Level 1:colcon.colcon_core.package_identification:_identify(launch/__pycache__) by extension 'colcon_meta'
[0.684s] Level 1:colcon.colcon_core.package_identification:_identify(launch/__pycache__) by extensions ['ros']
[0.684s] Level 1:colcon.colcon_core.package_identification:_identify(launch/__pycache__) by extension 'ros'
[0.684s] Level 1:colcon.colcon_core.package_identification:_identify(launch/__pycache__) by extensions ['cmake', 'python']
[0.685s] Level 1:colcon.colcon_core.package_identification:_identify(launch/__pycache__) by extension 'cmake'
[0.685s] Level 1:colcon.colcon_core.package_identification:_identify(launch/__pycache__) by extension 'python'
[0.685s] Level 1:colcon.colcon_core.package_identification:_identify(launch/__pycache__) by extensions ['python_setup_py']
[0.685s] Level 1:colcon.colcon_core.package_identification:_identify(launch/__pycache__) by extension 'python_setup_py'
[0.686s] Level 1:colcon.colcon_core.package_identification:_identify(log) by extensions ['ignore', 'ignore_ament_install']
[0.687s] Level 1:colcon.colcon_core.package_identification:_identify(log) by extension 'ignore'
[0.687s] Level 1:colcon.colcon_core.package_identification:_identify(log) ignored
[0.688s] Level 1:colcon.colcon_core.package_identification:_identify(src) by extensions ['ignore', 'ignore_ament_install']
[0.688s] Level 1:colcon.colcon_core.package_identification:_identify(src) by extension 'ignore'
[0.688s] Level 1:colcon.colcon_core.package_identification:_identify(src) by extension 'ignore_ament_install'
[0.688s] Level 1:colcon.colcon_core.package_identification:_identify(src) by extensions ['colcon_pkg']
[0.688s] Level 1:colcon.colcon_core.package_identification:_identify(src) by extension 'colcon_pkg'
[0.688s] Level 1:colcon.colcon_core.package_identification:_identify(src) by extensions ['colcon_meta']
[0.688s] Level 1:colcon.colcon_core.package_identification:_identify(src) by extension 'colcon_meta'
[0.688s] Level 1:colcon.colcon_core.package_identification:_identify(src) by extensions ['ros']
[0.688s] Level 1:colcon.colcon_core.package_identification:_identify(src) by extension 'ros'
[0.689s] Level 1:colcon.colcon_core.package_identification:_identify(src) by extensions ['cmake', 'python']
[0.689s] Level 1:colcon.colcon_core.package_identification:_identify(src) by extension 'cmake'
[0.689s] Level 1:colcon.colcon_core.package_identification:_identify(src) by extension 'python'
[0.689s] Level 1:colcon.colcon_core.package_identification:_identify(src) by extensions ['python_setup_py']
[0.690s] Level 1:colcon.colcon_core.package_identification:_identify(src) by extension 'python_setup_py'
[0.690s] Level 1:colcon.colcon_core.package_identification:_identify(src/build) by extensions ['ignore', 'ignore_ament_install']
[0.690s] Level 1:colcon.colcon_core.package_identification:_identify(src/build) by extension 'ignore'
[0.690s] Level 1:colcon.colcon_core.package_identification:_identify(src/build) ignored
[0.690s] Level 1:colcon.colcon_core.package_identification:_identify(src/fibonacci_rclpy_action_pkg) by extensions ['ignore', 'ignore_ament_install']
[0.690s] Level 1:colcon.colcon_core.package_identification:_identify(src/fibonacci_rclpy_action_pkg) by extension 'ignore'
[0.690s] Level 1:colcon.colcon_core.package_identification:_identify(src/fibonacci_rclpy_action_pkg) by extension 'ignore_ament_install'
[0.690s] Level 1:colcon.colcon_core.package_identification:_identify(src/fibonacci_rclpy_action_pkg) by extensions ['colcon_pkg']
[0.690s] Level 1:colcon.colcon_core.package_identification:_identify(src/fibonacci_rclpy_action_pkg) by extension 'colcon_pkg'
[0.690s] Level 1:colcon.colcon_core.package_identification:_identify(src/fibonacci_rclpy_action_pkg) by extensions ['colcon_meta']
[0.690s] Level 1:colcon.colcon_core.package_identification:_identify(src/fibonacci_rclpy_action_pkg) by extension 'colcon_meta'
[0.690s] Level 1:colcon.colcon_core.package_identification:_identify(src/fibonacci_rclpy_action_pkg) by extensions ['ros']
[0.690s] Level 1:colcon.colcon_core.package_identification:_identify(src/fibonacci_rclpy_action_pkg) by extension 'ros'
[0.695s] DEBUG:colcon.colcon_core.package_identification:Package 'src/fibonacci_rclpy_action_pkg' with type 'ros.ament_python' and name 'fibonacci_rclpy_action_pkg'
[0.696s] Level 1:colcon.colcon_core.package_identification:_identify(src/final_project) by extensions ['ignore', 'ignore_ament_install']
[0.696s] Level 1:colcon.colcon_core.package_identification:_identify(src/final_project) by extension 'ignore'
[0.697s] Level 1:colcon.colcon_core.package_identification:_identify(src/final_project) by extension 'ignore_ament_install'
[0.697s] Level 1:colcon.colcon_core.package_identification:_identify(src/final_project) by extensions ['colcon_pkg']
[0.697s] Level 1:colcon.colcon_core.package_identification:_identify(src/final_project) by extension 'colcon_pkg'
[0.698s] Level 1:colcon.colcon_core.package_identification:_identify(src/final_project) by extensions ['colcon_meta']
[0.698s] Level 1:colcon.colcon_core.package_identification:_identify(src/final_project) by extension 'colcon_meta'
[0.699s] Level 1:colcon.colcon_core.package_identification:_identify(src/final_project) by extensions ['ros']
[0.699s] Level 1:colcon.colcon_core.package_identification:_identify(src/final_project) by extension 'ros'
[0.701s] DEBUG:colcon.colcon_core.package_identification:Package 'src/final_project' with type 'ros.ament_python' and name 'final_project'
[0.701s] Level 1:colcon.colcon_core.package_identification:_identify(src/first_rclpy_pkg) by extensions ['ignore', 'ignore_ament_install']
[0.702s] Level 1:colcon.colcon_core.package_identification:_identify(src/first_rclpy_pkg) by extension 'ignore'
[0.702s] Level 1:colcon.colcon_core.package_identification:_identify(src/first_rclpy_pkg) by extension 'ignore_ament_install'
[0.703s] Level 1:colcon.colcon_core.package_identification:_identify(src/first_rclpy_pkg) by extensions ['colcon_pkg']
[0.704s] Level 1:colcon.colcon_core.package_identification:_identify(src/first_rclpy_pkg) by extension 'colcon_pkg'
[0.704s] Level 1:colcon.colcon_core.package_identification:_identify(src/first_rclpy_pkg) by extensions ['colcon_meta']
[0.704s] Level 1:colcon.colcon_core.package_identification:_identify(src/first_rclpy_pkg) by extension 'colcon_meta'
[0.704s] Level 1:colcon.colcon_core.package_identification:_identify(src/first_rclpy_pkg) by extensions ['ros']
[0.704s] Level 1:colcon.colcon_core.package_identification:_identify(src/first_rclpy_pkg) by extension 'ros'
[0.708s] DEBUG:colcon.colcon_core.package_identification:Package 'src/first_rclpy_pkg' with type 'ros.ament_python' and name 'first_rclpy_pkg'
[0.709s] Level 1:colcon.colcon_core.package_identification:_identify(src/install) by extensions ['ignore', 'ignore_ament_install']
[0.709s] Level 1:colcon.colcon_core.package_identification:_identify(src/install) by extension 'ignore'
[0.709s] Level 1:colcon.colcon_core.package_identification:_identify(src/install) ignored
[0.709s] Level 1:colcon.colcon_core.package_identification:_identify(src/log) by extensions ['ignore', 'ignore_ament_install']
[0.709s] Level 1:colcon.colcon_core.package_identification:_identify(src/log) by extension 'ignore'
[0.709s] Level 1:colcon.colcon_core.package_identification:_identify(src/log) ignored
[0.709s] Level 1:colcon.colcon_core.package_identification:_identify(src/my_action_interface) by extensions ['ignore', 'ignore_ament_install']
[0.709s] Level 1:colcon.colcon_core.package_identification:_identify(src/my_action_interface) by extension 'ignore'
[0.709s] Level 1:colcon.colcon_core.package_identification:_identify(src/my_action_interface) by extension 'ignore_ament_install'
[0.709s] Level 1:colcon.colcon_core.package_identification:_identify(src/my_action_interface) by extensions ['colcon_pkg']
[0.709s] Level 1:colcon.colcon_core.package_identification:_identify(src/my_action_interface) by extension 'colcon_pkg'
[0.709s] Level 1:colcon.colcon_core.package_identification:_identify(src/my_action_interface) by extensions ['colcon_meta']
[0.710s] Level 1:colcon.colcon_core.package_identification:_identify(src/my_action_interface) by extension 'colcon_meta'
[0.710s] Level 1:colcon.colcon_core.package_identification:_identify(src/my_action_interface) by extensions ['ros']
[0.710s] Level 1:colcon.colcon_core.package_identification:_identify(src/my_action_interface) by extension 'ros'
[0.710s] DEBUG:colcon.colcon_core.package_identification:Package 'src/my_action_interface' with type 'ros.ament_cmake' and name 'my_action_interface'
[0.711s] Level 1:colcon.colcon_core.package_identification:_identify(src/my_interface_example) by extensions ['ignore', 'ignore_ament_install']
[0.711s] Level 1:colcon.colcon_core.package_identification:_identify(src/my_interface_example) by extension 'ignore'
[0.711s] Level 1:colcon.colcon_core.package_identification:_identify(src/my_interface_example) by extension 'ignore_ament_install'
[0.711s] Level 1:colcon.colcon_core.package_identification:_identify(src/my_interface_example) by extensions ['colcon_pkg']
[0.711s] Level 1:colcon.colcon_core.package_identification:_identify(src/my_interface_example) by extension 'colcon_pkg'
[0.711s] Level 1:colcon.colcon_core.package_identification:_identify(src/my_interface_example) by extensions ['colcon_meta']
[0.711s] Level 1:colcon.colcon_core.package_identification:_identify(src/my_interface_example) by extension 'colcon_meta'
[0.711s] Level 1:colcon.colcon_core.package_identification:_identify(src/my_interface_example) by extensions ['ros']
[0.711s] Level 1:colcon.colcon_core.package_identification:_identify(src/my_interface_example) by extension 'ros'
[0.712s] DEBUG:colcon.colcon_core.package_identification:Package 'src/my_interface_example' with type 'ros.ament_cmake' and name 'my_interface_example'
[0.712s] Level 1:colcon.colcon_core.package_identification:_identify(src/project_interface) by extensions ['ignore', 'ignore_ament_install']
[0.712s] Level 1:colcon.colcon_core.package_identification:_identify(src/project_interface) by extension 'ignore'
[0.712s] Level 1:colcon.colcon_core.package_identification:_identify(src/project_interface) by extension 'ignore_ament_install'
[0.712s] Level 1:colcon.colcon_core.package_identification:_identify(src/project_interface) by extensions ['colcon_pkg']
[0.712s] Level 1:colcon.colcon_core.package_identification:_identify(src/project_interface) by extension 'colcon_pkg'
[0.712s] Level 1:colcon.colcon_core.package_identification:_identify(src/project_interface) by extensions ['colcon_meta']
[0.712s] Level 1:colcon.colcon_core.package_identification:_identify(src/project_interface) by extension 'colcon_meta'
[0.712s] Level 1:colcon.colcon_core.package_identification:_identify(src/project_interface) by extensions ['ros']
[0.712s] Level 1:colcon.colcon_core.package_identification:_identify(src/project_interface) by extension 'ros'
[0.717s] DEBUG:colcon.colcon_core.package_identification:Package 'src/project_interface' with type 'ros.ament_cmake' and name 'project_interface'
[0.717s] Level 1:colcon.colcon_core.package_identification:_identify(src/project_parameter) by extensions ['ignore', 'ignore_ament_install']
[0.717s] Level 1:colcon.colcon_core.package_identification:_identify(src/project_parameter) by extension 'ignore'
[0.718s] Level 1:colcon.colcon_core.package_identification:_identify(src/project_parameter) by extension 'ignore_ament_install'
[0.718s] Level 1:colcon.colcon_core.package_identification:_identify(src/project_parameter) by extensions ['colcon_pkg']
[0.718s] Level 1:colcon.colcon_core.package_identification:_identify(src/project_parameter) by extension 'colcon_pkg'
[0.718s] Level 1:colcon.colcon_core.package_identification:_identify(src/project_parameter) by extensions ['colcon_meta']
[0.718s] Level 1:colcon.colcon_core.package_identification:_identify(src/project_parameter) by extension 'colcon_meta'
[0.718s] Level 1:colcon.colcon_core.package_identification:_identify(src/project_parameter) by extensions ['ros']
[0.718s] Level 1:colcon.colcon_core.package_identification:_identify(src/project_parameter) by extension 'ros'
[0.719s] DEBUG:colcon.colcon_core.package_identification:Package 'src/project_parameter' with type 'ros.ament_python' and name 'project_parameter'
[0.719s] Level 1:colcon.colcon_core.package_identification:_identify(src/python_parameters) by extensions ['ignore', 'ignore_ament_install']
[0.719s] Level 1:colcon.colcon_core.package_identification:_identify(src/python_parameters) by extension 'ignore'
[0.719s] Level 1:colcon.colcon_core.package_identification:_identify(src/python_parameters) by extension 'ignore_ament_install'
[0.719s] Level 1:colcon.colcon_core.package_identification:_identify(src/python_parameters) by extensions ['colcon_pkg']
[0.719s] Level 1:colcon.colcon_core.package_identification:_identify(src/python_parameters) by extension 'colcon_pkg'
[0.719s] Level 1:colcon.colcon_core.package_identification:_identify(src/python_parameters) by extensions ['colcon_meta']
[0.719s] Level 1:colcon.colcon_core.package_identification:_identify(src/python_parameters) by extension 'colcon_meta'
[0.719s] Level 1:colcon.colcon_core.package_identification:_identify(src/python_parameters) by extensions ['ros']
[0.719s] Level 1:colcon.colcon_core.package_identification:_identify(src/python_parameters) by extension 'ros'
[0.722s] DEBUG:colcon.colcon_core.package_identification:Package 'src/python_parameters' with type 'ros.ament_python' and name 'python_parameters'
[0.722s] Level 1:colcon.colcon_core.package_identification:_identify(src/sum_rclpy_srvcli_pkg) by extensions ['ignore', 'ignore_ament_install']
[0.723s] Level 1:colcon.colcon_core.package_identification:_identify(src/sum_rclpy_srvcli_pkg) by extension 'ignore'
[0.723s] Level 1:colcon.colcon_core.package_identification:_identify(src/sum_rclpy_srvcli_pkg) by extension 'ignore_ament_install'
[0.723s] Level 1:colcon.colcon_core.package_identification:_identify(src/sum_rclpy_srvcli_pkg) by extensions ['colcon_pkg']
[0.724s] Level 1:colcon.colcon_core.package_identification:_identify(src/sum_rclpy_srvcli_pkg) by extension 'colcon_pkg'
[0.724s] Level 1:colcon.colcon_core.package_identification:_identify(src/sum_rclpy_srvcli_pkg) by extensions ['colcon_meta']
[0.724s] Level 1:colcon.colcon_core.package_identification:_identify(src/sum_rclpy_srvcli_pkg) by extension 'colcon_meta'
[0.724s] Level 1:colcon.colcon_core.package_identification:_identify(src/sum_rclpy_srvcli_pkg) by extensions ['ros']
[0.724s] Level 1:colcon.colcon_core.package_identification:_identify(src/sum_rclpy_srvcli_pkg) by extension 'ros'
[0.724s] DEBUG:colcon.colcon_core.package_identification:Failed to parse potential ROS package manifest in'src/sum_rclpy_srvcli_pkg': Error(s) in package 'src/sum_rclpy_srvcli_pkg/package.xml':
The manifest contains invalid XML:
mismatched tag: line 12, column 32
[0.724s] Level 1:colcon.colcon_core.package_identification:_identify(src/sum_rclpy_srvcli_pkg) by extensions ['cmake', 'python']
[0.725s] Level 1:colcon.colcon_core.package_identification:_identify(src/sum_rclpy_srvcli_pkg) by extension 'cmake'
[0.725s] Level 1:colcon.colcon_core.package_identification:_identify(src/sum_rclpy_srvcli_pkg) by extension 'python'
[0.725s] DEBUG:colcon.colcon_core.package_identification:Python package in 'src/sum_rclpy_srvcli_pkg' passes arguments to the setup() function which requires a different identification extension than 'python'
[0.726s] Level 1:colcon.colcon_core.package_identification:_identify(src/sum_rclpy_srvcli_pkg) by extensions ['python_setup_py']
[0.726s] Level 1:colcon.colcon_core.package_identification:_identify(src/sum_rclpy_srvcli_pkg) by extension 'python_setup_py'
[1.090s] DEBUG:colcon.colcon_core.package_identification:Package 'src/sum_rclpy_srvcli_pkg' with type 'python' and name 'sum_rclpy_srvcli_pkg'
[1.090s] Level 1:colcon.colcon_core.package_identification:_identify(src/teleop_twist_joy) by extensions ['ignore', 'ignore_ament_install']
[1.090s] Level 1:colcon.colcon_core.package_identification:_identify(src/teleop_twist_joy) by extension 'ignore'
[1.090s] Level 1:colcon.colcon_core.package_identification:_identify(src/teleop_twist_joy) by extension 'ignore_ament_install'
[1.090s] Level 1:colcon.colcon_core.package_identification:_identify(src/teleop_twist_joy) by extensions ['colcon_pkg']
[1.090s] Level 1:colcon.colcon_core.package_identification:_identify(src/teleop_twist_joy) by extension 'colcon_pkg'
[1.090s] Level 1:colcon.colcon_core.package_identification:_identify(src/teleop_twist_joy) by extensions ['colcon_meta']
[1.090s] Level 1:colcon.colcon_core.package_identification:_identify(src/teleop_twist_joy) by extension 'colcon_meta'
[1.091s] Level 1:colcon.colcon_core.package_identification:_identify(src/teleop_twist_joy) by extensions ['ros']
[1.091s] Level 1:colcon.colcon_core.package_identification:_identify(src/teleop_twist_joy) by extension 'ros'
[1.092s] DEBUG:colcon.colcon_core.package_identification:Package 'src/teleop_twist_joy' with type 'ros.ament_cmake' and name 'teleop_twist_joy'
[1.093s] Level 1:colcon.colcon_core.package_identification:_identify(src/test_ros_rclcpp_pkg) by extensions ['ignore', 'ignore_ament_install']
[1.093s] Level 1:colcon.colcon_core.package_identification:_identify(src/test_ros_rclcpp_pkg) by extension 'ignore'
[1.097s] Level 1:colcon.colcon_core.package_identification:_identify(src/test_ros_rclcpp_pkg) by extension 'ignore_ament_install'
[1.097s] Level 1:colcon.colcon_core.package_identification:_identify(src/test_ros_rclcpp_pkg) by extensions ['colcon_pkg']
[1.097s] Level 1:colcon.colcon_core.package_identification:_identify(src/test_ros_rclcpp_pkg) by extension 'colcon_pkg'
[1.097s] Level 1:colcon.colcon_core.package_identification:_identify(src/test_ros_rclcpp_pkg) by extensions ['colcon_meta']
[1.097s] Level 1:colcon.colcon_core.package_identification:_identify(src/test_ros_rclcpp_pkg) by extension 'colcon_meta'
[1.097s] Level 1:colcon.colcon_core.package_identification:_identify(src/test_ros_rclcpp_pkg) by extensions ['ros']
[1.097s] Level 1:colcon.colcon_core.package_identification:_identify(src/test_ros_rclcpp_pkg) by extension 'ros'
[1.098s] DEBUG:colcon.colcon_core.package_identification:Package 'src/test_ros_rclcpp_pkg' with type 'ros.ament_cmake' and name 'test_ros_rclcpp_pkg'
[1.098s] Level 1:colcon.colcon_core.package_identification:_identify(src/test_ros_rclpy_pkg) by extensions ['ignore', 'ignore_ament_install']
[1.098s] Level 1:colcon.colcon_core.package_identification:_identify(src/test_ros_rclpy_pkg) by extension 'ignore'
[1.098s] Level 1:colcon.colcon_core.package_identification:_identify(src/test_ros_rclpy_pkg) by extension 'ignore_ament_install'
[1.099s] Level 1:colcon.colcon_core.package_identification:_identify(src/test_ros_rclpy_pkg) by extensions ['colcon_pkg']
[1.099s] Level 1:colcon.colcon_core.package_identification:_identify(src/test_ros_rclpy_pkg) by extension 'colcon_pkg'
[1.099s] Level 1:colcon.colcon_core.package_identification:_identify(src/test_ros_rclpy_pkg) by extensions ['colcon_meta']
[1.099s] Level 1:colcon.colcon_core.package_identification:_identify(src/test_ros_rclpy_pkg) by extension 'colcon_meta'
[1.099s] Level 1:colcon.colcon_core.package_identification:_identify(src/test_ros_rclpy_pkg) by extensions ['ros']
[1.099s] Level 1:colcon.colcon_core.package_identification:_identify(src/test_ros_rclpy_pkg) by extension 'ros'
[1.100s] DEBUG:colcon.colcon_core.package_identification:Package 'src/test_ros_rclpy_pkg' with type 'ros.ament_python' and name 'test_ros_rclpy_pkg'
[1.100s] Level 1:colcon.colcon_core.package_discovery:discover_packages(recursive) using defaults
[1.100s] Level 1:colcon.colcon_core.package_discovery:discover_packages(ignore) discover
[1.100s] Level 1:colcon.colcon_core.package_discovery:discover_packages(ignore) using defaults
[1.100s] Level 1:colcon.colcon_core.package_discovery:discover_packages(path) discover
[1.100s] Level 1:colcon.colcon_core.package_discovery:discover_packages(path) using defaults
[1.163s] INFO:colcon.colcon_core.package_selection:Skipping not selected package 'my_action_interface' in 'src/my_action_interface'
[1.167s] INFO:colcon.colcon_core.package_selection:Skipping not selected package 'my_interface_example' in 'src/my_interface_example'
[1.168s] INFO:colcon.colcon_core.package_selection:Skipping not selected package 'project_interface' in 'src/project_interface'
[1.168s] INFO:colcon.colcon_core.package_selection:Skipping not selected package 'python_parameters' in 'src/python_parameters'
[1.168s] INFO:colcon.colcon_core.package_selection:Skipping not selected package 'sum_rclpy_srvcli_pkg' in 'src/sum_rclpy_srvcli_pkg'
[1.168s] INFO:colcon.colcon_core.package_selection:Skipping not selected package 'teleop_twist_joy' in 'src/teleop_twist_joy'
[1.168s] INFO:colcon.colcon_core.package_selection:Skipping not selected package 'test_ros_rclcpp_pkg' in 'src/test_ros_rclcpp_pkg'
[1.168s] INFO:colcon.colcon_core.package_selection:Skipping not selected package 'test_ros_rclpy_pkg' in 'src/test_ros_rclpy_pkg'
[1.168s] INFO:colcon.colcon_core.package_selection:Skipping not selected package 'fibonacci_rclpy_action_pkg' in 'src/fibonacci_rclpy_action_pkg'
[1.168s] INFO:colcon.colcon_core.package_selection:Skipping not selected package 'final_project' in 'src/final_project'
[1.168s] INFO:colcon.colcon_core.package_selection:Skipping not selected package 'first_rclpy_pkg' in 'src/first_rclpy_pkg'
[1.172s] Level 5:colcon.colcon_core.verb:set package 'project_parameter' build argument 'cmake_args' from command line to 'None'
[1.172s] Level 5:colcon.colcon_core.verb:set package 'project_parameter' build argument 'cmake_target' from command line to 'None'
[1.172s] Level 5:colcon.colcon_core.verb:set package 'project_parameter' build argument 'cmake_target_skip_unavailable' from command line to 'False'
[1.172s] Level 5:colcon.colcon_core.verb:set package 'project_parameter' build argument 'cmake_clean_cache' from command line to 'False'
[1.172s] Level 5:colcon.colcon_core.verb:set package 'project_parameter' build argument 'cmake_clean_first' from command line to 'False'
[1.173s] Level 5:colcon.colcon_core.verb:set package 'project_parameter' build argument 'cmake_force_configure' from command line to 'False'
[1.173s] Level 5:colcon.colcon_core.verb:set package 'project_parameter' build argument 'ament_cmake_args' from command line to 'None'
[1.173s] Level 5:colcon.colcon_core.verb:set package 'project_parameter' build argument 'catkin_cmake_args' from command line to 'None'
[1.173s] Level 5:colcon.colcon_core.verb:set package 'project_parameter' build argument 'catkin_skip_building_tests' from command line to 'False'
[1.176s] DEBUG:colcon.colcon_core.verb:Building package 'project_parameter' with the following arguments: {'ament_cmake_args': None, 'build_base': '/home/ys/robot_ws/build/project_parameter', 'catkin_cmake_args': None, 'catkin_skip_building_tests': False, 'cmake_args': None, 'cmake_clean_cache': False, 'cmake_clean_first': False, 'cmake_force_configure': False, 'cmake_target': None, 'cmake_target_skip_unavailable': False, 'install_base': '/home/ys/robot_ws/install/project_parameter', 'merge_install': False, 'path': '/home/ys/robot_ws/src/project_parameter', 'symlink_install': True, 'test_result_base': None}
[1.177s] INFO:colcon.colcon_core.executor:Executing jobs using 'parallel' executor
[1.182s] DEBUG:colcon.colcon_parallel_executor.executor.parallel:run_until_complete
[1.183s] INFO:colcon.colcon_ros.task.ament_python.build:Building ROS package in '/home/ys/robot_ws/src/project_parameter' with build type 'ament_python'
[1.183s] Level 1:colcon.colcon_core.shell:create_environment_hook('project_parameter', 'ament_prefix_path')
[1.206s] INFO:colcon.colcon_core.plugin_system:Skipping extension 'colcon_core.shell.bat': Not used on non-Windows systems
[1.207s] INFO:colcon.colcon_core.shell:Creating environment hook '/home/ys/robot_ws/install/project_parameter/share/project_parameter/hook/ament_prefix_path.ps1'
[1.208s] INFO:colcon.colcon_core.shell:Creating environment descriptor '/home/ys/robot_ws/install/project_parameter/share/project_parameter/hook/ament_prefix_path.dsv'
[1.209s] INFO:colcon.colcon_core.shell:Creating environment hook '/home/ys/robot_ws/install/project_parameter/share/project_parameter/hook/ament_prefix_path.sh'
[1.213s] INFO:colcon.colcon_core.shell:Skip shell extension 'powershell' for command environment: Not usable outside of PowerShell
[1.213s] DEBUG:colcon.colcon_core.shell:Skip shell extension 'dsv' for command environment
[1.227s] DEBUG:colcon.colcon_core.shell:Ignoring prefix path '/opt/ros/foxy'
[2.025s] INFO:colcon.colcon_core.task.python.build:Building Python package in '/home/ys/robot_ws/src/project_parameter'
[2.031s] INFO:colcon.colcon_core.shell:Skip shell extension 'powershell' for command environment: Not usable outside of PowerShell
[2.031s] DEBUG:colcon.colcon_core.shell:Skip shell extension 'dsv' for command environment
[2.047s] DEBUG:colcon.colcon_core.shell:Ignoring prefix path '/opt/ros/foxy'
[2.066s] DEBUG:colcon.colcon_core.event_handler.log_command:Invoking command in '/home/ys/robot_ws/build/project_parameter': PYTHONPATH=/home/ys/robot_ws/install/project_parameter/lib/python3.8/site-packages:${PYTHONPATH} /usr/bin/python3 setup.py develop --prefix /home/ys/robot_ws/install/project_parameter --editable --build-directory /home/ys/robot_ws/build/project_parameter/build --no-deps install_data --install-dir /home/ys/robot_ws/install/project_parameter
[3.808s] Level 1:colcon.colcon_core.shell:create_environment_hook('project_parameter', 'pythonpath_develop')
[3.810s] INFO:colcon.colcon_core.shell:Creating environment hook '/home/ys/robot_ws/build/project_parameter/share/project_parameter/hook/pythonpath_develop.ps1'
[3.810s] DEBUG:colcon.colcon_core.event_handler.log_command:Invoked command in '/home/ys/robot_ws/build/project_parameter' returned '0': PYTHONPATH=/home/ys/robot_ws/install/project_parameter/lib/python3.8/site-packages:${PYTHONPATH} /usr/bin/python3 setup.py develop --prefix /home/ys/robot_ws/install/project_parameter --editable --build-directory /home/ys/robot_ws/build/project_parameter/build --no-deps install_data --install-dir /home/ys/robot_ws/install/project_parameter
[3.811s] INFO:colcon.colcon_core.shell:Creating environment descriptor '/home/ys/robot_ws/build/project_parameter/share/project_parameter/hook/pythonpath_develop.dsv'
[3.811s] INFO:colcon.colcon_core.shell:Creating environment hook '/home/ys/robot_ws/build/project_parameter/share/project_parameter/hook/pythonpath_develop.sh'
[3.827s] Level 1:colcon.colcon_core.environment:checking '/home/ys/robot_ws/install/project_parameter' for CMake module files
[3.827s] Level 1:colcon.colcon_core.environment:checking '/home/ys/robot_ws/install/project_parameter' for CMake config files
[3.828s] Level 1:colcon.colcon_core.environment:checking '/home/ys/robot_ws/install/project_parameter/lib'
[3.828s] Level 1:colcon.colcon_core.environment:checking '/home/ys/robot_ws/install/project_parameter/bin'
[3.828s] Level 1:colcon.colcon_core.environment:checking '/home/ys/robot_ws/install/project_parameter/lib/pkgconfig/project_parameter.pc'
[3.828s] Level 1:colcon.colcon_core.environment:checking '/home/ys/robot_ws/install/project_parameter/lib/python3.8/site-packages'
[3.828s] Level 1:colcon.colcon_core.shell:create_environment_hook('project_parameter', 'pythonpath')
[3.831s] INFO:colcon.colcon_core.shell:Creating environment hook '/home/ys/robot_ws/install/project_parameter/share/project_parameter/hook/pythonpath.ps1'
[3.832s] INFO:colcon.colcon_core.shell:Creating environment descriptor '/home/ys/robot_ws/install/project_parameter/share/project_parameter/hook/pythonpath.dsv'
[3.832s] INFO:colcon.colcon_core.shell:Creating environment hook '/home/ys/robot_ws/install/project_parameter/share/project_parameter/hook/pythonpath.sh'
[3.836s] Level 1:colcon.colcon_core.environment:create_environment_scripts_only(project_parameter)
[3.837s] INFO:colcon.colcon_core.shell:Creating package script '/home/ys/robot_ws/install/project_parameter/share/project_parameter/package.ps1'
[3.839s] INFO:colcon.colcon_core.shell:Creating package descriptor '/home/ys/robot_ws/install/project_parameter/share/project_parameter/package.dsv'
[3.841s] INFO:colcon.colcon_core.shell:Creating package script '/home/ys/robot_ws/install/project_parameter/share/project_parameter/package.sh'
[3.846s] INFO:colcon.colcon_core.shell:Creating package script '/home/ys/robot_ws/install/project_parameter/share/project_parameter/package.bash'
[3.848s] INFO:colcon.colcon_core.shell:Creating package script '/home/ys/robot_ws/install/project_parameter/share/project_parameter/package.zsh'
[3.850s] Level 1:colcon.colcon_core.environment:create_file_with_runtime_dependencies(/home/ys/robot_ws/install/project_parameter/share/colcon-core/packages/project_parameter)
[3.851s] DEBUG:colcon.colcon_parallel_executor.executor.parallel:closing loop
[3.853s] DEBUG:colcon.colcon_parallel_executor.executor.parallel:loop closed
[3.853s] DEBUG:colcon.colcon_parallel_executor.executor.parallel:run_until_complete finished with '0'
[3.853s] DEBUG:colcon.colcon_core.event_reactor:joining thread
[3.867s] INFO:colcon.colcon_core.plugin_system:Skipping extension 'colcon_notification.desktop_notification.terminal_notifier': Not used on non-Darwin systems
[3.867s] INFO:colcon.colcon_core.plugin_system:Skipping extension 'colcon_notification.desktop_notification.win32': Not used on non-Windows systems
[3.867s] INFO:colcon.colcon_notification.desktop_notification:Sending desktop notification using 'notify2'
[3.962s] DEBUG:colcon.colcon_core.event_reactor:joined thread
[3.963s] INFO:colcon.colcon_core.shell:Creating prefix script '/home/ys/robot_ws/install/local_setup.ps1'
[3.965s] INFO:colcon.colcon_core.shell:Creating prefix util module '/home/ys/robot_ws/install/_local_setup_util_ps1.py'
[3.968s] INFO:colcon.colcon_core.shell:Creating prefix chain script '/home/ys/robot_ws/install/setup.ps1'
[3.984s] INFO:colcon.colcon_core.shell:Creating prefix script '/home/ys/robot_ws/install/local_setup.sh'
[3.991s] INFO:colcon.colcon_core.shell:Creating prefix util module '/home/ys/robot_ws/install/_local_setup_util_sh.py'
[3.993s] INFO:colcon.colcon_core.shell:Creating prefix chain script '/home/ys/robot_ws/install/setup.sh'
[4.016s] INFO:colcon.colcon_core.shell:Creating prefix script '/home/ys/robot_ws/install/local_setup.bash'
[4.018s] INFO:colcon.colcon_core.shell:Creating prefix chain script '/home/ys/robot_ws/install/setup.bash'
[4.030s] INFO:colcon.colcon_core.shell:Creating prefix script '/home/ys/robot_ws/install/local_setup.zsh'
[4.031s] INFO:colcon.colcon_core.shell:Creating prefix chain script '/home/ys/robot_ws/install/setup.zsh'
