[0.057s] Invoking command in '/home/ys/robot_ws/build/final_project_interface': CMAKE_PREFIX_PATH=${CMAKE_PREFIX_PATH}:/home/ys/robot_ws/install/python_parameters:/home/ys/robot_ws/install/first_rclpy_pkg:/home/ys/robot_ws/install/fibonacci_rclpy_action_pkg:/home/ys/robot_ws/install/final_project:/opt/ros/foxy /usr/bin/cmake /home/ys/robot_ws/src/final_project_interface -DAMENT_CMAKE_SYMLINK_INSTALL=1 -DCMAKE_INSTALL_PREFIX=/home/ys/robot_ws/install/final_project_interface
[0.123s] -- Found ament_cmake: 0.9.9 (/opt/ros/foxy/share/ament_cmake/cmake)
[0.225s] -- Found PythonInterp: /usr/bin/python3 (found suitable version "3.8.10", minimum required is "3") 
[0.227s] -- Using PYTHON_EXECUTABLE: /usr/bin/python3
[0.719s] -- Override CMake install command with custom implementation using symlinks instead of copying resources
[0.739s] -- Found rosidl_default_generators: 1.0.1 (/opt/ros/foxy/share/rosidl_default_generators/cmake)
[0.751s] -- Using all available rosidl_typesupport_c: rosidl_typesupport_fastrtps_c;rosidl_typesupport_introspection_c
[0.760s] -- Found rosidl_adapter: 1.2.1 (/opt/ros/foxy/share/rosidl_adapter/cmake)
[0.995s] -- Using all available rosidl_typesupport_cpp: rosidl_typesupport_fastrtps_cpp;rosidl_typesupport_introspection_cpp
[1.043s] CMake Error at /opt/ros/foxy/share/rosidl_cmake/cmake/rosidl_generate_interfaces.cmake:93 (message):
[1.044s]   rosidl_generate_interfaces() the passed file 'action/control_action.action'
[1.045s]   doesn't exist relative to the CMAKE_CURRENT_SOURCE_DIR
[1.046s]   '/home/ys/robot_ws/src/final_project_interface'
[1.047s] Call Stack (most recent call first):
[1.047s]   CMakeLists.txt:25 (rosidl_generate_interfaces)
[1.047s] 
[1.047s] 
[1.051s] -- Configuring incomplete, errors occurred!
[1.051s] See also "/home/ys/robot_ws/build/final_project_interface/CMakeFiles/CMakeOutput.log".
[1.069s] Invoked command in '/home/ys/robot_ws/build/final_project_interface' returned '1': CMAKE_PREFIX_PATH=${CMAKE_PREFIX_PATH}:/home/ys/robot_ws/install/python_parameters:/home/ys/robot_ws/install/first_rclpy_pkg:/home/ys/robot_ws/install/fibonacci_rclpy_action_pkg:/home/ys/robot_ws/install/final_project:/opt/ros/foxy /usr/bin/cmake /home/ys/robot_ws/src/final_project_interface -DAMENT_CMAKE_SYMLINK_INSTALL=1 -DCMAKE_INSTALL_PREFIX=/home/ys/robot_ws/install/final_project_interface
