[0.544s] DEBUG:colcon:Command line arguments: ['/usr/bin/colcon', 'build', '--symlink-install', '--packages-select', 'final_project_interface']
[0.544s] DEBUG:colcon:Parsed command line arguments: Namespace(ament_cmake_args=None, base_paths=['.'], build_base='build', catkin_cmake_args=None, catkin_skip_building_tests=False, cmake_args=None, cmake_clean_cache=False, cmake_clean_first=False, cmake_force_configure=False, cmake_target=None, cmake_target_skip_unavailable=False, continue_on_error=False, event_handlers=None, executor='parallel', ignore_user_meta=False, install_base='install', log_base=None, log_level=None, main=<bound method BuildVerb.main of <colcon_core.verb.build.BuildVerb object at 0x7f0decae5b50>>, merge_install=False, metas=['./colcon.meta'], mixin=None, mixin_files=None, mixin_verb=('build',), packages_above=None, packages_above_and_dependencies=None, packages_above_depth=None, packages_end=None, packages_ignore=None, packages_ignore_regex=None, packages_select=['final_project_interface'], packages_select_build_failed=False, packages_select_by_dep=None, packages_select_regex=None, packages_select_test_failures=False, packages_skip=None, packages_skip_build_finished=False, packages_skip_by_dep=None, packages_skip_regex=None, packages_skip_test_passed=False, packages_skip_up_to=None, packages_start=None, packages_up_to=None, packages_up_to_regex=None, parallel_workers=1, paths=None, symlink_install=True, test_result_base=None, verb_extension=<colcon_core.verb.build.BuildVerb object at 0x7f0decae5b50>, verb_name='build', verb_parser=<colcon_mixin.mixin.mixin_argument.MixinArgumentDecorator object at 0x7f0decb8efd0>)
[0.581s] Level 1:colcon.colcon_core.package_discovery:discover_packages(colcon_meta) check parameters
[0.582s] Level 1:colcon.colcon_core.package_discovery:discover_packages(recursive) check parameters
[0.583s] Level 1:colcon.colcon_core.package_discovery:discover_packages(ignore) check parameters
[0.584s] Level 1:colcon.colcon_core.package_discovery:discover_packages(path) check parameters
[0.584s] Level 1:colcon.colcon_core.package_discovery:discover_packages(colcon_meta) discover
[0.585s] Level 1:colcon.colcon_core.package_discovery:discover_packages(recursive) discover
[0.585s] INFO:colcon.colcon_core.package_discovery:Crawling recursively for packages in '/home/ys/robot_ws/src'
[0.586s] Level 1:colcon.colcon_core.package_identification:_identify(.) by extensions ['ignore', 'ignore_ament_install']
[0.586s] Level 1:colcon.colcon_core.package_identification:_identify(.) by extension 'ignore'
[0.587s] Level 1:colcon.colcon_core.package_identification:_identify(.) by extension 'ignore_ament_install'
[0.588s] Level 1:colcon.colcon_core.package_identification:_identify(.) by extensions ['colcon_pkg']
[0.588s] Level 1:colcon.colcon_core.package_identification:_identify(.) by extension 'colcon_pkg'
[0.588s] Level 1:colcon.colcon_core.package_identification:_identify(.) by extensions ['colcon_meta']
[0.588s] Level 1:colcon.colcon_core.package_identification:_identify(.) by extension 'colcon_meta'
[0.588s] Level 1:colcon.colcon_core.package_identification:_identify(.) by extensions ['ros']
[0.588s] Level 1:colcon.colcon_core.package_identification:_identify(.) by extension 'ros'
[0.609s] Level 1:colcon.colcon_core.package_identification:_identify(.) by extensions ['cmake', 'python']
[0.610s] Level 1:colcon.colcon_core.package_identification:_identify(.) by extension 'cmake'
[0.610s] Level 1:colcon.colcon_core.package_identification:_identify(.) by extension 'python'
[0.610s] Level 1:colcon.colcon_core.package_identification:_identify(.) by extensions ['python_setup_py']
[0.611s] Level 1:colcon.colcon_core.package_identification:_identify(.) by extension 'python_setup_py'
[0.611s] Level 1:colcon.colcon_core.package_identification:_identify(build) by extensions ['ignore', 'ignore_ament_install']
[0.612s] Level 1:colcon.colcon_core.package_identification:_identify(build) by extension 'ignore'
[0.612s] Level 1:colcon.colcon_core.package_identification:_identify(build) ignored
[0.613s] Level 1:colcon.colcon_core.package_identification:_identify(fibonacci_rclpy_action_pkg) by extensions ['ignore', 'ignore_ament_install']
[0.613s] Level 1:colcon.colcon_core.package_identification:_identify(fibonacci_rclpy_action_pkg) by extension 'ignore'
[0.614s] Level 1:colcon.colcon_core.package_identification:_identify(fibonacci_rclpy_action_pkg) by extension 'ignore_ament_install'
[0.614s] Level 1:colcon.colcon_core.package_identification:_identify(fibonacci_rclpy_action_pkg) by extensions ['colcon_pkg']
[0.614s] Level 1:colcon.colcon_core.package_identification:_identify(fibonacci_rclpy_action_pkg) by extension 'colcon_pkg'
[0.614s] Level 1:colcon.colcon_core.package_identification:_identify(fibonacci_rclpy_action_pkg) by extensions ['colcon_meta']
[0.614s] Level 1:colcon.colcon_core.package_identification:_identify(fibonacci_rclpy_action_pkg) by extension 'colcon_meta'
[0.614s] Level 1:colcon.colcon_core.package_identification:_identify(fibonacci_rclpy_action_pkg) by extensions ['ros']
[0.614s] Level 1:colcon.colcon_core.package_identification:_identify(fibonacci_rclpy_action_pkg) by extension 'ros'
[0.621s] DEBUG:colcon.colcon_core.package_identification:Package 'fibonacci_rclpy_action_pkg' with type 'ros.ament_python' and name 'fibonacci_rclpy_action_pkg'
[0.622s] Level 1:colcon.colcon_core.package_identification:_identify(final_project) by extensions ['ignore', 'ignore_ament_install']
[0.622s] Level 1:colcon.colcon_core.package_identification:_identify(final_project) by extension 'ignore'
[0.623s] Level 1:colcon.colcon_core.package_identification:_identify(final_project) by extension 'ignore_ament_install'
[0.623s] Level 1:colcon.colcon_core.package_identification:_identify(final_project) by extensions ['colcon_pkg']
[0.624s] Level 1:colcon.colcon_core.package_identification:_identify(final_project) by extension 'colcon_pkg'
[0.627s] Level 1:colcon.colcon_core.package_identification:_identify(final_project) by extensions ['colcon_meta']
[0.628s] Level 1:colcon.colcon_core.package_identification:_identify(final_project) by extension 'colcon_meta'
[0.628s] Level 1:colcon.colcon_core.package_identification:_identify(final_project) by extensions ['ros']
[0.628s] Level 1:colcon.colcon_core.package_identification:_identify(final_project) by extension 'ros'
[0.629s] DEBUG:colcon.colcon_core.package_identification:Package 'final_project' with type 'ros.ament_python' and name 'final_project'
[0.629s] Level 1:colcon.colcon_core.package_identification:_identify(final_project_interface) by extensions ['ignore', 'ignore_ament_install']
[0.629s] Level 1:colcon.colcon_core.package_identification:_identify(final_project_interface) by extension 'ignore'
[0.629s] Level 1:colcon.colcon_core.package_identification:_identify(final_project_interface) by extension 'ignore_ament_install'
[0.629s] Level 1:colcon.colcon_core.package_identification:_identify(final_project_interface) by extensions ['colcon_pkg']
[0.629s] Level 1:colcon.colcon_core.package_identification:_identify(final_project_interface) by extension 'colcon_pkg'
[0.629s] Level 1:colcon.colcon_core.package_identification:_identify(final_project_interface) by extensions ['colcon_meta']
[0.629s] Level 1:colcon.colcon_core.package_identification:_identify(final_project_interface) by extension 'colcon_meta'
[0.629s] Level 1:colcon.colcon_core.package_identification:_identify(final_project_interface) by extensions ['ros']
[0.629s] Level 1:colcon.colcon_core.package_identification:_identify(final_project_interface) by extension 'ros'
[0.630s] DEBUG:colcon.colcon_core.package_identification:Package 'final_project_interface' with type 'ros.ament_cmake' and name 'final_project_interface'
[0.630s] Level 1:colcon.colcon_core.package_identification:_identify(first_rclpy_pkg) by extensions ['ignore', 'ignore_ament_install']
[0.630s] Level 1:colcon.colcon_core.package_identification:_identify(first_rclpy_pkg) by extension 'ignore'
[0.630s] Level 1:colcon.colcon_core.package_identification:_identify(first_rclpy_pkg) by extension 'ignore_ament_install'
[0.630s] Level 1:colcon.colcon_core.package_identification:_identify(first_rclpy_pkg) by extensions ['colcon_pkg']
[0.631s] Level 1:colcon.colcon_core.package_identification:_identify(first_rclpy_pkg) by extension 'colcon_pkg'
[0.631s] Level 1:colcon.colcon_core.package_identification:_identify(first_rclpy_pkg) by extensions ['colcon_meta']
[0.631s] Level 1:colcon.colcon_core.package_identification:_identify(first_rclpy_pkg) by extension 'colcon_meta'
[0.636s] Level 1:colcon.colcon_core.package_identification:_identify(first_rclpy_pkg) by extensions ['ros']
[0.636s] Level 1:colcon.colcon_core.package_identification:_identify(first_rclpy_pkg) by extension 'ros'
[0.637s] DEBUG:colcon.colcon_core.package_identification:Package 'first_rclpy_pkg' with type 'ros.ament_python' and name 'first_rclpy_pkg'
[0.637s] Level 1:colcon.colcon_core.package_identification:_identify(install) by extensions ['ignore', 'ignore_ament_install']
[0.638s] Level 1:colcon.colcon_core.package_identification:_identify(install) by extension 'ignore'
[0.638s] Level 1:colcon.colcon_core.package_identification:_identify(install) ignored
[0.638s] Level 1:colcon.colcon_core.package_identification:_identify(log) by extensions ['ignore', 'ignore_ament_install']
[0.638s] Level 1:colcon.colcon_core.package_identification:_identify(log) by extension 'ignore'
[0.638s] Level 1:colcon.colcon_core.package_identification:_identify(log) ignored
[0.638s] Level 1:colcon.colcon_core.package_identification:_identify(my_action_interface) by extensions ['ignore', 'ignore_ament_install']
[0.638s] Level 1:colcon.colcon_core.package_identification:_identify(my_action_interface) by extension 'ignore'
[0.638s] Level 1:colcon.colcon_core.package_identification:_identify(my_action_interface) by extension 'ignore_ament_install'
[0.638s] Level 1:colcon.colcon_core.package_identification:_identify(my_action_interface) by extensions ['colcon_pkg']
[0.638s] Level 1:colcon.colcon_core.package_identification:_identify(my_action_interface) by extension 'colcon_pkg'
[0.638s] Level 1:colcon.colcon_core.package_identification:_identify(my_action_interface) by extensions ['colcon_meta']
[0.638s] Level 1:colcon.colcon_core.package_identification:_identify(my_action_interface) by extension 'colcon_meta'
[0.638s] Level 1:colcon.colcon_core.package_identification:_identify(my_action_interface) by extensions ['ros']
[0.638s] Level 1:colcon.colcon_core.package_identification:_identify(my_action_interface) by extension 'ros'
[0.639s] DEBUG:colcon.colcon_core.package_identification:Package 'my_action_interface' with type 'ros.ament_cmake' and name 'my_action_interface'
[0.639s] Level 1:colcon.colcon_core.package_identification:_identify(my_interface_example) by extensions ['ignore', 'ignore_ament_install']
[0.639s] Level 1:colcon.colcon_core.package_identification:_identify(my_interface_example) by extension 'ignore'
[0.639s] Level 1:colcon.colcon_core.package_identification:_identify(my_interface_example) by extension 'ignore_ament_install'
[0.639s] Level 1:colcon.colcon_core.package_identification:_identify(my_interface_example) by extensions ['colcon_pkg']
[0.639s] Level 1:colcon.colcon_core.package_identification:_identify(my_interface_example) by extension 'colcon_pkg'
[0.640s] Level 1:colcon.colcon_core.package_identification:_identify(my_interface_example) by extensions ['colcon_meta']
[0.640s] Level 1:colcon.colcon_core.package_identification:_identify(my_interface_example) by extension 'colcon_meta'
[0.640s] Level 1:colcon.colcon_core.package_identification:_identify(my_interface_example) by extensions ['ros']
[0.640s] Level 1:colcon.colcon_core.package_identification:_identify(my_interface_example) by extension 'ros'
[0.640s] DEBUG:colcon.colcon_core.package_identification:Package 'my_interface_example' with type 'ros.ament_cmake' and name 'my_interface_example'
[0.641s] Level 1:colcon.colcon_core.package_identification:_identify(python_parameters) by extensions ['ignore', 'ignore_ament_install']
[0.641s] Level 1:colcon.colcon_core.package_identification:_identify(python_parameters) by extension 'ignore'
[0.641s] Level 1:colcon.colcon_core.package_identification:_identify(python_parameters) by extension 'ignore_ament_install'
[0.641s] Level 1:colcon.colcon_core.package_identification:_identify(python_parameters) by extensions ['colcon_pkg']
[0.641s] Level 1:colcon.colcon_core.package_identification:_identify(python_parameters) by extension 'colcon_pkg'
[0.641s] Level 1:colcon.colcon_core.package_identification:_identify(python_parameters) by extensions ['colcon_meta']
[0.641s] Level 1:colcon.colcon_core.package_identification:_identify(python_parameters) by extension 'colcon_meta'
[0.641s] Level 1:colcon.colcon_core.package_identification:_identify(python_parameters) by extensions ['ros']
[0.641s] Level 1:colcon.colcon_core.package_identification:_identify(python_parameters) by extension 'ros'
[0.642s] DEBUG:colcon.colcon_core.package_identification:Package 'python_parameters' with type 'ros.ament_python' and name 'python_parameters'
[0.642s] Level 1:colcon.colcon_core.package_identification:_identify(sum_rclpy_srvcli_pkg) by extensions ['ignore', 'ignore_ament_install']
[0.642s] Level 1:colcon.colcon_core.package_identification:_identify(sum_rclpy_srvcli_pkg) by extension 'ignore'
[0.642s] Level 1:colcon.colcon_core.package_identification:_identify(sum_rclpy_srvcli_pkg) by extension 'ignore_ament_install'
[0.642s] Level 1:colcon.colcon_core.package_identification:_identify(sum_rclpy_srvcli_pkg) by extensions ['colcon_pkg']
[0.642s] Level 1:colcon.colcon_core.package_identification:_identify(sum_rclpy_srvcli_pkg) by extension 'colcon_pkg'
[0.642s] Level 1:colcon.colcon_core.package_identification:_identify(sum_rclpy_srvcli_pkg) by extensions ['colcon_meta']
[0.642s] Level 1:colcon.colcon_core.package_identification:_identify(sum_rclpy_srvcli_pkg) by extension 'colcon_meta'
[0.642s] Level 1:colcon.colcon_core.package_identification:_identify(sum_rclpy_srvcli_pkg) by extensions ['ros']
[0.643s] Level 1:colcon.colcon_core.package_identification:_identify(sum_rclpy_srvcli_pkg) by extension 'ros'
[0.643s] DEBUG:colcon.colcon_core.package_identification:Failed to parse potential ROS package manifest in'sum_rclpy_srvcli_pkg': Error(s) in package 'sum_rclpy_srvcli_pkg/package.xml':
The manifest contains invalid XML:
mismatched tag: line 12, column 32
[0.643s] Level 1:colcon.colcon_core.package_identification:_identify(sum_rclpy_srvcli_pkg) by extensions ['cmake', 'python']
[0.643s] Level 1:colcon.colcon_core.package_identification:_identify(sum_rclpy_srvcli_pkg) by extension 'cmake'
[0.643s] Level 1:colcon.colcon_core.package_identification:_identify(sum_rclpy_srvcli_pkg) by extension 'python'
[0.643s] DEBUG:colcon.colcon_core.package_identification:Python package in 'sum_rclpy_srvcli_pkg' passes arguments to the setup() function which requires a different identification extension than 'python'
[0.647s] Level 1:colcon.colcon_core.package_identification:_identify(sum_rclpy_srvcli_pkg) by extensions ['python_setup_py']
[0.647s] Level 1:colcon.colcon_core.package_identification:_identify(sum_rclpy_srvcli_pkg) by extension 'python_setup_py'
[1.067s] DEBUG:colcon.colcon_core.package_identification:Package 'sum_rclpy_srvcli_pkg' with type 'python' and name 'sum_rclpy_srvcli_pkg'
[1.068s] Level 1:colcon.colcon_core.package_identification:_identify(teleop_twist_joy) by extensions ['ignore', 'ignore_ament_install']
[1.068s] Level 1:colcon.colcon_core.package_identification:_identify(teleop_twist_joy) by extension 'ignore'
[1.068s] Level 1:colcon.colcon_core.package_identification:_identify(teleop_twist_joy) by extension 'ignore_ament_install'
[1.068s] Level 1:colcon.colcon_core.package_identification:_identify(teleop_twist_joy) by extensions ['colcon_pkg']
[1.068s] Level 1:colcon.colcon_core.package_identification:_identify(teleop_twist_joy) by extension 'colcon_pkg'
[1.068s] Level 1:colcon.colcon_core.package_identification:_identify(teleop_twist_joy) by extensions ['colcon_meta']
[1.068s] Level 1:colcon.colcon_core.package_identification:_identify(teleop_twist_joy) by extension 'colcon_meta'
[1.068s] Level 1:colcon.colcon_core.package_identification:_identify(teleop_twist_joy) by extensions ['ros']
[1.068s] Level 1:colcon.colcon_core.package_identification:_identify(teleop_twist_joy) by extension 'ros'
[1.070s] DEBUG:colcon.colcon_core.package_identification:Package 'teleop_twist_joy' with type 'ros.ament_cmake' and name 'teleop_twist_joy'
[1.070s] Level 1:colcon.colcon_core.package_identification:_identify(test_ros_rclcpp_pkg) by extensions ['ignore', 'ignore_ament_install']
[1.070s] Level 1:colcon.colcon_core.package_identification:_identify(test_ros_rclcpp_pkg) by extension 'ignore'
[1.070s] Level 1:colcon.colcon_core.package_identification:_identify(test_ros_rclcpp_pkg) by extension 'ignore_ament_install'
[1.070s] Level 1:colcon.colcon_core.package_identification:_identify(test_ros_rclcpp_pkg) by extensions ['colcon_pkg']
[1.071s] Level 1:colcon.colcon_core.package_identification:_identify(test_ros_rclcpp_pkg) by extension 'colcon_pkg'
[1.071s] Level 1:colcon.colcon_core.package_identification:_identify(test_ros_rclcpp_pkg) by extensions ['colcon_meta']
[1.071s] Level 1:colcon.colcon_core.package_identification:_identify(test_ros_rclcpp_pkg) by extension 'colcon_meta'
[1.071s] Level 1:colcon.colcon_core.package_identification:_identify(test_ros_rclcpp_pkg) by extensions ['ros']
[1.071s] Level 1:colcon.colcon_core.package_identification:_identify(test_ros_rclcpp_pkg) by extension 'ros'
[1.077s] DEBUG:colcon.colcon_core.package_identification:Package 'test_ros_rclcpp_pkg' with type 'ros.ament_cmake' and name 'test_ros_rclcpp_pkg'
[1.077s] Level 1:colcon.colcon_core.package_identification:_identify(test_ros_rclpy_pkg) by extensions ['ignore', 'ignore_ament_install']
[1.077s] Level 1:colcon.colcon_core.package_identification:_identify(test_ros_rclpy_pkg) by extension 'ignore'
[1.077s] Level 1:colcon.colcon_core.package_identification:_identify(test_ros_rclpy_pkg) by extension 'ignore_ament_install'
[1.077s] Level 1:colcon.colcon_core.package_identification:_identify(test_ros_rclpy_pkg) by extensions ['colcon_pkg']
[1.077s] Level 1:colcon.colcon_core.package_identification:_identify(test_ros_rclpy_pkg) by extension 'colcon_pkg'
[1.077s] Level 1:colcon.colcon_core.package_identification:_identify(test_ros_rclpy_pkg) by extensions ['colcon_meta']
[1.077s] Level 1:colcon.colcon_core.package_identification:_identify(test_ros_rclpy_pkg) by extension 'colcon_meta'
[1.077s] Level 1:colcon.colcon_core.package_identification:_identify(test_ros_rclpy_pkg) by extensions ['ros']
[1.077s] Level 1:colcon.colcon_core.package_identification:_identify(test_ros_rclpy_pkg) by extension 'ros'
[1.078s] DEBUG:colcon.colcon_core.package_identification:Package 'test_ros_rclpy_pkg' with type 'ros.ament_python' and name 'test_ros_rclpy_pkg'
[1.079s] Level 1:colcon.colcon_core.package_discovery:discover_packages(recursive) using defaults
[1.079s] Level 1:colcon.colcon_core.package_discovery:discover_packages(ignore) discover
[1.079s] Level 1:colcon.colcon_core.package_discovery:discover_packages(ignore) using defaults
[1.079s] Level 1:colcon.colcon_core.package_discovery:discover_packages(path) discover
[1.079s] Level 1:colcon.colcon_core.package_discovery:discover_packages(path) using defaults
[1.145s] INFO:colcon.colcon_core.package_selection:Skipping not selected package 'final_project' in 'final_project'
[1.145s] INFO:colcon.colcon_core.package_selection:Skipping not selected package 'my_action_interface' in 'my_action_interface'
[1.145s] INFO:colcon.colcon_core.package_selection:Skipping not selected package 'my_interface_example' in 'my_interface_example'
[1.145s] INFO:colcon.colcon_core.package_selection:Skipping not selected package 'python_parameters' in 'python_parameters'
[1.145s] INFO:colcon.colcon_core.package_selection:Skipping not selected package 'sum_rclpy_srvcli_pkg' in 'sum_rclpy_srvcli_pkg'
[1.145s] INFO:colcon.colcon_core.package_selection:Skipping not selected package 'teleop_twist_joy' in 'teleop_twist_joy'
[1.145s] INFO:colcon.colcon_core.package_selection:Skipping not selected package 'test_ros_rclcpp_pkg' in 'test_ros_rclcpp_pkg'
[1.145s] INFO:colcon.colcon_core.package_selection:Skipping not selected package 'test_ros_rclpy_pkg' in 'test_ros_rclpy_pkg'
[1.145s] INFO:colcon.colcon_core.package_selection:Skipping not selected package 'fibonacci_rclpy_action_pkg' in 'fibonacci_rclpy_action_pkg'
[1.145s] INFO:colcon.colcon_core.package_selection:Skipping not selected package 'first_rclpy_pkg' in 'first_rclpy_pkg'
[1.154s] Level 5:colcon.colcon_core.verb:set package 'final_project_interface' build argument 'cmake_args' from command line to 'None'
[1.154s] Level 5:colcon.colcon_core.verb:set package 'final_project_interface' build argument 'cmake_target' from command line to 'None'
[1.154s] Level 5:colcon.colcon_core.verb:set package 'final_project_interface' build argument 'cmake_target_skip_unavailable' from command line to 'False'
[1.154s] Level 5:colcon.colcon_core.verb:set package 'final_project_interface' build argument 'cmake_clean_cache' from command line to 'False'
[1.154s] Level 5:colcon.colcon_core.verb:set package 'final_project_interface' build argument 'cmake_clean_first' from command line to 'False'
[1.154s] Level 5:colcon.colcon_core.verb:set package 'final_project_interface' build argument 'cmake_force_configure' from command line to 'False'
[1.154s] Level 5:colcon.colcon_core.verb:set package 'final_project_interface' build argument 'ament_cmake_args' from command line to 'None'
[1.154s] Level 5:colcon.colcon_core.verb:set package 'final_project_interface' build argument 'catkin_cmake_args' from command line to 'None'
[1.155s] Level 5:colcon.colcon_core.verb:set package 'final_project_interface' build argument 'catkin_skip_building_tests' from command line to 'False'
[1.155s] DEBUG:colcon.colcon_core.verb:Building package 'final_project_interface' with the following arguments: {'ament_cmake_args': None, 'build_base': '/home/ys/robot_ws/src/build/final_project_interface', 'catkin_cmake_args': None, 'catkin_skip_building_tests': False, 'cmake_args': None, 'cmake_clean_cache': False, 'cmake_clean_first': False, 'cmake_force_configure': False, 'cmake_target': None, 'cmake_target_skip_unavailable': False, 'install_base': '/home/ys/robot_ws/src/install/final_project_interface', 'merge_install': False, 'path': '/home/ys/robot_ws/src/final_project_interface', 'symlink_install': True, 'test_result_base': None}
[1.159s] INFO:colcon.colcon_core.executor:Executing jobs using 'parallel' executor
[1.162s] DEBUG:colcon.colcon_parallel_executor.executor.parallel:run_until_complete
[1.162s] INFO:colcon.colcon_ros.task.ament_cmake.build:Building ROS package in '/home/ys/robot_ws/src/final_project_interface' with build type 'ament_cmake'
[1.162s] INFO:colcon.colcon_cmake.task.cmake.build:Building CMake package in '/home/ys/robot_ws/src/final_project_interface'
[1.175s] INFO:colcon.colcon_core.plugin_system:Skipping extension 'colcon_core.shell.bat': Not used on non-Windows systems
[1.176s] INFO:colcon.colcon_core.shell:Skip shell extension 'powershell' for command environment: Not usable outside of PowerShell
[1.176s] DEBUG:colcon.colcon_core.shell:Skip shell extension 'dsv' for command environment
[1.186s] DEBUG:colcon.colcon_core.shell:Ignoring prefix path '/opt/ros/foxy'
[1.205s] DEBUG:colcon.colcon_core.event_handler.log_command:Invoking command in '/home/ys/robot_ws/src/build/final_project_interface': CMAKE_PREFIX_PATH=${CMAKE_PREFIX_PATH}:/home/ys/robot_ws/install/python_parameters:/home/ys/robot_ws/install/first_rclpy_pkg:/home/ys/robot_ws/install/final_project:/home/ys/robot_ws/install/fibonacci_rclpy_action_pkg:/opt/ros/foxy /usr/bin/cmake /home/ys/robot_ws/src/final_project_interface -DAMENT_CMAKE_SYMLINK_INSTALL=1 -DCMAKE_INSTALL_PREFIX=/home/ys/robot_ws/src/install/final_project_interface
[6.812s] DEBUG:colcon.colcon_core.event_handler.log_command:Invoked command in '/home/ys/robot_ws/src/build/final_project_interface' returned '0': CMAKE_PREFIX_PATH=${CMAKE_PREFIX_PATH}:/home/ys/robot_ws/install/python_parameters:/home/ys/robot_ws/install/first_rclpy_pkg:/home/ys/robot_ws/install/final_project:/home/ys/robot_ws/install/fibonacci_rclpy_action_pkg:/opt/ros/foxy /usr/bin/cmake /home/ys/robot_ws/src/final_project_interface -DAMENT_CMAKE_SYMLINK_INSTALL=1 -DCMAKE_INSTALL_PREFIX=/home/ys/robot_ws/src/install/final_project_interface
[6.813s] DEBUG:colcon.colcon_core.event_handler.log_command:Invoking command in '/home/ys/robot_ws/src/build/final_project_interface': CMAKE_PREFIX_PATH=${CMAKE_PREFIX_PATH}:/home/ys/robot_ws/install/python_parameters:/home/ys/robot_ws/install/first_rclpy_pkg:/home/ys/robot_ws/install/final_project:/home/ys/robot_ws/install/fibonacci_rclpy_action_pkg:/opt/ros/foxy /usr/bin/cmake --build /home/ys/robot_ws/src/build/final_project_interface -- -j1 -l1
[30.739s] DEBUG:colcon.colcon_core.event_handler.log_command:Invoked command in '/home/ys/robot_ws/src/build/final_project_interface' returned '0': CMAKE_PREFIX_PATH=${CMAKE_PREFIX_PATH}:/home/ys/robot_ws/install/python_parameters:/home/ys/robot_ws/install/first_rclpy_pkg:/home/ys/robot_ws/install/final_project:/home/ys/robot_ws/install/fibonacci_rclpy_action_pkg:/opt/ros/foxy /usr/bin/cmake --build /home/ys/robot_ws/src/build/final_project_interface -- -j1 -l1
[30.893s] DEBUG:colcon.colcon_core.event_handler.log_command:Invoking command in '/home/ys/robot_ws/src/build/final_project_interface': CMAKE_PREFIX_PATH=${CMAKE_PREFIX_PATH}:/home/ys/robot_ws/install/python_parameters:/home/ys/robot_ws/install/first_rclpy_pkg:/home/ys/robot_ws/install/final_project:/home/ys/robot_ws/install/fibonacci_rclpy_action_pkg:/opt/ros/foxy /usr/bin/cmake --install /home/ys/robot_ws/src/build/final_project_interface
[32.404s] Level 1:colcon.colcon_core.environment:create_environment_scripts_only(final_project_interface)
[32.412s] DEBUG:colcon.colcon_core.event_handler.log_command:Invoked command in '/home/ys/robot_ws/src/build/final_project_interface' returned '0': CMAKE_PREFIX_PATH=${CMAKE_PREFIX_PATH}:/home/ys/robot_ws/install/python_parameters:/home/ys/robot_ws/install/first_rclpy_pkg:/home/ys/robot_ws/install/final_project:/home/ys/robot_ws/install/fibonacci_rclpy_action_pkg:/opt/ros/foxy /usr/bin/cmake --install /home/ys/robot_ws/src/build/final_project_interface
[32.417s] Level 1:colcon.colcon_core.environment:checking '/home/ys/robot_ws/src/install/final_project_interface' for CMake module files
[32.418s] Level 1:colcon.colcon_core.environment:checking '/home/ys/robot_ws/src/install/final_project_interface' for CMake config files
[32.419s] Level 1:colcon.colcon_core.shell:create_environment_hook('final_project_interface', 'cmake_prefix_path')
[32.424s] INFO:colcon.colcon_core.shell:Creating environment hook '/home/ys/robot_ws/src/install/final_project_interface/share/final_project_interface/hook/cmake_prefix_path.ps1'
[32.425s] INFO:colcon.colcon_core.shell:Creating environment descriptor '/home/ys/robot_ws/src/install/final_project_interface/share/final_project_interface/hook/cmake_prefix_path.dsv'
[32.425s] INFO:colcon.colcon_core.shell:Creating environment hook '/home/ys/robot_ws/src/install/final_project_interface/share/final_project_interface/hook/cmake_prefix_path.sh'
[32.429s] Level 1:colcon.colcon_core.environment:checking '/home/ys/robot_ws/src/install/final_project_interface/lib'
[32.429s] Level 1:colcon.colcon_core.shell:create_environment_hook('final_project_interface', 'ld_library_path_lib')
[32.430s] INFO:colcon.colcon_core.shell:Creating environment hook '/home/ys/robot_ws/src/install/final_project_interface/share/final_project_interface/hook/ld_library_path_lib.ps1'
[32.430s] INFO:colcon.colcon_core.shell:Creating environment descriptor '/home/ys/robot_ws/src/install/final_project_interface/share/final_project_interface/hook/ld_library_path_lib.dsv'
[32.435s] INFO:colcon.colcon_core.shell:Creating environment hook '/home/ys/robot_ws/src/install/final_project_interface/share/final_project_interface/hook/ld_library_path_lib.sh'
[32.435s] Level 1:colcon.colcon_core.environment:checking '/home/ys/robot_ws/src/install/final_project_interface/bin'
[32.435s] Level 1:colcon.colcon_core.environment:checking '/home/ys/robot_ws/src/install/final_project_interface/lib/pkgconfig/final_project_interface.pc'
[32.435s] Level 1:colcon.colcon_core.environment:checking '/home/ys/robot_ws/src/install/final_project_interface/lib/python3.8/site-packages'
[32.435s] Level 1:colcon.colcon_core.shell:create_environment_hook('final_project_interface', 'pythonpath')
[32.436s] INFO:colcon.colcon_core.shell:Creating environment hook '/home/ys/robot_ws/src/install/final_project_interface/share/final_project_interface/hook/pythonpath.ps1'
[32.437s] INFO:colcon.colcon_core.shell:Creating environment descriptor '/home/ys/robot_ws/src/install/final_project_interface/share/final_project_interface/hook/pythonpath.dsv'
[32.437s] INFO:colcon.colcon_core.shell:Creating environment hook '/home/ys/robot_ws/src/install/final_project_interface/share/final_project_interface/hook/pythonpath.sh'
[32.438s] INFO:colcon.colcon_core.shell:Creating package script '/home/ys/robot_ws/src/install/final_project_interface/share/final_project_interface/package.ps1'
[32.443s] INFO:colcon.colcon_core.shell:Creating package descriptor '/home/ys/robot_ws/src/install/final_project_interface/share/final_project_interface/package.dsv'
[32.444s] INFO:colcon.colcon_core.shell:Creating package script '/home/ys/robot_ws/src/install/final_project_interface/share/final_project_interface/package.sh'
[32.445s] INFO:colcon.colcon_core.shell:Creating package script '/home/ys/robot_ws/src/install/final_project_interface/share/final_project_interface/package.bash'
[32.446s] INFO:colcon.colcon_core.shell:Creating package script '/home/ys/robot_ws/src/install/final_project_interface/share/final_project_interface/package.zsh'
[32.452s] Level 1:colcon.colcon_core.environment:create_file_with_runtime_dependencies(/home/ys/robot_ws/src/install/final_project_interface/share/colcon-core/packages/final_project_interface)
[32.585s] Level 1:colcon.colcon_core.environment:create_environment_scripts_only(final_project_interface)
[32.588s] Level 1:colcon.colcon_core.environment:checking '/home/ys/robot_ws/src/install/final_project_interface' for CMake module files
[32.589s] Level 1:colcon.colcon_core.environment:checking '/home/ys/robot_ws/src/install/final_project_interface' for CMake config files
[32.590s] Level 1:colcon.colcon_core.shell:create_environment_hook('final_project_interface', 'cmake_prefix_path')
[32.590s] INFO:colcon.colcon_core.shell:Creating environment hook '/home/ys/robot_ws/src/install/final_project_interface/share/final_project_interface/hook/cmake_prefix_path.ps1'
[32.594s] INFO:colcon.colcon_core.shell:Creating environment descriptor '/home/ys/robot_ws/src/install/final_project_interface/share/final_project_interface/hook/cmake_prefix_path.dsv'
[32.600s] INFO:colcon.colcon_core.shell:Creating environment hook '/home/ys/robot_ws/src/install/final_project_interface/share/final_project_interface/hook/cmake_prefix_path.sh'
[32.600s] Level 1:colcon.colcon_core.environment:checking '/home/ys/robot_ws/src/install/final_project_interface/lib'
[32.600s] Level 1:colcon.colcon_core.shell:create_environment_hook('final_project_interface', 'ld_library_path_lib')
[32.601s] INFO:colcon.colcon_core.shell:Creating environment hook '/home/ys/robot_ws/src/install/final_project_interface/share/final_project_interface/hook/ld_library_path_lib.ps1'
[32.602s] INFO:colcon.colcon_core.shell:Creating environment descriptor '/home/ys/robot_ws/src/install/final_project_interface/share/final_project_interface/hook/ld_library_path_lib.dsv'
[32.602s] INFO:colcon.colcon_core.shell:Creating environment hook '/home/ys/robot_ws/src/install/final_project_interface/share/final_project_interface/hook/ld_library_path_lib.sh'
[32.603s] Level 1:colcon.colcon_core.environment:checking '/home/ys/robot_ws/src/install/final_project_interface/bin'
[32.603s] Level 1:colcon.colcon_core.environment:checking '/home/ys/robot_ws/src/install/final_project_interface/lib/pkgconfig/final_project_interface.pc'
[32.603s] Level 1:colcon.colcon_core.environment:checking '/home/ys/robot_ws/src/install/final_project_interface/lib/python3.8/site-packages'
[32.603s] Level 1:colcon.colcon_core.shell:create_environment_hook('final_project_interface', 'pythonpath')
[32.604s] INFO:colcon.colcon_core.shell:Creating environment hook '/home/ys/robot_ws/src/install/final_project_interface/share/final_project_interface/hook/pythonpath.ps1'
[32.605s] INFO:colcon.colcon_core.shell:Creating environment descriptor '/home/ys/robot_ws/src/install/final_project_interface/share/final_project_interface/hook/pythonpath.dsv'
[32.606s] INFO:colcon.colcon_core.shell:Creating environment hook '/home/ys/robot_ws/src/install/final_project_interface/share/final_project_interface/hook/pythonpath.sh'
[32.610s] INFO:colcon.colcon_core.shell:Creating package script '/home/ys/robot_ws/src/install/final_project_interface/share/final_project_interface/package.ps1'
[32.611s] INFO:colcon.colcon_core.shell:Creating package descriptor '/home/ys/robot_ws/src/install/final_project_interface/share/final_project_interface/package.dsv'
[32.612s] INFO:colcon.colcon_core.shell:Creating package script '/home/ys/robot_ws/src/install/final_project_interface/share/final_project_interface/package.sh'
[32.613s] INFO:colcon.colcon_core.shell:Creating package script '/home/ys/robot_ws/src/install/final_project_interface/share/final_project_interface/package.bash'
[32.615s] INFO:colcon.colcon_core.shell:Creating package script '/home/ys/robot_ws/src/install/final_project_interface/share/final_project_interface/package.zsh'
[32.615s] Level 1:colcon.colcon_core.environment:create_file_with_runtime_dependencies(/home/ys/robot_ws/src/install/final_project_interface/share/colcon-core/packages/final_project_interface)
[32.619s] DEBUG:colcon.colcon_parallel_executor.executor.parallel:closing loop
[32.619s] DEBUG:colcon.colcon_parallel_executor.executor.parallel:loop closed
[32.619s] DEBUG:colcon.colcon_parallel_executor.executor.parallel:run_until_complete finished with '0'
[32.619s] DEBUG:colcon.colcon_core.event_reactor:joining thread
[32.643s] INFO:colcon.colcon_core.plugin_system:Skipping extension 'colcon_notification.desktop_notification.terminal_notifier': Not used on non-Darwin systems
[32.643s] INFO:colcon.colcon_core.plugin_system:Skipping extension 'colcon_notification.desktop_notification.win32': Not used on non-Windows systems
[32.643s] INFO:colcon.colcon_notification.desktop_notification:Sending desktop notification using 'notify2'
[32.828s] DEBUG:colcon.colcon_core.event_reactor:joined thread
[32.829s] INFO:colcon.colcon_core.shell:Creating prefix script '/home/ys/robot_ws/src/install/local_setup.ps1'
[32.831s] INFO:colcon.colcon_core.shell:Creating prefix util module '/home/ys/robot_ws/src/install/_local_setup_util_ps1.py'
[32.834s] INFO:colcon.colcon_core.shell:Creating prefix chain script '/home/ys/robot_ws/src/install/setup.ps1'
[32.845s] INFO:colcon.colcon_core.shell:Creating prefix script '/home/ys/robot_ws/src/install/local_setup.sh'
[32.846s] INFO:colcon.colcon_core.shell:Creating prefix util module '/home/ys/robot_ws/src/install/_local_setup_util_sh.py'
[32.851s] INFO:colcon.colcon_core.shell:Creating prefix chain script '/home/ys/robot_ws/src/install/setup.sh'
[32.860s] INFO:colcon.colcon_core.shell:Creating prefix script '/home/ys/robot_ws/src/install/local_setup.bash'
[32.861s] INFO:colcon.colcon_core.shell:Creating prefix chain script '/home/ys/robot_ws/src/install/setup.bash'
[32.869s] INFO:colcon.colcon_core.shell:Creating prefix script '/home/ys/robot_ws/src/install/local_setup.zsh'
[32.870s] INFO:colcon.colcon_core.shell:Creating prefix chain script '/home/ys/robot_ws/src/install/setup.zsh'
