[0.046s] Invoking command in '/home/ys/robot_ws/build/my_interface_example': CMAKE_PREFIX_PATH=${CMAKE_PREFIX_PATH}:/home/ys/robot_ws/install/sum_rclpy_srvcli_pkg:/home/ys/robot_ws/install/first_rclpy_pkg:/opt/ros/foxy /usr/bin/cmake --build /home/ys/robot_ws/build/my_interface_example -- -j1 -l1
[0.195s] -- Found ament_cmake: 0.9.9 (/opt/ros/foxy/share/ament_cmake/cmake)
[0.244s] -- Found PythonInterp: /usr/bin/python3 (found suitable version "3.8.10", minimum required is "3") 
[0.244s] -- Using PYTHON_EXECUTABLE: /usr/bin/python3
[0.558s] -- Override CMake install command with custom implementation using symlinks instead of copying resources
[0.605s] -- Found rosidl_default_generators: 1.0.1 (/opt/ros/foxy/share/rosidl_default_generators/cmake)
[0.617s] -- Using all available rosidl_typesupport_c: rosidl_typesupport_fastrtps_c;rosidl_typesupport_introspection_c
[0.628s] -- Found rosidl_adapter: 1.2.1 (/opt/ros/foxy/share/rosidl_adapter/cmake)
[0.929s] -- Using all available rosidl_typesupport_cpp: rosidl_typesupport_fastrtps_cpp;rosidl_typesupport_introspection_cpp
[1.028s] -- Found PythonInterp: /usr/bin/python3 (found version "3.8.10") 
[1.471s] -- Found ament_cmake_ros: 0.9.2 (/opt/ros/foxy/share/ament_cmake_ros/cmake)
[1.730s] -- Using all available rosidl_typesupport_c: rosidl_typesupport_fastrtps_c;rosidl_typesupport_introspection_c
[1.811s] -- Using all available rosidl_typesupport_cpp: rosidl_typesupport_fastrtps_cpp;rosidl_typesupport_introspection_cpp
[1.862s] -- Found PythonInterp: /usr/bin/python3 (found suitable version "3.8.10", minimum required is "3.5") 
[1.864s] -- Found python_cmake_module: 0.8.1 (/opt/ros/foxy/share/python_cmake_module/cmake)
[1.929s] -- Using PYTHON_EXECUTABLE: /usr/bin/python3
[1.930s] -- Using PYTHON_INCLUDE_DIRS: /usr/include/python3.8
[1.930s] -- Using PYTHON_LIBRARIES: /usr/lib/x86_64-linux-gnu/libpython3.8.so
[2.012s] -- Found ament_lint_auto: 0.9.6 (/opt/ros/foxy/share/ament_lint_auto/cmake)
[2.072s] -- Added test 'copyright' to check source files copyright and LICENSE
[2.076s] -- Added test 'lint_cmake' to check CMake code style
[2.080s] -- Added test 'xmllint' to check XML markup files
[2.091s] -- Configuring done
[2.267s] -- Generating done
[2.275s] -- Build files have been written to: /home/ys/robot_ws/build/my_interface_example
[2.306s] [35m[1mScanning dependencies of target my_interface_example__cpp[0m
[2.319s] [  2%] [34m[1mGenerating C++ code for ROS interfaces[0m
[3.363s] [  2%] Built target my_interface_example__cpp
[3.375s] [  4%] [34m[1mGenerating C++ introspection for ROS interfaces[0m
[4.184s] [35m[1mScanning dependencies of target my_interface_example__rosidl_typesupport_introspection_cpp[0m
[4.212s] [  6%] [32mBuilding CXX object CMakeFiles/my_interface_example__rosidl_typesupport_introspection_cpp.dir/rosidl_typesupport_introspection_cpp/my_interface_example/msg/detail/num__type_support.cpp.o[0m
[4.747s] [  8%] [32mBuilding CXX object CMakeFiles/my_interface_example__rosidl_typesupport_introspection_cpp.dir/rosidl_typesupport_introspection_cpp/my_interface_example/srv/detail/add_three_ints__type_support.cpp.o[0m
[5.139s] [ 10%] [32mBuilding CXX object CMakeFiles/my_interface_example__rosidl_typesupport_introspection_cpp.dir/rosidl_typesupport_introspection_cpp/my_interface_example/action/detail/fibonacci__type_support.cpp.o[0m
[5.727s] [ 12%] [32m[1mLinking CXX shared library libmy_interface_example__rosidl_typesupport_introspection_cpp.so[0m
[5.894s] [ 12%] Built target my_interface_example__rosidl_typesupport_introspection_cpp
[5.906s] [ 14%] [34m[1mGenerating C++ type support dispatch for ROS interfaces[0m
[6.633s] [35m[1mScanning dependencies of target my_interface_example__rosidl_typesupport_cpp[0m
[6.651s] [ 17%] [32mBuilding CXX object CMakeFiles/my_interface_example__rosidl_typesupport_cpp.dir/rosidl_typesupport_cpp/my_interface_example/msg/num__type_support.cpp.o[0m
[7.033s] [ 19%] [32mBuilding CXX object CMakeFiles/my_interface_example__rosidl_typesupport_cpp.dir/rosidl_typesupport_cpp/my_interface_example/srv/add_three_ints__type_support.cpp.o[0m
[7.447s] [ 21%] [32mBuilding CXX object CMakeFiles/my_interface_example__rosidl_typesupport_cpp.dir/rosidl_typesupport_cpp/my_interface_example/action/fibonacci__type_support.cpp.o[0m
[7.886s] [ 23%] [32m[1mLinking CXX shared library libmy_interface_example__rosidl_typesupport_cpp.so[0m
[7.966s] [ 23%] Built target my_interface_example__rosidl_typesupport_cpp
[7.998s] [ 25%] [34m[1mGenerating C code for ROS interfaces[0m
[9.193s] [35m[1mScanning dependencies of target my_interface_example__rosidl_generator_c[0m
[9.233s] [ 27%] [32mBuilding C object CMakeFiles/my_interface_example__rosidl_generator_c.dir/rosidl_generator_c/my_interface_example/msg/detail/num__functions.c.o[0m
[9.307s] [ 29%] [32mBuilding C object CMakeFiles/my_interface_example__rosidl_generator_c.dir/rosidl_generator_c/my_interface_example/srv/detail/add_three_ints__functions.c.o[0m
[9.361s] [ 31%] [32mBuilding C object CMakeFiles/my_interface_example__rosidl_generator_c.dir/rosidl_generator_c/my_interface_example/action/detail/fibonacci__functions.c.o[0m
[9.474s] [ 34%] [32m[1mLinking C shared library libmy_interface_example__rosidl_generator_c.so[0m
[9.519s] [ 34%] Built target my_interface_example__rosidl_generator_c
[9.555s] [ 36%] [34m[1mGenerating C++ type support for eProsima Fast-RTPS[0m
[10.565s] [35m[1mScanning dependencies of target my_interface_example__rosidl_typesupport_fastrtps_cpp[0m
[10.593s] [ 38%] [32mBuilding CXX object CMakeFiles/my_interface_example__rosidl_typesupport_fastrtps_cpp.dir/rosidl_typesupport_fastrtps_cpp/my_interface_example/msg/detail/dds_fastrtps/num__type_support.cpp.o[0m
[11.162s] [ 40%] [32mBuilding CXX object CMakeFiles/my_interface_example__rosidl_typesupport_fastrtps_cpp.dir/rosidl_typesupport_fastrtps_cpp/my_interface_example/srv/detail/dds_fastrtps/add_three_ints__type_support.cpp.o[0m
[11.703s] [ 42%] [32mBuilding CXX object CMakeFiles/my_interface_example__rosidl_typesupport_fastrtps_cpp.dir/rosidl_typesupport_fastrtps_cpp/my_interface_example/action/detail/dds_fastrtps/fibonacci__type_support.cpp.o[0m
[12.410s] [ 44%] [32m[1mLinking CXX shared library libmy_interface_example__rosidl_typesupport_fastrtps_cpp.so[0m
[12.590s] [ 44%] Built target my_interface_example__rosidl_typesupport_fastrtps_cpp
[12.611s] [ 46%] [34m[1mGenerating C type support for eProsima Fast-RTPS[0m
[13.595s] [35m[1mScanning dependencies of target my_interface_example__rosidl_typesupport_fastrtps_c[0m
[13.640s] [ 48%] [32mBuilding CXX object CMakeFiles/my_interface_example__rosidl_typesupport_fastrtps_c.dir/rosidl_typesupport_fastrtps_c/my_interface_example/msg/detail/num__type_support_c.cpp.o[0m
[14.117s] [ 51%] [32mBuilding CXX object CMakeFiles/my_interface_example__rosidl_typesupport_fastrtps_c.dir/rosidl_typesupport_fastrtps_c/my_interface_example/srv/detail/add_three_ints__type_support_c.cpp.o[0m
[14.605s] [ 53%] [32mBuilding CXX object CMakeFiles/my_interface_example__rosidl_typesupport_fastrtps_c.dir/rosidl_typesupport_fastrtps_c/my_interface_example/action/detail/fibonacci__type_support_c.cpp.o[0m
[15.227s] [ 55%] [32m[1mLinking CXX shared library libmy_interface_example__rosidl_typesupport_fastrtps_c.so[0m
[15.345s] [ 55%] Built target my_interface_example__rosidl_typesupport_fastrtps_c
[15.357s] [ 57%] [34m[1mGenerating C introspection for ROS interfaces[0m
[16.340s] [35m[1mScanning dependencies of target my_interface_example__rosidl_typesupport_introspection_c[0m
[16.360s] [ 59%] [32mBuilding C object CMakeFiles/my_interface_example__rosidl_typesupport_introspection_c.dir/rosidl_typesupport_introspection_c/my_interface_example/msg/detail/num__type_support.c.o[0m
[16.403s] [ 61%] [32mBuilding C object CMakeFiles/my_interface_example__rosidl_typesupport_introspection_c.dir/rosidl_typesupport_introspection_c/my_interface_example/srv/detail/add_three_ints__type_support.c.o[0m
[16.450s] [ 63%] [32mBuilding C object CMakeFiles/my_interface_example__rosidl_typesupport_introspection_c.dir/rosidl_typesupport_introspection_c/my_interface_example/action/detail/fibonacci__type_support.c.o[0m
[16.511s] [ 65%] [32m[1mLinking C shared library libmy_interface_example__rosidl_typesupport_introspection_c.so[0m
[16.553s] [ 65%] Built target my_interface_example__rosidl_typesupport_introspection_c
[16.565s] [ 68%] [34m[1mGenerating C type support dispatch for ROS interfaces[0m
[17.256s] [35m[1mScanning dependencies of target my_interface_example__rosidl_typesupport_c[0m
[17.276s] [ 70%] [32mBuilding CXX object CMakeFiles/my_interface_example__rosidl_typesupport_c.dir/rosidl_typesupport_c/my_interface_example/msg/num__type_support.cpp.o[0m
[17.320s] [ 72%] [32mBuilding CXX object CMakeFiles/my_interface_example__rosidl_typesupport_c.dir/rosidl_typesupport_c/my_interface_example/srv/add_three_ints__type_support.cpp.o[0m
[17.361s] [ 74%] [32mBuilding CXX object CMakeFiles/my_interface_example__rosidl_typesupport_c.dir/rosidl_typesupport_c/my_interface_example/action/fibonacci__type_support.cpp.o[0m
[17.426s] [ 76%] [32m[1mLinking CXX shared library libmy_interface_example__rosidl_typesupport_c.so[0m
[17.479s] [ 76%] Built target my_interface_example__rosidl_typesupport_c
[17.505s] [ 76%] Built target my_interface_example
[17.517s] [35m[1mScanning dependencies of target my_interface_example__py[0m
[17.551s] [ 78%] [34m[1mGenerating Python code for ROS interfaces[0m
[20.128s] [ 78%] Built target my_interface_example__py
[20.150s] [35m[1mScanning dependencies of target my_interface_example__python[0m
[20.196s] [ 80%] [32mBuilding C object CMakeFiles/my_interface_example__python.dir/rosidl_generator_py/my_interface_example/msg/_num_s.c.o[0m
[20.367s] [ 82%] [32mBuilding C object CMakeFiles/my_interface_example__python.dir/rosidl_generator_py/my_interface_example/srv/_add_three_ints_s.c.o[0m
[20.495s] [ 85%] [32mBuilding C object CMakeFiles/my_interface_example__python.dir/rosidl_generator_py/my_interface_example/action/_fibonacci_s.c.o[0m
[20.693s] [ 87%] [32m[1mLinking C shared library rosidl_generator_py/my_interface_example/libmy_interface_example__python.so[0m
[20.755s] [ 87%] Built target my_interface_example__python
[20.782s] [35m[1mScanning dependencies of target my_interface_example__rosidl_typesupport_introspection_c__pyext[0m
[20.801s] [ 89%] [32mBuilding C object CMakeFiles/my_interface_example__rosidl_typesupport_introspection_c__pyext.dir/rosidl_generator_py/my_interface_example/_my_interface_example_s.ep.rosidl_typesupport_introspection_c.c.o[0m
[20.967s] [ 91%] [32m[1mLinking C shared library rosidl_generator_py/my_interface_example/my_interface_example_s__rosidl_typesupport_introspection_c.cpython-38-x86_64-linux-gnu.so[0m
[21.022s] [ 91%] Built target my_interface_example__rosidl_typesupport_introspection_c__pyext
[21.036s] [35m[1mScanning dependencies of target my_interface_example__rosidl_typesupport_fastrtps_c__pyext[0m
[21.062s] [ 93%] [32mBuilding C object CMakeFiles/my_interface_example__rosidl_typesupport_fastrtps_c__pyext.dir/rosidl_generator_py/my_interface_example/_my_interface_example_s.ep.rosidl_typesupport_fastrtps_c.c.o[0m
[21.225s] [ 95%] [32m[1mLinking CXX shared library rosidl_generator_py/my_interface_example/my_interface_example_s__rosidl_typesupport_fastrtps_c.cpython-38-x86_64-linux-gnu.so[0m
[21.322s] [ 95%] Built target my_interface_example__rosidl_typesupport_fastrtps_c__pyext
[21.372s] [35m[1mScanning dependencies of target my_interface_example__rosidl_typesupport_c__pyext[0m
[21.398s] [ 97%] [32mBuilding C object CMakeFiles/my_interface_example__rosidl_typesupport_c__pyext.dir/rosidl_generator_py/my_interface_example/_my_interface_example_s.ep.rosidl_typesupport_c.c.o[0m
[21.559s] [100%] [32m[1mLinking C shared library rosidl_generator_py/my_interface_example/my_interface_example_s__rosidl_typesupport_c.cpython-38-x86_64-linux-gnu.so[0m
[21.609s] [100%] Built target my_interface_example__rosidl_typesupport_c__pyext
[21.624s] Invoked command in '/home/ys/robot_ws/build/my_interface_example' returned '0': CMAKE_PREFIX_PATH=${CMAKE_PREFIX_PATH}:/home/ys/robot_ws/install/sum_rclpy_srvcli_pkg:/home/ys/robot_ws/install/first_rclpy_pkg:/opt/ros/foxy /usr/bin/cmake --build /home/ys/robot_ws/build/my_interface_example -- -j1 -l1
[21.730s] Invoking command in '/home/ys/robot_ws/build/my_interface_example': CMAKE_PREFIX_PATH=${CMAKE_PREFIX_PATH}:/home/ys/robot_ws/install/sum_rclpy_srvcli_pkg:/home/ys/robot_ws/install/first_rclpy_pkg:/opt/ros/foxy /usr/bin/cmake --install /home/ys/robot_ws/build/my_interface_example
[21.743s] -- Install configuration: ""
[21.745s] -- Execute custom install script
[21.759s] -- Up-to-date symlink: /home/ys/robot_ws/install/my_interface_example/share/ament_index/resource_index/rosidl_interfaces/my_interface_example
[21.761s] -- Symlinking: /home/ys/robot_ws/install/my_interface_example/include/my_interface_example/action/detail/fibonacci__functions.h
[21.773s] -- Symlinking: /home/ys/robot_ws/install/my_interface_example/include/my_interface_example/action/detail/fibonacci__struct.h
[21.783s] -- Symlinking: /home/ys/robot_ws/install/my_interface_example/include/my_interface_example/action/detail/fibonacci__type_support.h
[21.793s] -- Symlinking: /home/ys/robot_ws/install/my_interface_example/include/my_interface_example/action/fibonacci.h
[21.804s] -- Up-to-date symlink: /home/ys/robot_ws/install/my_interface_example/include/my_interface_example/msg/detail/num__functions.h
[21.805s] -- Up-to-date symlink: /home/ys/robot_ws/install/my_interface_example/include/my_interface_example/msg/detail/num__struct.h
[21.806s] -- Up-to-date symlink: /home/ys/robot_ws/install/my_interface_example/include/my_interface_example/msg/detail/num__type_support.h
[21.808s] -- Up-to-date symlink: /home/ys/robot_ws/install/my_interface_example/include/my_interface_example/msg/num.h
[21.809s] -- Up-to-date symlink: /home/ys/robot_ws/install/my_interface_example/include/my_interface_example/msg/rosidl_generator_c__visibility_control.h
[21.811s] -- Up-to-date symlink: /home/ys/robot_ws/install/my_interface_example/include/my_interface_example/srv/add_three_ints.h
[21.813s] -- Up-to-date symlink: /home/ys/robot_ws/install/my_interface_example/include/my_interface_example/srv/detail/add_three_ints__functions.h
[21.813s] -- Up-to-date symlink: /home/ys/robot_ws/install/my_interface_example/include/my_interface_example/srv/detail/add_three_ints__struct.h
[21.814s] -- Up-to-date symlink: /home/ys/robot_ws/install/my_interface_example/include/my_interface_example/srv/detail/add_three_ints__type_support.h
[21.815s] -- Up-to-date symlink: /home/ys/robot_ws/install/my_interface_example/share/my_interface_example/environment/library_path.sh
[21.815s] -- Up-to-date symlink: /home/ys/robot_ws/install/my_interface_example/share/my_interface_example/environment/library_path.dsv
[21.816s] -- Symlinking: /home/ys/robot_ws/install/my_interface_example/include/my_interface_example/action/detail/fibonacci__rosidl_typesupport_fastrtps_c.h
[21.828s] -- Up-to-date symlink: /home/ys/robot_ws/install/my_interface_example/include/my_interface_example/msg/detail/num__rosidl_typesupport_fastrtps_c.h
[21.829s] -- Up-to-date symlink: /home/ys/robot_ws/install/my_interface_example/include/my_interface_example/msg/rosidl_typesupport_fastrtps_c__visibility_control.h
[21.829s] -- Up-to-date symlink: /home/ys/robot_ws/install/my_interface_example/include/my_interface_example/srv/detail/add_three_ints__rosidl_typesupport_fastrtps_c.h
[21.830s] -- Up-to-date symlink: /home/ys/robot_ws/install/my_interface_example/lib/libmy_interface_example__rosidl_typesupport_fastrtps_c.so
[21.832s] -- Symlinking: /home/ys/robot_ws/install/my_interface_example/include/my_interface_example/action/detail/fibonacci__rosidl_typesupport_fastrtps_cpp.hpp
[21.843s] -- Up-to-date symlink: /home/ys/robot_ws/install/my_interface_example/include/my_interface_example/msg/detail/num__rosidl_typesupport_fastrtps_cpp.hpp
[21.845s] -- Up-to-date symlink: /home/ys/robot_ws/install/my_interface_example/include/my_interface_example/msg/rosidl_typesupport_fastrtps_cpp__visibility_control.h
[21.845s] -- Up-to-date symlink: /home/ys/robot_ws/install/my_interface_example/include/my_interface_example/srv/detail/add_three_ints__rosidl_typesupport_fastrtps_cpp.hpp
[21.847s] -- Up-to-date symlink: /home/ys/robot_ws/install/my_interface_example/lib/libmy_interface_example__rosidl_typesupport_fastrtps_cpp.so
[21.848s] -- Symlinking: /home/ys/robot_ws/install/my_interface_example/include/my_interface_example/action/detail/fibonacci__rosidl_typesupport_introspection_c.h
[21.862s] -- Up-to-date symlink: /home/ys/robot_ws/install/my_interface_example/include/my_interface_example/msg/detail/num__rosidl_typesupport_introspection_c.h
[21.862s] -- Up-to-date symlink: /home/ys/robot_ws/install/my_interface_example/include/my_interface_example/msg/rosidl_typesupport_introspection_c__visibility_control.h
[21.863s] -- Up-to-date symlink: /home/ys/robot_ws/install/my_interface_example/include/my_interface_example/srv/detail/add_three_ints__rosidl_typesupport_introspection_c.h
[21.864s] -- Symlinking: /home/ys/robot_ws/install/my_interface_example/include/my_interface_example/action/detail/fibonacci__builder.hpp
[21.874s] -- Symlinking: /home/ys/robot_ws/install/my_interface_example/include/my_interface_example/action/detail/fibonacci__struct.hpp
[21.884s] -- Symlinking: /home/ys/robot_ws/install/my_interface_example/include/my_interface_example/action/detail/fibonacci__traits.hpp
[21.894s] -- Symlinking: /home/ys/robot_ws/install/my_interface_example/include/my_interface_example/action/fibonacci.hpp
[21.904s] -- Up-to-date symlink: /home/ys/robot_ws/install/my_interface_example/include/my_interface_example/msg/detail/num__builder.hpp
[21.905s] -- Up-to-date symlink: /home/ys/robot_ws/install/my_interface_example/include/my_interface_example/msg/detail/num__struct.hpp
[21.905s] -- Up-to-date symlink: /home/ys/robot_ws/install/my_interface_example/include/my_interface_example/msg/detail/num__traits.hpp
[21.906s] -- Up-to-date symlink: /home/ys/robot_ws/install/my_interface_example/include/my_interface_example/msg/num.hpp
[21.907s] -- Up-to-date symlink: /home/ys/robot_ws/install/my_interface_example/include/my_interface_example/srv/add_three_ints.hpp
[21.907s] -- Up-to-date symlink: /home/ys/robot_ws/install/my_interface_example/include/my_interface_example/srv/detail/add_three_ints__builder.hpp
[21.908s] -- Up-to-date symlink: /home/ys/robot_ws/install/my_interface_example/include/my_interface_example/srv/detail/add_three_ints__struct.hpp
[21.909s] -- Up-to-date symlink: /home/ys/robot_ws/install/my_interface_example/include/my_interface_example/srv/detail/add_three_ints__traits.hpp
[21.910s] -- Symlinking: /home/ys/robot_ws/install/my_interface_example/include/my_interface_example/action/detail/fibonacci__rosidl_typesupport_introspection_cpp.hpp
[21.922s] -- Up-to-date symlink: /home/ys/robot_ws/install/my_interface_example/include/my_interface_example/msg/detail/num__rosidl_typesupport_introspection_cpp.hpp
[21.923s] -- Up-to-date symlink: /home/ys/robot_ws/install/my_interface_example/include/my_interface_example/srv/detail/add_three_ints__rosidl_typesupport_introspection_cpp.hpp
[21.924s] -- Up-to-date symlink: /home/ys/robot_ws/install/my_interface_example/share/my_interface_example/environment/pythonpath.sh
[21.924s] -- Up-to-date symlink: /home/ys/robot_ws/install/my_interface_example/share/my_interface_example/environment/pythonpath.dsv
[21.925s] -- Up-to-date symlink: /home/ys/robot_ws/install/my_interface_example/lib/python3.8/site-packages/my_interface_example/__init__.py
[21.926s] -- Up-to-date symlink: /home/ys/robot_ws/install/my_interface_example/lib/python3.8/site-packages/my_interface_example/msg/__init__.py
[21.926s] -- Up-to-date symlink: /home/ys/robot_ws/install/my_interface_example/lib/python3.8/site-packages/my_interface_example/msg/_num.py
[21.927s] -- Up-to-date symlink: /home/ys/robot_ws/install/my_interface_example/lib/python3.8/site-packages/my_interface_example/srv/__init__.py
[21.927s] -- Up-to-date symlink: /home/ys/robot_ws/install/my_interface_example/lib/python3.8/site-packages/my_interface_example/srv/_add_three_ints.py
[21.928s] -- Symlinking: /home/ys/robot_ws/install/my_interface_example/lib/python3.8/site-packages/my_interface_example/action/__init__.py
[21.939s] -- Symlinking: /home/ys/robot_ws/install/my_interface_example/lib/python3.8/site-packages/my_interface_example/action/_fibonacci.py
[21.956s] -- Up-to-date symlink: /home/ys/robot_ws/install/my_interface_example/lib/python3.8/site-packages/my_interface_example/my_interface_example_s__rosidl_typesupport_fastrtps_c.cpython-38-x86_64-linux-gnu.so
[21.958s] -- Up-to-date symlink: /home/ys/robot_ws/install/my_interface_example/lib/python3.8/site-packages/my_interface_example/my_interface_example_s__rosidl_typesupport_introspection_c.cpython-38-x86_64-linux-gnu.so
[21.960s] -- Up-to-date symlink: /home/ys/robot_ws/install/my_interface_example/lib/python3.8/site-packages/my_interface_example/my_interface_example_s__rosidl_typesupport_c.cpython-38-x86_64-linux-gnu.so
[21.963s] -- Up-to-date symlink: /home/ys/robot_ws/install/my_interface_example/lib/libmy_interface_example__python.so
[21.965s] -- Up-to-date symlink: /home/ys/robot_ws/install/my_interface_example/share/my_interface_example/msg/Num.idl
[21.968s] -- Up-to-date symlink: /home/ys/robot_ws/install/my_interface_example/share/my_interface_example/srv/AddThreeInts.idl
[21.970s] -- Symlinking: /home/ys/robot_ws/install/my_interface_example/share/my_interface_example/action/Fibonacci.idl
[21.991s] -- Up-to-date symlink: /home/ys/robot_ws/install/my_interface_example/share/my_interface_example/msg/Num.msg
[21.993s] -- Up-to-date symlink: /home/ys/robot_ws/install/my_interface_example/share/my_interface_example/srv/AddThreeInts.srv
[21.993s] -- Up-to-date symlink: /home/ys/robot_ws/install/my_interface_example/share/my_interface_example/srv/AddThreeInts_Request.msg
[21.994s] -- Up-to-date symlink: /home/ys/robot_ws/install/my_interface_example/share/my_interface_example/srv/AddThreeInts_Response.msg
[21.995s] -- Symlinking: /home/ys/robot_ws/install/my_interface_example/share/my_interface_example/action/Fibonacci.action
[22.006s] -- Up-to-date symlink: /home/ys/robot_ws/install/my_interface_example/share/ament_index/resource_index/package_run_dependencies/my_interface_example
[22.007s] -- Up-to-date symlink: /home/ys/robot_ws/install/my_interface_example/share/ament_index/resource_index/parent_prefix_path/my_interface_example
[22.007s] -- Up-to-date symlink: /home/ys/robot_ws/install/my_interface_example/share/my_interface_example/environment/ament_prefix_path.sh
[22.008s] -- Up-to-date symlink: /home/ys/robot_ws/install/my_interface_example/share/my_interface_example/environment/ament_prefix_path.dsv
[22.009s] -- Up-to-date symlink: /home/ys/robot_ws/install/my_interface_example/share/my_interface_example/environment/path.sh
[22.009s] -- Up-to-date symlink: /home/ys/robot_ws/install/my_interface_example/share/my_interface_example/environment/path.dsv
[22.010s] -- Up-to-date symlink: /home/ys/robot_ws/install/my_interface_example/share/my_interface_example/local_setup.bash
[22.011s] -- Up-to-date symlink: /home/ys/robot_ws/install/my_interface_example/share/my_interface_example/local_setup.sh
[22.011s] -- Up-to-date symlink: /home/ys/robot_ws/install/my_interface_example/share/my_interface_example/local_setup.zsh
[22.012s] -- Up-to-date symlink: /home/ys/robot_ws/install/my_interface_example/share/my_interface_example/local_setup.dsv
[22.012s] -- Symlinking: /home/ys/robot_ws/install/my_interface_example/share/my_interface_example/package.dsv
[22.023s] -- Up-to-date symlink: /home/ys/robot_ws/install/my_interface_example/share/ament_index/resource_index/packages/my_interface_example
[22.024s] -- Up-to-date symlink: /home/ys/robot_ws/install/my_interface_example/share/my_interface_example/cmake/rosidl_cmake-extras.cmake
[22.025s] -- Up-to-date symlink: /home/ys/robot_ws/install/my_interface_example/share/my_interface_example/cmake/ament_cmake_export_dependencies-extras.cmake
[22.026s] -- Up-to-date symlink: /home/ys/robot_ws/install/my_interface_example/share/my_interface_example/cmake/ament_cmake_export_libraries-extras.cmake
[22.027s] -- Up-to-date symlink: /home/ys/robot_ws/install/my_interface_example/share/my_interface_example/cmake/ament_cmake_export_targets-extras.cmake
[22.028s] -- Up-to-date symlink: /home/ys/robot_ws/install/my_interface_example/share/my_interface_example/cmake/ament_cmake_export_include_directories-extras.cmake
[22.028s] -- Up-to-date symlink: /home/ys/robot_ws/install/my_interface_example/share/my_interface_example/cmake/rosidl_cmake_export_typesupport_libraries-extras.cmake
[22.029s] -- Up-to-date symlink: /home/ys/robot_ws/install/my_interface_example/share/my_interface_example/cmake/rosidl_cmake_export_typesupport_targets-extras.cmake
[22.030s] -- Up-to-date symlink: /home/ys/robot_ws/install/my_interface_example/share/my_interface_example/cmake/my_interface_exampleConfig.cmake
[22.031s] -- Up-to-date symlink: /home/ys/robot_ws/install/my_interface_example/share/my_interface_example/cmake/my_interface_exampleConfig-version.cmake
[22.031s] -- Up-to-date symlink: /home/ys/robot_ws/install/my_interface_example/share/my_interface_example/package.xml
[22.032s] -- Installing: /home/ys/robot_ws/install/my_interface_example/lib/libmy_interface_example__rosidl_generator_c.so
[22.033s] -- Set runtime path of "/home/ys/robot_ws/install/my_interface_example/lib/libmy_interface_example__rosidl_generator_c.so" to ""
[22.035s] -- Installing: /home/ys/robot_ws/install/my_interface_example/lib/libmy_interface_example__rosidl_typesupport_introspection_c.so
[22.035s] -- Set runtime path of "/home/ys/robot_ws/install/my_interface_example/lib/libmy_interface_example__rosidl_typesupport_introspection_c.so" to ""
[22.036s] -- Installing: /home/ys/robot_ws/install/my_interface_example/lib/libmy_interface_example__rosidl_typesupport_c.so
[22.036s] -- Set runtime path of "/home/ys/robot_ws/install/my_interface_example/lib/libmy_interface_example__rosidl_typesupport_c.so" to ""
[22.038s] -- Installing: /home/ys/robot_ws/install/my_interface_example/lib/libmy_interface_example__rosidl_typesupport_introspection_cpp.so
[22.039s] -- Set runtime path of "/home/ys/robot_ws/install/my_interface_example/lib/libmy_interface_example__rosidl_typesupport_introspection_cpp.so" to ""
[22.040s] -- Installing: /home/ys/robot_ws/install/my_interface_example/lib/libmy_interface_example__rosidl_typesupport_cpp.so
[22.040s] -- Set runtime path of "/home/ys/robot_ws/install/my_interface_example/lib/libmy_interface_example__rosidl_typesupport_cpp.so" to ""
[22.090s] Compiling '/home/ys/robot_ws/install/my_interface_example/lib/python3.8/site-packages/my_interface_example/__init__.py'...
[22.096s] -- Old export file "/home/ys/robot_ws/install/my_interface_example/share/my_interface_example/cmake/my_interface_example__rosidl_generator_cExport.cmake" will be replaced.  Removing files [/home/ys/robot_ws/install/my_interface_example/share/my_interface_example/cmake/my_interface_example__rosidl_generator_cExport-noconfig.cmake].
[22.097s] -- Installing: /home/ys/robot_ws/install/my_interface_example/share/my_interface_example/cmake/my_interface_example__rosidl_generator_cExport.cmake
[22.097s] -- Installing: /home/ys/robot_ws/install/my_interface_example/share/my_interface_example/cmake/my_interface_example__rosidl_generator_cExport-noconfig.cmake
[22.098s] -- Old export file "/home/ys/robot_ws/install/my_interface_example/share/my_interface_example/cmake/my_interface_example__rosidl_typesupport_introspection_cExport.cmake" will be replaced.  Removing files [/home/ys/robot_ws/install/my_interface_example/share/my_interface_example/cmake/my_interface_example__rosidl_typesupport_introspection_cExport-noconfig.cmake].
[22.098s] -- Installing: /home/ys/robot_ws/install/my_interface_example/share/my_interface_example/cmake/my_interface_example__rosidl_typesupport_introspection_cExport.cmake
[22.098s] -- Installing: /home/ys/robot_ws/install/my_interface_example/share/my_interface_example/cmake/my_interface_example__rosidl_typesupport_introspection_cExport-noconfig.cmake
[22.099s] -- Old export file "/home/ys/robot_ws/install/my_interface_example/share/my_interface_example/cmake/my_interface_example__rosidl_typesupport_cExport.cmake" will be replaced.  Removing files [/home/ys/robot_ws/install/my_interface_example/share/my_interface_example/cmake/my_interface_example__rosidl_typesupport_cExport-noconfig.cmake].
[22.099s] -- Installing: /home/ys/robot_ws/install/my_interface_example/share/my_interface_example/cmake/my_interface_example__rosidl_typesupport_cExport.cmake
[22.100s] -- Installing: /home/ys/robot_ws/install/my_interface_example/share/my_interface_example/cmake/my_interface_example__rosidl_typesupport_cExport-noconfig.cmake
[22.100s] -- Installing: /home/ys/robot_ws/install/my_interface_example/share/my_interface_example/cmake/my_interface_example__rosidl_generator_cppExport.cmake
[22.101s] -- Old export file "/home/ys/robot_ws/install/my_interface_example/share/my_interface_example/cmake/my_interface_example__rosidl_typesupport_introspection_cppExport.cmake" will be replaced.  Removing files [/home/ys/robot_ws/install/my_interface_example/share/my_interface_example/cmake/my_interface_example__rosidl_typesupport_introspection_cppExport-noconfig.cmake].
[22.101s] -- Installing: /home/ys/robot_ws/install/my_interface_example/share/my_interface_example/cmake/my_interface_example__rosidl_typesupport_introspection_cppExport.cmake
[22.102s] -- Installing: /home/ys/robot_ws/install/my_interface_example/share/my_interface_example/cmake/my_interface_example__rosidl_typesupport_introspection_cppExport-noconfig.cmake
[22.102s] -- Old export file "/home/ys/robot_ws/install/my_interface_example/share/my_interface_example/cmake/my_interface_example__rosidl_typesupport_cppExport.cmake" will be replaced.  Removing files [/home/ys/robot_ws/install/my_interface_example/share/my_interface_example/cmake/my_interface_example__rosidl_typesupport_cppExport-noconfig.cmake].
[22.102s] -- Installing: /home/ys/robot_ws/install/my_interface_example/share/my_interface_example/cmake/my_interface_example__rosidl_typesupport_cppExport.cmake
[22.103s] -- Installing: /home/ys/robot_ws/install/my_interface_example/share/my_interface_example/cmake/my_interface_example__rosidl_typesupport_cppExport-noconfig.cmake
[22.108s] Invoked command in '/home/ys/robot_ws/build/my_interface_example' returned '0': CMAKE_PREFIX_PATH=${CMAKE_PREFIX_PATH}:/home/ys/robot_ws/install/sum_rclpy_srvcli_pkg:/home/ys/robot_ws/install/first_rclpy_pkg:/opt/ros/foxy /usr/bin/cmake --install /home/ys/robot_ws/build/my_interface_example
