running develop
running egg_info
creating final_project.egg-info
writing final_project.egg-info/PKG-INFO
writing dependency_links to final_project.egg-info/dependency_links.txt
writing entry points to final_project.egg-info/entry_points.txt
writing requirements to final_project.egg-info/requires.txt
writing top-level names to final_project.egg-info/top_level.txt
writing manifest file 'final_project.egg-info/SOURCES.txt'
reading manifest file 'final_project.egg-info/SOURCES.txt'
writing manifest file 'final_project.egg-info/SOURCES.txt'
running build_ext
Creating /home/ys/robot_ws/install/final_project/lib/python3.8/site-packages/site.py
Creating /home/ys/robot_ws/install/final_project/lib/python3.8/site-packages/final-project.egg-link (link to .)
Installing control_publisher script to /home/ys/robot_ws/install/final_project/lib/final_project
Installing control_subscriber script to /home/ys/robot_ws/install/final_project/lib/final_project

Installed /home/ys/robot_ws/build/final_project
running install_data
creating /home/ys/robot_ws/install/final_project/share/ament_index
creating /home/ys/robot_ws/install/final_project/share/ament_index/resource_index
creating /home/ys/robot_ws/install/final_project/share/ament_index/resource_index/packages
copying resource/final_project -> /home/ys/robot_ws/install/final_project/share/ament_index/resource_index/packages
copying package.xml -> /home/ys/robot_ws/install/final_project/share/final_project
