[2.032s] DEBUG:colcon:Command line arguments: ['/usr/bin/colcon', 'list', '-p', '--base-paths', '/home/ys/robot_ws']
[2.032s] DEBUG:colcon:Parsed command line arguments: Namespace(base_paths=['/home/ys/robot_ws'], build_base='build', ignore_user_meta=False, log_base=None, log_level=None, main=<bound method ListVerb.main of <colcon_package_information.verb.list.ListVerb object at 0x7faf47f3ad30>>, metas=['./colcon.meta'], names_only=False, packages_above=None, packages_above_and_dependencies=None, packages_above_depth=None, packages_end=None, packages_ignore=None, packages_ignore_regex=None, packages_select=None, packages_select_build_failed=False, packages_select_by_dep=None, packages_select_regex=None, packages_select_test_failures=False, packages_skip=None, packages_skip_build_finished=False, packages_skip_by_dep=None, packages_skip_regex=None, packages_skip_test_passed=False, packages_skip_up_to=None, packages_start=None, packages_up_to=None, packages_up_to_regex=None, paths=None, paths_only=True, topological_graph=False, topological_graph_density=False, topological_graph_dot=False, topological_graph_dot_cluster=False, topological_graph_dot_include_skipped=False, topological_graph_legend=False, topological_order=False, verb_extension=<colcon_package_information.verb.list.ListVerb object at 0x7faf47f3ad30>, verb_name='list', verb_parser=<colcon_defaults.argument_parser.defaults.DefaultArgumentsDecorator object at 0x7faf47dd8d60>)
[2.165s] Level 1:colcon.colcon_core.package_discovery:discover_packages(colcon_meta) check parameters
[2.174s] Level 1:colcon.colcon_core.package_discovery:discover_packages(recursive) check parameters
[2.175s] Level 1:colcon.colcon_core.package_discovery:discover_packages(ignore) check parameters
[2.175s] Level 1:colcon.colcon_core.package_discovery:discover_packages(path) check parameters
[2.176s] Level 1:colcon.colcon_core.package_discovery:discover_packages(recursive) discover
[2.177s] INFO:colcon.colcon_core.package_discovery:Crawling recursively for packages in '/home/ys/robot_ws'
[2.178s] Level 1:colcon.colcon_core.package_identification:_identify(/home/ys/robot_ws) by extensions ['ignore', 'ignore_ament_install']
[2.179s] Level 1:colcon.colcon_core.package_identification:_identify(/home/ys/robot_ws) by extension 'ignore'
[2.197s] Level 1:colcon.colcon_core.package_identification:_identify(/home/ys/robot_ws) by extension 'ignore_ament_install'
[2.197s] Level 1:colcon.colcon_core.package_identification:_identify(/home/ys/robot_ws) by extensions ['colcon_pkg']
[2.198s] Level 1:colcon.colcon_core.package_identification:_identify(/home/ys/robot_ws) by extension 'colcon_pkg'
[2.198s] Level 1:colcon.colcon_core.package_identification:_identify(/home/ys/robot_ws) by extensions ['colcon_meta']
[2.199s] Level 1:colcon.colcon_core.package_identification:_identify(/home/ys/robot_ws) by extension 'colcon_meta'
[2.199s] Level 1:colcon.colcon_core.package_identification:_identify(/home/ys/robot_ws) by extensions ['ros']
[2.199s] Level 1:colcon.colcon_core.package_identification:_identify(/home/ys/robot_ws) by extension 'ros'
[2.241s] Level 1:colcon.colcon_core.package_identification:_identify(/home/ys/robot_ws) by extensions ['cmake', 'python']
[2.242s] Level 1:colcon.colcon_core.package_identification:_identify(/home/ys/robot_ws) by extension 'cmake'
[2.242s] Level 1:colcon.colcon_core.package_identification:_identify(/home/ys/robot_ws) by extension 'python'
[2.242s] Level 1:colcon.colcon_core.package_identification:_identify(/home/ys/robot_ws) by extensions ['python_setup_py']
[2.243s] Level 1:colcon.colcon_core.package_identification:_identify(/home/ys/robot_ws) by extension 'python_setup_py'
[2.243s] Level 1:colcon.colcon_core.package_identification:_identify(/home/ys/robot_ws/build) by extensions ['ignore', 'ignore_ament_install']
[2.244s] Level 1:colcon.colcon_core.package_identification:_identify(/home/ys/robot_ws/build) by extension 'ignore'
[2.244s] Level 1:colcon.colcon_core.package_identification:_identify(/home/ys/robot_ws/build) ignored
[2.244s] Level 1:colcon.colcon_core.package_identification:_identify(/home/ys/robot_ws/install) by extensions ['ignore', 'ignore_ament_install']
[2.245s] Level 1:colcon.colcon_core.package_identification:_identify(/home/ys/robot_ws/install) by extension 'ignore'
[2.245s] Level 1:colcon.colcon_core.package_identification:_identify(/home/ys/robot_ws/install) ignored
[2.246s] Level 1:colcon.colcon_core.package_identification:_identify(/home/ys/robot_ws/launch) by extensions ['ignore', 'ignore_ament_install']
[2.246s] Level 1:colcon.colcon_core.package_identification:_identify(/home/ys/robot_ws/launch) by extension 'ignore'
[2.247s] Level 1:colcon.colcon_core.package_identification:_identify(/home/ys/robot_ws/launch) by extension 'ignore_ament_install'
[2.247s] Level 1:colcon.colcon_core.package_identification:_identify(/home/ys/robot_ws/launch) by extensions ['colcon_pkg']
[2.247s] Level 1:colcon.colcon_core.package_identification:_identify(/home/ys/robot_ws/launch) by extension 'colcon_pkg'
[2.248s] Level 1:colcon.colcon_core.package_identification:_identify(/home/ys/robot_ws/launch) by extensions ['colcon_meta']
[2.248s] Level 1:colcon.colcon_core.package_identification:_identify(/home/ys/robot_ws/launch) by extension 'colcon_meta'
[2.248s] Level 1:colcon.colcon_core.package_identification:_identify(/home/ys/robot_ws/launch) by extensions ['ros']
[2.248s] Level 1:colcon.colcon_core.package_identification:_identify(/home/ys/robot_ws/launch) by extension 'ros'
[2.249s] Level 1:colcon.colcon_core.package_identification:_identify(/home/ys/robot_ws/launch) by extensions ['cmake', 'python']
[2.249s] Level 1:colcon.colcon_core.package_identification:_identify(/home/ys/robot_ws/launch) by extension 'cmake'
[2.249s] Level 1:colcon.colcon_core.package_identification:_identify(/home/ys/robot_ws/launch) by extension 'python'
[2.249s] Level 1:colcon.colcon_core.package_identification:_identify(/home/ys/robot_ws/launch) by extensions ['python_setup_py']
[2.249s] Level 1:colcon.colcon_core.package_identification:_identify(/home/ys/robot_ws/launch) by extension 'python_setup_py'
[2.249s] Level 1:colcon.colcon_core.package_identification:_identify(/home/ys/robot_ws/launch/__pycache__) by extensions ['ignore', 'ignore_ament_install']
[2.249s] Level 1:colcon.colcon_core.package_identification:_identify(/home/ys/robot_ws/launch/__pycache__) by extension 'ignore'
[2.249s] Level 1:colcon.colcon_core.package_identification:_identify(/home/ys/robot_ws/launch/__pycache__) by extension 'ignore_ament_install'
[2.249s] Level 1:colcon.colcon_core.package_identification:_identify(/home/ys/robot_ws/launch/__pycache__) by extensions ['colcon_pkg']
[2.249s] Level 1:colcon.colcon_core.package_identification:_identify(/home/ys/robot_ws/launch/__pycache__) by extension 'colcon_pkg'
[2.250s] Level 1:colcon.colcon_core.package_identification:_identify(/home/ys/robot_ws/launch/__pycache__) by extensions ['colcon_meta']
[2.250s] Level 1:colcon.colcon_core.package_identification:_identify(/home/ys/robot_ws/launch/__pycache__) by extension 'colcon_meta'
[2.251s] Level 1:colcon.colcon_core.package_identification:_identify(/home/ys/robot_ws/launch/__pycache__) by extensions ['ros']
[2.251s] Level 1:colcon.colcon_core.package_identification:_identify(/home/ys/robot_ws/launch/__pycache__) by extension 'ros'
[2.252s] Level 1:colcon.colcon_core.package_identification:_identify(/home/ys/robot_ws/launch/__pycache__) by extensions ['cmake', 'python']
[2.252s] Level 1:colcon.colcon_core.package_identification:_identify(/home/ys/robot_ws/launch/__pycache__) by extension 'cmake'
[2.252s] Level 1:colcon.colcon_core.package_identification:_identify(/home/ys/robot_ws/launch/__pycache__) by extension 'python'
[2.252s] Level 1:colcon.colcon_core.package_identification:_identify(/home/ys/robot_ws/launch/__pycache__) by extensions ['python_setup_py']
[2.252s] Level 1:colcon.colcon_core.package_identification:_identify(/home/ys/robot_ws/launch/__pycache__) by extension 'python_setup_py'
[2.252s] Level 1:colcon.colcon_core.package_identification:_identify(/home/ys/robot_ws/log) by extensions ['ignore', 'ignore_ament_install']
[2.252s] Level 1:colcon.colcon_core.package_identification:_identify(/home/ys/robot_ws/log) by extension 'ignore'
[2.252s] Level 1:colcon.colcon_core.package_identification:_identify(/home/ys/robot_ws/log) ignored
[2.253s] Level 1:colcon.colcon_core.package_identification:_identify(/home/ys/robot_ws/src) by extensions ['ignore', 'ignore_ament_install']
[2.253s] Level 1:colcon.colcon_core.package_identification:_identify(/home/ys/robot_ws/src) by extension 'ignore'
[2.253s] Level 1:colcon.colcon_core.package_identification:_identify(/home/ys/robot_ws/src) by extension 'ignore_ament_install'
[2.253s] Level 1:colcon.colcon_core.package_identification:_identify(/home/ys/robot_ws/src) by extensions ['colcon_pkg']
[2.253s] Level 1:colcon.colcon_core.package_identification:_identify(/home/ys/robot_ws/src) by extension 'colcon_pkg'
[2.253s] Level 1:colcon.colcon_core.package_identification:_identify(/home/ys/robot_ws/src) by extensions ['colcon_meta']
[2.253s] Level 1:colcon.colcon_core.package_identification:_identify(/home/ys/robot_ws/src) by extension 'colcon_meta'
[2.253s] Level 1:colcon.colcon_core.package_identification:_identify(/home/ys/robot_ws/src) by extensions ['ros']
[2.253s] Level 1:colcon.colcon_core.package_identification:_identify(/home/ys/robot_ws/src) by extension 'ros'
[2.254s] Level 1:colcon.colcon_core.package_identification:_identify(/home/ys/robot_ws/src) by extensions ['cmake', 'python']
[2.254s] Level 1:colcon.colcon_core.package_identification:_identify(/home/ys/robot_ws/src) by extension 'cmake'
[2.255s] Level 1:colcon.colcon_core.package_identification:_identify(/home/ys/robot_ws/src) by extension 'python'
[2.255s] Level 1:colcon.colcon_core.package_identification:_identify(/home/ys/robot_ws/src) by extensions ['python_setup_py']
[2.255s] Level 1:colcon.colcon_core.package_identification:_identify(/home/ys/robot_ws/src) by extension 'python_setup_py'
[2.256s] Level 1:colcon.colcon_core.package_identification:_identify(/home/ys/robot_ws/src/build) by extensions ['ignore', 'ignore_ament_install']
[2.256s] Level 1:colcon.colcon_core.package_identification:_identify(/home/ys/robot_ws/src/build) by extension 'ignore'
[2.256s] Level 1:colcon.colcon_core.package_identification:_identify(/home/ys/robot_ws/src/build) ignored
[2.256s] Level 1:colcon.colcon_core.package_identification:_identify(/home/ys/robot_ws/src/fibonacci_rclpy_action_pkg) by extensions ['ignore', 'ignore_ament_install']
[2.259s] Level 1:colcon.colcon_core.package_identification:_identify(/home/ys/robot_ws/src/fibonacci_rclpy_action_pkg) by extension 'ignore'
[2.259s] Level 1:colcon.colcon_core.package_identification:_identify(/home/ys/robot_ws/src/fibonacci_rclpy_action_pkg) by extension 'ignore_ament_install'
[2.259s] Level 1:colcon.colcon_core.package_identification:_identify(/home/ys/robot_ws/src/fibonacci_rclpy_action_pkg) by extensions ['colcon_pkg']
[2.259s] Level 1:colcon.colcon_core.package_identification:_identify(/home/ys/robot_ws/src/fibonacci_rclpy_action_pkg) by extension 'colcon_pkg'
[2.259s] Level 1:colcon.colcon_core.package_identification:_identify(/home/ys/robot_ws/src/fibonacci_rclpy_action_pkg) by extensions ['colcon_meta']
[2.259s] Level 1:colcon.colcon_core.package_identification:_identify(/home/ys/robot_ws/src/fibonacci_rclpy_action_pkg) by extension 'colcon_meta'
[2.259s] Level 1:colcon.colcon_core.package_identification:_identify(/home/ys/robot_ws/src/fibonacci_rclpy_action_pkg) by extensions ['ros']
[2.260s] Level 1:colcon.colcon_core.package_identification:_identify(/home/ys/robot_ws/src/fibonacci_rclpy_action_pkg) by extension 'ros'
[2.264s] DEBUG:colcon.colcon_core.package_identification:Package '/home/ys/robot_ws/src/fibonacci_rclpy_action_pkg' with type 'ros.ament_python' and name 'fibonacci_rclpy_action_pkg'
[2.265s] Level 1:colcon.colcon_core.package_identification:_identify(/home/ys/robot_ws/src/first_rclpy_pkg) by extensions ['ignore', 'ignore_ament_install']
[2.266s] Level 1:colcon.colcon_core.package_identification:_identify(/home/ys/robot_ws/src/first_rclpy_pkg) by extension 'ignore'
[2.266s] Level 1:colcon.colcon_core.package_identification:_identify(/home/ys/robot_ws/src/first_rclpy_pkg) by extension 'ignore_ament_install'
[2.267s] Level 1:colcon.colcon_core.package_identification:_identify(/home/ys/robot_ws/src/first_rclpy_pkg) by extensions ['colcon_pkg']
[2.267s] Level 1:colcon.colcon_core.package_identification:_identify(/home/ys/robot_ws/src/first_rclpy_pkg) by extension 'colcon_pkg'
[2.268s] Level 1:colcon.colcon_core.package_identification:_identify(/home/ys/robot_ws/src/first_rclpy_pkg) by extensions ['colcon_meta']
[2.268s] Level 1:colcon.colcon_core.package_identification:_identify(/home/ys/robot_ws/src/first_rclpy_pkg) by extension 'colcon_meta'
[2.268s] Level 1:colcon.colcon_core.package_identification:_identify(/home/ys/robot_ws/src/first_rclpy_pkg) by extensions ['ros']
[2.270s] Level 1:colcon.colcon_core.package_identification:_identify(/home/ys/robot_ws/src/first_rclpy_pkg) by extension 'ros'
[2.272s] DEBUG:colcon.colcon_core.package_identification:Package '/home/ys/robot_ws/src/first_rclpy_pkg' with type 'ros.ament_python' and name 'first_rclpy_pkg'
[2.272s] Level 1:colcon.colcon_core.package_identification:_identify(/home/ys/robot_ws/src/install) by extensions ['ignore', 'ignore_ament_install']
[2.273s] Level 1:colcon.colcon_core.package_identification:_identify(/home/ys/robot_ws/src/install) by extension 'ignore'
[2.273s] Level 1:colcon.colcon_core.package_identification:_identify(/home/ys/robot_ws/src/install) ignored
[2.273s] Level 1:colcon.colcon_core.package_identification:_identify(/home/ys/robot_ws/src/log) by extensions ['ignore', 'ignore_ament_install']
[2.274s] Level 1:colcon.colcon_core.package_identification:_identify(/home/ys/robot_ws/src/log) by extension 'ignore'
[2.274s] Level 1:colcon.colcon_core.package_identification:_identify(/home/ys/robot_ws/src/log) ignored
[2.275s] Level 1:colcon.colcon_core.package_identification:_identify(/home/ys/robot_ws/src/my_action_interface) by extensions ['ignore', 'ignore_ament_install']
[2.275s] Level 1:colcon.colcon_core.package_identification:_identify(/home/ys/robot_ws/src/my_action_interface) by extension 'ignore'
[2.276s] Level 1:colcon.colcon_core.package_identification:_identify(/home/ys/robot_ws/src/my_action_interface) by extension 'ignore_ament_install'
[2.276s] Level 1:colcon.colcon_core.package_identification:_identify(/home/ys/robot_ws/src/my_action_interface) by extensions ['colcon_pkg']
[2.276s] Level 1:colcon.colcon_core.package_identification:_identify(/home/ys/robot_ws/src/my_action_interface) by extension 'colcon_pkg'
[2.277s] Level 1:colcon.colcon_core.package_identification:_identify(/home/ys/robot_ws/src/my_action_interface) by extensions ['colcon_meta']
[2.277s] Level 1:colcon.colcon_core.package_identification:_identify(/home/ys/robot_ws/src/my_action_interface) by extension 'colcon_meta'
[2.278s] Level 1:colcon.colcon_core.package_identification:_identify(/home/ys/robot_ws/src/my_action_interface) by extensions ['ros']
[2.278s] Level 1:colcon.colcon_core.package_identification:_identify(/home/ys/robot_ws/src/my_action_interface) by extension 'ros'
[2.279s] DEBUG:colcon.colcon_core.package_identification:Package '/home/ys/robot_ws/src/my_action_interface' with type 'ros.ament_cmake' and name 'my_action_interface'
[2.279s] Level 1:colcon.colcon_core.package_identification:_identify(/home/ys/robot_ws/src/my_interface_example) by extensions ['ignore', 'ignore_ament_install']
[2.279s] Level 1:colcon.colcon_core.package_identification:_identify(/home/ys/robot_ws/src/my_interface_example) by extension 'ignore'
[2.279s] Level 1:colcon.colcon_core.package_identification:_identify(/home/ys/robot_ws/src/my_interface_example) by extension 'ignore_ament_install'
[2.279s] Level 1:colcon.colcon_core.package_identification:_identify(/home/ys/robot_ws/src/my_interface_example) by extensions ['colcon_pkg']
[2.279s] Level 1:colcon.colcon_core.package_identification:_identify(/home/ys/robot_ws/src/my_interface_example) by extension 'colcon_pkg'
[2.279s] Level 1:colcon.colcon_core.package_identification:_identify(/home/ys/robot_ws/src/my_interface_example) by extensions ['colcon_meta']
[2.279s] Level 1:colcon.colcon_core.package_identification:_identify(/home/ys/robot_ws/src/my_interface_example) by extension 'colcon_meta'
[2.280s] Level 1:colcon.colcon_core.package_identification:_identify(/home/ys/robot_ws/src/my_interface_example) by extensions ['ros']
[2.280s] Level 1:colcon.colcon_core.package_identification:_identify(/home/ys/robot_ws/src/my_interface_example) by extension 'ros'
[2.282s] DEBUG:colcon.colcon_core.package_identification:Package '/home/ys/robot_ws/src/my_interface_example' with type 'ros.ament_cmake' and name 'my_interface_example'
[2.283s] Level 1:colcon.colcon_core.package_identification:_identify(/home/ys/robot_ws/src/python_parameters) by extensions ['ignore', 'ignore_ament_install']
[2.283s] Level 1:colcon.colcon_core.package_identification:_identify(/home/ys/robot_ws/src/python_parameters) by extension 'ignore'
[2.283s] Level 1:colcon.colcon_core.package_identification:_identify(/home/ys/robot_ws/src/python_parameters) by extension 'ignore_ament_install'
[2.290s] Level 1:colcon.colcon_core.package_identification:_identify(/home/ys/robot_ws/src/python_parameters) by extensions ['colcon_pkg']
[2.290s] Level 1:colcon.colcon_core.package_identification:_identify(/home/ys/robot_ws/src/python_parameters) by extension 'colcon_pkg'
[2.291s] Level 1:colcon.colcon_core.package_identification:_identify(/home/ys/robot_ws/src/python_parameters) by extensions ['colcon_meta']
[2.291s] Level 1:colcon.colcon_core.package_identification:_identify(/home/ys/robot_ws/src/python_parameters) by extension 'colcon_meta'
[2.291s] Level 1:colcon.colcon_core.package_identification:_identify(/home/ys/robot_ws/src/python_parameters) by extensions ['ros']
[2.291s] Level 1:colcon.colcon_core.package_identification:_identify(/home/ys/robot_ws/src/python_parameters) by extension 'ros'
[2.292s] DEBUG:colcon.colcon_core.package_identification:Package '/home/ys/robot_ws/src/python_parameters' with type 'ros.ament_python' and name 'python_parameters'
[2.292s] Level 1:colcon.colcon_core.package_identification:_identify(/home/ys/robot_ws/src/sum_rclpy_srvcli_pkg) by extensions ['ignore', 'ignore_ament_install']
[2.292s] Level 1:colcon.colcon_core.package_identification:_identify(/home/ys/robot_ws/src/sum_rclpy_srvcli_pkg) by extension 'ignore'
[2.292s] Level 1:colcon.colcon_core.package_identification:_identify(/home/ys/robot_ws/src/sum_rclpy_srvcli_pkg) by extension 'ignore_ament_install'
[2.292s] Level 1:colcon.colcon_core.package_identification:_identify(/home/ys/robot_ws/src/sum_rclpy_srvcli_pkg) by extensions ['colcon_pkg']
[2.292s] Level 1:colcon.colcon_core.package_identification:_identify(/home/ys/robot_ws/src/sum_rclpy_srvcli_pkg) by extension 'colcon_pkg'
[2.292s] Level 1:colcon.colcon_core.package_identification:_identify(/home/ys/robot_ws/src/sum_rclpy_srvcli_pkg) by extensions ['colcon_meta']
[2.292s] Level 1:colcon.colcon_core.package_identification:_identify(/home/ys/robot_ws/src/sum_rclpy_srvcli_pkg) by extension 'colcon_meta'
[2.293s] Level 1:colcon.colcon_core.package_identification:_identify(/home/ys/robot_ws/src/sum_rclpy_srvcli_pkg) by extensions ['ros']
[2.293s] Level 1:colcon.colcon_core.package_identification:_identify(/home/ys/robot_ws/src/sum_rclpy_srvcli_pkg) by extension 'ros'
[2.293s] DEBUG:colcon.colcon_core.package_identification:Failed to parse potential ROS package manifest in'/home/ys/robot_ws/src/sum_rclpy_srvcli_pkg': Error(s) in package '/home/ys/robot_ws/src/sum_rclpy_srvcli_pkg/package.xml':
The manifest contains invalid XML:
mismatched tag: line 12, column 32
[2.293s] Level 1:colcon.colcon_core.package_identification:_identify(/home/ys/robot_ws/src/sum_rclpy_srvcli_pkg) by extensions ['cmake', 'python']
[2.298s] Level 1:colcon.colcon_core.package_identification:_identify(/home/ys/robot_ws/src/sum_rclpy_srvcli_pkg) by extension 'cmake'
[2.298s] Level 1:colcon.colcon_core.package_identification:_identify(/home/ys/robot_ws/src/sum_rclpy_srvcli_pkg) by extension 'python'
[2.299s] DEBUG:colcon.colcon_core.package_identification:Python package in '/home/ys/robot_ws/src/sum_rclpy_srvcli_pkg' passes arguments to the setup() function which requires a different identification extension than 'python'
[2.299s] Level 1:colcon.colcon_core.package_identification:_identify(/home/ys/robot_ws/src/sum_rclpy_srvcli_pkg) by extensions ['python_setup_py']
[2.300s] Level 1:colcon.colcon_core.package_identification:_identify(/home/ys/robot_ws/src/sum_rclpy_srvcli_pkg) by extension 'python_setup_py'
[2.983s] DEBUG:colcon.colcon_core.package_identification:Package '/home/ys/robot_ws/src/sum_rclpy_srvcli_pkg' with type 'python' and name 'sum_rclpy_srvcli_pkg'
[2.984s] Level 1:colcon.colcon_core.package_identification:_identify(/home/ys/robot_ws/src/teleop_twist_joy) by extensions ['ignore', 'ignore_ament_install']
[2.984s] Level 1:colcon.colcon_core.package_identification:_identify(/home/ys/robot_ws/src/teleop_twist_joy) by extension 'ignore'
[2.984s] Level 1:colcon.colcon_core.package_identification:_identify(/home/ys/robot_ws/src/teleop_twist_joy) by extension 'ignore_ament_install'
[2.984s] Level 1:colcon.colcon_core.package_identification:_identify(/home/ys/robot_ws/src/teleop_twist_joy) by extensions ['colcon_pkg']
[2.984s] Level 1:colcon.colcon_core.package_identification:_identify(/home/ys/robot_ws/src/teleop_twist_joy) by extension 'colcon_pkg'
[2.984s] Level 1:colcon.colcon_core.package_identification:_identify(/home/ys/robot_ws/src/teleop_twist_joy) by extensions ['colcon_meta']
[2.984s] Level 1:colcon.colcon_core.package_identification:_identify(/home/ys/robot_ws/src/teleop_twist_joy) by extension 'colcon_meta'
[2.984s] Level 1:colcon.colcon_core.package_identification:_identify(/home/ys/robot_ws/src/teleop_twist_joy) by extensions ['ros']
[2.985s] Level 1:colcon.colcon_core.package_identification:_identify(/home/ys/robot_ws/src/teleop_twist_joy) by extension 'ros'
[2.988s] DEBUG:colcon.colcon_core.package_identification:Package '/home/ys/robot_ws/src/teleop_twist_joy' with type 'ros.ament_cmake' and name 'teleop_twist_joy'
[2.988s] Level 1:colcon.colcon_core.package_identification:_identify(/home/ys/robot_ws/src/test_ros_rclcpp_pkg) by extensions ['ignore', 'ignore_ament_install']
[2.988s] Level 1:colcon.colcon_core.package_identification:_identify(/home/ys/robot_ws/src/test_ros_rclcpp_pkg) by extension 'ignore'
[2.988s] Level 1:colcon.colcon_core.package_identification:_identify(/home/ys/robot_ws/src/test_ros_rclcpp_pkg) by extension 'ignore_ament_install'
[2.988s] Level 1:colcon.colcon_core.package_identification:_identify(/home/ys/robot_ws/src/test_ros_rclcpp_pkg) by extensions ['colcon_pkg']
[2.988s] Level 1:colcon.colcon_core.package_identification:_identify(/home/ys/robot_ws/src/test_ros_rclcpp_pkg) by extension 'colcon_pkg'
[2.988s] Level 1:colcon.colcon_core.package_identification:_identify(/home/ys/robot_ws/src/test_ros_rclcpp_pkg) by extensions ['colcon_meta']
[2.988s] Level 1:colcon.colcon_core.package_identification:_identify(/home/ys/robot_ws/src/test_ros_rclcpp_pkg) by extension 'colcon_meta'
[2.988s] Level 1:colcon.colcon_core.package_identification:_identify(/home/ys/robot_ws/src/test_ros_rclcpp_pkg) by extensions ['ros']
[2.988s] Level 1:colcon.colcon_core.package_identification:_identify(/home/ys/robot_ws/src/test_ros_rclcpp_pkg) by extension 'ros'
[2.997s] DEBUG:colcon.colcon_core.package_identification:Package '/home/ys/robot_ws/src/test_ros_rclcpp_pkg' with type 'ros.ament_cmake' and name 'test_ros_rclcpp_pkg'
[2.998s] Level 1:colcon.colcon_core.package_identification:_identify(/home/ys/robot_ws/src/test_ros_rclpy_pkg) by extensions ['ignore', 'ignore_ament_install']
[2.998s] Level 1:colcon.colcon_core.package_identification:_identify(/home/ys/robot_ws/src/test_ros_rclpy_pkg) by extension 'ignore'
[2.999s] Level 1:colcon.colcon_core.package_identification:_identify(/home/ys/robot_ws/src/test_ros_rclpy_pkg) by extension 'ignore_ament_install'
[2.999s] Level 1:colcon.colcon_core.package_identification:_identify(/home/ys/robot_ws/src/test_ros_rclpy_pkg) by extensions ['colcon_pkg']
[3.000s] Level 1:colcon.colcon_core.package_identification:_identify(/home/ys/robot_ws/src/test_ros_rclpy_pkg) by extension 'colcon_pkg'
[3.000s] Level 1:colcon.colcon_core.package_identification:_identify(/home/ys/robot_ws/src/test_ros_rclpy_pkg) by extensions ['colcon_meta']
[3.000s] Level 1:colcon.colcon_core.package_identification:_identify(/home/ys/robot_ws/src/test_ros_rclpy_pkg) by extension 'colcon_meta'
[3.001s] Level 1:colcon.colcon_core.package_identification:_identify(/home/ys/robot_ws/src/test_ros_rclpy_pkg) by extensions ['ros']
[3.001s] Level 1:colcon.colcon_core.package_identification:_identify(/home/ys/robot_ws/src/test_ros_rclpy_pkg) by extension 'ros'
[3.003s] DEBUG:colcon.colcon_core.package_identification:Package '/home/ys/robot_ws/src/test_ros_rclpy_pkg' with type 'ros.ament_python' and name 'test_ros_rclpy_pkg'
[3.003s] Level 1:colcon.colcon_core.package_discovery:discover_packages(recursive) using defaults
