[0.462s] DEBUG:colcon:Command line arguments: ['/usr/bin/colcon', 'build', '--symlink-install', '--packages-select', 'python_parameters']
[0.462s] DEBUG:colcon:Parsed command line arguments: Namespace(ament_cmake_args=None, base_paths=['.'], build_base='build', catkin_cmake_args=None, catkin_skip_building_tests=False, cmake_args=None, cmake_clean_cache=False, cmake_clean_first=False, cmake_force_configure=False, cmake_target=None, cmake_target_skip_unavailable=False, continue_on_error=False, event_handlers=None, executor='parallel', ignore_user_meta=False, install_base='install', log_base=None, log_level=None, main=<bound method BuildVerb.main of <colcon_core.verb.build.BuildVerb object at 0x7f7a9a5dccd0>>, merge_install=False, metas=['./colcon.meta'], packages_above=None, packages_above_and_dependencies=None, packages_above_depth=None, packages_end=None, packages_ignore=None, packages_ignore_regex=None, packages_select=['python_parameters'], packages_select_build_failed=False, packages_select_by_dep=None, packages_select_regex=None, packages_select_test_failures=False, packages_skip=None, packages_skip_build_finished=False, packages_skip_by_dep=None, packages_skip_regex=None, packages_skip_test_passed=False, packages_skip_up_to=None, packages_start=None, packages_up_to=None, packages_up_to_regex=None, parallel_workers=1, paths=None, symlink_install=True, test_result_base=None, verb_extension=<colcon_core.verb.build.BuildVerb object at 0x7f7a9a5dccd0>, verb_name='build', verb_parser=<colcon_defaults.argument_parser.defaults.DefaultArgumentsDecorator object at 0x7f7a9a5eb280>)
[0.469s] Level 1:colcon.colcon_core.package_discovery:discover_packages(colcon_meta) check parameters
[0.469s] Level 1:colcon.colcon_core.package_discovery:discover_packages(recursive) check parameters
[0.469s] Level 1:colcon.colcon_core.package_discovery:discover_packages(ignore) check parameters
[0.469s] Level 1:colcon.colcon_core.package_discovery:discover_packages(path) check parameters
[0.470s] Level 1:colcon.colcon_core.package_discovery:discover_packages(colcon_meta) discover
[0.470s] Level 1:colcon.colcon_core.package_discovery:discover_packages(recursive) discover
[0.470s] INFO:colcon.colcon_core.package_discovery:Crawling recursively for packages in '/home/ys/robot_ws'
[0.470s] Level 1:colcon.colcon_core.package_identification:_identify(.) by extensions ['ignore', 'ignore_ament_install']
[0.470s] Level 1:colcon.colcon_core.package_identification:_identify(.) by extension 'ignore'
[0.470s] Level 1:colcon.colcon_core.package_identification:_identify(.) by extension 'ignore_ament_install'
[0.470s] Level 1:colcon.colcon_core.package_identification:_identify(.) by extensions ['colcon_pkg']
[0.470s] Level 1:colcon.colcon_core.package_identification:_identify(.) by extension 'colcon_pkg'
[0.470s] Level 1:colcon.colcon_core.package_identification:_identify(.) by extensions ['colcon_meta']
[0.470s] Level 1:colcon.colcon_core.package_identification:_identify(.) by extension 'colcon_meta'
[0.470s] Level 1:colcon.colcon_core.package_identification:_identify(.) by extensions ['ros']
[0.470s] Level 1:colcon.colcon_core.package_identification:_identify(.) by extension 'ros'
[0.488s] Level 1:colcon.colcon_core.package_identification:_identify(.) by extensions ['cmake', 'python']
[0.488s] Level 1:colcon.colcon_core.package_identification:_identify(.) by extension 'cmake'
[0.488s] Level 1:colcon.colcon_core.package_identification:_identify(.) by extension 'python'
[0.488s] Level 1:colcon.colcon_core.package_identification:_identify(.) by extensions ['python_setup_py']
[0.488s] Level 1:colcon.colcon_core.package_identification:_identify(.) by extension 'python_setup_py'
[0.488s] Level 1:colcon.colcon_core.package_identification:_identify(build) by extensions ['ignore', 'ignore_ament_install']
[0.488s] Level 1:colcon.colcon_core.package_identification:_identify(build) by extension 'ignore'
[0.488s] Level 1:colcon.colcon_core.package_identification:_identify(build) ignored
[0.488s] Level 1:colcon.colcon_core.package_identification:_identify(install) by extensions ['ignore', 'ignore_ament_install']
[0.488s] Level 1:colcon.colcon_core.package_identification:_identify(install) by extension 'ignore'
[0.489s] Level 1:colcon.colcon_core.package_identification:_identify(install) ignored
[0.489s] Level 1:colcon.colcon_core.package_identification:_identify(log) by extensions ['ignore', 'ignore_ament_install']
[0.489s] Level 1:colcon.colcon_core.package_identification:_identify(log) by extension 'ignore'
[0.489s] Level 1:colcon.colcon_core.package_identification:_identify(log) ignored
[0.489s] Level 1:colcon.colcon_core.package_identification:_identify(src) by extensions ['ignore', 'ignore_ament_install']
[0.489s] Level 1:colcon.colcon_core.package_identification:_identify(src) by extension 'ignore'
[0.489s] Level 1:colcon.colcon_core.package_identification:_identify(src) by extension 'ignore_ament_install'
[0.489s] Level 1:colcon.colcon_core.package_identification:_identify(src) by extensions ['colcon_pkg']
[0.489s] Level 1:colcon.colcon_core.package_identification:_identify(src) by extension 'colcon_pkg'
[0.489s] Level 1:colcon.colcon_core.package_identification:_identify(src) by extensions ['colcon_meta']
[0.489s] Level 1:colcon.colcon_core.package_identification:_identify(src) by extension 'colcon_meta'
[0.489s] Level 1:colcon.colcon_core.package_identification:_identify(src) by extensions ['ros']
[0.489s] Level 1:colcon.colcon_core.package_identification:_identify(src) by extension 'ros'
[0.489s] Level 1:colcon.colcon_core.package_identification:_identify(src) by extensions ['cmake', 'python']
[0.490s] Level 1:colcon.colcon_core.package_identification:_identify(src) by extension 'cmake'
[0.490s] Level 1:colcon.colcon_core.package_identification:_identify(src) by extension 'python'
[0.490s] Level 1:colcon.colcon_core.package_identification:_identify(src) by extensions ['python_setup_py']
[0.490s] Level 1:colcon.colcon_core.package_identification:_identify(src) by extension 'python_setup_py'
[0.490s] Level 1:colcon.colcon_core.package_identification:_identify(src/build) by extensions ['ignore', 'ignore_ament_install']
[0.490s] Level 1:colcon.colcon_core.package_identification:_identify(src/build) by extension 'ignore'
[0.490s] Level 1:colcon.colcon_core.package_identification:_identify(src/build) ignored
[0.490s] Level 1:colcon.colcon_core.package_identification:_identify(src/fibonacci_rclpy_action_pkg) by extensions ['ignore', 'ignore_ament_install']
[0.490s] Level 1:colcon.colcon_core.package_identification:_identify(src/fibonacci_rclpy_action_pkg) by extension 'ignore'
[0.490s] Level 1:colcon.colcon_core.package_identification:_identify(src/fibonacci_rclpy_action_pkg) by extension 'ignore_ament_install'
[0.490s] Level 1:colcon.colcon_core.package_identification:_identify(src/fibonacci_rclpy_action_pkg) by extensions ['colcon_pkg']
[0.490s] Level 1:colcon.colcon_core.package_identification:_identify(src/fibonacci_rclpy_action_pkg) by extension 'colcon_pkg'
[0.490s] Level 1:colcon.colcon_core.package_identification:_identify(src/fibonacci_rclpy_action_pkg) by extensions ['colcon_meta']
[0.490s] Level 1:colcon.colcon_core.package_identification:_identify(src/fibonacci_rclpy_action_pkg) by extension 'colcon_meta'
[0.490s] Level 1:colcon.colcon_core.package_identification:_identify(src/fibonacci_rclpy_action_pkg) by extensions ['ros']
[0.491s] Level 1:colcon.colcon_core.package_identification:_identify(src/fibonacci_rclpy_action_pkg) by extension 'ros'
[0.494s] DEBUG:colcon.colcon_core.package_identification:Package 'src/fibonacci_rclpy_action_pkg' with type 'ros.ament_python' and name 'fibonacci_rclpy_action_pkg'
[0.494s] Level 1:colcon.colcon_core.package_identification:_identify(src/first_rclpy_pkg) by extensions ['ignore', 'ignore_ament_install']
[0.495s] Level 1:colcon.colcon_core.package_identification:_identify(src/first_rclpy_pkg) by extension 'ignore'
[0.495s] Level 1:colcon.colcon_core.package_identification:_identify(src/first_rclpy_pkg) by extension 'ignore_ament_install'
[0.495s] Level 1:colcon.colcon_core.package_identification:_identify(src/first_rclpy_pkg) by extensions ['colcon_pkg']
[0.495s] Level 1:colcon.colcon_core.package_identification:_identify(src/first_rclpy_pkg) by extension 'colcon_pkg'
[0.495s] Level 1:colcon.colcon_core.package_identification:_identify(src/first_rclpy_pkg) by extensions ['colcon_meta']
[0.495s] Level 1:colcon.colcon_core.package_identification:_identify(src/first_rclpy_pkg) by extension 'colcon_meta'
[0.495s] Level 1:colcon.colcon_core.package_identification:_identify(src/first_rclpy_pkg) by extensions ['ros']
[0.495s] Level 1:colcon.colcon_core.package_identification:_identify(src/first_rclpy_pkg) by extension 'ros'
[0.496s] DEBUG:colcon.colcon_core.package_identification:Package 'src/first_rclpy_pkg' with type 'ros.ament_python' and name 'first_rclpy_pkg'
[0.496s] Level 1:colcon.colcon_core.package_identification:_identify(src/install) by extensions ['ignore', 'ignore_ament_install']
[0.496s] Level 1:colcon.colcon_core.package_identification:_identify(src/install) by extension 'ignore'
[0.497s] Level 1:colcon.colcon_core.package_identification:_identify(src/install) ignored
[0.497s] Level 1:colcon.colcon_core.package_identification:_identify(src/log) by extensions ['ignore', 'ignore_ament_install']
[0.497s] Level 1:colcon.colcon_core.package_identification:_identify(src/log) by extension 'ignore'
[0.497s] Level 1:colcon.colcon_core.package_identification:_identify(src/log) ignored
[0.497s] Level 1:colcon.colcon_core.package_identification:_identify(src/my_action_interface) by extensions ['ignore', 'ignore_ament_install']
[0.498s] Level 1:colcon.colcon_core.package_identification:_identify(src/my_action_interface) by extension 'ignore'
[0.498s] Level 1:colcon.colcon_core.package_identification:_identify(src/my_action_interface) by extension 'ignore_ament_install'
[0.498s] Level 1:colcon.colcon_core.package_identification:_identify(src/my_action_interface) by extensions ['colcon_pkg']
[0.498s] Level 1:colcon.colcon_core.package_identification:_identify(src/my_action_interface) by extension 'colcon_pkg'
[0.498s] Level 1:colcon.colcon_core.package_identification:_identify(src/my_action_interface) by extensions ['colcon_meta']
[0.498s] Level 1:colcon.colcon_core.package_identification:_identify(src/my_action_interface) by extension 'colcon_meta'
[0.498s] Level 1:colcon.colcon_core.package_identification:_identify(src/my_action_interface) by extensions ['ros']
[0.498s] Level 1:colcon.colcon_core.package_identification:_identify(src/my_action_interface) by extension 'ros'
[0.499s] DEBUG:colcon.colcon_core.package_identification:Package 'src/my_action_interface' with type 'ros.ament_cmake' and name 'my_action_interface'
[0.499s] Level 1:colcon.colcon_core.package_identification:_identify(src/my_interface_example) by extensions ['ignore', 'ignore_ament_install']
[0.499s] Level 1:colcon.colcon_core.package_identification:_identify(src/my_interface_example) by extension 'ignore'
[0.499s] Level 1:colcon.colcon_core.package_identification:_identify(src/my_interface_example) by extension 'ignore_ament_install'
[0.499s] Level 1:colcon.colcon_core.package_identification:_identify(src/my_interface_example) by extensions ['colcon_pkg']
[0.499s] Level 1:colcon.colcon_core.package_identification:_identify(src/my_interface_example) by extension 'colcon_pkg'
[0.499s] Level 1:colcon.colcon_core.package_identification:_identify(src/my_interface_example) by extensions ['colcon_meta']
[0.499s] Level 1:colcon.colcon_core.package_identification:_identify(src/my_interface_example) by extension 'colcon_meta'
[0.499s] Level 1:colcon.colcon_core.package_identification:_identify(src/my_interface_example) by extensions ['ros']
[0.499s] Level 1:colcon.colcon_core.package_identification:_identify(src/my_interface_example) by extension 'ros'
[0.500s] DEBUG:colcon.colcon_core.package_identification:Package 'src/my_interface_example' with type 'ros.ament_cmake' and name 'my_interface_example'
[0.500s] Level 1:colcon.colcon_core.package_identification:_identify(src/python_parameters) by extensions ['ignore', 'ignore_ament_install']
[0.500s] Level 1:colcon.colcon_core.package_identification:_identify(src/python_parameters) by extension 'ignore'
[0.500s] Level 1:colcon.colcon_core.package_identification:_identify(src/python_parameters) by extension 'ignore_ament_install'
[0.501s] Level 1:colcon.colcon_core.package_identification:_identify(src/python_parameters) by extensions ['colcon_pkg']
[0.501s] Level 1:colcon.colcon_core.package_identification:_identify(src/python_parameters) by extension 'colcon_pkg'
[0.501s] Level 1:colcon.colcon_core.package_identification:_identify(src/python_parameters) by extensions ['colcon_meta']
[0.501s] Level 1:colcon.colcon_core.package_identification:_identify(src/python_parameters) by extension 'colcon_meta'
[0.501s] Level 1:colcon.colcon_core.package_identification:_identify(src/python_parameters) by extensions ['ros']
[0.501s] Level 1:colcon.colcon_core.package_identification:_identify(src/python_parameters) by extension 'ros'
[0.502s] DEBUG:colcon.colcon_core.package_identification:Package 'src/python_parameters' with type 'ros.ament_python' and name 'python_parameters'
[0.502s] Level 1:colcon.colcon_core.package_identification:_identify(src/sum_rclpy_srvcli_pkg) by extensions ['ignore', 'ignore_ament_install']
[0.502s] Level 1:colcon.colcon_core.package_identification:_identify(src/sum_rclpy_srvcli_pkg) by extension 'ignore'
[0.502s] Level 1:colcon.colcon_core.package_identification:_identify(src/sum_rclpy_srvcli_pkg) by extension 'ignore_ament_install'
[0.502s] Level 1:colcon.colcon_core.package_identification:_identify(src/sum_rclpy_srvcli_pkg) by extensions ['colcon_pkg']
[0.502s] Level 1:colcon.colcon_core.package_identification:_identify(src/sum_rclpy_srvcli_pkg) by extension 'colcon_pkg'
[0.502s] Level 1:colcon.colcon_core.package_identification:_identify(src/sum_rclpy_srvcli_pkg) by extensions ['colcon_meta']
[0.502s] Level 1:colcon.colcon_core.package_identification:_identify(src/sum_rclpy_srvcli_pkg) by extension 'colcon_meta'
[0.502s] Level 1:colcon.colcon_core.package_identification:_identify(src/sum_rclpy_srvcli_pkg) by extensions ['ros']
[0.502s] Level 1:colcon.colcon_core.package_identification:_identify(src/sum_rclpy_srvcli_pkg) by extension 'ros'
[0.503s] DEBUG:colcon.colcon_core.package_identification:Failed to parse potential ROS package manifest in'src/sum_rclpy_srvcli_pkg': Error(s) in package 'src/sum_rclpy_srvcli_pkg/package.xml':
The manifest contains invalid XML:
mismatched tag: line 12, column 32
[0.503s] Level 1:colcon.colcon_core.package_identification:_identify(src/sum_rclpy_srvcli_pkg) by extensions ['cmake', 'python']
[0.503s] Level 1:colcon.colcon_core.package_identification:_identify(src/sum_rclpy_srvcli_pkg) by extension 'cmake'
[0.503s] Level 1:colcon.colcon_core.package_identification:_identify(src/sum_rclpy_srvcli_pkg) by extension 'python'
[0.503s] DEBUG:colcon.colcon_core.package_identification:Python package in 'src/sum_rclpy_srvcli_pkg' passes arguments to the setup() function which requires a different identification extension than 'python'
[0.503s] Level 1:colcon.colcon_core.package_identification:_identify(src/sum_rclpy_srvcli_pkg) by extensions ['python_setup_py']
[0.503s] Level 1:colcon.colcon_core.package_identification:_identify(src/sum_rclpy_srvcli_pkg) by extension 'python_setup_py'
[0.833s] DEBUG:colcon.colcon_core.package_identification:Package 'src/sum_rclpy_srvcli_pkg' with type 'python' and name 'sum_rclpy_srvcli_pkg'
[0.834s] Level 1:colcon.colcon_core.package_identification:_identify(src/teleop_twist_joy) by extensions ['ignore', 'ignore_ament_install']
[0.834s] Level 1:colcon.colcon_core.package_identification:_identify(src/teleop_twist_joy) by extension 'ignore'
[0.834s] Level 1:colcon.colcon_core.package_identification:_identify(src/teleop_twist_joy) by extension 'ignore_ament_install'
[0.834s] Level 1:colcon.colcon_core.package_identification:_identify(src/teleop_twist_joy) by extensions ['colcon_pkg']
[0.834s] Level 1:colcon.colcon_core.package_identification:_identify(src/teleop_twist_joy) by extension 'colcon_pkg'
[0.834s] Level 1:colcon.colcon_core.package_identification:_identify(src/teleop_twist_joy) by extensions ['colcon_meta']
[0.834s] Level 1:colcon.colcon_core.package_identification:_identify(src/teleop_twist_joy) by extension 'colcon_meta'
[0.834s] Level 1:colcon.colcon_core.package_identification:_identify(src/teleop_twist_joy) by extensions ['ros']
[0.834s] Level 1:colcon.colcon_core.package_identification:_identify(src/teleop_twist_joy) by extension 'ros'
[0.836s] DEBUG:colcon.colcon_core.package_identification:Package 'src/teleop_twist_joy' with type 'ros.ament_cmake' and name 'teleop_twist_joy'
[0.836s] Level 1:colcon.colcon_core.package_identification:_identify(src/test_ros_rclcpp_pkg) by extensions ['ignore', 'ignore_ament_install']
[0.836s] Level 1:colcon.colcon_core.package_identification:_identify(src/test_ros_rclcpp_pkg) by extension 'ignore'
[0.836s] Level 1:colcon.colcon_core.package_identification:_identify(src/test_ros_rclcpp_pkg) by extension 'ignore_ament_install'
[0.836s] Level 1:colcon.colcon_core.package_identification:_identify(src/test_ros_rclcpp_pkg) by extensions ['colcon_pkg']
[0.836s] Level 1:colcon.colcon_core.package_identification:_identify(src/test_ros_rclcpp_pkg) by extension 'colcon_pkg'
[0.837s] Level 1:colcon.colcon_core.package_identification:_identify(src/test_ros_rclcpp_pkg) by extensions ['colcon_meta']
[0.837s] Level 1:colcon.colcon_core.package_identification:_identify(src/test_ros_rclcpp_pkg) by extension 'colcon_meta'
[0.837s] Level 1:colcon.colcon_core.package_identification:_identify(src/test_ros_rclcpp_pkg) by extensions ['ros']
[0.837s] Level 1:colcon.colcon_core.package_identification:_identify(src/test_ros_rclcpp_pkg) by extension 'ros'
[0.838s] DEBUG:colcon.colcon_core.package_identification:Package 'src/test_ros_rclcpp_pkg' with type 'ros.ament_cmake' and name 'test_ros_rclcpp_pkg'
[0.838s] Level 1:colcon.colcon_core.package_identification:_identify(src/test_ros_rclpy_pkg) by extensions ['ignore', 'ignore_ament_install']
[0.838s] Level 1:colcon.colcon_core.package_identification:_identify(src/test_ros_rclpy_pkg) by extension 'ignore'
[0.838s] Level 1:colcon.colcon_core.package_identification:_identify(src/test_ros_rclpy_pkg) by extension 'ignore_ament_install'
[0.838s] Level 1:colcon.colcon_core.package_identification:_identify(src/test_ros_rclpy_pkg) by extensions ['colcon_pkg']
[0.838s] Level 1:colcon.colcon_core.package_identification:_identify(src/test_ros_rclpy_pkg) by extension 'colcon_pkg'
[0.838s] Level 1:colcon.colcon_core.package_identification:_identify(src/test_ros_rclpy_pkg) by extensions ['colcon_meta']
[0.838s] Level 1:colcon.colcon_core.package_identification:_identify(src/test_ros_rclpy_pkg) by extension 'colcon_meta'
[0.838s] Level 1:colcon.colcon_core.package_identification:_identify(src/test_ros_rclpy_pkg) by extensions ['ros']
[0.838s] Level 1:colcon.colcon_core.package_identification:_identify(src/test_ros_rclpy_pkg) by extension 'ros'
[0.839s] DEBUG:colcon.colcon_core.package_identification:Package 'src/test_ros_rclpy_pkg' with type 'ros.ament_python' and name 'test_ros_rclpy_pkg'
[0.839s] Level 1:colcon.colcon_core.package_discovery:discover_packages(recursive) using defaults
[0.840s] Level 1:colcon.colcon_core.package_discovery:discover_packages(ignore) discover
[0.840s] Level 1:colcon.colcon_core.package_discovery:discover_packages(ignore) using defaults
[0.840s] Level 1:colcon.colcon_core.package_discovery:discover_packages(path) discover
[0.840s] Level 1:colcon.colcon_core.package_discovery:discover_packages(path) using defaults
[0.868s] INFO:colcon.colcon_core.package_selection:Skipping not selected package 'my_action_interface' in 'src/my_action_interface'
[0.868s] INFO:colcon.colcon_core.package_selection:Skipping not selected package 'my_interface_example' in 'src/my_interface_example'
[0.868s] INFO:colcon.colcon_core.package_selection:Skipping not selected package 'sum_rclpy_srvcli_pkg' in 'src/sum_rclpy_srvcli_pkg'
[0.868s] INFO:colcon.colcon_core.package_selection:Skipping not selected package 'teleop_twist_joy' in 'src/teleop_twist_joy'
[0.868s] INFO:colcon.colcon_core.package_selection:Skipping not selected package 'test_ros_rclcpp_pkg' in 'src/test_ros_rclcpp_pkg'
[0.868s] INFO:colcon.colcon_core.package_selection:Skipping not selected package 'test_ros_rclpy_pkg' in 'src/test_ros_rclpy_pkg'
[0.868s] INFO:colcon.colcon_core.package_selection:Skipping not selected package 'fibonacci_rclpy_action_pkg' in 'src/fibonacci_rclpy_action_pkg'
[0.868s] INFO:colcon.colcon_core.package_selection:Skipping not selected package 'first_rclpy_pkg' in 'src/first_rclpy_pkg'
[0.872s] Level 5:colcon.colcon_core.verb:set package 'python_parameters' build argument 'cmake_args' from command line to 'None'
[0.872s] Level 5:colcon.colcon_core.verb:set package 'python_parameters' build argument 'cmake_target' from command line to 'None'
[0.872s] Level 5:colcon.colcon_core.verb:set package 'python_parameters' build argument 'cmake_target_skip_unavailable' from command line to 'False'
[0.873s] Level 5:colcon.colcon_core.verb:set package 'python_parameters' build argument 'cmake_clean_cache' from command line to 'False'
[0.873s] Level 5:colcon.colcon_core.verb:set package 'python_parameters' build argument 'cmake_clean_first' from command line to 'False'
[0.873s] Level 5:colcon.colcon_core.verb:set package 'python_parameters' build argument 'cmake_force_configure' from command line to 'False'
[0.873s] Level 5:colcon.colcon_core.verb:set package 'python_parameters' build argument 'ament_cmake_args' from command line to 'None'
[0.873s] Level 5:colcon.colcon_core.verb:set package 'python_parameters' build argument 'catkin_cmake_args' from command line to 'None'
[0.873s] Level 5:colcon.colcon_core.verb:set package 'python_parameters' build argument 'catkin_skip_building_tests' from command line to 'False'
[0.873s] DEBUG:colcon.colcon_core.verb:Building package 'python_parameters' with the following arguments: {'ament_cmake_args': None, 'build_base': '/home/ys/robot_ws/build/python_parameters', 'catkin_cmake_args': None, 'catkin_skip_building_tests': False, 'cmake_args': None, 'cmake_clean_cache': False, 'cmake_clean_first': False, 'cmake_force_configure': False, 'cmake_target': None, 'cmake_target_skip_unavailable': False, 'install_base': '/home/ys/robot_ws/install/python_parameters', 'merge_install': False, 'path': '/home/ys/robot_ws/src/python_parameters', 'symlink_install': True, 'test_result_base': None}
[0.873s] INFO:colcon.colcon_core.executor:Executing jobs using 'parallel' executor
[0.876s] DEBUG:colcon.colcon_parallel_executor.executor.parallel:run_until_complete
[0.876s] INFO:colcon.colcon_ros.task.ament_python.build:Building ROS package in '/home/ys/robot_ws/src/python_parameters' with build type 'ament_python'
[0.876s] Level 1:colcon.colcon_core.shell:create_environment_hook('python_parameters', 'ament_prefix_path')
[0.882s] INFO:colcon.colcon_core.plugin_system:Skipping extension 'colcon_core.shell.bat': Not used on non-Windows systems
[0.882s] INFO:colcon.colcon_core.shell:Creating environment hook '/home/ys/robot_ws/install/python_parameters/share/python_parameters/hook/ament_prefix_path.ps1'
[0.883s] INFO:colcon.colcon_core.shell:Creating environment descriptor '/home/ys/robot_ws/install/python_parameters/share/python_parameters/hook/ament_prefix_path.dsv'
[0.884s] INFO:colcon.colcon_core.shell:Creating environment hook '/home/ys/robot_ws/install/python_parameters/share/python_parameters/hook/ament_prefix_path.sh'
[0.885s] INFO:colcon.colcon_core.shell:Skip shell extension 'powershell' for command environment: Not usable outside of PowerShell
[0.885s] DEBUG:colcon.colcon_core.shell:Skip shell extension 'dsv' for command environment
[0.890s] DEBUG:colcon.colcon_core.shell:Ignoring prefix path '/opt/ros/foxy'
[1.275s] INFO:colcon.colcon_core.task.python.build:Building Python package in '/home/ys/robot_ws/src/python_parameters'
[1.276s] INFO:colcon.colcon_core.shell:Skip shell extension 'powershell' for command environment: Not usable outside of PowerShell
[1.276s] DEBUG:colcon.colcon_core.shell:Skip shell extension 'dsv' for command environment
[1.280s] DEBUG:colcon.colcon_core.shell:Ignoring prefix path '/opt/ros/foxy'
[1.288s] DEBUG:colcon.colcon_core.event_handler.log_command:Invoking command in '/home/ys/robot_ws/build/python_parameters': PYTHONPATH=/home/ys/robot_ws/install/python_parameters/lib/python3.8/site-packages:${PYTHONPATH} /usr/bin/python3 setup.py develop --prefix /home/ys/robot_ws/install/python_parameters --editable --build-directory /home/ys/robot_ws/build/python_parameters/build --no-deps install_data --install-dir /home/ys/robot_ws/install/python_parameters
[2.046s] Level 1:colcon.colcon_core.shell:create_environment_hook('python_parameters', 'pythonpath_develop')
[2.048s] INFO:colcon.colcon_core.shell:Creating environment hook '/home/ys/robot_ws/build/python_parameters/share/python_parameters/hook/pythonpath_develop.ps1'
[2.048s] DEBUG:colcon.colcon_core.event_handler.log_command:Invoked command in '/home/ys/robot_ws/build/python_parameters' returned '0': PYTHONPATH=/home/ys/robot_ws/install/python_parameters/lib/python3.8/site-packages:${PYTHONPATH} /usr/bin/python3 setup.py develop --prefix /home/ys/robot_ws/install/python_parameters --editable --build-directory /home/ys/robot_ws/build/python_parameters/build --no-deps install_data --install-dir /home/ys/robot_ws/install/python_parameters
[2.049s] INFO:colcon.colcon_core.shell:Creating environment descriptor '/home/ys/robot_ws/build/python_parameters/share/python_parameters/hook/pythonpath_develop.dsv'
[2.049s] INFO:colcon.colcon_core.shell:Creating environment hook '/home/ys/robot_ws/build/python_parameters/share/python_parameters/hook/pythonpath_develop.sh'
[2.054s] Level 1:colcon.colcon_core.environment:checking '/home/ys/robot_ws/install/python_parameters' for CMake module files
[2.055s] Level 1:colcon.colcon_core.environment:checking '/home/ys/robot_ws/install/python_parameters' for CMake config files
[2.056s] Level 1:colcon.colcon_core.environment:checking '/home/ys/robot_ws/install/python_parameters/lib'
[2.056s] Level 1:colcon.colcon_core.environment:checking '/home/ys/robot_ws/install/python_parameters/bin'
[2.056s] Level 1:colcon.colcon_core.environment:checking '/home/ys/robot_ws/install/python_parameters/lib/pkgconfig/python_parameters.pc'
[2.056s] Level 1:colcon.colcon_core.environment:checking '/home/ys/robot_ws/install/python_parameters/lib/python3.8/site-packages'
[2.056s] Level 1:colcon.colcon_core.shell:create_environment_hook('python_parameters', 'pythonpath')
[2.057s] INFO:colcon.colcon_core.shell:Creating environment hook '/home/ys/robot_ws/install/python_parameters/share/python_parameters/hook/pythonpath.ps1'
[2.057s] INFO:colcon.colcon_core.shell:Creating environment descriptor '/home/ys/robot_ws/install/python_parameters/share/python_parameters/hook/pythonpath.dsv'
[2.058s] INFO:colcon.colcon_core.shell:Creating environment hook '/home/ys/robot_ws/install/python_parameters/share/python_parameters/hook/pythonpath.sh'
[2.058s] Level 1:colcon.colcon_core.environment:create_environment_scripts_only(python_parameters)
[2.059s] INFO:colcon.colcon_core.shell:Creating package script '/home/ys/robot_ws/install/python_parameters/share/python_parameters/package.ps1'
[2.061s] INFO:colcon.colcon_core.shell:Creating package descriptor '/home/ys/robot_ws/install/python_parameters/share/python_parameters/package.dsv'
[2.061s] INFO:colcon.colcon_core.shell:Creating package script '/home/ys/robot_ws/install/python_parameters/share/python_parameters/package.sh'
[2.063s] INFO:colcon.colcon_core.shell:Creating package script '/home/ys/robot_ws/install/python_parameters/share/python_parameters/package.bash'
[2.064s] INFO:colcon.colcon_core.shell:Creating package script '/home/ys/robot_ws/install/python_parameters/share/python_parameters/package.zsh'
[2.065s] Level 1:colcon.colcon_core.environment:create_file_with_runtime_dependencies(/home/ys/robot_ws/install/python_parameters/share/colcon-core/packages/python_parameters)
[2.066s] DEBUG:colcon.colcon_parallel_executor.executor.parallel:closing loop
[2.066s] DEBUG:colcon.colcon_parallel_executor.executor.parallel:loop closed
[2.066s] DEBUG:colcon.colcon_parallel_executor.executor.parallel:run_until_complete finished with '0'
[2.066s] DEBUG:colcon.colcon_core.event_reactor:joining thread
[2.073s] INFO:colcon.colcon_core.plugin_system:Skipping extension 'colcon_notification.desktop_notification.terminal_notifier': Not used on non-Darwin systems
[2.073s] INFO:colcon.colcon_core.plugin_system:Skipping extension 'colcon_notification.desktop_notification.win32': Not used on non-Windows systems
[2.073s] INFO:colcon.colcon_notification.desktop_notification:Sending desktop notification using 'notify2'
[2.099s] DEBUG:colcon.colcon_core.event_reactor:joined thread
[2.100s] INFO:colcon.colcon_core.shell:Creating prefix script '/home/ys/robot_ws/install/local_setup.ps1'
[2.102s] INFO:colcon.colcon_core.shell:Creating prefix util module '/home/ys/robot_ws/install/_local_setup_util_ps1.py'
[2.108s] INFO:colcon.colcon_core.shell:Creating prefix chain script '/home/ys/robot_ws/install/setup.ps1'
[2.115s] INFO:colcon.colcon_core.shell:Creating prefix script '/home/ys/robot_ws/install/local_setup.sh'
[2.116s] INFO:colcon.colcon_core.shell:Creating prefix util module '/home/ys/robot_ws/install/_local_setup_util_sh.py'
[2.120s] INFO:colcon.colcon_core.shell:Creating prefix chain script '/home/ys/robot_ws/install/setup.sh'
[2.128s] INFO:colcon.colcon_core.shell:Creating prefix script '/home/ys/robot_ws/install/local_setup.bash'
[2.128s] INFO:colcon.colcon_core.shell:Creating prefix chain script '/home/ys/robot_ws/install/setup.bash'
[2.136s] INFO:colcon.colcon_core.shell:Creating prefix script '/home/ys/robot_ws/install/local_setup.zsh'
[2.136s] INFO:colcon.colcon_core.shell:Creating prefix chain script '/home/ys/robot_ws/install/setup.zsh'
