running develop
running egg_info
creating fibonacci_rclpy_action_pkg.egg-info
writing fibonacci_rclpy_action_pkg.egg-info/PKG-INFO
writing dependency_links to fibonacci_rclpy_action_pkg.egg-info/dependency_links.txt
writing entry points to fibonacci_rclpy_action_pkg.egg-info/entry_points.txt
writing requirements to fibonacci_rclpy_action_pkg.egg-info/requires.txt
writing top-level names to fibonacci_rclpy_action_pkg.egg-info/top_level.txt
writing manifest file 'fibonacci_rclpy_action_pkg.egg-info/SOURCES.txt'
reading manifest file 'fibonacci_rclpy_action_pkg.egg-info/SOURCES.txt'
writing manifest file 'fibonacci_rclpy_action_pkg.egg-info/SOURCES.txt'
running build_ext
Creating /home/ys/robot_ws/install/fibonacci_rclpy_action_pkg/lib/python3.8/site-packages/site.py
Creating /home/ys/robot_ws/install/fibonacci_rclpy_action_pkg/lib/python3.8/site-packages/fibonacci-rclpy-action-pkg.egg-link (link to .)
Installing fibonacci_action_client script to /home/ys/robot_ws/install/fibonacci_rclpy_action_pkg/lib/fibonacci_rclpy_action_pkg
Installing fibonacci_action_server script to /home/ys/robot_ws/install/fibonacci_rclpy_action_pkg/lib/fibonacci_rclpy_action_pkg

Installed /home/ys/robot_ws/build/fibonacci_rclpy_action_pkg
running install_data
creating /home/ys/robot_ws/install/fibonacci_rclpy_action_pkg/share/ament_index
creating /home/ys/robot_ws/install/fibonacci_rclpy_action_pkg/share/ament_index/resource_index
creating /home/ys/robot_ws/install/fibonacci_rclpy_action_pkg/share/ament_index/resource_index/packages
copying resource/fibonacci_rclpy_action_pkg -> /home/ys/robot_ws/install/fibonacci_rclpy_action_pkg/share/ament_index/resource_index/packages
copying package.xml -> /home/ys/robot_ws/install/fibonacci_rclpy_action_pkg/share/fibonacci_rclpy_action_pkg
