[0.063s] Invoking command in '/home/ys/robot_ws/build/final_project_interface': CMAKE_PREFIX_PATH=${CMAKE_PREFIX_PATH}:/home/ys/robot_ws/install/python_parameters:/home/ys/robot_ws/install/first_rclpy_pkg:/home/ys/robot_ws/install/fibonacci_rclpy_action_pkg:/home/ys/robot_ws/install/final_project:/opt/ros/foxy /usr/bin/cmake /home/ys/robot_ws/src/final_project_interface -DAMENT_CMAKE_SYMLINK_INSTALL=1 -DCMAKE_INSTALL_PREFIX=/home/ys/robot_ws/install/final_project_interface
[0.115s] -- Found ament_cmake: 0.9.9 (/opt/ros/foxy/share/ament_cmake/cmake)
[0.212s] -- Found PythonInterp: /usr/bin/python3 (found suitable version "3.8.10", minimum required is "3") 
[0.212s] -- Using PYTHON_EXECUTABLE: /usr/bin/python3
[0.666s] -- Override CMake install command with custom implementation using symlinks instead of copying resources
[0.685s] -- Found rosidl_default_generators: 1.0.1 (/opt/ros/foxy/share/rosidl_default_generators/cmake)
[0.695s] -- Using all available rosidl_typesupport_c: rosidl_typesupport_fastrtps_c;rosidl_typesupport_introspection_c
[0.705s] -- Found rosidl_adapter: 1.2.1 (/opt/ros/foxy/share/rosidl_adapter/cmake)
[0.946s] -- Using all available rosidl_typesupport_cpp: rosidl_typesupport_fastrtps_cpp;rosidl_typesupport_introspection_cpp
[1.044s] -- Found PythonInterp: /usr/bin/python3 (found version "3.8.10") 
[1.366s] CMake Error at /opt/ros/foxy/share/rosidl_adapter/cmake/rosidl_adapt_interfaces.cmake:60 (message):
[1.368s]   execute_process(/usr/bin/python3 -m rosidl_adapter --package-name
[1.368s]   final_project_interface --arguments-file
[1.368s]   /home/ys/robot_ws/build/final_project_interface/rosidl_adapter__arguments__final_project_interface.json
[1.369s]   --output-dir
[1.369s]   /home/ys/robot_ws/build/final_project_interface/rosidl_adapter/final_project_interface
[1.369s]   --output-file
[1.369s]   /home/ys/robot_ws/build/final_project_interface/rosidl_adapter/final_project_interface.idls)
[1.369s]   returned error code 1:
[1.369s] 
[1.369s]   Traceback (most recent call last):
[1.369s] 
[1.369s]     File "/usr/lib/python3.8/runpy.py", line 194, in _run_module_as_main
[1.369s]       return _run_code(code, main_globals, None,
[1.369s]     File "/usr/lib/python3.8/runpy.py", line 87, in _run_code
[1.370s]       exec(code, run_globals)
[1.370s]     File "/opt/ros/foxy/lib/python3.8/site-packages/rosidl_adapter/__main__.py", line 19, in <module>
[1.370s]       sys.exit(main())
[1.370s]     File "/opt/ros/foxy/lib/python3.8/site-packages/rosidl_adapter/main.py", line 53, in main
[1.370s]       abs_idl_file = convert_to_idl(
[1.370s]     File "/opt/ros/foxy/lib/python3.8/site-packages/rosidl_adapter/__init__.py", line 29, in convert_to_idl
[1.370s]       return convert_action_to_idl(
[1.370s]     File "/opt/ros/foxy/lib/python3.8/site-packages/rosidl_adapter/action/__init__.py", line 28, in convert_action_to_idl
[1.370s]       action = parse_action_string(package_name, input_file.stem, content)
[1.370s]     File "/opt/ros/foxy/lib/python3.8/site-packages/rosidl_adapter/parser.py", line 892, in parse_action_string
[1.370s]       goal_message = parse_message_string(
[1.371s]     File "/opt/ros/foxy/lib/python3.8/site-packages/rosidl_adapter/parser.py", line 540, in parse_message_string
[1.371s]       msg = MessageSpecification(pkg_name, msg_name, fields, constants)
[1.371s]     File "/opt/ros/foxy/lib/python3.8/site-packages/rosidl_adapter/parser.py", line 387, in __init__
[1.371s]       self.base_type = BaseType(
[1.381s]     File "/opt/ros/foxy/lib/python3.8/site-packages/rosidl_adapter/parser.py", line 204, in __init__
[1.381s]       raise InvalidResourceName(
[1.381s] 
[1.381s]   rosidl_adapter.parser.InvalidResourceName: 'controller_Goal' is an invalid
[1.382s]   message name.  It should have the pattern '^[A-Z][A-Za-z0-9]*$'
[1.382s] 
[1.382s] Call Stack (most recent call first):
[1.382s]   /opt/ros/foxy/share/rosidl_cmake/cmake/rosidl_generate_interfaces.cmake:130 (rosidl_adapt_interfaces)
[1.382s]   CMakeLists.txt:25 (rosidl_generate_interfaces)
[1.382s] 
[1.382s] 
[1.382s] -- Configuring incomplete, errors occurred!
[1.382s] See also "/home/ys/robot_ws/build/final_project_interface/CMakeFiles/CMakeOutput.log".
[1.398s] Invoked command in '/home/ys/robot_ws/build/final_project_interface' returned '1': CMAKE_PREFIX_PATH=${CMAKE_PREFIX_PATH}:/home/ys/robot_ws/install/python_parameters:/home/ys/robot_ws/install/first_rclpy_pkg:/home/ys/robot_ws/install/fibonacci_rclpy_action_pkg:/home/ys/robot_ws/install/final_project:/opt/ros/foxy /usr/bin/cmake /home/ys/robot_ws/src/final_project_interface -DAMENT_CMAKE_SYMLINK_INSTALL=1 -DCMAKE_INSTALL_PREFIX=/home/ys/robot_ws/install/final_project_interface
