[0.509s] DEBUG:colcon:Command line arguments: ['/usr/bin/colcon', 'build', '--symlink-install', '--packages-select', 'final_project_interface']
[0.509s] DEBUG:colcon:Parsed command line arguments: Namespace(ament_cmake_args=None, base_paths=['.'], build_base='build', catkin_cmake_args=None, catkin_skip_building_tests=False, cmake_args=None, cmake_clean_cache=False, cmake_clean_first=False, cmake_force_configure=False, cmake_target=None, cmake_target_skip_unavailable=False, continue_on_error=False, event_handlers=None, executor='parallel', ignore_user_meta=False, install_base='install', log_base=None, log_level=None, main=<bound method BuildVerb.main of <colcon_core.verb.build.BuildVerb object at 0x7f83a2fb4d60>>, merge_install=False, metas=['./colcon.meta'], mixin=None, mixin_files=None, mixin_verb=('build',), packages_above=None, packages_above_and_dependencies=None, packages_above_depth=None, packages_end=None, packages_ignore=None, packages_ignore_regex=None, packages_select=['final_project_interface'], packages_select_build_failed=False, packages_select_by_dep=None, packages_select_regex=None, packages_select_test_failures=False, packages_skip=None, packages_skip_build_finished=False, packages_skip_by_dep=None, packages_skip_regex=None, packages_skip_test_passed=False, packages_skip_up_to=None, packages_start=None, packages_up_to=None, packages_up_to_regex=None, parallel_workers=1, paths=None, symlink_install=True, test_result_base=None, verb_extension=<colcon_core.verb.build.BuildVerb object at 0x7f83a2fb4d60>, verb_name='build', verb_parser=<colcon_mixin.mixin.mixin_argument.MixinArgumentDecorator object at 0x7f83a305dca0>)
[0.526s] Level 1:colcon.colcon_core.package_discovery:discover_packages(colcon_meta) check parameters
[0.526s] Level 1:colcon.colcon_core.package_discovery:discover_packages(recursive) check parameters
[0.529s] Level 1:colcon.colcon_core.package_discovery:discover_packages(ignore) check parameters
[0.529s] Level 1:colcon.colcon_core.package_discovery:discover_packages(path) check parameters
[0.529s] Level 1:colcon.colcon_core.package_discovery:discover_packages(colcon_meta) discover
[0.529s] Level 1:colcon.colcon_core.package_discovery:discover_packages(recursive) discover
[0.529s] INFO:colcon.colcon_core.package_discovery:Crawling recursively for packages in '/home/ys/robot_ws'
[0.529s] Level 1:colcon.colcon_core.package_identification:_identify(.) by extensions ['ignore', 'ignore_ament_install']
[0.529s] Level 1:colcon.colcon_core.package_identification:_identify(.) by extension 'ignore'
[0.530s] Level 1:colcon.colcon_core.package_identification:_identify(.) by extension 'ignore_ament_install'
[0.530s] Level 1:colcon.colcon_core.package_identification:_identify(.) by extensions ['colcon_pkg']
[0.530s] Level 1:colcon.colcon_core.package_identification:_identify(.) by extension 'colcon_pkg'
[0.530s] Level 1:colcon.colcon_core.package_identification:_identify(.) by extensions ['colcon_meta']
[0.530s] Level 1:colcon.colcon_core.package_identification:_identify(.) by extension 'colcon_meta'
[0.530s] Level 1:colcon.colcon_core.package_identification:_identify(.) by extensions ['ros']
[0.530s] Level 1:colcon.colcon_core.package_identification:_identify(.) by extension 'ros'
[0.550s] Level 1:colcon.colcon_core.package_identification:_identify(.) by extensions ['cmake', 'python']
[0.550s] Level 1:colcon.colcon_core.package_identification:_identify(.) by extension 'cmake'
[0.551s] Level 1:colcon.colcon_core.package_identification:_identify(.) by extension 'python'
[0.551s] Level 1:colcon.colcon_core.package_identification:_identify(.) by extensions ['python_setup_py']
[0.551s] Level 1:colcon.colcon_core.package_identification:_identify(.) by extension 'python_setup_py'
[0.552s] Level 1:colcon.colcon_core.package_identification:_identify(build) by extensions ['ignore', 'ignore_ament_install']
[0.552s] Level 1:colcon.colcon_core.package_identification:_identify(build) by extension 'ignore'
[0.552s] Level 1:colcon.colcon_core.package_identification:_identify(build) ignored
[0.553s] Level 1:colcon.colcon_core.package_identification:_identify(install) by extensions ['ignore', 'ignore_ament_install']
[0.553s] Level 1:colcon.colcon_core.package_identification:_identify(install) by extension 'ignore'
[0.553s] Level 1:colcon.colcon_core.package_identification:_identify(install) ignored
[0.554s] Level 1:colcon.colcon_core.package_identification:_identify(launch) by extensions ['ignore', 'ignore_ament_install']
[0.554s] Level 1:colcon.colcon_core.package_identification:_identify(launch) by extension 'ignore'
[0.554s] Level 1:colcon.colcon_core.package_identification:_identify(launch) by extension 'ignore_ament_install'
[0.555s] Level 1:colcon.colcon_core.package_identification:_identify(launch) by extensions ['colcon_pkg']
[0.555s] Level 1:colcon.colcon_core.package_identification:_identify(launch) by extension 'colcon_pkg'
[0.555s] Level 1:colcon.colcon_core.package_identification:_identify(launch) by extensions ['colcon_meta']
[0.556s] Level 1:colcon.colcon_core.package_identification:_identify(launch) by extension 'colcon_meta'
[0.556s] Level 1:colcon.colcon_core.package_identification:_identify(launch) by extensions ['ros']
[0.556s] Level 1:colcon.colcon_core.package_identification:_identify(launch) by extension 'ros'
[0.557s] Level 1:colcon.colcon_core.package_identification:_identify(launch) by extensions ['cmake', 'python']
[0.557s] Level 1:colcon.colcon_core.package_identification:_identify(launch) by extension 'cmake'
[0.557s] Level 1:colcon.colcon_core.package_identification:_identify(launch) by extension 'python'
[0.557s] Level 1:colcon.colcon_core.package_identification:_identify(launch) by extensions ['python_setup_py']
[0.558s] Level 1:colcon.colcon_core.package_identification:_identify(launch) by extension 'python_setup_py'
[0.558s] Level 1:colcon.colcon_core.package_identification:_identify(launch/__pycache__) by extensions ['ignore', 'ignore_ament_install']
[0.558s] Level 1:colcon.colcon_core.package_identification:_identify(launch/__pycache__) by extension 'ignore'
[0.558s] Level 1:colcon.colcon_core.package_identification:_identify(launch/__pycache__) by extension 'ignore_ament_install'
[0.558s] Level 1:colcon.colcon_core.package_identification:_identify(launch/__pycache__) by extensions ['colcon_pkg']
[0.558s] Level 1:colcon.colcon_core.package_identification:_identify(launch/__pycache__) by extension 'colcon_pkg'
[0.558s] Level 1:colcon.colcon_core.package_identification:_identify(launch/__pycache__) by extensions ['colcon_meta']
[0.558s] Level 1:colcon.colcon_core.package_identification:_identify(launch/__pycache__) by extension 'colcon_meta'
[0.558s] Level 1:colcon.colcon_core.package_identification:_identify(launch/__pycache__) by extensions ['ros']
[0.558s] Level 1:colcon.colcon_core.package_identification:_identify(launch/__pycache__) by extension 'ros'
[0.559s] Level 1:colcon.colcon_core.package_identification:_identify(launch/__pycache__) by extensions ['cmake', 'python']
[0.559s] Level 1:colcon.colcon_core.package_identification:_identify(launch/__pycache__) by extension 'cmake'
[0.559s] Level 1:colcon.colcon_core.package_identification:_identify(launch/__pycache__) by extension 'python'
[0.559s] Level 1:colcon.colcon_core.package_identification:_identify(launch/__pycache__) by extensions ['python_setup_py']
[0.559s] Level 1:colcon.colcon_core.package_identification:_identify(launch/__pycache__) by extension 'python_setup_py'
[0.559s] Level 1:colcon.colcon_core.package_identification:_identify(log) by extensions ['ignore', 'ignore_ament_install']
[0.559s] Level 1:colcon.colcon_core.package_identification:_identify(log) by extension 'ignore'
[0.559s] Level 1:colcon.colcon_core.package_identification:_identify(log) ignored
[0.559s] Level 1:colcon.colcon_core.package_identification:_identify(src) by extensions ['ignore', 'ignore_ament_install']
[0.559s] Level 1:colcon.colcon_core.package_identification:_identify(src) by extension 'ignore'
[0.559s] Level 1:colcon.colcon_core.package_identification:_identify(src) by extension 'ignore_ament_install'
[0.559s] Level 1:colcon.colcon_core.package_identification:_identify(src) by extensions ['colcon_pkg']
[0.561s] Level 1:colcon.colcon_core.package_identification:_identify(src) by extension 'colcon_pkg'
[0.561s] Level 1:colcon.colcon_core.package_identification:_identify(src) by extensions ['colcon_meta']
[0.561s] Level 1:colcon.colcon_core.package_identification:_identify(src) by extension 'colcon_meta'
[0.562s] Level 1:colcon.colcon_core.package_identification:_identify(src) by extensions ['ros']
[0.562s] Level 1:colcon.colcon_core.package_identification:_identify(src) by extension 'ros'
[0.562s] Level 1:colcon.colcon_core.package_identification:_identify(src) by extensions ['cmake', 'python']
[0.562s] Level 1:colcon.colcon_core.package_identification:_identify(src) by extension 'cmake'
[0.562s] Level 1:colcon.colcon_core.package_identification:_identify(src) by extension 'python'
[0.562s] Level 1:colcon.colcon_core.package_identification:_identify(src) by extensions ['python_setup_py']
[0.562s] Level 1:colcon.colcon_core.package_identification:_identify(src) by extension 'python_setup_py'
[0.562s] Level 1:colcon.colcon_core.package_identification:_identify(src/build) by extensions ['ignore', 'ignore_ament_install']
[0.563s] Level 1:colcon.colcon_core.package_identification:_identify(src/build) by extension 'ignore'
[0.563s] Level 1:colcon.colcon_core.package_identification:_identify(src/build) ignored
[0.563s] Level 1:colcon.colcon_core.package_identification:_identify(src/fibonacci_rclpy_action_pkg) by extensions ['ignore', 'ignore_ament_install']
[0.563s] Level 1:colcon.colcon_core.package_identification:_identify(src/fibonacci_rclpy_action_pkg) by extension 'ignore'
[0.563s] Level 1:colcon.colcon_core.package_identification:_identify(src/fibonacci_rclpy_action_pkg) by extension 'ignore_ament_install'
[0.563s] Level 1:colcon.colcon_core.package_identification:_identify(src/fibonacci_rclpy_action_pkg) by extensions ['colcon_pkg']
[0.563s] Level 1:colcon.colcon_core.package_identification:_identify(src/fibonacci_rclpy_action_pkg) by extension 'colcon_pkg'
[0.563s] Level 1:colcon.colcon_core.package_identification:_identify(src/fibonacci_rclpy_action_pkg) by extensions ['colcon_meta']
[0.563s] Level 1:colcon.colcon_core.package_identification:_identify(src/fibonacci_rclpy_action_pkg) by extension 'colcon_meta'
[0.563s] Level 1:colcon.colcon_core.package_identification:_identify(src/fibonacci_rclpy_action_pkg) by extensions ['ros']
[0.563s] Level 1:colcon.colcon_core.package_identification:_identify(src/fibonacci_rclpy_action_pkg) by extension 'ros'
[0.568s] DEBUG:colcon.colcon_core.package_identification:Package 'src/fibonacci_rclpy_action_pkg' with type 'ros.ament_python' and name 'fibonacci_rclpy_action_pkg'
[0.568s] Level 1:colcon.colcon_core.package_identification:_identify(src/final_project) by extensions ['ignore', 'ignore_ament_install']
[0.569s] Level 1:colcon.colcon_core.package_identification:_identify(src/final_project) by extension 'ignore'
[0.569s] Level 1:colcon.colcon_core.package_identification:_identify(src/final_project) by extension 'ignore_ament_install'
[0.569s] Level 1:colcon.colcon_core.package_identification:_identify(src/final_project) by extensions ['colcon_pkg']
[0.569s] Level 1:colcon.colcon_core.package_identification:_identify(src/final_project) by extension 'colcon_pkg'
[0.570s] Level 1:colcon.colcon_core.package_identification:_identify(src/final_project) by extensions ['colcon_meta']
[0.570s] Level 1:colcon.colcon_core.package_identification:_identify(src/final_project) by extension 'colcon_meta'
[0.570s] Level 1:colcon.colcon_core.package_identification:_identify(src/final_project) by extensions ['ros']
[0.570s] Level 1:colcon.colcon_core.package_identification:_identify(src/final_project) by extension 'ros'
[0.572s] DEBUG:colcon.colcon_core.package_identification:Package 'src/final_project' with type 'ros.ament_python' and name 'final_project'
[0.572s] Level 1:colcon.colcon_core.package_identification:_identify(src/final_project_interface) by extensions ['ignore', 'ignore_ament_install']
[0.572s] Level 1:colcon.colcon_core.package_identification:_identify(src/final_project_interface) by extension 'ignore'
[0.573s] Level 1:colcon.colcon_core.package_identification:_identify(src/final_project_interface) by extension 'ignore_ament_install'
[0.573s] Level 1:colcon.colcon_core.package_identification:_identify(src/final_project_interface) by extensions ['colcon_pkg']
[0.573s] Level 1:colcon.colcon_core.package_identification:_identify(src/final_project_interface) by extension 'colcon_pkg'
[0.574s] Level 1:colcon.colcon_core.package_identification:_identify(src/final_project_interface) by extensions ['colcon_meta']
[0.574s] Level 1:colcon.colcon_core.package_identification:_identify(src/final_project_interface) by extension 'colcon_meta'
[0.574s] Level 1:colcon.colcon_core.package_identification:_identify(src/final_project_interface) by extensions ['ros']
[0.575s] Level 1:colcon.colcon_core.package_identification:_identify(src/final_project_interface) by extension 'ros'
[0.575s] DEBUG:colcon.colcon_core.package_identification:Package 'src/final_project_interface' with type 'ros.ament_cmake' and name 'fianl_project_interface'
[0.581s] Level 1:colcon.colcon_core.package_identification:_identify(src/first_rclpy_pkg) by extensions ['ignore', 'ignore_ament_install']
[0.581s] Level 1:colcon.colcon_core.package_identification:_identify(src/first_rclpy_pkg) by extension 'ignore'
[0.581s] Level 1:colcon.colcon_core.package_identification:_identify(src/first_rclpy_pkg) by extension 'ignore_ament_install'
[0.581s] Level 1:colcon.colcon_core.package_identification:_identify(src/first_rclpy_pkg) by extensions ['colcon_pkg']
[0.581s] Level 1:colcon.colcon_core.package_identification:_identify(src/first_rclpy_pkg) by extension 'colcon_pkg'
[0.581s] Level 1:colcon.colcon_core.package_identification:_identify(src/first_rclpy_pkg) by extensions ['colcon_meta']
[0.581s] Level 1:colcon.colcon_core.package_identification:_identify(src/first_rclpy_pkg) by extension 'colcon_meta'
[0.581s] Level 1:colcon.colcon_core.package_identification:_identify(src/first_rclpy_pkg) by extensions ['ros']
[0.581s] Level 1:colcon.colcon_core.package_identification:_identify(src/first_rclpy_pkg) by extension 'ros'
[0.583s] DEBUG:colcon.colcon_core.package_identification:Package 'src/first_rclpy_pkg' with type 'ros.ament_python' and name 'first_rclpy_pkg'
[0.583s] Level 1:colcon.colcon_core.package_identification:_identify(src/install) by extensions ['ignore', 'ignore_ament_install']
[0.583s] Level 1:colcon.colcon_core.package_identification:_identify(src/install) by extension 'ignore'
[0.583s] Level 1:colcon.colcon_core.package_identification:_identify(src/install) ignored
[0.583s] Level 1:colcon.colcon_core.package_identification:_identify(src/log) by extensions ['ignore', 'ignore_ament_install']
[0.585s] Level 1:colcon.colcon_core.package_identification:_identify(src/log) by extension 'ignore'
[0.585s] Level 1:colcon.colcon_core.package_identification:_identify(src/log) ignored
[0.585s] Level 1:colcon.colcon_core.package_identification:_identify(src/my_action_interface) by extensions ['ignore', 'ignore_ament_install']
[0.585s] Level 1:colcon.colcon_core.package_identification:_identify(src/my_action_interface) by extension 'ignore'
[0.585s] Level 1:colcon.colcon_core.package_identification:_identify(src/my_action_interface) by extension 'ignore_ament_install'
[0.585s] Level 1:colcon.colcon_core.package_identification:_identify(src/my_action_interface) by extensions ['colcon_pkg']
[0.585s] Level 1:colcon.colcon_core.package_identification:_identify(src/my_action_interface) by extension 'colcon_pkg'
[0.586s] Level 1:colcon.colcon_core.package_identification:_identify(src/my_action_interface) by extensions ['colcon_meta']
[0.586s] Level 1:colcon.colcon_core.package_identification:_identify(src/my_action_interface) by extension 'colcon_meta'
[0.586s] Level 1:colcon.colcon_core.package_identification:_identify(src/my_action_interface) by extensions ['ros']
[0.586s] Level 1:colcon.colcon_core.package_identification:_identify(src/my_action_interface) by extension 'ros'
[0.586s] DEBUG:colcon.colcon_core.package_identification:Package 'src/my_action_interface' with type 'ros.ament_cmake' and name 'my_action_interface'
[0.586s] Level 1:colcon.colcon_core.package_identification:_identify(src/my_interface_example) by extensions ['ignore', 'ignore_ament_install']
[0.587s] Level 1:colcon.colcon_core.package_identification:_identify(src/my_interface_example) by extension 'ignore'
[0.587s] Level 1:colcon.colcon_core.package_identification:_identify(src/my_interface_example) by extension 'ignore_ament_install'
[0.587s] Level 1:colcon.colcon_core.package_identification:_identify(src/my_interface_example) by extensions ['colcon_pkg']
[0.587s] Level 1:colcon.colcon_core.package_identification:_identify(src/my_interface_example) by extension 'colcon_pkg'
[0.587s] Level 1:colcon.colcon_core.package_identification:_identify(src/my_interface_example) by extensions ['colcon_meta']
[0.587s] Level 1:colcon.colcon_core.package_identification:_identify(src/my_interface_example) by extension 'colcon_meta'
[0.587s] Level 1:colcon.colcon_core.package_identification:_identify(src/my_interface_example) by extensions ['ros']
[0.587s] Level 1:colcon.colcon_core.package_identification:_identify(src/my_interface_example) by extension 'ros'
[0.590s] DEBUG:colcon.colcon_core.package_identification:Package 'src/my_interface_example' with type 'ros.ament_cmake' and name 'my_interface_example'
[0.590s] Level 1:colcon.colcon_core.package_identification:_identify(src/python_parameters) by extensions ['ignore', 'ignore_ament_install']
[0.590s] Level 1:colcon.colcon_core.package_identification:_identify(src/python_parameters) by extension 'ignore'
[0.591s] Level 1:colcon.colcon_core.package_identification:_identify(src/python_parameters) by extension 'ignore_ament_install'
[0.591s] Level 1:colcon.colcon_core.package_identification:_identify(src/python_parameters) by extensions ['colcon_pkg']
[0.591s] Level 1:colcon.colcon_core.package_identification:_identify(src/python_parameters) by extension 'colcon_pkg'
[0.591s] Level 1:colcon.colcon_core.package_identification:_identify(src/python_parameters) by extensions ['colcon_meta']
[0.591s] Level 1:colcon.colcon_core.package_identification:_identify(src/python_parameters) by extension 'colcon_meta'
[0.591s] Level 1:colcon.colcon_core.package_identification:_identify(src/python_parameters) by extensions ['ros']
[0.591s] Level 1:colcon.colcon_core.package_identification:_identify(src/python_parameters) by extension 'ros'
[0.594s] DEBUG:colcon.colcon_core.package_identification:Package 'src/python_parameters' with type 'ros.ament_python' and name 'python_parameters'
[0.594s] Level 1:colcon.colcon_core.package_identification:_identify(src/sum_rclpy_srvcli_pkg) by extensions ['ignore', 'ignore_ament_install']
[0.594s] Level 1:colcon.colcon_core.package_identification:_identify(src/sum_rclpy_srvcli_pkg) by extension 'ignore'
[0.594s] Level 1:colcon.colcon_core.package_identification:_identify(src/sum_rclpy_srvcli_pkg) by extension 'ignore_ament_install'
[0.594s] Level 1:colcon.colcon_core.package_identification:_identify(src/sum_rclpy_srvcli_pkg) by extensions ['colcon_pkg']
[0.594s] Level 1:colcon.colcon_core.package_identification:_identify(src/sum_rclpy_srvcli_pkg) by extension 'colcon_pkg'
[0.594s] Level 1:colcon.colcon_core.package_identification:_identify(src/sum_rclpy_srvcli_pkg) by extensions ['colcon_meta']
[0.594s] Level 1:colcon.colcon_core.package_identification:_identify(src/sum_rclpy_srvcli_pkg) by extension 'colcon_meta'
[0.594s] Level 1:colcon.colcon_core.package_identification:_identify(src/sum_rclpy_srvcli_pkg) by extensions ['ros']
[0.594s] Level 1:colcon.colcon_core.package_identification:_identify(src/sum_rclpy_srvcli_pkg) by extension 'ros'
[0.595s] DEBUG:colcon.colcon_core.package_identification:Failed to parse potential ROS package manifest in'src/sum_rclpy_srvcli_pkg': Error(s) in package 'src/sum_rclpy_srvcli_pkg/package.xml':
The manifest contains invalid XML:
mismatched tag: line 12, column 32
[0.595s] Level 1:colcon.colcon_core.package_identification:_identify(src/sum_rclpy_srvcli_pkg) by extensions ['cmake', 'python']
[0.595s] Level 1:colcon.colcon_core.package_identification:_identify(src/sum_rclpy_srvcli_pkg) by extension 'cmake'
[0.595s] Level 1:colcon.colcon_core.package_identification:_identify(src/sum_rclpy_srvcli_pkg) by extension 'python'
[0.595s] DEBUG:colcon.colcon_core.package_identification:Python package in 'src/sum_rclpy_srvcli_pkg' passes arguments to the setup() function which requires a different identification extension than 'python'
[0.595s] Level 1:colcon.colcon_core.package_identification:_identify(src/sum_rclpy_srvcli_pkg) by extensions ['python_setup_py']
[0.595s] Level 1:colcon.colcon_core.package_identification:_identify(src/sum_rclpy_srvcli_pkg) by extension 'python_setup_py'
[1.037s] DEBUG:colcon.colcon_core.package_identification:Package 'src/sum_rclpy_srvcli_pkg' with type 'python' and name 'sum_rclpy_srvcli_pkg'
[1.037s] Level 1:colcon.colcon_core.package_identification:_identify(src/teleop_twist_joy) by extensions ['ignore', 'ignore_ament_install']
[1.038s] Level 1:colcon.colcon_core.package_identification:_identify(src/teleop_twist_joy) by extension 'ignore'
[1.038s] Level 1:colcon.colcon_core.package_identification:_identify(src/teleop_twist_joy) by extension 'ignore_ament_install'
[1.038s] Level 1:colcon.colcon_core.package_identification:_identify(src/teleop_twist_joy) by extensions ['colcon_pkg']
[1.038s] Level 1:colcon.colcon_core.package_identification:_identify(src/teleop_twist_joy) by extension 'colcon_pkg'
[1.038s] Level 1:colcon.colcon_core.package_identification:_identify(src/teleop_twist_joy) by extensions ['colcon_meta']
[1.038s] Level 1:colcon.colcon_core.package_identification:_identify(src/teleop_twist_joy) by extension 'colcon_meta'
[1.038s] Level 1:colcon.colcon_core.package_identification:_identify(src/teleop_twist_joy) by extensions ['ros']
[1.038s] Level 1:colcon.colcon_core.package_identification:_identify(src/teleop_twist_joy) by extension 'ros'
[1.044s] DEBUG:colcon.colcon_core.package_identification:Package 'src/teleop_twist_joy' with type 'ros.ament_cmake' and name 'teleop_twist_joy'
[1.045s] Level 1:colcon.colcon_core.package_identification:_identify(src/test_ros_rclcpp_pkg) by extensions ['ignore', 'ignore_ament_install']
[1.045s] Level 1:colcon.colcon_core.package_identification:_identify(src/test_ros_rclcpp_pkg) by extension 'ignore'
[1.045s] Level 1:colcon.colcon_core.package_identification:_identify(src/test_ros_rclcpp_pkg) by extension 'ignore_ament_install'
[1.045s] Level 1:colcon.colcon_core.package_identification:_identify(src/test_ros_rclcpp_pkg) by extensions ['colcon_pkg']
[1.045s] Level 1:colcon.colcon_core.package_identification:_identify(src/test_ros_rclcpp_pkg) by extension 'colcon_pkg'
[1.045s] Level 1:colcon.colcon_core.package_identification:_identify(src/test_ros_rclcpp_pkg) by extensions ['colcon_meta']
[1.045s] Level 1:colcon.colcon_core.package_identification:_identify(src/test_ros_rclcpp_pkg) by extension 'colcon_meta'
[1.045s] Level 1:colcon.colcon_core.package_identification:_identify(src/test_ros_rclcpp_pkg) by extensions ['ros']
[1.045s] Level 1:colcon.colcon_core.package_identification:_identify(src/test_ros_rclcpp_pkg) by extension 'ros'
[1.046s] DEBUG:colcon.colcon_core.package_identification:Package 'src/test_ros_rclcpp_pkg' with type 'ros.ament_cmake' and name 'test_ros_rclcpp_pkg'
[1.046s] Level 1:colcon.colcon_core.package_identification:_identify(src/test_ros_rclpy_pkg) by extensions ['ignore', 'ignore_ament_install']
[1.046s] Level 1:colcon.colcon_core.package_identification:_identify(src/test_ros_rclpy_pkg) by extension 'ignore'
[1.046s] Level 1:colcon.colcon_core.package_identification:_identify(src/test_ros_rclpy_pkg) by extension 'ignore_ament_install'
[1.047s] Level 1:colcon.colcon_core.package_identification:_identify(src/test_ros_rclpy_pkg) by extensions ['colcon_pkg']
[1.047s] Level 1:colcon.colcon_core.package_identification:_identify(src/test_ros_rclpy_pkg) by extension 'colcon_pkg'
[1.047s] Level 1:colcon.colcon_core.package_identification:_identify(src/test_ros_rclpy_pkg) by extensions ['colcon_meta']
[1.047s] Level 1:colcon.colcon_core.package_identification:_identify(src/test_ros_rclpy_pkg) by extension 'colcon_meta'
[1.047s] Level 1:colcon.colcon_core.package_identification:_identify(src/test_ros_rclpy_pkg) by extensions ['ros']
[1.047s] Level 1:colcon.colcon_core.package_identification:_identify(src/test_ros_rclpy_pkg) by extension 'ros'
[1.051s] DEBUG:colcon.colcon_core.package_identification:Package 'src/test_ros_rclpy_pkg' with type 'ros.ament_python' and name 'test_ros_rclpy_pkg'
[1.051s] Level 1:colcon.colcon_core.package_discovery:discover_packages(recursive) using defaults
[1.052s] Level 1:colcon.colcon_core.package_discovery:discover_packages(ignore) discover
[1.052s] Level 1:colcon.colcon_core.package_discovery:discover_packages(ignore) using defaults
[1.052s] Level 1:colcon.colcon_core.package_discovery:discover_packages(path) discover
[1.052s] Level 1:colcon.colcon_core.package_discovery:discover_packages(path) using defaults
[1.053s] WARNING:colcon.colcon_core.package_selection:ignoring unknown package 'final_project_interface' in --packages-select
[1.113s] INFO:colcon.colcon_core.package_selection:Skipping not selected package 'fianl_project_interface' in 'src/final_project_interface'
[1.116s] INFO:colcon.colcon_core.package_selection:Skipping not selected package 'final_project' in 'src/final_project'
[1.116s] INFO:colcon.colcon_core.package_selection:Skipping not selected package 'my_action_interface' in 'src/my_action_interface'
[1.116s] INFO:colcon.colcon_core.package_selection:Skipping not selected package 'my_interface_example' in 'src/my_interface_example'
[1.116s] INFO:colcon.colcon_core.package_selection:Skipping not selected package 'python_parameters' in 'src/python_parameters'
[1.116s] INFO:colcon.colcon_core.package_selection:Skipping not selected package 'sum_rclpy_srvcli_pkg' in 'src/sum_rclpy_srvcli_pkg'
[1.116s] INFO:colcon.colcon_core.package_selection:Skipping not selected package 'teleop_twist_joy' in 'src/teleop_twist_joy'
[1.116s] INFO:colcon.colcon_core.package_selection:Skipping not selected package 'test_ros_rclcpp_pkg' in 'src/test_ros_rclcpp_pkg'
[1.116s] INFO:colcon.colcon_core.package_selection:Skipping not selected package 'test_ros_rclpy_pkg' in 'src/test_ros_rclpy_pkg'
[1.116s] INFO:colcon.colcon_core.package_selection:Skipping not selected package 'fibonacci_rclpy_action_pkg' in 'src/fibonacci_rclpy_action_pkg'
[1.116s] INFO:colcon.colcon_core.package_selection:Skipping not selected package 'first_rclpy_pkg' in 'src/first_rclpy_pkg'
[1.117s] INFO:colcon.colcon_core.executor:Executing jobs using 'parallel' executor
[1.123s] DEBUG:colcon.colcon_parallel_executor.executor.parallel:run_until_complete
[1.125s] DEBUG:colcon.colcon_parallel_executor.executor.parallel:closing loop
[1.125s] DEBUG:colcon.colcon_parallel_executor.executor.parallel:loop closed
[1.125s] DEBUG:colcon.colcon_parallel_executor.executor.parallel:run_until_complete finished with '0'
[1.125s] DEBUG:colcon.colcon_core.event_reactor:joining thread
[1.140s] INFO:colcon.colcon_core.plugin_system:Skipping extension 'colcon_notification.desktop_notification.terminal_notifier': Not used on non-Darwin systems
[1.144s] INFO:colcon.colcon_core.plugin_system:Skipping extension 'colcon_notification.desktop_notification.win32': Not used on non-Windows systems
[1.144s] INFO:colcon.colcon_notification.desktop_notification:Sending desktop notification using 'notify2'
[1.185s] DEBUG:colcon.colcon_core.event_reactor:joined thread
[1.193s] INFO:colcon.colcon_core.plugin_system:Skipping extension 'colcon_core.shell.bat': Not used on non-Windows systems
[1.193s] INFO:colcon.colcon_core.shell:Creating prefix script '/home/ys/robot_ws/install/local_setup.ps1'
[1.195s] INFO:colcon.colcon_core.shell:Creating prefix util module '/home/ys/robot_ws/install/_local_setup_util_ps1.py'
[1.202s] INFO:colcon.colcon_core.shell:Creating prefix chain script '/home/ys/robot_ws/install/setup.ps1'
[1.211s] INFO:colcon.colcon_core.shell:Creating prefix script '/home/ys/robot_ws/install/local_setup.sh'
[1.216s] INFO:colcon.colcon_core.shell:Creating prefix util module '/home/ys/robot_ws/install/_local_setup_util_sh.py'
[1.217s] INFO:colcon.colcon_core.shell:Creating prefix chain script '/home/ys/robot_ws/install/setup.sh'
[1.227s] INFO:colcon.colcon_core.shell:Creating prefix script '/home/ys/robot_ws/install/local_setup.bash'
[1.228s] INFO:colcon.colcon_core.shell:Creating prefix chain script '/home/ys/robot_ws/install/setup.bash'
[1.236s] INFO:colcon.colcon_core.shell:Creating prefix script '/home/ys/robot_ws/install/local_setup.zsh'
[1.237s] INFO:colcon.colcon_core.shell:Creating prefix chain script '/home/ys/robot_ws/install/setup.zsh'
