[0.018s] Invoking command in '/home/ys/robot_ws/src/build/teleop_twist_joy': CMAKE_PREFIX_PATH=/opt/ros/foxy /usr/bin/cmake --build /home/ys/robot_ws/src/build/teleop_twist_joy -- -j1 -l1
[0.149s] [ 50%] Built target teleop_twist_joy
[0.192s] [100%] Built target teleop_twist_joy_node
[0.221s] Invoked command in '/home/ys/robot_ws/src/build/teleop_twist_joy' returned '0': CMAKE_PREFIX_PATH=/opt/ros/foxy /usr/bin/cmake --build /home/ys/robot_ws/src/build/teleop_twist_joy -- -j1 -l1
[0.286s] Invoking command in '/home/ys/robot_ws/src/build/teleop_twist_joy': CMAKE_PREFIX_PATH=/opt/ros/foxy /usr/bin/cmake --install /home/ys/robot_ws/src/build/teleop_twist_joy
[0.302s] -- Install configuration: ""
[0.303s] -- Up-to-date: /home/ys/robot_ws/src/install/teleop_twist_joy/lib/libteleop_twist_joy.so
[0.304s] -- Up-to-date: /home/ys/robot_ws/src/install/teleop_twist_joy/lib/teleop_twist_joy/teleop_node
[0.304s] -- Up-to-date: /home/ys/robot_ws/src/install/teleop_twist_joy/include
[0.304s] -- Up-to-date: /home/ys/robot_ws/src/install/teleop_twist_joy/include/teleop_twist_joy
[0.305s] -- Up-to-date: /home/ys/robot_ws/src/install/teleop_twist_joy/include/teleop_twist_joy/teleop_twist_joy.hpp
[0.305s] -- Up-to-date: /home/ys/robot_ws/src/install/teleop_twist_joy/include/teleop_twist_joy/teleop_twist_joy_export.h
[0.305s] -- Up-to-date: /home/ys/robot_ws/src/install/teleop_twist_joy/share/teleop_twist_joy/launch
[0.305s] -- Up-to-date: /home/ys/robot_ws/src/install/teleop_twist_joy/share/teleop_twist_joy/launch/teleop-launch.py
[0.305s] -- Up-to-date: /home/ys/robot_ws/src/install/teleop_twist_joy/share/teleop_twist_joy/config
[0.305s] -- Up-to-date: /home/ys/robot_ws/src/install/teleop_twist_joy/share/teleop_twist_joy/config/atk3.config.yaml
[0.306s] -- Up-to-date: /home/ys/robot_ws/src/install/teleop_twist_joy/share/teleop_twist_joy/config/xbox.config.yaml
[0.306s] -- Up-to-date: /home/ys/robot_ws/src/install/teleop_twist_joy/share/teleop_twist_joy/config/ps3-holonomic.config.yaml
[0.306s] -- Up-to-date: /home/ys/robot_ws/src/install/teleop_twist_joy/share/teleop_twist_joy/config/ps3.config.yaml
[0.306s] -- Up-to-date: /home/ys/robot_ws/src/install/teleop_twist_joy/share/teleop_twist_joy/config/xd3.config.yaml
[0.306s] -- Up-to-date: /home/ys/robot_ws/src/install/teleop_twist_joy/share/teleop_twist_joy/environment/library_path.sh
[0.307s] -- Up-to-date: /home/ys/robot_ws/src/install/teleop_twist_joy/share/teleop_twist_joy/environment/library_path.dsv
[0.307s] -- Up-to-date: /home/ys/robot_ws/src/install/teleop_twist_joy/share/ament_index/resource_index/package_run_dependencies/teleop_twist_joy
[0.307s] -- Up-to-date: /home/ys/robot_ws/src/install/teleop_twist_joy/share/ament_index/resource_index/parent_prefix_path/teleop_twist_joy
[0.307s] -- Up-to-date: /home/ys/robot_ws/src/install/teleop_twist_joy/share/teleop_twist_joy/environment/ament_prefix_path.sh
[0.308s] -- Up-to-date: /home/ys/robot_ws/src/install/teleop_twist_joy/share/teleop_twist_joy/environment/ament_prefix_path.dsv
[0.308s] -- Up-to-date: /home/ys/robot_ws/src/install/teleop_twist_joy/share/teleop_twist_joy/environment/path.sh
[0.308s] -- Up-to-date: /home/ys/robot_ws/src/install/teleop_twist_joy/share/teleop_twist_joy/environment/path.dsv
[0.308s] -- Up-to-date: /home/ys/robot_ws/src/install/teleop_twist_joy/share/teleop_twist_joy/local_setup.bash
[0.308s] -- Up-to-date: /home/ys/robot_ws/src/install/teleop_twist_joy/share/teleop_twist_joy/local_setup.sh
[0.309s] -- Up-to-date: /home/ys/robot_ws/src/install/teleop_twist_joy/share/teleop_twist_joy/local_setup.zsh
[0.309s] -- Up-to-date: /home/ys/robot_ws/src/install/teleop_twist_joy/share/teleop_twist_joy/local_setup.dsv
[0.309s] -- Installing: /home/ys/robot_ws/src/install/teleop_twist_joy/share/teleop_twist_joy/package.dsv
[0.309s] -- Up-to-date: /home/ys/robot_ws/src/install/teleop_twist_joy/share/ament_index/resource_index/packages/teleop_twist_joy
[0.310s] -- Up-to-date: /home/ys/robot_ws/src/install/teleop_twist_joy/share/ament_index/resource_index/rclcpp_components/teleop_twist_joy
[0.310s] -- Up-to-date: /home/ys/robot_ws/src/install/teleop_twist_joy/share/teleop_twist_joy/cmake/ament_cmake_export_include_directories-extras.cmake
[0.310s] -- Up-to-date: /home/ys/robot_ws/src/install/teleop_twist_joy/share/teleop_twist_joy/cmake/ament_cmake_export_libraries-extras.cmake
[0.310s] -- Up-to-date: /home/ys/robot_ws/src/install/teleop_twist_joy/share/teleop_twist_joy/cmake/teleop_twist_joyConfig.cmake
[0.311s] -- Up-to-date: /home/ys/robot_ws/src/install/teleop_twist_joy/share/teleop_twist_joy/cmake/teleop_twist_joyConfig-version.cmake
[0.311s] -- Up-to-date: /home/ys/robot_ws/src/install/teleop_twist_joy/share/teleop_twist_joy/package.xml
[0.315s] Invoked command in '/home/ys/robot_ws/src/build/teleop_twist_joy' returned '0': CMAKE_PREFIX_PATH=/opt/ros/foxy /usr/bin/cmake --install /home/ys/robot_ws/src/build/teleop_twist_joy
