[0.037s] Invoking command in '/home/ys/robot_ws/build/final_project_interface': CMAKE_PREFIX_PATH=${CMAKE_PREFIX_PATH}:/home/ys/robot_ws/install/python_parameters:/home/ys/robot_ws/install/first_rclpy_pkg:/home/ys/robot_ws/install/fibonacci_rclpy_action_pkg:/home/ys/robot_ws/install/final_project:/opt/ros/foxy /usr/bin/cmake /home/ys/robot_ws/src/final_project_interface -DAMENT_CMAKE_SYMLINK_INSTALL=1 -DCMAKE_INSTALL_PREFIX=/home/ys/robot_ws/install/final_project_interface
[0.092s] -- Found ament_cmake: 0.9.9 (/opt/ros/foxy/share/ament_cmake/cmake)
[0.189s] -- Using PYTHON_EXECUTABLE: /usr/bin/python3
[0.837s] -- Override CMake install command with custom implementation using symlinks instead of copying resources
[0.861s] -- Found rosidl_default_generators: 1.0.1 (/opt/ros/foxy/share/rosidl_default_generators/cmake)
[0.877s] -- Using all available rosidl_typesupport_c: rosidl_typesupport_fastrtps_c;rosidl_typesupport_introspection_c
[0.890s] -- Found rosidl_adapter: 1.2.1 (/opt/ros/foxy/share/rosidl_adapter/cmake)
[1.357s] -- Using all available rosidl_typesupport_cpp: rosidl_typesupport_fastrtps_cpp;rosidl_typesupport_introspection_cpp
[1.535s] -- Found PythonInterp: /usr/bin/python3 (found version "3.8.10") 
[2.156s] CMake Error at /opt/ros/foxy/share/rosidl_adapter/cmake/rosidl_adapt_interfaces.cmake:60 (message):
[2.159s]   execute_process(/usr/bin/python3 -m rosidl_adapter --package-name
[2.163s]   final_project_interface --arguments-file
[2.163s]   /home/ys/robot_ws/build/final_project_interface/rosidl_adapter__arguments__final_project_interface.json
[2.163s]   --output-dir
[2.163s]   /home/ys/robot_ws/build/final_project_interface/rosidl_adapter/final_project_interface
[2.163s]   --output-file
[2.163s]   /home/ys/robot_ws/build/final_project_interface/rosidl_adapter/final_project_interface.idls)
[2.163s]   returned error code 1:
[2.163s] 
[2.163s]   Traceback (most recent call last):
[2.164s] 
[2.164s]     File "/usr/lib/python3.8/runpy.py", line 194, in _run_module_as_main
[2.164s]       return _run_code(code, main_globals, None,
[2.164s]     File "/usr/lib/python3.8/runpy.py", line 87, in _run_code
[2.164s]       exec(code, run_globals)
[2.164s]     File "/opt/ros/foxy/lib/python3.8/site-packages/rosidl_adapter/__main__.py", line 19, in <module>
[2.164s]       sys.exit(main())
[2.164s]     File "/opt/ros/foxy/lib/python3.8/site-packages/rosidl_adapter/main.py", line 53, in main
[2.164s]       abs_idl_file = convert_to_idl(
[2.164s]     File "/opt/ros/foxy/lib/python3.8/site-packages/rosidl_adapter/__init__.py", line 29, in convert_to_idl
[2.165s]       return convert_action_to_idl(
[2.165s]     File "/opt/ros/foxy/lib/python3.8/site-packages/rosidl_adapter/action/__init__.py", line 28, in convert_action_to_idl
[2.165s]       action = parse_action_string(package_name, input_file.stem, content)
[2.165s]     File "/opt/ros/foxy/lib/python3.8/site-packages/rosidl_adapter/parser.py", line 892, in parse_action_string
[2.165s]       goal_message = parse_message_string(
[2.165s]     File "/opt/ros/foxy/lib/python3.8/site-packages/rosidl_adapter/parser.py", line 540, in parse_message_string
[2.165s]       msg = MessageSpecification(pkg_name, msg_name, fields, constants)
[2.165s]     File "/opt/ros/foxy/lib/python3.8/site-packages/rosidl_adapter/parser.py", line 387, in __init__
[2.165s]       self.base_type = BaseType(
[2.165s]     File "/opt/ros/foxy/lib/python3.8/site-packages/rosidl_adapter/parser.py", line 204, in __init__
[2.165s]       raise InvalidResourceName(
[2.166s] 
[2.166s]   rosidl_adapter.parser.InvalidResourceName: 'control_action_Goal' is an
[2.166s]   invalid message name.  It should have the pattern '^[A-Z][A-Za-z0-9]*$'
[2.179s] 
[2.179s] Call Stack (most recent call first):
[2.179s]   /opt/ros/foxy/share/rosidl_cmake/cmake/rosidl_generate_interfaces.cmake:130 (rosidl_adapt_interfaces)
[2.179s]   CMakeLists.txt:25 (rosidl_generate_interfaces)
[2.179s] 
[2.179s] 
[2.179s] -- Configuring incomplete, errors occurred!
[2.180s] See also "/home/ys/robot_ws/build/final_project_interface/CMakeFiles/CMakeOutput.log".
[2.193s] Invoked command in '/home/ys/robot_ws/build/final_project_interface' returned '1': CMAKE_PREFIX_PATH=${CMAKE_PREFIX_PATH}:/home/ys/robot_ws/install/python_parameters:/home/ys/robot_ws/install/first_rclpy_pkg:/home/ys/robot_ws/install/fibonacci_rclpy_action_pkg:/home/ys/robot_ws/install/final_project:/opt/ros/foxy /usr/bin/cmake /home/ys/robot_ws/src/final_project_interface -DAMENT_CMAKE_SYMLINK_INSTALL=1 -DCMAKE_INSTALL_PREFIX=/home/ys/robot_ws/install/final_project_interface
