[0.028s] Invoking command in '/home/ys/robot_ws/src/build/final_project_interface': CMAKE_PREFIX_PATH=${CMAKE_PREFIX_PATH}:/home/ys/robot_ws/install/python_parameters:/home/ys/robot_ws/install/first_rclpy_pkg:/home/ys/robot_ws/install/final_project:/home/ys/robot_ws/install/fibonacci_rclpy_action_pkg:/opt/ros/foxy /usr/bin/cmake /home/ys/robot_ws/src/final_project_interface -DAMENT_CMAKE_SYMLINK_INSTALL=1 -DCMAKE_INSTALL_PREFIX=/home/ys/robot_ws/src/install/final_project_interface
[0.260s] -- The C compiler identification is GNU 9.3.0
[0.491s] -- The CXX compiler identification is GNU 9.3.0
[0.512s] -- Check for working C compiler: /usr/bin/cc
[0.691s] -- Check for working C compiler: /usr/bin/cc -- works
[0.708s] -- Detecting C compiler ABI info
[0.870s] -- Detecting C compiler ABI info - done
[0.922s] -- Detecting C compile features
[0.928s] -- Detecting C compile features - done
[0.951s] -- Check for working CXX compiler: /usr/bin/c++
[1.182s] -- Check for working CXX compiler: /usr/bin/c++ -- works
[1.188s] -- Detecting CXX compiler ABI info
[1.432s] -- Detecting CXX compiler ABI info - done
[1.495s] -- Detecting CXX compile features
[1.496s] -- Detecting CXX compile features - done
[1.526s] -- Found ament_cmake: 0.9.9 (/opt/ros/foxy/share/ament_cmake/cmake)
[1.642s] -- Found PythonInterp: /usr/bin/python3 (found suitable version "3.8.10", minimum required is "3") 
[1.643s] -- Using PYTHON_EXECUTABLE: /usr/bin/python3
[2.241s] -- Override CMake install command with custom implementation using symlinks instead of copying resources
[2.352s] -- Found rosidl_default_generators: 1.0.1 (/opt/ros/foxy/share/rosidl_default_generators/cmake)
[2.383s] -- Using all available rosidl_typesupport_c: rosidl_typesupport_fastrtps_c;rosidl_typesupport_introspection_c
[2.418s] -- Found rosidl_adapter: 1.2.1 (/opt/ros/foxy/share/rosidl_adapter/cmake)
[2.731s] -- Found OpenSSL: /usr/lib/x86_64-linux-gnu/libcrypto.so (found version "1.1.1f")  
[2.832s] -- Found FastRTPS: /opt/ros/foxy/include  
[3.125s] -- Using all available rosidl_typesupport_cpp: rosidl_typesupport_fastrtps_cpp;rosidl_typesupport_introspection_cpp
[3.330s] -- Found PythonInterp: /usr/bin/python3 (found version "3.8.10") 
[4.109s] -- Found ament_cmake_ros: 0.9.2 (/opt/ros/foxy/share/ament_cmake_ros/cmake)
[4.589s] -- Using all available rosidl_typesupport_c: rosidl_typesupport_fastrtps_c;rosidl_typesupport_introspection_c
[4.705s] -- Using all available rosidl_typesupport_cpp: rosidl_typesupport_fastrtps_cpp;rosidl_typesupport_introspection_cpp
[4.823s] -- Found PythonInterp: /usr/bin/python3 (found suitable version "3.8.10", minimum required is "3.5") 
[4.832s] -- Found python_cmake_module: 0.8.1 (/opt/ros/foxy/share/python_cmake_module/cmake)
[4.953s] -- Found PythonLibs: /usr/lib/x86_64-linux-gnu/libpython3.8.so (found suitable version "3.8.10", minimum required is "3.5") 
[4.954s] -- Using PYTHON_EXECUTABLE: /usr/bin/python3
[4.955s] -- Using PYTHON_INCLUDE_DIRS: /usr/include/python3.8
[4.955s] -- Using PYTHON_LIBRARIES: /usr/lib/x86_64-linux-gnu/libpython3.8.so
[5.049s] -- Found PythonExtra: .so  
[5.288s] -- Found ament_lint_auto: 0.9.6 (/opt/ros/foxy/share/ament_lint_auto/cmake)
[5.392s] -- Added test 'copyright' to check source files copyright and LICENSE
[5.397s] -- Added test 'lint_cmake' to check CMake code style
[5.401s] -- Added test 'xmllint' to check XML markup files
[5.424s] -- Configuring done
[5.594s] -- Generating done
[5.607s] -- Build files have been written to: /home/ys/robot_ws/src/build/final_project_interface
[5.636s] Invoked command in '/home/ys/robot_ws/src/build/final_project_interface' returned '0': CMAKE_PREFIX_PATH=${CMAKE_PREFIX_PATH}:/home/ys/robot_ws/install/python_parameters:/home/ys/robot_ws/install/first_rclpy_pkg:/home/ys/robot_ws/install/final_project:/home/ys/robot_ws/install/fibonacci_rclpy_action_pkg:/opt/ros/foxy /usr/bin/cmake /home/ys/robot_ws/src/final_project_interface -DAMENT_CMAKE_SYMLINK_INSTALL=1 -DCMAKE_INSTALL_PREFIX=/home/ys/robot_ws/src/install/final_project_interface
[5.637s] Invoking command in '/home/ys/robot_ws/src/build/final_project_interface': CMAKE_PREFIX_PATH=${CMAKE_PREFIX_PATH}:/home/ys/robot_ws/install/python_parameters:/home/ys/robot_ws/install/first_rclpy_pkg:/home/ys/robot_ws/install/final_project:/home/ys/robot_ws/install/fibonacci_rclpy_action_pkg:/opt/ros/foxy /usr/bin/cmake --build /home/ys/robot_ws/src/build/final_project_interface -- -j1 -l1
[5.758s] [35m[1mScanning dependencies of target final_project_interface__cpp[0m
[5.786s] [  3%] [34m[1mGenerating C++ code for ROS interfaces[0m
[7.454s] [  3%] Built target final_project_interface__cpp
[7.480s] [  6%] [34m[1mGenerating C++ introspection for ROS interfaces[0m
[8.806s] [35m[1mScanning dependencies of target final_project_interface__rosidl_typesupport_introspection_cpp[0m
[8.860s] [  9%] [32mBuilding CXX object CMakeFiles/final_project_interface__rosidl_typesupport_introspection_cpp.dir/rosidl_typesupport_introspection_cpp/final_project_interface/action/detail/controller__type_support.cpp.o[0m
[9.939s] [ 12%] [32m[1mLinking CXX shared library libfinal_project_interface__rosidl_typesupport_introspection_cpp.so[0m
[10.128s] [ 12%] Built target final_project_interface__rosidl_typesupport_introspection_cpp
[10.157s] [ 16%] [34m[1mGenerating C++ type support for eProsima Fast-RTPS[0m
[11.707s] [35m[1mScanning dependencies of target final_project_interface__rosidl_typesupport_fastrtps_cpp[0m
[11.778s] [ 19%] [32mBuilding CXX object CMakeFiles/final_project_interface__rosidl_typesupport_fastrtps_cpp.dir/rosidl_typesupport_fastrtps_cpp/final_project_interface/action/detail/dds_fastrtps/controller__type_support.cpp.o[0m
[13.216s] [ 22%] [32m[1mLinking CXX shared library libfinal_project_interface__rosidl_typesupport_fastrtps_cpp.so[0m
[13.491s] [ 22%] Built target final_project_interface__rosidl_typesupport_fastrtps_cpp
[13.518s] [ 25%] [34m[1mGenerating C code for ROS interfaces[0m
[15.191s] [35m[1mScanning dependencies of target final_project_interface__rosidl_generator_c[0m
[15.224s] [ 29%] [32mBuilding C object CMakeFiles/final_project_interface__rosidl_generator_c.dir/rosidl_generator_c/final_project_interface/action/detail/controller__functions.c.o[0m
[15.485s] [ 32%] [32m[1mLinking C shared library libfinal_project_interface__rosidl_generator_c.so[0m
[15.587s] [ 32%] Built target final_project_interface__rosidl_generator_c
[15.615s] [ 35%] [34m[1mGenerating C type support for eProsima Fast-RTPS[0m
[17.124s] [35m[1mScanning dependencies of target final_project_interface__rosidl_typesupport_fastrtps_c[0m
[17.189s] [ 38%] [32mBuilding CXX object CMakeFiles/final_project_interface__rosidl_typesupport_fastrtps_c.dir/rosidl_typesupport_fastrtps_c/final_project_interface/action/detail/controller__type_support_c.cpp.o[0m
[18.208s] [ 41%] [32m[1mLinking CXX shared library libfinal_project_interface__rosidl_typesupport_fastrtps_c.so[0m
[18.452s] [ 41%] Built target final_project_interface__rosidl_typesupport_fastrtps_c
[18.478s] [ 45%] [34m[1mGenerating C introspection for ROS interfaces[0m
[19.939s] [35m[1mScanning dependencies of target final_project_interface__rosidl_typesupport_introspection_c[0m
[20.001s] [ 48%] [32mBuilding C object CMakeFiles/final_project_interface__rosidl_typesupport_introspection_c.dir/rosidl_typesupport_introspection_c/final_project_interface/action/detail/controller__type_support.c.o[0m
[20.143s] [ 51%] [32m[1mLinking C shared library libfinal_project_interface__rosidl_typesupport_introspection_c.so[0m
[20.227s] [ 51%] Built target final_project_interface__rosidl_typesupport_introspection_c
[20.250s] [ 54%] [34m[1mGenerating C type support dispatch for ROS interfaces[0m
[21.291s] [35m[1mScanning dependencies of target final_project_interface__rosidl_typesupport_c[0m
[21.328s] [ 58%] [32mBuilding CXX object CMakeFiles/final_project_interface__rosidl_typesupport_c.dir/rosidl_typesupport_c/final_project_interface/action/controller__type_support.cpp.o[0m
[21.462s] [ 61%] [32m[1mLinking CXX shared library libfinal_project_interface__rosidl_typesupport_c.so[0m
[21.572s] [ 61%] Built target final_project_interface__rosidl_typesupport_c
[21.599s] [ 64%] [34m[1mGenerating C++ type support dispatch for ROS interfaces[0m
[22.678s] [35m[1mScanning dependencies of target final_project_interface__rosidl_typesupport_cpp[0m
[22.714s] [ 67%] [32mBuilding CXX object CMakeFiles/final_project_interface__rosidl_typesupport_cpp.dir/rosidl_typesupport_cpp/final_project_interface/action/controller__type_support.cpp.o[0m
[23.526s] [ 70%] [32m[1mLinking CXX shared library libfinal_project_interface__rosidl_typesupport_cpp.so[0m
[23.640s] [ 70%] Built target final_project_interface__rosidl_typesupport_cpp
[23.664s] [35m[1mScanning dependencies of target final_project_interface[0m
[23.689s] [ 70%] Built target final_project_interface
[23.716s] [35m[1mScanning dependencies of target final_project_interface__py[0m
[23.740s] [ 74%] [34m[1mGenerating Python code for ROS interfaces[0m
[27.306s] [ 74%] Built target final_project_interface__py
[27.332s] [35m[1mScanning dependencies of target final_project_interface__python[0m
[27.424s] [ 77%] [32mBuilding C object CMakeFiles/final_project_interface__python.dir/rosidl_generator_py/final_project_interface/action/_controller_s.c.o[0m
[27.827s] [ 80%] [32m[1mLinking C shared library rosidl_generator_py/final_project_interface/libfinal_project_interface__python.so[0m
[27.943s] [ 80%] Built target final_project_interface__python
[27.971s] [35m[1mScanning dependencies of target final_project_interface__rosidl_typesupport_c__pyext[0m
[28.023s] [ 83%] [32mBuilding C object CMakeFiles/final_project_interface__rosidl_typesupport_c__pyext.dir/rosidl_generator_py/final_project_interface/_final_project_interface_s.ep.rosidl_typesupport_c.c.o[0m
[28.311s] [ 87%] [32m[1mLinking C shared library rosidl_generator_py/final_project_interface/final_project_interface_s__rosidl_typesupport_c.cpython-38-x86_64-linux-gnu.so[0m
[28.422s] [ 87%] Built target final_project_interface__rosidl_typesupport_c__pyext
[28.457s] [35m[1mScanning dependencies of target final_project_interface__rosidl_typesupport_fastrtps_c__pyext[0m
[28.520s] [ 90%] [32mBuilding C object CMakeFiles/final_project_interface__rosidl_typesupport_fastrtps_c__pyext.dir/rosidl_generator_py/final_project_interface/_final_project_interface_s.ep.rosidl_typesupport_fastrtps_c.c.o[0m
[28.848s] [ 93%] [32m[1mLinking CXX shared library rosidl_generator_py/final_project_interface/final_project_interface_s__rosidl_typesupport_fastrtps_c.cpython-38-x86_64-linux-gnu.so[0m
[29.055s] [ 93%] Built target final_project_interface__rosidl_typesupport_fastrtps_c__pyext
[29.080s] [35m[1mScanning dependencies of target final_project_interface__rosidl_typesupport_introspection_c__pyext[0m
[29.129s] [ 96%] [32mBuilding C object CMakeFiles/final_project_interface__rosidl_typesupport_introspection_c__pyext.dir/rosidl_generator_py/final_project_interface/_final_project_interface_s.ep.rosidl_typesupport_introspection_c.c.o[0m
[29.419s] [100%] [32m[1mLinking C shared library rosidl_generator_py/final_project_interface/final_project_interface_s__rosidl_typesupport_introspection_c.cpython-38-x86_64-linux-gnu.so[0m
[29.534s] [100%] Built target final_project_interface__rosidl_typesupport_introspection_c__pyext
[29.563s] Invoked command in '/home/ys/robot_ws/src/build/final_project_interface' returned '0': CMAKE_PREFIX_PATH=${CMAKE_PREFIX_PATH}:/home/ys/robot_ws/install/python_parameters:/home/ys/robot_ws/install/first_rclpy_pkg:/home/ys/robot_ws/install/final_project:/home/ys/robot_ws/install/fibonacci_rclpy_action_pkg:/opt/ros/foxy /usr/bin/cmake --build /home/ys/robot_ws/src/build/final_project_interface -- -j1 -l1
[29.717s] Invoking command in '/home/ys/robot_ws/src/build/final_project_interface': CMAKE_PREFIX_PATH=${CMAKE_PREFIX_PATH}:/home/ys/robot_ws/install/python_parameters:/home/ys/robot_ws/install/first_rclpy_pkg:/home/ys/robot_ws/install/final_project:/home/ys/robot_ws/install/fibonacci_rclpy_action_pkg:/opt/ros/foxy /usr/bin/cmake --install /home/ys/robot_ws/src/build/final_project_interface
[29.745s] -- Install configuration: ""
[29.749s] -- Execute custom install script
[29.750s] -- Symlinking: /home/ys/robot_ws/src/install/final_project_interface/share/ament_index/resource_index/rosidl_interfaces/final_project_interface
[29.775s] -- Symlinking: /home/ys/robot_ws/src/install/final_project_interface/include/final_project_interface/action/controller.h
[29.795s] -- Symlinking: /home/ys/robot_ws/src/install/final_project_interface/include/final_project_interface/action/detail/controller__functions.h
[29.816s] -- Symlinking: /home/ys/robot_ws/src/install/final_project_interface/include/final_project_interface/action/detail/controller__struct.h
[29.840s] -- Symlinking: /home/ys/robot_ws/src/install/final_project_interface/include/final_project_interface/action/detail/controller__type_support.h
[29.862s] -- Symlinking: /home/ys/robot_ws/src/install/final_project_interface/include/final_project_interface/msg/rosidl_generator_c__visibility_control.h
[29.884s] -- Symlinking: /home/ys/robot_ws/src/install/final_project_interface/share/final_project_interface/environment/library_path.sh
[29.908s] -- Symlinking: /home/ys/robot_ws/src/install/final_project_interface/share/final_project_interface/environment/library_path.dsv
[29.930s] -- Symlinking: /home/ys/robot_ws/src/install/final_project_interface/include/final_project_interface/action/detail/controller__rosidl_typesupport_fastrtps_c.h
[29.953s] -- Symlinking: /home/ys/robot_ws/src/install/final_project_interface/include/final_project_interface/msg/rosidl_typesupport_fastrtps_c__visibility_control.h
[29.974s] -- Symlinking: /home/ys/robot_ws/src/install/final_project_interface/lib/libfinal_project_interface__rosidl_typesupport_fastrtps_c.so
[29.998s] -- Symlinking: /home/ys/robot_ws/src/install/final_project_interface/include/final_project_interface/action/detail/controller__rosidl_typesupport_fastrtps_cpp.hpp
[30.022s] -- Symlinking: /home/ys/robot_ws/src/install/final_project_interface/include/final_project_interface/msg/rosidl_typesupport_fastrtps_cpp__visibility_control.h
[30.044s] -- Symlinking: /home/ys/robot_ws/src/install/final_project_interface/lib/libfinal_project_interface__rosidl_typesupport_fastrtps_cpp.so
[30.068s] -- Symlinking: /home/ys/robot_ws/src/install/final_project_interface/include/final_project_interface/action/detail/controller__rosidl_typesupport_introspection_c.h
[30.089s] -- Symlinking: /home/ys/robot_ws/src/install/final_project_interface/include/final_project_interface/msg/rosidl_typesupport_introspection_c__visibility_control.h
[30.112s] -- Symlinking: /home/ys/robot_ws/src/install/final_project_interface/include/final_project_interface/action/controller.hpp
[30.137s] -- Symlinking: /home/ys/robot_ws/src/install/final_project_interface/include/final_project_interface/action/detail/controller__builder.hpp
[30.159s] -- Symlinking: /home/ys/robot_ws/src/install/final_project_interface/include/final_project_interface/action/detail/controller__struct.hpp
[30.181s] -- Symlinking: /home/ys/robot_ws/src/install/final_project_interface/include/final_project_interface/action/detail/controller__traits.hpp
[30.201s] -- Symlinking: /home/ys/robot_ws/src/install/final_project_interface/include/final_project_interface/action/detail/controller__rosidl_typesupport_introspection_cpp.hpp
[30.223s] -- Symlinking: /home/ys/robot_ws/src/install/final_project_interface/share/final_project_interface/environment/pythonpath.sh
[30.247s] -- Symlinking: /home/ys/robot_ws/src/install/final_project_interface/share/final_project_interface/environment/pythonpath.dsv
[30.269s] -- Symlinking: /home/ys/robot_ws/src/install/final_project_interface/lib/python3.8/site-packages/final_project_interface/__init__.py
[30.293s] -- Symlinking: /home/ys/robot_ws/src/install/final_project_interface/lib/python3.8/site-packages/final_project_interface/action/__init__.py
[30.315s] -- Symlinking: /home/ys/robot_ws/src/install/final_project_interface/lib/python3.8/site-packages/final_project_interface/action/_controller.py
[30.339s] -- Symlinking: /home/ys/robot_ws/src/install/final_project_interface/lib/python3.8/site-packages/final_project_interface/final_project_interface_s__rosidl_typesupport_fastrtps_c.cpython-38-x86_64-linux-gnu.so
[30.361s] -- Symlinking: /home/ys/robot_ws/src/install/final_project_interface/lib/python3.8/site-packages/final_project_interface/final_project_interface_s__rosidl_typesupport_introspection_c.cpython-38-x86_64-linux-gnu.so
[30.384s] -- Symlinking: /home/ys/robot_ws/src/install/final_project_interface/lib/python3.8/site-packages/final_project_interface/final_project_interface_s__rosidl_typesupport_c.cpython-38-x86_64-linux-gnu.so
[30.408s] -- Symlinking: /home/ys/robot_ws/src/install/final_project_interface/lib/libfinal_project_interface__python.so
[30.428s] -- Symlinking: /home/ys/robot_ws/src/install/final_project_interface/share/final_project_interface/action/Controller.idl
[30.461s] -- Symlinking: /home/ys/robot_ws/src/install/final_project_interface/share/final_project_interface/action/Controller.action
[30.481s] -- Symlinking: /home/ys/robot_ws/src/install/final_project_interface/share/ament_index/resource_index/package_run_dependencies/final_project_interface
[30.505s] -- Symlinking: /home/ys/robot_ws/src/install/final_project_interface/share/ament_index/resource_index/parent_prefix_path/final_project_interface
[30.528s] -- Symlinking: /home/ys/robot_ws/src/install/final_project_interface/share/final_project_interface/environment/ament_prefix_path.sh
[30.567s] -- Symlinking: /home/ys/robot_ws/src/install/final_project_interface/share/final_project_interface/environment/ament_prefix_path.dsv
[30.597s] -- Symlinking: /home/ys/robot_ws/src/install/final_project_interface/share/final_project_interface/environment/path.sh
[30.626s] -- Symlinking: /home/ys/robot_ws/src/install/final_project_interface/share/final_project_interface/environment/path.dsv
[30.674s] -- Symlinking: /home/ys/robot_ws/src/install/final_project_interface/share/final_project_interface/local_setup.bash
[30.698s] -- Symlinking: /home/ys/robot_ws/src/install/final_project_interface/share/final_project_interface/local_setup.sh
[30.729s] -- Symlinking: /home/ys/robot_ws/src/install/final_project_interface/share/final_project_interface/local_setup.zsh
[30.753s] -- Symlinking: /home/ys/robot_ws/src/install/final_project_interface/share/final_project_interface/local_setup.dsv
[30.775s] -- Symlinking: /home/ys/robot_ws/src/install/final_project_interface/share/final_project_interface/package.dsv
[30.800s] -- Symlinking: /home/ys/robot_ws/src/install/final_project_interface/share/ament_index/resource_index/packages/final_project_interface
[30.821s] -- Symlinking: /home/ys/robot_ws/src/install/final_project_interface/share/final_project_interface/cmake/rosidl_cmake-extras.cmake
[30.844s] -- Symlinking: /home/ys/robot_ws/src/install/final_project_interface/share/final_project_interface/cmake/ament_cmake_export_dependencies-extras.cmake
[30.868s] -- Symlinking: /home/ys/robot_ws/src/install/final_project_interface/share/final_project_interface/cmake/ament_cmake_export_libraries-extras.cmake
[30.891s] -- Symlinking: /home/ys/robot_ws/src/install/final_project_interface/share/final_project_interface/cmake/ament_cmake_export_targets-extras.cmake
[30.916s] -- Symlinking: /home/ys/robot_ws/src/install/final_project_interface/share/final_project_interface/cmake/ament_cmake_export_include_directories-extras.cmake
[30.957s] -- Symlinking: /home/ys/robot_ws/src/install/final_project_interface/share/final_project_interface/cmake/rosidl_cmake_export_typesupport_libraries-extras.cmake
[30.985s] -- Symlinking: /home/ys/robot_ws/src/install/final_project_interface/share/final_project_interface/cmake/rosidl_cmake_export_typesupport_targets-extras.cmake
[31.009s] -- Symlinking: /home/ys/robot_ws/src/install/final_project_interface/share/final_project_interface/cmake/final_project_interfaceConfig.cmake
[31.030s] -- Symlinking: /home/ys/robot_ws/src/install/final_project_interface/share/final_project_interface/cmake/final_project_interfaceConfig-version.cmake
[31.053s] -- Symlinking: /home/ys/robot_ws/src/install/final_project_interface/share/final_project_interface/package.xml
[31.078s] -- Installing: /home/ys/robot_ws/src/install/final_project_interface/lib/libfinal_project_interface__rosidl_generator_c.so
[31.079s] -- Set runtime path of "/home/ys/robot_ws/src/install/final_project_interface/lib/libfinal_project_interface__rosidl_generator_c.so" to ""
[31.079s] -- Installing: /home/ys/robot_ws/src/install/final_project_interface/lib/libfinal_project_interface__rosidl_typesupport_introspection_c.so
[31.080s] -- Set runtime path of "/home/ys/robot_ws/src/install/final_project_interface/lib/libfinal_project_interface__rosidl_typesupport_introspection_c.so" to ""
[31.081s] -- Installing: /home/ys/robot_ws/src/install/final_project_interface/lib/libfinal_project_interface__rosidl_typesupport_c.so
[31.083s] -- Set runtime path of "/home/ys/robot_ws/src/install/final_project_interface/lib/libfinal_project_interface__rosidl_typesupport_c.so" to ""
[31.083s] -- Installing: /home/ys/robot_ws/src/install/final_project_interface/lib/libfinal_project_interface__rosidl_typesupport_introspection_cpp.so
[31.087s] -- Set runtime path of "/home/ys/robot_ws/src/install/final_project_interface/lib/libfinal_project_interface__rosidl_typesupport_introspection_cpp.so" to ""
[31.087s] -- Installing: /home/ys/robot_ws/src/install/final_project_interface/lib/libfinal_project_interface__rosidl_typesupport_cpp.so
[31.088s] -- Set runtime path of "/home/ys/robot_ws/src/install/final_project_interface/lib/libfinal_project_interface__rosidl_typesupport_cpp.so" to ""
[31.205s] Compiling '/home/ys/robot_ws/src/install/final_project_interface/lib/python3.8/site-packages/final_project_interface/__init__.py'...
[31.227s] -- Installing: /home/ys/robot_ws/src/install/final_project_interface/share/final_project_interface/cmake/final_project_interface__rosidl_generator_cExport.cmake
[31.227s] -- Installing: /home/ys/robot_ws/src/install/final_project_interface/share/final_project_interface/cmake/final_project_interface__rosidl_generator_cExport-noconfig.cmake
[31.227s] -- Installing: /home/ys/robot_ws/src/install/final_project_interface/share/final_project_interface/cmake/final_project_interface__rosidl_typesupport_introspection_cExport.cmake
[31.227s] -- Installing: /home/ys/robot_ws/src/install/final_project_interface/share/final_project_interface/cmake/final_project_interface__rosidl_typesupport_introspection_cExport-noconfig.cmake
[31.227s] -- Installing: /home/ys/robot_ws/src/install/final_project_interface/share/final_project_interface/cmake/final_project_interface__rosidl_typesupport_cExport.cmake
[31.228s] -- Installing: /home/ys/robot_ws/src/install/final_project_interface/share/final_project_interface/cmake/final_project_interface__rosidl_typesupport_cExport-noconfig.cmake
[31.228s] -- Installing: /home/ys/robot_ws/src/install/final_project_interface/share/final_project_interface/cmake/final_project_interface__rosidl_generator_cppExport.cmake
[31.228s] -- Installing: /home/ys/robot_ws/src/install/final_project_interface/share/final_project_interface/cmake/final_project_interface__rosidl_typesupport_introspection_cppExport.cmake
[31.228s] -- Installing: /home/ys/robot_ws/src/install/final_project_interface/share/final_project_interface/cmake/final_project_interface__rosidl_typesupport_introspection_cppExport-noconfig.cmake
[31.228s] -- Installing: /home/ys/robot_ws/src/install/final_project_interface/share/final_project_interface/cmake/final_project_interface__rosidl_typesupport_cppExport.cmake
[31.228s] -- Installing: /home/ys/robot_ws/src/install/final_project_interface/share/final_project_interface/cmake/final_project_interface__rosidl_typesupport_cppExport-noconfig.cmake
[31.236s] Invoked command in '/home/ys/robot_ws/src/build/final_project_interface' returned '0': CMAKE_PREFIX_PATH=${CMAKE_PREFIX_PATH}:/home/ys/robot_ws/install/python_parameters:/home/ys/robot_ws/install/first_rclpy_pkg:/home/ys/robot_ws/install/final_project:/home/ys/robot_ws/install/fibonacci_rclpy_action_pkg:/opt/ros/foxy /usr/bin/cmake --install /home/ys/robot_ws/src/build/final_project_interface
