[0.043s] Invoking command in '/home/ys/robot_ws/build/final_project_interface': CMAKE_PREFIX_PATH=${CMAKE_PREFIX_PATH}:/home/ys/robot_ws/install/python_parameters:/home/ys/robot_ws/install/first_rclpy_pkg:/home/ys/robot_ws/install/fibonacci_rclpy_action_pkg:/home/ys/robot_ws/install/final_project:/opt/ros/foxy /usr/bin/cmake /home/ys/robot_ws/src/final_project_interface -DAMENT_CMAKE_SYMLINK_INSTALL=1 -DCMAKE_INSTALL_PREFIX=/home/ys/robot_ws/install/final_project_interface
[0.102s] -- Found ament_cmake: 0.9.9 (/opt/ros/foxy/share/ament_cmake/cmake)
[0.227s] -- Found PythonInterp: /usr/bin/python3 (found suitable version "3.8.10", minimum required is "3") 
[0.230s] -- Using PYTHON_EXECUTABLE: /usr/bin/python3
[0.702s] -- Override CMake install command with custom implementation using symlinks instead of copying resources
[0.722s] -- Found rosidl_default_generators: 1.0.1 (/opt/ros/foxy/share/rosidl_default_generators/cmake)
[0.734s] -- Using all available rosidl_typesupport_c: rosidl_typesupport_fastrtps_c;rosidl_typesupport_introspection_c
[0.746s] -- Found rosidl_adapter: 1.2.1 (/opt/ros/foxy/share/rosidl_adapter/cmake)
[1.009s] -- Using all available rosidl_typesupport_cpp: rosidl_typesupport_fastrtps_cpp;rosidl_typesupport_introspection_cpp
[1.141s] -- Found PythonInterp: /usr/bin/python3 (found version "3.8.10") 
[1.705s] -- Found ament_cmake_ros: 0.9.2 (/opt/ros/foxy/share/ament_cmake_ros/cmake)
[2.017s] -- Using all available rosidl_typesupport_c: rosidl_typesupport_fastrtps_c;rosidl_typesupport_introspection_c
[2.129s] -- Using all available rosidl_typesupport_cpp: rosidl_typesupport_fastrtps_cpp;rosidl_typesupport_introspection_cpp
[2.245s] -- Found PythonInterp: /usr/bin/python3 (found suitable version "3.8.10", minimum required is "3.5") 
[2.254s] -- Found python_cmake_module: 0.8.1 (/opt/ros/foxy/share/python_cmake_module/cmake)
[2.372s] -- Found PythonLibs: /usr/lib/x86_64-linux-gnu/libpython3.8.so (found suitable version "3.8.10", minimum required is "3.5") 
[2.373s] -- Using PYTHON_EXECUTABLE: /usr/bin/python3
[2.373s] -- Using PYTHON_INCLUDE_DIRS: /usr/include/python3.8
[2.373s] -- Using PYTHON_LIBRARIES: /usr/lib/x86_64-linux-gnu/libpython3.8.so
[2.458s] -- Found PythonExtra: .so  
[2.601s] -- Found ament_lint_auto: 0.9.6 (/opt/ros/foxy/share/ament_lint_auto/cmake)
[2.696s] -- Added test 'copyright' to check source files copyright and LICENSE
[2.703s] -- Added test 'lint_cmake' to check CMake code style
[2.708s] -- Added test 'xmllint' to check XML markup files
[2.729s] -- Configuring done
[2.902s] -- Generating done
[2.914s] -- Build files have been written to: /home/ys/robot_ws/build/final_project_interface
[2.942s] Invoked command in '/home/ys/robot_ws/build/final_project_interface' returned '0': CMAKE_PREFIX_PATH=${CMAKE_PREFIX_PATH}:/home/ys/robot_ws/install/python_parameters:/home/ys/robot_ws/install/first_rclpy_pkg:/home/ys/robot_ws/install/fibonacci_rclpy_action_pkg:/home/ys/robot_ws/install/final_project:/opt/ros/foxy /usr/bin/cmake /home/ys/robot_ws/src/final_project_interface -DAMENT_CMAKE_SYMLINK_INSTALL=1 -DCMAKE_INSTALL_PREFIX=/home/ys/robot_ws/install/final_project_interface
[2.948s] Invoking command in '/home/ys/robot_ws/build/final_project_interface': CMAKE_PREFIX_PATH=${CMAKE_PREFIX_PATH}:/home/ys/robot_ws/install/python_parameters:/home/ys/robot_ws/install/first_rclpy_pkg:/home/ys/robot_ws/install/fibonacci_rclpy_action_pkg:/home/ys/robot_ws/install/final_project:/opt/ros/foxy /usr/bin/cmake --build /home/ys/robot_ws/build/final_project_interface -- -j1 -l1
[3.104s] [35m[1mScanning dependencies of target final_project_interface__cpp[0m
[3.131s] [  3%] [34m[1mGenerating C++ code for ROS interfaces[0m
[4.749s] [  3%] Built target final_project_interface__cpp
[4.774s] [  6%] [34m[1mGenerating C++ introspection for ROS interfaces[0m
[6.130s] [35m[1mScanning dependencies of target final_project_interface__rosidl_typesupport_introspection_cpp[0m
[6.168s] [  9%] [32mBuilding CXX object CMakeFiles/final_project_interface__rosidl_typesupport_introspection_cpp.dir/rosidl_typesupport_introspection_cpp/final_project_interface/action/detail/fibonacci__type_support.cpp.o[0m
[7.212s] [ 12%] [32m[1mLinking CXX shared library libfinal_project_interface__rosidl_typesupport_introspection_cpp.so[0m
[7.414s] [ 12%] Built target final_project_interface__rosidl_typesupport_introspection_cpp
[7.439s] [ 16%] [34m[1mGenerating C++ type support for eProsima Fast-RTPS[0m
[9.026s] [35m[1mScanning dependencies of target final_project_interface__rosidl_typesupport_fastrtps_cpp[0m
[9.095s] [ 19%] [32mBuilding CXX object CMakeFiles/final_project_interface__rosidl_typesupport_fastrtps_cpp.dir/rosidl_typesupport_fastrtps_cpp/final_project_interface/action/detail/dds_fastrtps/fibonacci__type_support.cpp.o[0m
[10.493s] [ 22%] [32m[1mLinking CXX shared library libfinal_project_interface__rosidl_typesupport_fastrtps_cpp.so[0m
[10.808s] [ 22%] Built target final_project_interface__rosidl_typesupport_fastrtps_cpp
[10.838s] [ 25%] [34m[1mGenerating C code for ROS interfaces[0m
[12.617s] [35m[1mScanning dependencies of target final_project_interface__rosidl_generator_c[0m
[12.647s] [ 29%] [32mBuilding C object CMakeFiles/final_project_interface__rosidl_generator_c.dir/rosidl_generator_c/final_project_interface/action/detail/fibonacci__functions.c.o[0m
[12.878s] [ 32%] [32m[1mLinking C shared library libfinal_project_interface__rosidl_generator_c.so[0m
[13.003s] [ 32%] Built target final_project_interface__rosidl_generator_c
[13.032s] [ 35%] [34m[1mGenerating C type support for eProsima Fast-RTPS[0m
[14.545s] [35m[1mScanning dependencies of target final_project_interface__rosidl_typesupport_fastrtps_c[0m
[14.596s] [ 38%] [32mBuilding CXX object CMakeFiles/final_project_interface__rosidl_typesupport_fastrtps_c.dir/rosidl_typesupport_fastrtps_c/final_project_interface/action/detail/fibonacci__type_support_c.cpp.o[0m
[15.638s] [ 41%] [32m[1mLinking CXX shared library libfinal_project_interface__rosidl_typesupport_fastrtps_c.so[0m
[15.903s] [ 41%] Built target final_project_interface__rosidl_typesupport_fastrtps_c
[15.928s] [ 45%] [34m[1mGenerating C introspection for ROS interfaces[0m
[17.317s] [35m[1mScanning dependencies of target final_project_interface__rosidl_typesupport_introspection_c[0m
[17.351s] [ 48%] [32mBuilding C object CMakeFiles/final_project_interface__rosidl_typesupport_introspection_c.dir/rosidl_typesupport_introspection_c/final_project_interface/action/detail/fibonacci__type_support.c.o[0m
[17.473s] [ 51%] [32m[1mLinking C shared library libfinal_project_interface__rosidl_typesupport_introspection_c.so[0m
[17.558s] [ 51%] Built target final_project_interface__rosidl_typesupport_introspection_c
[17.584s] [ 54%] [34m[1mGenerating C type support dispatch for ROS interfaces[0m
[18.690s] [35m[1mScanning dependencies of target final_project_interface__rosidl_typesupport_c[0m
[18.727s] [ 58%] [32mBuilding CXX object CMakeFiles/final_project_interface__rosidl_typesupport_c.dir/rosidl_typesupport_c/final_project_interface/action/fibonacci__type_support.cpp.o[0m
[18.853s] [ 61%] [32m[1mLinking CXX shared library libfinal_project_interface__rosidl_typesupport_c.so[0m
[18.964s] [ 61%] Built target final_project_interface__rosidl_typesupport_c
[18.989s] [ 64%] [34m[1mGenerating C++ type support dispatch for ROS interfaces[0m
[20.073s] [35m[1mScanning dependencies of target final_project_interface__rosidl_typesupport_cpp[0m
[20.110s] [ 67%] [32mBuilding CXX object CMakeFiles/final_project_interface__rosidl_typesupport_cpp.dir/rosidl_typesupport_cpp/final_project_interface/action/fibonacci__type_support.cpp.o[0m
[20.998s] [ 70%] [32m[1mLinking CXX shared library libfinal_project_interface__rosidl_typesupport_cpp.so[0m
[21.109s] [ 70%] Built target final_project_interface__rosidl_typesupport_cpp
[21.135s] [35m[1mScanning dependencies of target final_project_interface[0m
[21.163s] [ 70%] Built target final_project_interface
[21.189s] [35m[1mScanning dependencies of target final_project_interface__py[0m
[21.213s] [ 74%] [34m[1mGenerating Python code for ROS interfaces[0m
[24.739s] [ 74%] Built target final_project_interface__py
[24.773s] [35m[1mScanning dependencies of target final_project_interface__python[0m
[24.841s] [ 77%] [32mBuilding C object CMakeFiles/final_project_interface__python.dir/rosidl_generator_py/final_project_interface/action/_fibonacci_s.c.o[0m
[25.244s] [ 80%] [32m[1mLinking C shared library rosidl_generator_py/final_project_interface/libfinal_project_interface__python.so[0m
[25.361s] [ 80%] Built target final_project_interface__python
[25.390s] [35m[1mScanning dependencies of target final_project_interface__rosidl_typesupport_c__pyext[0m
[25.439s] [ 83%] [32mBuilding C object CMakeFiles/final_project_interface__rosidl_typesupport_c__pyext.dir/rosidl_generator_py/final_project_interface/_final_project_interface_s.ep.rosidl_typesupport_c.c.o[0m
[25.730s] [ 87%] [32m[1mLinking C shared library rosidl_generator_py/final_project_interface/final_project_interface_s__rosidl_typesupport_c.cpython-38-x86_64-linux-gnu.so[0m
[25.835s] [ 87%] Built target final_project_interface__rosidl_typesupport_c__pyext
[25.861s] [35m[1mScanning dependencies of target final_project_interface__rosidl_typesupport_fastrtps_c__pyext[0m
[25.918s] [ 90%] [32mBuilding C object CMakeFiles/final_project_interface__rosidl_typesupport_fastrtps_c__pyext.dir/rosidl_generator_py/final_project_interface/_final_project_interface_s.ep.rosidl_typesupport_fastrtps_c.c.o[0m
[26.225s] [ 93%] [32m[1mLinking CXX shared library rosidl_generator_py/final_project_interface/final_project_interface_s__rosidl_typesupport_fastrtps_c.cpython-38-x86_64-linux-gnu.so[0m
[26.419s] [ 93%] Built target final_project_interface__rosidl_typesupport_fastrtps_c__pyext
[26.443s] [35m[1mScanning dependencies of target final_project_interface__rosidl_typesupport_introspection_c__pyext[0m
[26.498s] [ 96%] [32mBuilding C object CMakeFiles/final_project_interface__rosidl_typesupport_introspection_c__pyext.dir/rosidl_generator_py/final_project_interface/_final_project_interface_s.ep.rosidl_typesupport_introspection_c.c.o[0m
[26.785s] [100%] [32m[1mLinking C shared library rosidl_generator_py/final_project_interface/final_project_interface_s__rosidl_typesupport_introspection_c.cpython-38-x86_64-linux-gnu.so[0m
[26.892s] [100%] Built target final_project_interface__rosidl_typesupport_introspection_c__pyext
[26.922s] Invoked command in '/home/ys/robot_ws/build/final_project_interface' returned '0': CMAKE_PREFIX_PATH=${CMAKE_PREFIX_PATH}:/home/ys/robot_ws/install/python_parameters:/home/ys/robot_ws/install/first_rclpy_pkg:/home/ys/robot_ws/install/fibonacci_rclpy_action_pkg:/home/ys/robot_ws/install/final_project:/opt/ros/foxy /usr/bin/cmake --build /home/ys/robot_ws/build/final_project_interface -- -j1 -l1
[27.071s] Invoking command in '/home/ys/robot_ws/build/final_project_interface': CMAKE_PREFIX_PATH=${CMAKE_PREFIX_PATH}:/home/ys/robot_ws/install/python_parameters:/home/ys/robot_ws/install/first_rclpy_pkg:/home/ys/robot_ws/install/fibonacci_rclpy_action_pkg:/home/ys/robot_ws/install/final_project:/opt/ros/foxy /usr/bin/cmake --install /home/ys/robot_ws/build/final_project_interface
[27.101s] -- Install configuration: ""
[27.103s] -- Execute custom install script
[27.104s] -- Symlinking: /home/ys/robot_ws/install/final_project_interface/share/ament_index/resource_index/rosidl_interfaces/final_project_interface
[27.133s] -- Symlinking: /home/ys/robot_ws/install/final_project_interface/include/final_project_interface/action/detail/fibonacci__functions.h
[27.154s] -- Symlinking: /home/ys/robot_ws/install/final_project_interface/include/final_project_interface/action/detail/fibonacci__struct.h
[27.175s] -- Symlinking: /home/ys/robot_ws/install/final_project_interface/include/final_project_interface/action/detail/fibonacci__type_support.h
[27.198s] -- Symlinking: /home/ys/robot_ws/install/final_project_interface/include/final_project_interface/action/fibonacci.h
[27.222s] -- Symlinking: /home/ys/robot_ws/install/final_project_interface/include/final_project_interface/msg/rosidl_generator_c__visibility_control.h
[27.292s] -- Symlinking: /home/ys/robot_ws/install/final_project_interface/share/final_project_interface/environment/library_path.sh
[27.313s] -- Symlinking: /home/ys/robot_ws/install/final_project_interface/share/final_project_interface/environment/library_path.dsv
[27.337s] -- Symlinking: /home/ys/robot_ws/install/final_project_interface/include/final_project_interface/action/detail/fibonacci__rosidl_typesupport_fastrtps_c.h
[27.361s] -- Symlinking: /home/ys/robot_ws/install/final_project_interface/include/final_project_interface/msg/rosidl_typesupport_fastrtps_c__visibility_control.h
[27.382s] -- Symlinking: /home/ys/robot_ws/install/final_project_interface/lib/libfinal_project_interface__rosidl_typesupport_fastrtps_c.so
[27.410s] -- Symlinking: /home/ys/robot_ws/install/final_project_interface/include/final_project_interface/action/detail/fibonacci__rosidl_typesupport_fastrtps_cpp.hpp
[27.429s] -- Symlinking: /home/ys/robot_ws/install/final_project_interface/include/final_project_interface/msg/rosidl_typesupport_fastrtps_cpp__visibility_control.h
[27.455s] -- Symlinking: /home/ys/robot_ws/install/final_project_interface/lib/libfinal_project_interface__rosidl_typesupport_fastrtps_cpp.so
[27.480s] -- Symlinking: /home/ys/robot_ws/install/final_project_interface/include/final_project_interface/action/detail/fibonacci__rosidl_typesupport_introspection_c.h
[27.499s] -- Symlinking: /home/ys/robot_ws/install/final_project_interface/include/final_project_interface/msg/rosidl_typesupport_introspection_c__visibility_control.h
[27.521s] -- Symlinking: /home/ys/robot_ws/install/final_project_interface/include/final_project_interface/action/detail/fibonacci__builder.hpp
[27.545s] -- Symlinking: /home/ys/robot_ws/install/final_project_interface/include/final_project_interface/action/detail/fibonacci__struct.hpp
[27.565s] -- Symlinking: /home/ys/robot_ws/install/final_project_interface/include/final_project_interface/action/detail/fibonacci__traits.hpp
[27.586s] -- Symlinking: /home/ys/robot_ws/install/final_project_interface/include/final_project_interface/action/fibonacci.hpp
[27.611s] -- Symlinking: /home/ys/robot_ws/install/final_project_interface/include/final_project_interface/action/detail/fibonacci__rosidl_typesupport_introspection_cpp.hpp
[27.633s] -- Symlinking: /home/ys/robot_ws/install/final_project_interface/share/final_project_interface/environment/pythonpath.sh
[27.656s] -- Symlinking: /home/ys/robot_ws/install/final_project_interface/share/final_project_interface/environment/pythonpath.dsv
[27.678s] -- Symlinking: /home/ys/robot_ws/install/final_project_interface/lib/python3.8/site-packages/final_project_interface/__init__.py
[27.701s] -- Symlinking: /home/ys/robot_ws/install/final_project_interface/lib/python3.8/site-packages/final_project_interface/action/__init__.py
[27.725s] -- Symlinking: /home/ys/robot_ws/install/final_project_interface/lib/python3.8/site-packages/final_project_interface/action/_fibonacci.py
[27.750s] -- Symlinking: /home/ys/robot_ws/install/final_project_interface/lib/python3.8/site-packages/final_project_interface/final_project_interface_s__rosidl_typesupport_fastrtps_c.cpython-38-x86_64-linux-gnu.so
[27.769s] -- Symlinking: /home/ys/robot_ws/install/final_project_interface/lib/python3.8/site-packages/final_project_interface/final_project_interface_s__rosidl_typesupport_introspection_c.cpython-38-x86_64-linux-gnu.so
[27.794s] -- Symlinking: /home/ys/robot_ws/install/final_project_interface/lib/python3.8/site-packages/final_project_interface/final_project_interface_s__rosidl_typesupport_c.cpython-38-x86_64-linux-gnu.so
[27.817s] -- Symlinking: /home/ys/robot_ws/install/final_project_interface/lib/libfinal_project_interface__python.so
[27.839s] -- Symlinking: /home/ys/robot_ws/install/final_project_interface/share/final_project_interface/action/Fibonacci.idl
[27.862s] -- Symlinking: /home/ys/robot_ws/install/final_project_interface/share/final_project_interface/action/Fibonacci.action
[27.885s] -- Symlinking: /home/ys/robot_ws/install/final_project_interface/share/ament_index/resource_index/package_run_dependencies/final_project_interface
[27.907s] -- Symlinking: /home/ys/robot_ws/install/final_project_interface/share/ament_index/resource_index/parent_prefix_path/final_project_interface
[27.930s] -- Symlinking: /home/ys/robot_ws/install/final_project_interface/share/final_project_interface/environment/ament_prefix_path.sh
[27.964s] -- Symlinking: /home/ys/robot_ws/install/final_project_interface/share/final_project_interface/environment/ament_prefix_path.dsv
[27.990s] -- Symlinking: /home/ys/robot_ws/install/final_project_interface/share/final_project_interface/environment/path.sh
[28.021s] -- Symlinking: /home/ys/robot_ws/install/final_project_interface/share/final_project_interface/environment/path.dsv
[28.041s] -- Symlinking: /home/ys/robot_ws/install/final_project_interface/share/final_project_interface/local_setup.bash
[28.067s] -- Symlinking: /home/ys/robot_ws/install/final_project_interface/share/final_project_interface/local_setup.sh
[28.089s] -- Symlinking: /home/ys/robot_ws/install/final_project_interface/share/final_project_interface/local_setup.zsh
[28.111s] -- Symlinking: /home/ys/robot_ws/install/final_project_interface/share/final_project_interface/local_setup.dsv
[28.134s] -- Symlinking: /home/ys/robot_ws/install/final_project_interface/share/final_project_interface/package.dsv
[28.157s] -- Symlinking: /home/ys/robot_ws/install/final_project_interface/share/ament_index/resource_index/packages/final_project_interface
[28.177s] -- Symlinking: /home/ys/robot_ws/install/final_project_interface/share/final_project_interface/cmake/rosidl_cmake-extras.cmake
[28.199s] -- Symlinking: /home/ys/robot_ws/install/final_project_interface/share/final_project_interface/cmake/ament_cmake_export_dependencies-extras.cmake
[28.223s] -- Symlinking: /home/ys/robot_ws/install/final_project_interface/share/final_project_interface/cmake/ament_cmake_export_libraries-extras.cmake
[28.246s] -- Symlinking: /home/ys/robot_ws/install/final_project_interface/share/final_project_interface/cmake/ament_cmake_export_targets-extras.cmake
[28.267s] -- Symlinking: /home/ys/robot_ws/install/final_project_interface/share/final_project_interface/cmake/ament_cmake_export_include_directories-extras.cmake
[28.289s] -- Symlinking: /home/ys/robot_ws/install/final_project_interface/share/final_project_interface/cmake/rosidl_cmake_export_typesupport_libraries-extras.cmake
[28.313s] -- Symlinking: /home/ys/robot_ws/install/final_project_interface/share/final_project_interface/cmake/rosidl_cmake_export_typesupport_targets-extras.cmake
[28.334s] -- Symlinking: /home/ys/robot_ws/install/final_project_interface/share/final_project_interface/cmake/final_project_interfaceConfig.cmake
[28.358s] -- Symlinking: /home/ys/robot_ws/install/final_project_interface/share/final_project_interface/cmake/final_project_interfaceConfig-version.cmake
[28.379s] -- Symlinking: /home/ys/robot_ws/install/final_project_interface/share/final_project_interface/package.xml
[28.406s] -- Installing: /home/ys/robot_ws/install/final_project_interface/lib/libfinal_project_interface__rosidl_generator_c.so
[28.406s] -- Set runtime path of "/home/ys/robot_ws/install/final_project_interface/lib/libfinal_project_interface__rosidl_generator_c.so" to ""
[28.406s] -- Installing: /home/ys/robot_ws/install/final_project_interface/lib/libfinal_project_interface__rosidl_typesupport_introspection_c.so
[28.406s] -- Set runtime path of "/home/ys/robot_ws/install/final_project_interface/lib/libfinal_project_interface__rosidl_typesupport_introspection_c.so" to ""
[28.406s] -- Installing: /home/ys/robot_ws/install/final_project_interface/lib/libfinal_project_interface__rosidl_typesupport_c.so
[28.406s] -- Set runtime path of "/home/ys/robot_ws/install/final_project_interface/lib/libfinal_project_interface__rosidl_typesupport_c.so" to ""
[28.406s] -- Installing: /home/ys/robot_ws/install/final_project_interface/lib/libfinal_project_interface__rosidl_typesupport_introspection_cpp.so
[28.406s] -- Set runtime path of "/home/ys/robot_ws/install/final_project_interface/lib/libfinal_project_interface__rosidl_typesupport_introspection_cpp.so" to ""
[28.407s] -- Installing: /home/ys/robot_ws/install/final_project_interface/lib/libfinal_project_interface__rosidl_typesupport_cpp.so
[28.409s] -- Set runtime path of "/home/ys/robot_ws/install/final_project_interface/lib/libfinal_project_interface__rosidl_typesupport_cpp.so" to ""
[28.534s] Compiling '/home/ys/robot_ws/install/final_project_interface/lib/python3.8/site-packages/final_project_interface/__init__.py'...
[28.549s] -- Installing: /home/ys/robot_ws/install/final_project_interface/share/final_project_interface/cmake/final_project_interface__rosidl_generator_cExport.cmake
[28.550s] -- Installing: /home/ys/robot_ws/install/final_project_interface/share/final_project_interface/cmake/final_project_interface__rosidl_generator_cExport-noconfig.cmake
[28.550s] -- Installing: /home/ys/robot_ws/install/final_project_interface/share/final_project_interface/cmake/final_project_interface__rosidl_typesupport_introspection_cExport.cmake
[28.550s] -- Installing: /home/ys/robot_ws/install/final_project_interface/share/final_project_interface/cmake/final_project_interface__rosidl_typesupport_introspection_cExport-noconfig.cmake
[28.551s] -- Installing: /home/ys/robot_ws/install/final_project_interface/share/final_project_interface/cmake/final_project_interface__rosidl_typesupport_cExport.cmake
[28.553s] -- Installing: /home/ys/robot_ws/install/final_project_interface/share/final_project_interface/cmake/final_project_interface__rosidl_typesupport_cExport-noconfig.cmake
[28.554s] -- Installing: /home/ys/robot_ws/install/final_project_interface/share/final_project_interface/cmake/final_project_interface__rosidl_generator_cppExport.cmake
[28.554s] -- Installing: /home/ys/robot_ws/install/final_project_interface/share/final_project_interface/cmake/final_project_interface__rosidl_typesupport_introspection_cppExport.cmake
[28.554s] -- Installing: /home/ys/robot_ws/install/final_project_interface/share/final_project_interface/cmake/final_project_interface__rosidl_typesupport_introspection_cppExport-noconfig.cmake
[28.555s] -- Installing: /home/ys/robot_ws/install/final_project_interface/share/final_project_interface/cmake/final_project_interface__rosidl_typesupport_cppExport.cmake
[28.557s] -- Installing: /home/ys/robot_ws/install/final_project_interface/share/final_project_interface/cmake/final_project_interface__rosidl_typesupport_cppExport-noconfig.cmake
[28.569s] Invoked command in '/home/ys/robot_ws/build/final_project_interface' returned '0': CMAKE_PREFIX_PATH=${CMAKE_PREFIX_PATH}:/home/ys/robot_ws/install/python_parameters:/home/ys/robot_ws/install/first_rclpy_pkg:/home/ys/robot_ws/install/fibonacci_rclpy_action_pkg:/home/ys/robot_ws/install/final_project:/opt/ros/foxy /usr/bin/cmake --install /home/ys/robot_ws/build/final_project_interface
