running develop
running egg_info
creating python_parameters.egg-info
writing python_parameters.egg-info/PKG-INFO
writing dependency_links to python_parameters.egg-info/dependency_links.txt
writing entry points to python_parameters.egg-info/entry_points.txt
writing requirements to python_parameters.egg-info/requires.txt
writing top-level names to python_parameters.egg-info/top_level.txt
writing manifest file 'python_parameters.egg-info/SOURCES.txt'
reading manifest file 'python_parameters.egg-info/SOURCES.txt'
writing manifest file 'python_parameters.egg-info/SOURCES.txt'
running build_ext
Creating /home/ys/robot_ws/install/python_parameters/lib/python3.8/site-packages/site.py
Creating /home/ys/robot_ws/install/python_parameters/lib/python3.8/site-packages/python-parameters.egg-link (link to .)
Installing param_talker script to /home/ys/robot_ws/install/python_parameters/lib/python_parameters

Installed /home/ys/robot_ws/build/python_parameters
running install_data
creating /home/ys/robot_ws/install/python_parameters/share/ament_index
creating /home/ys/robot_ws/install/python_parameters/share/ament_index/resource_index
creating /home/ys/robot_ws/install/python_parameters/share/ament_index/resource_index/packages
copying resource/python_parameters -> /home/ys/robot_ws/install/python_parameters/share/ament_index/resource_index/packages
copying package.xml -> /home/ys/robot_ws/install/python_parameters/share/python_parameters
