[0.079s] Invoking command in '/home/ys/robot_ws/build/project_interface': CMAKE_PREFIX_PATH=${CMAKE_PREFIX_PATH}:/home/ys/robot_ws/install/python_parameters:/home/ys/robot_ws/install/project_parameter:/home/ys/robot_ws/install/final_project:/home/ys/robot_ws/install/first_rclpy_pkg:/home/ys/robot_ws/install/fibonacci_rclpy_action_pkg:/opt/ros/foxy /usr/bin/cmake --build /home/ys/robot_ws/build/project_interface -- -j1 -l1
[0.254s] -- Found ament_cmake: 0.9.9 (/opt/ros/foxy/share/ament_cmake/cmake)
[0.357s] -- Found PythonInterp: /usr/bin/python3 (found suitable version "3.8.10", minimum required is "3") 
[0.358s] -- Using PYTHON_EXECUTABLE: /usr/bin/python3
[0.971s] -- Override CMake install command with custom implementation using symlinks instead of copying resources
[1.002s] -- Found rosidl_default_generators: 1.0.1 (/opt/ros/foxy/share/rosidl_default_generators/cmake)
[1.024s] -- Using all available rosidl_typesupport_c: rosidl_typesupport_fastrtps_c;rosidl_typesupport_introspection_c
[1.040s] -- Found rosidl_adapter: 1.2.1 (/opt/ros/foxy/share/rosidl_adapter/cmake)
[1.528s] -- Using all available rosidl_typesupport_cpp: rosidl_typesupport_fastrtps_cpp;rosidl_typesupport_introspection_cpp
[1.719s] -- Found PythonInterp: /usr/bin/python3 (found version "3.8.10") 
[2.448s] -- Found ament_cmake_ros: 0.9.2 (/opt/ros/foxy/share/ament_cmake_ros/cmake)
[2.923s] -- Using all available rosidl_typesupport_c: rosidl_typesupport_fastrtps_c;rosidl_typesupport_introspection_c
[3.040s] -- Using all available rosidl_typesupport_cpp: rosidl_typesupport_fastrtps_cpp;rosidl_typesupport_introspection_cpp
[3.160s] -- Found PythonInterp: /usr/bin/python3 (found suitable version "3.8.10", minimum required is "3.5") 
[3.162s] -- Found python_cmake_module: 0.8.1 (/opt/ros/foxy/share/python_cmake_module/cmake)
[3.268s] -- Using PYTHON_EXECUTABLE: /usr/bin/python3
[3.268s] -- Using PYTHON_INCLUDE_DIRS: /usr/include/python3.8
[3.268s] -- Using PYTHON_LIBRARIES: /usr/lib/x86_64-linux-gnu/libpython3.8.so
[3.406s] -- Found ament_lint_auto: 0.9.6 (/opt/ros/foxy/share/ament_lint_auto/cmake)
[3.451s] -- Added test 'copyright' to check source files copyright and LICENSE
[3.458s] -- Added test 'lint_cmake' to check CMake code style
[3.460s] -- Added test 'xmllint' to check XML markup files
[3.478s] -- Configuring done
[3.663s] -- Generating done
[3.677s] -- Build files have been written to: /home/ys/robot_ws/build/project_interface
[3.768s] [  3%] [34m[1mGenerating C++ code for ROS interfaces[0m
[5.428s] [  3%] Built target project_interface__cpp
[5.453s] [  6%] [34m[1mGenerating C++ type support dispatch for ROS interfaces[0m
[6.564s] [35m[1mScanning dependencies of target project_interface__rosidl_typesupport_cpp[0m
[6.600s] [  9%] [32mBuilding CXX object CMakeFiles/project_interface__rosidl_typesupport_cpp.dir/rosidl_typesupport_cpp/project_interface/action/controller__type_support.cpp.o[0m
[7.508s] [ 12%] [32m[1mLinking CXX shared library libproject_interface__rosidl_typesupport_cpp.so[0m
[7.632s] [ 12%] Built target project_interface__rosidl_typesupport_cpp
[7.655s] [ 16%] [34m[1mGenerating C code for ROS interfaces[0m
[9.457s] [35m[1mScanning dependencies of target project_interface__rosidl_generator_c[0m
[9.488s] [ 19%] [32mBuilding C object CMakeFiles/project_interface__rosidl_generator_c.dir/rosidl_generator_c/project_interface/action/detail/controller__functions.c.o[0m
[9.717s] [ 22%] [32m[1mLinking C shared library libproject_interface__rosidl_generator_c.so[0m
[9.812s] [ 22%] Built target project_interface__rosidl_generator_c
[9.841s] [ 25%] [34m[1mGenerating C type support dispatch for ROS interfaces[0m
[10.922s] [35m[1mScanning dependencies of target project_interface__rosidl_typesupport_c[0m
[10.956s] [ 29%] [32mBuilding CXX object CMakeFiles/project_interface__rosidl_typesupport_c.dir/rosidl_typesupport_c/project_interface/action/controller__type_support.cpp.o[0m
[11.084s] [ 32%] [32m[1mLinking CXX shared library libproject_interface__rosidl_typesupport_c.so[0m
[11.195s] [ 32%] Built target project_interface__rosidl_typesupport_c
[11.256s] [ 35%] [34m[1mGenerating C++ type support for eProsima Fast-RTPS[0m
[12.940s] [35m[1mScanning dependencies of target project_interface__rosidl_typesupport_fastrtps_cpp[0m
[12.981s] [ 38%] [32mBuilding CXX object CMakeFiles/project_interface__rosidl_typesupport_fastrtps_cpp.dir/rosidl_typesupport_fastrtps_cpp/project_interface/action/detail/dds_fastrtps/controller__type_support.cpp.o[0m
[15.072s] [ 41%] [32m[1mLinking CXX shared library libproject_interface__rosidl_typesupport_fastrtps_cpp.so[0m
[15.337s] [ 41%] Built target project_interface__rosidl_typesupport_fastrtps_cpp
[15.369s] [ 45%] [34m[1mGenerating C type support for eProsima Fast-RTPS[0m
[16.946s] [35m[1mScanning dependencies of target project_interface__rosidl_typesupport_fastrtps_c[0m
[16.989s] [ 48%] [32mBuilding CXX object CMakeFiles/project_interface__rosidl_typesupport_fastrtps_c.dir/rosidl_typesupport_fastrtps_c/project_interface/action/detail/controller__type_support_c.cpp.o[0m
[18.149s] [ 51%] [32m[1mLinking CXX shared library libproject_interface__rosidl_typesupport_fastrtps_c.so[0m
[18.398s] [ 51%] Built target project_interface__rosidl_typesupport_fastrtps_c
[18.433s] [ 54%] [34m[1mGenerating C++ introspection for ROS interfaces[0m
[19.763s] [35m[1mScanning dependencies of target project_interface__rosidl_typesupport_introspection_cpp[0m
[19.796s] [ 58%] [32mBuilding CXX object CMakeFiles/project_interface__rosidl_typesupport_introspection_cpp.dir/rosidl_typesupport_introspection_cpp/project_interface/action/detail/controller__type_support.cpp.o[0m
[20.669s] [ 61%] [32m[1mLinking CXX shared library libproject_interface__rosidl_typesupport_introspection_cpp.so[0m
[20.853s] [ 61%] Built target project_interface__rosidl_typesupport_introspection_cpp
[20.894s] [ 64%] [34m[1mGenerating C introspection for ROS interfaces[0m
[22.359s] [35m[1mScanning dependencies of target project_interface__rosidl_typesupport_introspection_c[0m
[22.389s] [ 67%] [32mBuilding C object CMakeFiles/project_interface__rosidl_typesupport_introspection_c.dir/rosidl_typesupport_introspection_c/project_interface/action/detail/controller__type_support.c.o[0m
[22.512s] [ 70%] [32m[1mLinking C shared library libproject_interface__rosidl_typesupport_introspection_c.so[0m
[22.596s] [ 70%] Built target project_interface__rosidl_typesupport_introspection_c
[22.652s] [ 70%] Built target project_interface
[22.702s] [ 74%] [34m[1mGenerating Python code for ROS interfaces[0m
[26.444s] [ 74%] Built target project_interface__py
[26.474s] [35m[1mScanning dependencies of target project_interface__python[0m
[26.561s] [ 77%] [32mBuilding C object CMakeFiles/project_interface__python.dir/rosidl_generator_py/project_interface/action/_controller_s.c.o[0m
[27.198s] [ 80%] [32m[1mLinking C shared library rosidl_generator_py/project_interface/libproject_interface__python.so[0m
[27.400s] [ 80%] Built target project_interface__python
[27.445s] [35m[1mScanning dependencies of target project_interface__rosidl_typesupport_introspection_c__pyext[0m
[27.512s] [ 83%] [32mBuilding C object CMakeFiles/project_interface__rosidl_typesupport_introspection_c__pyext.dir/rosidl_generator_py/project_interface/_project_interface_s.ep.rosidl_typesupport_introspection_c.c.o[0m
[28.046s] [ 87%] [32m[1mLinking C shared library rosidl_generator_py/project_interface/project_interface_s__rosidl_typesupport_introspection_c.cpython-38-x86_64-linux-gnu.so[0m
[28.218s] [ 87%] Built target project_interface__rosidl_typesupport_introspection_c__pyext
[28.268s] [35m[1mScanning dependencies of target project_interface__rosidl_typesupport_fastrtps_c__pyext[0m
[28.344s] [ 90%] [32mBuilding C object CMakeFiles/project_interface__rosidl_typesupport_fastrtps_c__pyext.dir/rosidl_generator_py/project_interface/_project_interface_s.ep.rosidl_typesupport_fastrtps_c.c.o[0m
[28.975s] [ 93%] [32m[1mLinking CXX shared library rosidl_generator_py/project_interface/project_interface_s__rosidl_typesupport_fastrtps_c.cpython-38-x86_64-linux-gnu.so[0m
[29.356s] [ 93%] Built target project_interface__rosidl_typesupport_fastrtps_c__pyext
[29.402s] [35m[1mScanning dependencies of target project_interface__rosidl_typesupport_c__pyext[0m
[29.444s] [ 96%] [32mBuilding C object CMakeFiles/project_interface__rosidl_typesupport_c__pyext.dir/rosidl_generator_py/project_interface/_project_interface_s.ep.rosidl_typesupport_c.c.o[0m
[29.918s] [100%] [32m[1mLinking C shared library rosidl_generator_py/project_interface/project_interface_s__rosidl_typesupport_c.cpython-38-x86_64-linux-gnu.so[0m
[30.060s] [100%] Built target project_interface__rosidl_typesupport_c__pyext
[30.101s] Invoked command in '/home/ys/robot_ws/build/project_interface' returned '0': CMAKE_PREFIX_PATH=${CMAKE_PREFIX_PATH}:/home/ys/robot_ws/install/python_parameters:/home/ys/robot_ws/install/project_parameter:/home/ys/robot_ws/install/final_project:/home/ys/robot_ws/install/first_rclpy_pkg:/home/ys/robot_ws/install/fibonacci_rclpy_action_pkg:/opt/ros/foxy /usr/bin/cmake --build /home/ys/robot_ws/build/project_interface -- -j1 -l1
[30.262s] Invoking command in '/home/ys/robot_ws/build/project_interface': CMAKE_PREFIX_PATH=${CMAKE_PREFIX_PATH}:/home/ys/robot_ws/install/python_parameters:/home/ys/robot_ws/install/project_parameter:/home/ys/robot_ws/install/final_project:/home/ys/robot_ws/install/first_rclpy_pkg:/home/ys/robot_ws/install/fibonacci_rclpy_action_pkg:/opt/ros/foxy /usr/bin/cmake --install /home/ys/robot_ws/build/project_interface
[30.293s] -- Install configuration: ""
[30.296s] -- Execute custom install script
[30.299s] -- Up-to-date symlink: /home/ys/robot_ws/install/project_interface/share/ament_index/resource_index/rosidl_interfaces/project_interface
[30.300s] -- Up-to-date symlink: /home/ys/robot_ws/install/project_interface/include/project_interface/action/controller.h
[30.301s] -- Up-to-date symlink: /home/ys/robot_ws/install/project_interface/include/project_interface/action/detail/controller__functions.h
[30.302s] -- Up-to-date symlink: /home/ys/robot_ws/install/project_interface/include/project_interface/action/detail/controller__struct.h
[30.304s] -- Up-to-date symlink: /home/ys/robot_ws/install/project_interface/include/project_interface/action/detail/controller__type_support.h
[30.304s] -- Up-to-date symlink: /home/ys/robot_ws/install/project_interface/include/project_interface/msg/rosidl_generator_c__visibility_control.h
[30.305s] -- Up-to-date symlink: /home/ys/robot_ws/install/project_interface/share/project_interface/environment/library_path.sh
[30.307s] -- Up-to-date symlink: /home/ys/robot_ws/install/project_interface/share/project_interface/environment/library_path.dsv
[30.311s] -- Up-to-date symlink: /home/ys/robot_ws/install/project_interface/include/project_interface/action/detail/controller__rosidl_typesupport_fastrtps_c.h
[30.312s] -- Up-to-date symlink: /home/ys/robot_ws/install/project_interface/include/project_interface/msg/rosidl_typesupport_fastrtps_c__visibility_control.h
[30.312s] -- Up-to-date symlink: /home/ys/robot_ws/install/project_interface/lib/libproject_interface__rosidl_typesupport_fastrtps_c.so
[30.313s] -- Up-to-date symlink: /home/ys/robot_ws/install/project_interface/include/project_interface/action/detail/controller__rosidl_typesupport_fastrtps_cpp.hpp
[30.314s] -- Up-to-date symlink: /home/ys/robot_ws/install/project_interface/include/project_interface/msg/rosidl_typesupport_fastrtps_cpp__visibility_control.h
[30.317s] -- Up-to-date symlink: /home/ys/robot_ws/install/project_interface/lib/libproject_interface__rosidl_typesupport_fastrtps_cpp.so
[30.317s] -- Up-to-date symlink: /home/ys/robot_ws/install/project_interface/include/project_interface/action/detail/controller__rosidl_typesupport_introspection_c.h
[30.318s] -- Up-to-date symlink: /home/ys/robot_ws/install/project_interface/include/project_interface/msg/rosidl_typesupport_introspection_c__visibility_control.h
[30.320s] -- Up-to-date symlink: /home/ys/robot_ws/install/project_interface/include/project_interface/action/controller.hpp
[30.321s] -- Up-to-date symlink: /home/ys/robot_ws/install/project_interface/include/project_interface/action/detail/controller__builder.hpp
[30.321s] -- Up-to-date symlink: /home/ys/robot_ws/install/project_interface/include/project_interface/action/detail/controller__struct.hpp
[30.324s] -- Up-to-date symlink: /home/ys/robot_ws/install/project_interface/include/project_interface/action/detail/controller__traits.hpp
[30.325s] -- Up-to-date symlink: /home/ys/robot_ws/install/project_interface/include/project_interface/action/detail/controller__rosidl_typesupport_introspection_cpp.hpp
[30.326s] -- Up-to-date symlink: /home/ys/robot_ws/install/project_interface/share/project_interface/environment/pythonpath.sh
[30.326s] -- Up-to-date symlink: /home/ys/robot_ws/install/project_interface/share/project_interface/environment/pythonpath.dsv
[30.328s] -- Up-to-date symlink: /home/ys/robot_ws/install/project_interface/lib/python3.8/site-packages/project_interface/__init__.py
[30.329s] -- Up-to-date symlink: /home/ys/robot_ws/install/project_interface/lib/python3.8/site-packages/project_interface/action/__init__.py
[30.330s] -- Up-to-date symlink: /home/ys/robot_ws/install/project_interface/lib/python3.8/site-packages/project_interface/action/_controller.py
[30.332s] -- Up-to-date symlink: /home/ys/robot_ws/install/project_interface/lib/python3.8/site-packages/project_interface/project_interface_s__rosidl_typesupport_fastrtps_c.cpython-38-x86_64-linux-gnu.so
[30.335s] -- Up-to-date symlink: /home/ys/robot_ws/install/project_interface/lib/python3.8/site-packages/project_interface/project_interface_s__rosidl_typesupport_introspection_c.cpython-38-x86_64-linux-gnu.so
[30.335s] -- Up-to-date symlink: /home/ys/robot_ws/install/project_interface/lib/python3.8/site-packages/project_interface/project_interface_s__rosidl_typesupport_c.cpython-38-x86_64-linux-gnu.so
[30.340s] -- Up-to-date symlink: /home/ys/robot_ws/install/project_interface/lib/libproject_interface__python.so
[30.341s] -- Up-to-date symlink: /home/ys/robot_ws/install/project_interface/share/project_interface/action/Controller.idl
[30.341s] -- Up-to-date symlink: /home/ys/robot_ws/install/project_interface/share/project_interface/action/Controller.action
[30.342s] -- Up-to-date symlink: /home/ys/robot_ws/install/project_interface/share/ament_index/resource_index/package_run_dependencies/project_interface
[30.342s] -- Up-to-date symlink: /home/ys/robot_ws/install/project_interface/share/ament_index/resource_index/parent_prefix_path/project_interface
[30.343s] -- Up-to-date symlink: /home/ys/robot_ws/install/project_interface/share/project_interface/environment/ament_prefix_path.sh
[30.344s] -- Up-to-date symlink: /home/ys/robot_ws/install/project_interface/share/project_interface/environment/ament_prefix_path.dsv
[30.347s] -- Up-to-date symlink: /home/ys/robot_ws/install/project_interface/share/project_interface/environment/path.sh
[30.348s] -- Up-to-date symlink: /home/ys/robot_ws/install/project_interface/share/project_interface/environment/path.dsv
[30.348s] -- Up-to-date symlink: /home/ys/robot_ws/install/project_interface/share/project_interface/local_setup.bash
[30.349s] -- Up-to-date symlink: /home/ys/robot_ws/install/project_interface/share/project_interface/local_setup.sh
[30.349s] -- Up-to-date symlink: /home/ys/robot_ws/install/project_interface/share/project_interface/local_setup.zsh
[30.352s] -- Up-to-date symlink: /home/ys/robot_ws/install/project_interface/share/project_interface/local_setup.dsv
[30.352s] -- Symlinking: /home/ys/robot_ws/install/project_interface/share/project_interface/package.dsv
[30.376s] -- Up-to-date symlink: /home/ys/robot_ws/install/project_interface/share/ament_index/resource_index/packages/project_interface
[30.377s] -- Up-to-date symlink: /home/ys/robot_ws/install/project_interface/share/project_interface/cmake/rosidl_cmake-extras.cmake
[30.377s] -- Up-to-date symlink: /home/ys/robot_ws/install/project_interface/share/project_interface/cmake/ament_cmake_export_dependencies-extras.cmake
[30.380s] -- Up-to-date symlink: /home/ys/robot_ws/install/project_interface/share/project_interface/cmake/ament_cmake_export_libraries-extras.cmake
[30.380s] -- Up-to-date symlink: /home/ys/robot_ws/install/project_interface/share/project_interface/cmake/ament_cmake_export_targets-extras.cmake
[30.381s] -- Up-to-date symlink: /home/ys/robot_ws/install/project_interface/share/project_interface/cmake/ament_cmake_export_include_directories-extras.cmake
[30.382s] -- Up-to-date symlink: /home/ys/robot_ws/install/project_interface/share/project_interface/cmake/rosidl_cmake_export_typesupport_libraries-extras.cmake
[30.384s] -- Up-to-date symlink: /home/ys/robot_ws/install/project_interface/share/project_interface/cmake/rosidl_cmake_export_typesupport_targets-extras.cmake
[30.384s] -- Up-to-date symlink: /home/ys/robot_ws/install/project_interface/share/project_interface/cmake/project_interfaceConfig.cmake
[30.385s] -- Up-to-date symlink: /home/ys/robot_ws/install/project_interface/share/project_interface/cmake/project_interfaceConfig-version.cmake
[30.388s] -- Up-to-date symlink: /home/ys/robot_ws/install/project_interface/share/project_interface/package.xml
[30.404s] -- Installing: /home/ys/robot_ws/install/project_interface/lib/libproject_interface__rosidl_generator_c.so
[30.404s] -- Set runtime path of "/home/ys/robot_ws/install/project_interface/lib/libproject_interface__rosidl_generator_c.so" to ""
[30.405s] -- Installing: /home/ys/robot_ws/install/project_interface/lib/libproject_interface__rosidl_typesupport_introspection_c.so
[30.406s] -- Set runtime path of "/home/ys/robot_ws/install/project_interface/lib/libproject_interface__rosidl_typesupport_introspection_c.so" to ""
[30.410s] -- Installing: /home/ys/robot_ws/install/project_interface/lib/libproject_interface__rosidl_typesupport_c.so
[30.410s] -- Set runtime path of "/home/ys/robot_ws/install/project_interface/lib/libproject_interface__rosidl_typesupport_c.so" to ""
[30.411s] -- Installing: /home/ys/robot_ws/install/project_interface/lib/libproject_interface__rosidl_typesupport_introspection_cpp.so
[30.411s] -- Set runtime path of "/home/ys/robot_ws/install/project_interface/lib/libproject_interface__rosidl_typesupport_introspection_cpp.so" to ""
[30.417s] -- Installing: /home/ys/robot_ws/install/project_interface/lib/libproject_interface__rosidl_typesupport_cpp.so
[30.417s] -- Set runtime path of "/home/ys/robot_ws/install/project_interface/lib/libproject_interface__rosidl_typesupport_cpp.so" to ""
[30.570s] Compiling '/home/ys/robot_ws/install/project_interface/lib/python3.8/site-packages/project_interface/__init__.py'...
[30.596s] -- Up-to-date: /home/ys/robot_ws/install/project_interface/share/project_interface/cmake/project_interface__rosidl_generator_cExport.cmake
[30.596s] -- Installing: /home/ys/robot_ws/install/project_interface/share/project_interface/cmake/project_interface__rosidl_generator_cExport-noconfig.cmake
[30.601s] -- Up-to-date: /home/ys/robot_ws/install/project_interface/share/project_interface/cmake/project_interface__rosidl_typesupport_introspection_cExport.cmake
[30.602s] -- Installing: /home/ys/robot_ws/install/project_interface/share/project_interface/cmake/project_interface__rosidl_typesupport_introspection_cExport-noconfig.cmake
[30.604s] -- Up-to-date: /home/ys/robot_ws/install/project_interface/share/project_interface/cmake/project_interface__rosidl_typesupport_cExport.cmake
[30.605s] -- Installing: /home/ys/robot_ws/install/project_interface/share/project_interface/cmake/project_interface__rosidl_typesupport_cExport-noconfig.cmake
[30.606s] -- Up-to-date: /home/ys/robot_ws/install/project_interface/share/project_interface/cmake/project_interface__rosidl_generator_cppExport.cmake
[30.606s] -- Up-to-date: /home/ys/robot_ws/install/project_interface/share/project_interface/cmake/project_interface__rosidl_typesupport_introspection_cppExport.cmake
[30.607s] -- Installing: /home/ys/robot_ws/install/project_interface/share/project_interface/cmake/project_interface__rosidl_typesupport_introspection_cppExport-noconfig.cmake
[30.608s] -- Up-to-date: /home/ys/robot_ws/install/project_interface/share/project_interface/cmake/project_interface__rosidl_typesupport_cppExport.cmake
[30.610s] -- Installing: /home/ys/robot_ws/install/project_interface/share/project_interface/cmake/project_interface__rosidl_typesupport_cppExport-noconfig.cmake
[30.626s] Invoked command in '/home/ys/robot_ws/build/project_interface' returned '0': CMAKE_PREFIX_PATH=${CMAKE_PREFIX_PATH}:/home/ys/robot_ws/install/python_parameters:/home/ys/robot_ws/install/project_parameter:/home/ys/robot_ws/install/final_project:/home/ys/robot_ws/install/first_rclpy_pkg:/home/ys/robot_ws/install/fibonacci_rclpy_action_pkg:/opt/ros/foxy /usr/bin/cmake --install /home/ys/robot_ws/build/project_interface
