[0.481s] DEBUG:colcon:Command line arguments: ['/usr/bin/colcon', 'build']
[0.481s] DEBUG:colcon:Parsed command line arguments: Namespace(ament_cmake_args=None, base_paths=['.'], build_base='build', catkin_cmake_args=None, catkin_skip_building_tests=False, cmake_args=None, cmake_clean_cache=False, cmake_clean_first=False, cmake_force_configure=False, cmake_target=None, cmake_target_skip_unavailable=False, continue_on_error=False, event_handlers=None, executor='parallel', ignore_user_meta=False, install_base='install', log_base=None, log_level=None, main=<bound method BuildVerb.main of <colcon_core.verb.build.BuildVerb object at 0x7fc1ec6de190>>, merge_install=False, metas=['./colcon.meta'], packages_above=None, packages_above_and_dependencies=None, packages_above_depth=None, packages_end=None, packages_ignore=None, packages_ignore_regex=None, packages_select=None, packages_select_build_failed=False, packages_select_by_dep=None, packages_select_regex=None, packages_select_test_failures=False, packages_skip=None, packages_skip_build_finished=False, packages_skip_by_dep=None, packages_skip_regex=None, packages_skip_test_passed=False, packages_skip_up_to=None, packages_start=None, packages_up_to=None, packages_up_to_regex=None, parallel_workers=1, paths=None, symlink_install=False, test_result_base=None, verb_extension=<colcon_core.verb.build.BuildVerb object at 0x7fc1ec6de190>, verb_name='build', verb_parser=<colcon_defaults.argument_parser.defaults.DefaultArgumentsDecorator object at 0x7fc1ec6de6d0>)
[0.495s] Level 1:colcon.colcon_core.package_discovery:discover_packages(colcon_meta) check parameters
[0.496s] Level 1:colcon.colcon_core.package_discovery:discover_packages(recursive) check parameters
[0.496s] Level 1:colcon.colcon_core.package_discovery:discover_packages(ignore) check parameters
[0.496s] Level 1:colcon.colcon_core.package_discovery:discover_packages(path) check parameters
[0.496s] Level 1:colcon.colcon_core.package_discovery:discover_packages(colcon_meta) discover
[0.496s] Level 1:colcon.colcon_core.package_discovery:discover_packages(recursive) discover
[0.497s] INFO:colcon.colcon_core.package_discovery:Crawling recursively for packages in '/home/ys/robot_ws/src'
[0.497s] Level 1:colcon.colcon_core.package_identification:_identify(.) by extensions ['ignore', 'ignore_ament_install']
[0.497s] Level 1:colcon.colcon_core.package_identification:_identify(.) by extension 'ignore'
[0.498s] Level 1:colcon.colcon_core.package_identification:_identify(.) by extension 'ignore_ament_install'
[0.498s] Level 1:colcon.colcon_core.package_identification:_identify(.) by extensions ['colcon_pkg']
[0.498s] Level 1:colcon.colcon_core.package_identification:_identify(.) by extension 'colcon_pkg'
[0.498s] Level 1:colcon.colcon_core.package_identification:_identify(.) by extensions ['colcon_meta']
[0.498s] Level 1:colcon.colcon_core.package_identification:_identify(.) by extension 'colcon_meta'
[0.498s] Level 1:colcon.colcon_core.package_identification:_identify(.) by extensions ['ros']
[0.499s] Level 1:colcon.colcon_core.package_identification:_identify(.) by extension 'ros'
[0.526s] Level 1:colcon.colcon_core.package_identification:_identify(.) by extensions ['cmake', 'python']
[0.526s] Level 1:colcon.colcon_core.package_identification:_identify(.) by extension 'cmake'
[0.527s] Level 1:colcon.colcon_core.package_identification:_identify(.) by extension 'python'
[0.527s] Level 1:colcon.colcon_core.package_identification:_identify(.) by extensions ['python_setup_py']
[0.527s] Level 1:colcon.colcon_core.package_identification:_identify(.) by extension 'python_setup_py'
[0.527s] Level 1:colcon.colcon_core.package_identification:_identify(build) by extensions ['ignore', 'ignore_ament_install']
[0.527s] Level 1:colcon.colcon_core.package_identification:_identify(build) by extension 'ignore'
[0.527s] Level 1:colcon.colcon_core.package_identification:_identify(build) ignored
[0.527s] Level 1:colcon.colcon_core.package_identification:_identify(install) by extensions ['ignore', 'ignore_ament_install']
[0.527s] Level 1:colcon.colcon_core.package_identification:_identify(install) by extension 'ignore'
[0.527s] Level 1:colcon.colcon_core.package_identification:_identify(install) ignored
[0.527s] Level 1:colcon.colcon_core.package_identification:_identify(log) by extensions ['ignore', 'ignore_ament_install']
[0.527s] Level 1:colcon.colcon_core.package_identification:_identify(log) by extension 'ignore'
[0.528s] Level 1:colcon.colcon_core.package_identification:_identify(log) ignored
[0.531s] Level 1:colcon.colcon_core.package_identification:_identify(teleop_twist_joy) by extensions ['ignore', 'ignore_ament_install']
[0.531s] Level 1:colcon.colcon_core.package_identification:_identify(teleop_twist_joy) by extension 'ignore'
[0.531s] Level 1:colcon.colcon_core.package_identification:_identify(teleop_twist_joy) by extension 'ignore_ament_install'
[0.531s] Level 1:colcon.colcon_core.package_identification:_identify(teleop_twist_joy) by extensions ['colcon_pkg']
[0.531s] Level 1:colcon.colcon_core.package_identification:_identify(teleop_twist_joy) by extension 'colcon_pkg'
[0.531s] Level 1:colcon.colcon_core.package_identification:_identify(teleop_twist_joy) by extensions ['colcon_meta']
[0.531s] Level 1:colcon.colcon_core.package_identification:_identify(teleop_twist_joy) by extension 'colcon_meta'
[0.531s] Level 1:colcon.colcon_core.package_identification:_identify(teleop_twist_joy) by extensions ['ros']
[0.531s] Level 1:colcon.colcon_core.package_identification:_identify(teleop_twist_joy) by extension 'ros'
[0.537s] DEBUG:colcon.colcon_core.package_identification:Package 'teleop_twist_joy' with type 'ros.ament_cmake' and name 'teleop_twist_joy'
[0.538s] Level 1:colcon.colcon_core.package_identification:_identify(test_ros_rclcpp_pkg) by extensions ['ignore', 'ignore_ament_install']
[0.538s] Level 1:colcon.colcon_core.package_identification:_identify(test_ros_rclcpp_pkg) by extension 'ignore'
[0.538s] Level 1:colcon.colcon_core.package_identification:_identify(test_ros_rclcpp_pkg) by extension 'ignore_ament_install'
[0.539s] Level 1:colcon.colcon_core.package_identification:_identify(test_ros_rclcpp_pkg) by extensions ['colcon_pkg']
[0.539s] Level 1:colcon.colcon_core.package_identification:_identify(test_ros_rclcpp_pkg) by extension 'colcon_pkg'
[0.539s] Level 1:colcon.colcon_core.package_identification:_identify(test_ros_rclcpp_pkg) by extensions ['colcon_meta']
[0.539s] Level 1:colcon.colcon_core.package_identification:_identify(test_ros_rclcpp_pkg) by extension 'colcon_meta'
[0.539s] Level 1:colcon.colcon_core.package_identification:_identify(test_ros_rclcpp_pkg) by extensions ['ros']
[0.539s] Level 1:colcon.colcon_core.package_identification:_identify(test_ros_rclcpp_pkg) by extension 'ros'
[0.543s] DEBUG:colcon.colcon_core.package_identification:Package 'test_ros_rclcpp_pkg' with type 'ros.ament_cmake' and name 'test_ros_rclcpp_pkg'
[0.543s] Level 1:colcon.colcon_core.package_identification:_identify(test_ros_rclpy_pkg) by extensions ['ignore', 'ignore_ament_install']
[0.543s] Level 1:colcon.colcon_core.package_identification:_identify(test_ros_rclpy_pkg) by extension 'ignore'
[0.544s] Level 1:colcon.colcon_core.package_identification:_identify(test_ros_rclpy_pkg) by extension 'ignore_ament_install'
[0.544s] Level 1:colcon.colcon_core.package_identification:_identify(test_ros_rclpy_pkg) by extensions ['colcon_pkg']
[0.544s] Level 1:colcon.colcon_core.package_identification:_identify(test_ros_rclpy_pkg) by extension 'colcon_pkg'
[0.544s] Level 1:colcon.colcon_core.package_identification:_identify(test_ros_rclpy_pkg) by extensions ['colcon_meta']
[0.544s] Level 1:colcon.colcon_core.package_identification:_identify(test_ros_rclpy_pkg) by extension 'colcon_meta'
[0.545s] Level 1:colcon.colcon_core.package_identification:_identify(test_ros_rclpy_pkg) by extensions ['ros']
[0.545s] Level 1:colcon.colcon_core.package_identification:_identify(test_ros_rclpy_pkg) by extension 'ros'
[0.549s] DEBUG:colcon.colcon_core.package_identification:Package 'test_ros_rclpy_pkg' with type 'ros.ament_python' and name 'test_rs_rclpy_pkg'
[0.549s] Level 1:colcon.colcon_core.package_discovery:discover_packages(recursive) using defaults
[0.549s] Level 1:colcon.colcon_core.package_discovery:discover_packages(ignore) discover
[0.549s] Level 1:colcon.colcon_core.package_discovery:discover_packages(ignore) using defaults
[0.549s] Level 1:colcon.colcon_core.package_discovery:discover_packages(path) discover
[0.549s] Level 1:colcon.colcon_core.package_discovery:discover_packages(path) using defaults
[0.589s] Level 5:colcon.colcon_core.verb:set package 'teleop_twist_joy' build argument 'cmake_args' from command line to 'None'
[0.589s] Level 5:colcon.colcon_core.verb:set package 'teleop_twist_joy' build argument 'cmake_target' from command line to 'None'
[0.589s] Level 5:colcon.colcon_core.verb:set package 'teleop_twist_joy' build argument 'cmake_target_skip_unavailable' from command line to 'False'
[0.589s] Level 5:colcon.colcon_core.verb:set package 'teleop_twist_joy' build argument 'cmake_clean_cache' from command line to 'False'
[0.589s] Level 5:colcon.colcon_core.verb:set package 'teleop_twist_joy' build argument 'cmake_clean_first' from command line to 'False'
[0.589s] Level 5:colcon.colcon_core.verb:set package 'teleop_twist_joy' build argument 'cmake_force_configure' from command line to 'False'
[0.589s] Level 5:colcon.colcon_core.verb:set package 'teleop_twist_joy' build argument 'ament_cmake_args' from command line to 'None'
[0.589s] Level 5:colcon.colcon_core.verb:set package 'teleop_twist_joy' build argument 'catkin_cmake_args' from command line to 'None'
[0.589s] Level 5:colcon.colcon_core.verb:set package 'teleop_twist_joy' build argument 'catkin_skip_building_tests' from command line to 'False'
[0.589s] DEBUG:colcon.colcon_core.verb:Building package 'teleop_twist_joy' with the following arguments: {'ament_cmake_args': None, 'build_base': '/home/ys/robot_ws/src/build/teleop_twist_joy', 'catkin_cmake_args': None, 'catkin_skip_building_tests': False, 'cmake_args': None, 'cmake_clean_cache': False, 'cmake_clean_first': False, 'cmake_force_configure': False, 'cmake_target': None, 'cmake_target_skip_unavailable': False, 'install_base': '/home/ys/robot_ws/src/install/teleop_twist_joy', 'merge_install': False, 'path': '/home/ys/robot_ws/src/teleop_twist_joy', 'symlink_install': False, 'test_result_base': None}
[0.593s] Level 5:colcon.colcon_core.verb:set package 'test_ros_rclcpp_pkg' build argument 'cmake_args' from command line to 'None'
[0.593s] Level 5:colcon.colcon_core.verb:set package 'test_ros_rclcpp_pkg' build argument 'cmake_target' from command line to 'None'
[0.593s] Level 5:colcon.colcon_core.verb:set package 'test_ros_rclcpp_pkg' build argument 'cmake_target_skip_unavailable' from command line to 'False'
[0.593s] Level 5:colcon.colcon_core.verb:set package 'test_ros_rclcpp_pkg' build argument 'cmake_clean_cache' from command line to 'False'
[0.593s] Level 5:colcon.colcon_core.verb:set package 'test_ros_rclcpp_pkg' build argument 'cmake_clean_first' from command line to 'False'
[0.594s] Level 5:colcon.colcon_core.verb:set package 'test_ros_rclcpp_pkg' build argument 'cmake_force_configure' from command line to 'False'
[0.594s] Level 5:colcon.colcon_core.verb:set package 'test_ros_rclcpp_pkg' build argument 'ament_cmake_args' from command line to 'None'
[0.594s] Level 5:colcon.colcon_core.verb:set package 'test_ros_rclcpp_pkg' build argument 'catkin_cmake_args' from command line to 'None'
[0.594s] Level 5:colcon.colcon_core.verb:set package 'test_ros_rclcpp_pkg' build argument 'catkin_skip_building_tests' from command line to 'False'
[0.594s] DEBUG:colcon.colcon_core.verb:Building package 'test_ros_rclcpp_pkg' with the following arguments: {'ament_cmake_args': None, 'build_base': '/home/ys/robot_ws/src/build/test_ros_rclcpp_pkg', 'catkin_cmake_args': None, 'catkin_skip_building_tests': False, 'cmake_args': None, 'cmake_clean_cache': False, 'cmake_clean_first': False, 'cmake_force_configure': False, 'cmake_target': None, 'cmake_target_skip_unavailable': False, 'install_base': '/home/ys/robot_ws/src/install/test_ros_rclcpp_pkg', 'merge_install': False, 'path': '/home/ys/robot_ws/src/test_ros_rclcpp_pkg', 'symlink_install': False, 'test_result_base': None}
[0.598s] Level 5:colcon.colcon_core.verb:set package 'test_rs_rclpy_pkg' build argument 'cmake_args' from command line to 'None'
[0.598s] Level 5:colcon.colcon_core.verb:set package 'test_rs_rclpy_pkg' build argument 'cmake_target' from command line to 'None'
[0.598s] Level 5:colcon.colcon_core.verb:set package 'test_rs_rclpy_pkg' build argument 'cmake_target_skip_unavailable' from command line to 'False'
[0.598s] Level 5:colcon.colcon_core.verb:set package 'test_rs_rclpy_pkg' build argument 'cmake_clean_cache' from command line to 'False'
[0.598s] Level 5:colcon.colcon_core.verb:set package 'test_rs_rclpy_pkg' build argument 'cmake_clean_first' from command line to 'False'
[0.598s] Level 5:colcon.colcon_core.verb:set package 'test_rs_rclpy_pkg' build argument 'cmake_force_configure' from command line to 'False'
[0.598s] Level 5:colcon.colcon_core.verb:set package 'test_rs_rclpy_pkg' build argument 'ament_cmake_args' from command line to 'None'
[0.598s] Level 5:colcon.colcon_core.verb:set package 'test_rs_rclpy_pkg' build argument 'catkin_cmake_args' from command line to 'None'
[0.598s] Level 5:colcon.colcon_core.verb:set package 'test_rs_rclpy_pkg' build argument 'catkin_skip_building_tests' from command line to 'False'
[0.598s] DEBUG:colcon.colcon_core.verb:Building package 'test_rs_rclpy_pkg' with the following arguments: {'ament_cmake_args': None, 'build_base': '/home/ys/robot_ws/src/build/test_rs_rclpy_pkg', 'catkin_cmake_args': None, 'catkin_skip_building_tests': False, 'cmake_args': None, 'cmake_clean_cache': False, 'cmake_clean_first': False, 'cmake_force_configure': False, 'cmake_target': None, 'cmake_target_skip_unavailable': False, 'install_base': '/home/ys/robot_ws/src/install/test_rs_rclpy_pkg', 'merge_install': False, 'path': '/home/ys/robot_ws/src/test_ros_rclpy_pkg', 'symlink_install': False, 'test_result_base': None}
[0.599s] INFO:colcon.colcon_core.executor:Executing jobs using 'parallel' executor
[0.601s] DEBUG:colcon.colcon_parallel_executor.executor.parallel:run_until_complete
[0.601s] INFO:colcon.colcon_ros.task.ament_cmake.build:Building ROS package in '/home/ys/robot_ws/src/teleop_twist_joy' with build type 'ament_cmake'
[0.602s] INFO:colcon.colcon_cmake.task.cmake.build:Building CMake package in '/home/ys/robot_ws/src/teleop_twist_joy'
[0.607s] INFO:colcon.colcon_core.plugin_system:Skipping extension 'colcon_core.shell.bat': Not used on non-Windows systems
[0.607s] INFO:colcon.colcon_core.shell:Skip shell extension 'powershell' for command environment: Not usable outside of PowerShell
[0.607s] DEBUG:colcon.colcon_core.shell:Skip shell extension 'dsv' for command environment
[0.610s] DEBUG:colcon.colcon_core.shell:Ignoring prefix path '/opt/ros/foxy'
[0.623s] DEBUG:colcon.colcon_core.event_handler.log_command:Invoking command in '/home/ys/robot_ws/src/build/teleop_twist_joy': CMAKE_PREFIX_PATH=/opt/ros/foxy /usr/bin/cmake --build /home/ys/robot_ws/src/build/teleop_twist_joy -- -j1 -l1
[0.826s] DEBUG:colcon.colcon_core.event_handler.log_command:Invoked command in '/home/ys/robot_ws/src/build/teleop_twist_joy' returned '0': CMAKE_PREFIX_PATH=/opt/ros/foxy /usr/bin/cmake --build /home/ys/robot_ws/src/build/teleop_twist_joy -- -j1 -l1
[0.891s] DEBUG:colcon.colcon_core.event_handler.log_command:Invoking command in '/home/ys/robot_ws/src/build/teleop_twist_joy': CMAKE_PREFIX_PATH=/opt/ros/foxy /usr/bin/cmake --install /home/ys/robot_ws/src/build/teleop_twist_joy
[0.918s] Level 1:colcon.colcon_core.environment:create_environment_scripts_only(teleop_twist_joy)
[0.920s] DEBUG:colcon.colcon_core.event_handler.log_command:Invoked command in '/home/ys/robot_ws/src/build/teleop_twist_joy' returned '0': CMAKE_PREFIX_PATH=/opt/ros/foxy /usr/bin/cmake --install /home/ys/robot_ws/src/build/teleop_twist_joy
[0.923s] Level 1:colcon.colcon_core.environment:checking '/home/ys/robot_ws/src/install/teleop_twist_joy' for CMake module files
[0.924s] Level 1:colcon.colcon_core.environment:checking '/home/ys/robot_ws/src/install/teleop_twist_joy' for CMake config files
[0.924s] Level 1:colcon.colcon_core.shell:create_environment_hook('teleop_twist_joy', 'cmake_prefix_path')
[0.925s] INFO:colcon.colcon_core.shell:Creating environment hook '/home/ys/robot_ws/src/install/teleop_twist_joy/share/teleop_twist_joy/hook/cmake_prefix_path.ps1'
[0.926s] INFO:colcon.colcon_core.shell:Creating environment descriptor '/home/ys/robot_ws/src/install/teleop_twist_joy/share/teleop_twist_joy/hook/cmake_prefix_path.dsv'
[0.927s] INFO:colcon.colcon_core.shell:Creating environment hook '/home/ys/robot_ws/src/install/teleop_twist_joy/share/teleop_twist_joy/hook/cmake_prefix_path.sh'
[0.929s] Level 1:colcon.colcon_core.environment:checking '/home/ys/robot_ws/src/install/teleop_twist_joy/lib'
[0.929s] Level 1:colcon.colcon_core.shell:create_environment_hook('teleop_twist_joy', 'ld_library_path_lib')
[0.930s] INFO:colcon.colcon_core.shell:Creating environment hook '/home/ys/robot_ws/src/install/teleop_twist_joy/share/teleop_twist_joy/hook/ld_library_path_lib.ps1'
[0.930s] INFO:colcon.colcon_core.shell:Creating environment descriptor '/home/ys/robot_ws/src/install/teleop_twist_joy/share/teleop_twist_joy/hook/ld_library_path_lib.dsv'
[0.931s] INFO:colcon.colcon_core.shell:Creating environment hook '/home/ys/robot_ws/src/install/teleop_twist_joy/share/teleop_twist_joy/hook/ld_library_path_lib.sh'
[0.934s] Level 1:colcon.colcon_core.environment:checking '/home/ys/robot_ws/src/install/teleop_twist_joy/bin'
[0.934s] Level 1:colcon.colcon_core.environment:checking '/home/ys/robot_ws/src/install/teleop_twist_joy/lib/pkgconfig/teleop_twist_joy.pc'
[0.934s] Level 1:colcon.colcon_core.environment:checking '/home/ys/robot_ws/src/install/teleop_twist_joy/lib/python3.8/site-packages'
[0.935s] INFO:colcon.colcon_core.shell:Creating package script '/home/ys/robot_ws/src/install/teleop_twist_joy/share/teleop_twist_joy/package.ps1'
[0.937s] INFO:colcon.colcon_core.shell:Creating package descriptor '/home/ys/robot_ws/src/install/teleop_twist_joy/share/teleop_twist_joy/package.dsv'
[0.938s] INFO:colcon.colcon_core.shell:Creating package script '/home/ys/robot_ws/src/install/teleop_twist_joy/share/teleop_twist_joy/package.sh'
[0.939s] INFO:colcon.colcon_core.shell:Creating package script '/home/ys/robot_ws/src/install/teleop_twist_joy/share/teleop_twist_joy/package.bash'
[0.940s] INFO:colcon.colcon_core.shell:Creating package script '/home/ys/robot_ws/src/install/teleop_twist_joy/share/teleop_twist_joy/package.zsh'
[0.941s] Level 1:colcon.colcon_core.environment:create_file_with_runtime_dependencies(/home/ys/robot_ws/src/install/teleop_twist_joy/share/colcon-core/packages/teleop_twist_joy)
[0.972s] Level 1:colcon.colcon_core.environment:create_environment_scripts_only(teleop_twist_joy)
[0.973s] Level 1:colcon.colcon_core.environment:checking '/home/ys/robot_ws/src/install/teleop_twist_joy' for CMake module files
[0.974s] Level 1:colcon.colcon_core.environment:checking '/home/ys/robot_ws/src/install/teleop_twist_joy' for CMake config files
[0.974s] Level 1:colcon.colcon_core.shell:create_environment_hook('teleop_twist_joy', 'cmake_prefix_path')
[0.975s] INFO:colcon.colcon_core.shell:Creating environment hook '/home/ys/robot_ws/src/install/teleop_twist_joy/share/teleop_twist_joy/hook/cmake_prefix_path.ps1'
[0.976s] INFO:colcon.colcon_core.shell:Creating environment descriptor '/home/ys/robot_ws/src/install/teleop_twist_joy/share/teleop_twist_joy/hook/cmake_prefix_path.dsv'
[0.976s] INFO:colcon.colcon_core.shell:Creating environment hook '/home/ys/robot_ws/src/install/teleop_twist_joy/share/teleop_twist_joy/hook/cmake_prefix_path.sh'
[0.977s] Level 1:colcon.colcon_core.environment:checking '/home/ys/robot_ws/src/install/teleop_twist_joy/lib'
[0.977s] Level 1:colcon.colcon_core.shell:create_environment_hook('teleop_twist_joy', 'ld_library_path_lib')
[0.978s] INFO:colcon.colcon_core.shell:Creating environment hook '/home/ys/robot_ws/src/install/teleop_twist_joy/share/teleop_twist_joy/hook/ld_library_path_lib.ps1'
[0.978s] INFO:colcon.colcon_core.shell:Creating environment descriptor '/home/ys/robot_ws/src/install/teleop_twist_joy/share/teleop_twist_joy/hook/ld_library_path_lib.dsv'
[0.979s] INFO:colcon.colcon_core.shell:Creating environment hook '/home/ys/robot_ws/src/install/teleop_twist_joy/share/teleop_twist_joy/hook/ld_library_path_lib.sh'
[0.979s] Level 1:colcon.colcon_core.environment:checking '/home/ys/robot_ws/src/install/teleop_twist_joy/bin'
[0.979s] Level 1:colcon.colcon_core.environment:checking '/home/ys/robot_ws/src/install/teleop_twist_joy/lib/pkgconfig/teleop_twist_joy.pc'
[0.980s] Level 1:colcon.colcon_core.environment:checking '/home/ys/robot_ws/src/install/teleop_twist_joy/lib/python3.8/site-packages'
[0.981s] INFO:colcon.colcon_core.shell:Creating package script '/home/ys/robot_ws/src/install/teleop_twist_joy/share/teleop_twist_joy/package.ps1'
[0.981s] INFO:colcon.colcon_core.shell:Creating package descriptor '/home/ys/robot_ws/src/install/teleop_twist_joy/share/teleop_twist_joy/package.dsv'
[0.982s] INFO:colcon.colcon_core.shell:Creating package script '/home/ys/robot_ws/src/install/teleop_twist_joy/share/teleop_twist_joy/package.sh'
[0.982s] INFO:colcon.colcon_core.shell:Creating package script '/home/ys/robot_ws/src/install/teleop_twist_joy/share/teleop_twist_joy/package.bash'
[0.983s] INFO:colcon.colcon_core.shell:Creating package script '/home/ys/robot_ws/src/install/teleop_twist_joy/share/teleop_twist_joy/package.zsh'
[0.983s] Level 1:colcon.colcon_core.environment:create_file_with_runtime_dependencies(/home/ys/robot_ws/src/install/teleop_twist_joy/share/colcon-core/packages/teleop_twist_joy)
[0.985s] INFO:colcon.colcon_ros.task.ament_cmake.build:Building ROS package in '/home/ys/robot_ws/src/test_ros_rclcpp_pkg' with build type 'ament_cmake'
[0.985s] INFO:colcon.colcon_cmake.task.cmake.build:Building CMake package in '/home/ys/robot_ws/src/test_ros_rclcpp_pkg'
[0.986s] INFO:colcon.colcon_core.shell:Skip shell extension 'powershell' for command environment: Not usable outside of PowerShell
[0.986s] DEBUG:colcon.colcon_core.shell:Skip shell extension 'dsv' for command environment
[0.993s] DEBUG:colcon.colcon_core.shell:Ignoring prefix path '/opt/ros/foxy'
[1.022s] DEBUG:colcon.colcon_core.event_handler.log_command:Invoking command in '/home/ys/robot_ws/src/build/test_ros_rclcpp_pkg': CMAKE_PREFIX_PATH=/opt/ros/foxy /usr/bin/cmake --build /home/ys/robot_ws/src/build/test_ros_rclcpp_pkg -- -j1 -l1
[1.126s] DEBUG:colcon.colcon_core.event_handler.log_command:Invoked command in '/home/ys/robot_ws/src/build/test_ros_rclcpp_pkg' returned '0': CMAKE_PREFIX_PATH=/opt/ros/foxy /usr/bin/cmake --build /home/ys/robot_ws/src/build/test_ros_rclcpp_pkg -- -j1 -l1
[1.157s] DEBUG:colcon.colcon_core.event_handler.log_command:Invoking command in '/home/ys/robot_ws/src/build/test_ros_rclcpp_pkg': CMAKE_PREFIX_PATH=/opt/ros/foxy /usr/bin/cmake --install /home/ys/robot_ws/src/build/test_ros_rclcpp_pkg
[1.174s] Level 1:colcon.colcon_core.environment:create_environment_scripts_only(test_ros_rclcpp_pkg)
[1.175s] Level 1:colcon.colcon_core.environment:checking '/home/ys/robot_ws/src/install/test_ros_rclcpp_pkg' for CMake module files
[1.176s] Level 1:colcon.colcon_core.environment:checking '/home/ys/robot_ws/src/install/test_ros_rclcpp_pkg' for CMake config files
[1.176s] Level 1:colcon.colcon_core.shell:create_environment_hook('test_ros_rclcpp_pkg', 'cmake_prefix_path')
[1.177s] INFO:colcon.colcon_core.shell:Creating environment hook '/home/ys/robot_ws/src/install/test_ros_rclcpp_pkg/share/test_ros_rclcpp_pkg/hook/cmake_prefix_path.ps1'
[1.178s] DEBUG:colcon.colcon_core.event_handler.log_command:Invoked command in '/home/ys/robot_ws/src/build/test_ros_rclcpp_pkg' returned '0': CMAKE_PREFIX_PATH=/opt/ros/foxy /usr/bin/cmake --install /home/ys/robot_ws/src/build/test_ros_rclcpp_pkg
[1.178s] INFO:colcon.colcon_core.shell:Creating environment descriptor '/home/ys/robot_ws/src/install/test_ros_rclcpp_pkg/share/test_ros_rclcpp_pkg/hook/cmake_prefix_path.dsv'
[1.179s] INFO:colcon.colcon_core.shell:Creating environment hook '/home/ys/robot_ws/src/install/test_ros_rclcpp_pkg/share/test_ros_rclcpp_pkg/hook/cmake_prefix_path.sh'
[1.179s] Level 1:colcon.colcon_core.environment:checking '/home/ys/robot_ws/src/install/test_ros_rclcpp_pkg/bin'
[1.180s] Level 1:colcon.colcon_core.environment:checking '/home/ys/robot_ws/src/install/test_ros_rclcpp_pkg/lib/pkgconfig/test_ros_rclcpp_pkg.pc'
[1.180s] Level 1:colcon.colcon_core.environment:checking '/home/ys/robot_ws/src/install/test_ros_rclcpp_pkg/lib/python3.8/site-packages'
[1.181s] INFO:colcon.colcon_core.shell:Creating package script '/home/ys/robot_ws/src/install/test_ros_rclcpp_pkg/share/test_ros_rclcpp_pkg/package.ps1'
[1.181s] INFO:colcon.colcon_core.shell:Creating package descriptor '/home/ys/robot_ws/src/install/test_ros_rclcpp_pkg/share/test_ros_rclcpp_pkg/package.dsv'
[1.182s] INFO:colcon.colcon_core.shell:Creating package script '/home/ys/robot_ws/src/install/test_ros_rclcpp_pkg/share/test_ros_rclcpp_pkg/package.sh'
[1.182s] INFO:colcon.colcon_core.shell:Creating package script '/home/ys/robot_ws/src/install/test_ros_rclcpp_pkg/share/test_ros_rclcpp_pkg/package.bash'
[1.183s] INFO:colcon.colcon_core.shell:Creating package script '/home/ys/robot_ws/src/install/test_ros_rclcpp_pkg/share/test_ros_rclcpp_pkg/package.zsh'
[1.183s] Level 1:colcon.colcon_core.environment:create_file_with_runtime_dependencies(/home/ys/robot_ws/src/install/test_ros_rclcpp_pkg/share/colcon-core/packages/test_ros_rclcpp_pkg)
[1.221s] Level 1:colcon.colcon_core.environment:create_environment_scripts_only(test_ros_rclcpp_pkg)
[1.222s] Level 1:colcon.colcon_core.environment:checking '/home/ys/robot_ws/src/install/test_ros_rclcpp_pkg' for CMake module files
[1.223s] Level 1:colcon.colcon_core.environment:checking '/home/ys/robot_ws/src/install/test_ros_rclcpp_pkg' for CMake config files
[1.223s] Level 1:colcon.colcon_core.shell:create_environment_hook('test_ros_rclcpp_pkg', 'cmake_prefix_path')
[1.224s] INFO:colcon.colcon_core.shell:Creating environment hook '/home/ys/robot_ws/src/install/test_ros_rclcpp_pkg/share/test_ros_rclcpp_pkg/hook/cmake_prefix_path.ps1'
[1.225s] INFO:colcon.colcon_core.shell:Creating environment descriptor '/home/ys/robot_ws/src/install/test_ros_rclcpp_pkg/share/test_ros_rclcpp_pkg/hook/cmake_prefix_path.dsv'
[1.225s] INFO:colcon.colcon_core.shell:Creating environment hook '/home/ys/robot_ws/src/install/test_ros_rclcpp_pkg/share/test_ros_rclcpp_pkg/hook/cmake_prefix_path.sh'
[1.226s] Level 1:colcon.colcon_core.environment:checking '/home/ys/robot_ws/src/install/test_ros_rclcpp_pkg/bin'
[1.226s] Level 1:colcon.colcon_core.environment:checking '/home/ys/robot_ws/src/install/test_ros_rclcpp_pkg/lib/pkgconfig/test_ros_rclcpp_pkg.pc'
[1.226s] Level 1:colcon.colcon_core.environment:checking '/home/ys/robot_ws/src/install/test_ros_rclcpp_pkg/lib/python3.8/site-packages'
[1.227s] INFO:colcon.colcon_core.shell:Creating package script '/home/ys/robot_ws/src/install/test_ros_rclcpp_pkg/share/test_ros_rclcpp_pkg/package.ps1'
[1.228s] INFO:colcon.colcon_core.shell:Creating package descriptor '/home/ys/robot_ws/src/install/test_ros_rclcpp_pkg/share/test_ros_rclcpp_pkg/package.dsv'
[1.228s] INFO:colcon.colcon_core.shell:Creating package script '/home/ys/robot_ws/src/install/test_ros_rclcpp_pkg/share/test_ros_rclcpp_pkg/package.sh'
[1.229s] INFO:colcon.colcon_core.shell:Creating package script '/home/ys/robot_ws/src/install/test_ros_rclcpp_pkg/share/test_ros_rclcpp_pkg/package.bash'
[1.229s] INFO:colcon.colcon_core.shell:Creating package script '/home/ys/robot_ws/src/install/test_ros_rclcpp_pkg/share/test_ros_rclcpp_pkg/package.zsh'
[1.230s] Level 1:colcon.colcon_core.environment:create_file_with_runtime_dependencies(/home/ys/robot_ws/src/install/test_ros_rclcpp_pkg/share/colcon-core/packages/test_ros_rclcpp_pkg)
[1.231s] INFO:colcon.colcon_ros.task.ament_python.build:Building ROS package in '/home/ys/robot_ws/src/test_ros_rclpy_pkg' with build type 'ament_python'
[1.231s] Level 1:colcon.colcon_core.shell:create_environment_hook('test_rs_rclpy_pkg', 'ament_prefix_path')
[1.232s] INFO:colcon.colcon_core.shell:Creating environment hook '/home/ys/robot_ws/src/install/test_rs_rclpy_pkg/share/test_rs_rclpy_pkg/hook/ament_prefix_path.ps1'
[1.232s] INFO:colcon.colcon_core.shell:Creating environment descriptor '/home/ys/robot_ws/src/install/test_rs_rclpy_pkg/share/test_rs_rclpy_pkg/hook/ament_prefix_path.dsv'
[1.233s] INFO:colcon.colcon_core.shell:Creating environment hook '/home/ys/robot_ws/src/install/test_rs_rclpy_pkg/share/test_rs_rclpy_pkg/hook/ament_prefix_path.sh'
[1.241s] INFO:colcon.colcon_core.shell:Skip shell extension 'powershell' for command environment: Not usable outside of PowerShell
[1.241s] DEBUG:colcon.colcon_core.shell:Skip shell extension 'dsv' for command environment
[1.249s] DEBUG:colcon.colcon_core.shell:Ignoring prefix path '/opt/ros/foxy'
[1.716s] INFO:colcon.colcon_core.task.python.build:Building Python package in '/home/ys/robot_ws/src/test_ros_rclpy_pkg'
[1.717s] INFO:colcon.colcon_core.shell:Skip shell extension 'powershell' for command environment: Not usable outside of PowerShell
[1.717s] DEBUG:colcon.colcon_core.shell:Skip shell extension 'dsv' for command environment
[1.719s] DEBUG:colcon.colcon_core.shell:Ignoring prefix path '/opt/ros/foxy'
[1.727s] DEBUG:colcon.colcon_core.event_handler.log_command:Invoking command in '/home/ys/robot_ws/src/test_ros_rclpy_pkg': PYTHONPATH=/home/ys/robot_ws/src/install/test_rs_rclpy_pkg/lib/python3.8/site-packages:${PYTHONPATH} /usr/bin/python3 setup.py egg_info --egg-base ../build/test_rs_rclpy_pkg build --build-base /home/ys/robot_ws/src/build/test_rs_rclpy_pkg/build install --prefix /home/ys/robot_ws/src/install/test_rs_rclpy_pkg --record /home/ys/robot_ws/src/build/test_rs_rclpy_pkg/install.log --single-version-externally-managed
[2.231s] Level 1:colcon.colcon_core.environment:checking '/home/ys/robot_ws/src/install/test_rs_rclpy_pkg' for CMake module files
[2.231s] Level 1:colcon.colcon_core.environment:checking '/home/ys/robot_ws/src/install/test_rs_rclpy_pkg' for CMake config files
[2.232s] Level 1:colcon.colcon_core.environment:checking '/home/ys/robot_ws/src/install/test_rs_rclpy_pkg/lib'
[2.233s] DEBUG:colcon.colcon_core.event_handler.log_command:Invoked command in '/home/ys/robot_ws/src/test_ros_rclpy_pkg' returned '0': PYTHONPATH=/home/ys/robot_ws/src/install/test_rs_rclpy_pkg/lib/python3.8/site-packages:${PYTHONPATH} /usr/bin/python3 setup.py egg_info --egg-base ../build/test_rs_rclpy_pkg build --build-base /home/ys/robot_ws/src/build/test_rs_rclpy_pkg/build install --prefix /home/ys/robot_ws/src/install/test_rs_rclpy_pkg --record /home/ys/robot_ws/src/build/test_rs_rclpy_pkg/install.log --single-version-externally-managed
[2.233s] Level 1:colcon.colcon_core.environment:checking '/home/ys/robot_ws/src/install/test_rs_rclpy_pkg/bin'
[2.233s] Level 1:colcon.colcon_core.environment:checking '/home/ys/robot_ws/src/install/test_rs_rclpy_pkg/lib/pkgconfig/test_rs_rclpy_pkg.pc'
[2.233s] Level 1:colcon.colcon_core.environment:checking '/home/ys/robot_ws/src/install/test_rs_rclpy_pkg/lib/python3.8/site-packages'
[2.233s] Level 1:colcon.colcon_core.shell:create_environment_hook('test_rs_rclpy_pkg', 'pythonpath')
[2.234s] INFO:colcon.colcon_core.shell:Creating environment hook '/home/ys/robot_ws/src/install/test_rs_rclpy_pkg/share/test_rs_rclpy_pkg/hook/pythonpath.ps1'
[2.235s] INFO:colcon.colcon_core.shell:Creating environment descriptor '/home/ys/robot_ws/src/install/test_rs_rclpy_pkg/share/test_rs_rclpy_pkg/hook/pythonpath.dsv'
[2.237s] INFO:colcon.colcon_core.shell:Creating environment hook '/home/ys/robot_ws/src/install/test_rs_rclpy_pkg/share/test_rs_rclpy_pkg/hook/pythonpath.sh'
[2.238s] Level 1:colcon.colcon_core.environment:create_environment_scripts_only(test_rs_rclpy_pkg)
[2.248s] INFO:colcon.colcon_core.shell:Creating package script '/home/ys/robot_ws/src/install/test_rs_rclpy_pkg/share/test_rs_rclpy_pkg/package.ps1'
[2.250s] INFO:colcon.colcon_core.shell:Creating package descriptor '/home/ys/robot_ws/src/install/test_rs_rclpy_pkg/share/test_rs_rclpy_pkg/package.dsv'
[2.252s] INFO:colcon.colcon_core.shell:Creating package script '/home/ys/robot_ws/src/install/test_rs_rclpy_pkg/share/test_rs_rclpy_pkg/package.sh'
[2.254s] INFO:colcon.colcon_core.shell:Creating package script '/home/ys/robot_ws/src/install/test_rs_rclpy_pkg/share/test_rs_rclpy_pkg/package.bash'
[2.255s] INFO:colcon.colcon_core.shell:Creating package script '/home/ys/robot_ws/src/install/test_rs_rclpy_pkg/share/test_rs_rclpy_pkg/package.zsh'
[2.256s] Level 1:colcon.colcon_core.environment:create_file_with_runtime_dependencies(/home/ys/robot_ws/src/install/test_rs_rclpy_pkg/share/colcon-core/packages/test_rs_rclpy_pkg)
[2.259s] DEBUG:colcon.colcon_parallel_executor.executor.parallel:closing loop
[2.259s] DEBUG:colcon.colcon_parallel_executor.executor.parallel:loop closed
[2.260s] DEBUG:colcon.colcon_parallel_executor.executor.parallel:run_until_complete finished with '0'
[2.260s] DEBUG:colcon.colcon_core.event_reactor:joining thread
[2.289s] INFO:colcon.colcon_core.plugin_system:Skipping extension 'colcon_notification.desktop_notification.terminal_notifier': Not used on non-Darwin systems
[2.289s] INFO:colcon.colcon_core.plugin_system:Skipping extension 'colcon_notification.desktop_notification.win32': Not used on non-Windows systems
[2.289s] INFO:colcon.colcon_notification.desktop_notification:Sending desktop notification using 'notify2'
[2.321s] DEBUG:colcon.colcon_core.event_reactor:joined thread
[2.323s] INFO:colcon.colcon_core.shell:Creating prefix script '/home/ys/robot_ws/src/install/local_setup.ps1'
[2.324s] INFO:colcon.colcon_core.shell:Creating prefix util module '/home/ys/robot_ws/src/install/_local_setup_util_ps1.py'
[2.326s] INFO:colcon.colcon_core.shell:Creating prefix chain script '/home/ys/robot_ws/src/install/setup.ps1'
[2.338s] INFO:colcon.colcon_core.shell:Creating prefix script '/home/ys/robot_ws/src/install/local_setup.sh'
[2.339s] INFO:colcon.colcon_core.shell:Creating prefix util module '/home/ys/robot_ws/src/install/_local_setup_util_sh.py'
[2.340s] INFO:colcon.colcon_core.shell:Creating prefix chain script '/home/ys/robot_ws/src/install/setup.sh'
[2.348s] INFO:colcon.colcon_core.shell:Creating prefix script '/home/ys/robot_ws/src/install/local_setup.bash'
[2.348s] INFO:colcon.colcon_core.shell:Creating prefix chain script '/home/ys/robot_ws/src/install/setup.bash'
[2.355s] INFO:colcon.colcon_core.shell:Creating prefix script '/home/ys/robot_ws/src/install/local_setup.zsh'
[2.364s] INFO:colcon.colcon_core.shell:Creating prefix chain script '/home/ys/robot_ws/src/install/setup.zsh'
