[0.016s] Invoking command in '/home/ys/robot_ws/build/rqt_example': CMAKE_PREFIX_PATH=${CMAKE_PREFIX_PATH}:/home/ys/robot_ws/install/python_parameters:/home/ys/robot_ws/install/project_parameter:/home/ys/robot_ws/install/final_project:/home/ys/robot_ws/install/first_rclpy_pkg:/home/ys/robot_ws/install/fibonacci_rclpy_action_pkg:/opt/ros/foxy /usr/bin/cmake --build /home/ys/robot_ws/build/rqt_example -- -j1 -l1
[0.071s] Invoked command in '/home/ys/robot_ws/build/rqt_example' returned '0': CMAKE_PREFIX_PATH=${CMAKE_PREFIX_PATH}:/home/ys/robot_ws/install/python_parameters:/home/ys/robot_ws/install/project_parameter:/home/ys/robot_ws/install/final_project:/home/ys/robot_ws/install/first_rclpy_pkg:/home/ys/robot_ws/install/fibonacci_rclpy_action_pkg:/opt/ros/foxy /usr/bin/cmake --build /home/ys/robot_ws/build/rqt_example -- -j1 -l1
[0.121s] Invoking command in '/home/ys/robot_ws/build/rqt_example': CMAKE_PREFIX_PATH=${CMAKE_PREFIX_PATH}:/home/ys/robot_ws/install/python_parameters:/home/ys/robot_ws/install/project_parameter:/home/ys/robot_ws/install/final_project:/home/ys/robot_ws/install/first_rclpy_pkg:/home/ys/robot_ws/install/fibonacci_rclpy_action_pkg:/opt/ros/foxy /usr/bin/cmake --install /home/ys/robot_ws/build/rqt_example
[0.140s] -- Install configuration: ""
[0.142s] -- Execute custom install script
[0.143s] -- Up-to-date symlink: /home/ys/robot_ws/install/rqt_example/share/rqt_example/environment/pythonpath.sh
[0.143s] -- Up-to-date symlink: /home/ys/robot_ws/install/rqt_example/share/rqt_example/environment/pythonpath.dsv
[0.144s] -- Up-to-date symlink: /home/ys/robot_ws/install/rqt_example/lib/python3.8/site-packages/rqt_example/__init__.py
[0.145s] -- Up-to-date symlink: /home/ys/robot_ws/install/rqt_example/lib/python3.8/site-packages/rqt_example/examples.py
[0.145s] -- Up-to-date symlink: /home/ys/robot_ws/install/rqt_example/lib/python3.8/site-packages/rqt_example/examples_widget.py
[0.146s] -- Up-to-date symlink: /home/ys/robot_ws/install/rqt_example/share/rqt_example/plugin.xml
[0.147s] -- Up-to-date symlink: /home/ys/robot_ws/install/rqt_example/share/rqt_example/resource/rqt_example.ui
[0.148s] -- Up-to-date symlink: /home/ys/robot_ws/install/rqt_example/share/rqt_example/launch/turtlesim.launch.py
[0.148s] -- Up-to-date symlink: /home/ys/robot_ws/install/rqt_example/lib/rqt_example/rqt_example
[0.149s] -- Up-to-date symlink: /home/ys/robot_ws/install/rqt_example/share/ament_index/resource_index/package_run_dependencies/rqt_example
[0.149s] -- Up-to-date symlink: /home/ys/robot_ws/install/rqt_example/share/ament_index/resource_index/parent_prefix_path/rqt_example
[0.150s] -- Up-to-date symlink: /home/ys/robot_ws/install/rqt_example/share/rqt_example/environment/ament_prefix_path.sh
[0.150s] -- Up-to-date symlink: /home/ys/robot_ws/install/rqt_example/share/rqt_example/environment/ament_prefix_path.dsv
[0.151s] -- Up-to-date symlink: /home/ys/robot_ws/install/rqt_example/share/rqt_example/environment/path.sh
[0.152s] -- Up-to-date symlink: /home/ys/robot_ws/install/rqt_example/share/rqt_example/environment/path.dsv
[0.152s] -- Up-to-date symlink: /home/ys/robot_ws/install/rqt_example/share/rqt_example/local_setup.bash
[0.153s] -- Up-to-date symlink: /home/ys/robot_ws/install/rqt_example/share/rqt_example/local_setup.sh
[0.153s] -- Up-to-date symlink: /home/ys/robot_ws/install/rqt_example/share/rqt_example/local_setup.zsh
[0.154s] -- Up-to-date symlink: /home/ys/robot_ws/install/rqt_example/share/rqt_example/local_setup.dsv
[0.154s] -- Symlinking: /home/ys/robot_ws/install/rqt_example/share/rqt_example/package.dsv
[0.165s] -- Up-to-date symlink: /home/ys/robot_ws/install/rqt_example/share/ament_index/resource_index/packages/rqt_example
[0.166s] -- Up-to-date symlink: /home/ys/robot_ws/install/rqt_example/share/rqt_example/cmake/rqt_exampleConfig.cmake
[0.166s] -- Up-to-date symlink: /home/ys/robot_ws/install/rqt_example/share/rqt_example/cmake/rqt_exampleConfig-version.cmake
[0.167s] -- Up-to-date symlink: /home/ys/robot_ws/install/rqt_example/share/rqt_example/package.xml
[0.226s] Listing '/home/ys/robot_ws/install/rqt_example/lib/python3.8/site-packages/rqt_example'...
[0.236s] Invoked command in '/home/ys/robot_ws/build/rqt_example' returned '0': CMAKE_PREFIX_PATH=${CMAKE_PREFIX_PATH}:/home/ys/robot_ws/install/python_parameters:/home/ys/robot_ws/install/project_parameter:/home/ys/robot_ws/install/final_project:/home/ys/robot_ws/install/first_rclpy_pkg:/home/ys/robot_ws/install/fibonacci_rclpy_action_pkg:/opt/ros/foxy /usr/bin/cmake --install /home/ys/robot_ws/build/rqt_example
